

***********************************************************************
Fatal NI connect error 12518, connecting to:
 (DESCRIPTION=(ADDRESS=(PROTOCOL=TCP)(HOST=kaaklorad1)(PORT=1521))(CONNECT_DATA=(SERVER=DEDICATED)(SERVICE_NAME=AKLDEV)(CID=(PROGRAM=rman@kabkpdba01)(HOST=kabkpdba01)(USER=oracle))))

  VERSION INFORMATION:
	TNS for IBM/AIX RISC System/6000: Version 10.2.0.1.0 - Production
	TCP/IP NT Protocol Adapter for IBM/AIX RISC System/6000: Version 10.2.0.1.0 - Production
  Time: 07-MAR-2013 15:20:58
  Tracing not turned on.
  Tns error struct:
    ns main err code: 12564
    TNS-12564: TNS:connection refused
    ns secondary err code: 0
    nt main err code: 0
    nt secondary err code: 0
    nt OS err code: 0


***********************************************************************
Fatal NI connect error 12518, connecting to:
 (DESCRIPTION=(ADDRESS=(PROTOCOL=TCP)(HOST=kaaklorad1)(PORT=1521))(CONNECT_DATA=(SERVER=DEDICATED)(SERVICE_NAME=AKLDEV)(CID=(PROGRAM=rman@kabkpdba01)(HOST=kabkpdba01)(USER=oracle))))

  VERSION INFORMATION:
	TNS for IBM/AIX RISC System/6000: Version 10.2.0.1.0 - Production
	TCP/IP NT Protocol Adapter for IBM/AIX RISC System/6000: Version 10.2.0.1.0 - Production
  Time: 07-MAR-2013 15:21:14
  Tracing not turned on.
  Tns error struct:
    ns main err code: 12564
    TNS-12564: TNS:connection refused
    ns secondary err code: 0
    nt main err code: 0
    nt secondary err code: 0
    nt OS err code: 0


***********************************************************************
Fatal NI connect error 12528, connecting to:
 (DESCRIPTION=(ADDRESS=(PROTOCOL=TCP)(HOST=kasfrorad1)(PORT=1521))(CONNECT_DATA=(SERVER=DEDICATED)(SERVICE_NAME=SAFIRDEV)(CID=(PROGRAM=sqlplus)(HOST=kabkpdba01)(USER=oracle))))

  VERSION INFORMATION:
	TNS for IBM/AIX RISC System/6000: Version 10.2.0.1.0 - Production
	TCP/IP NT Protocol Adapter for IBM/AIX RISC System/6000: Version 10.2.0.1.0 - Production
  Time: 21-MAR-2014 11:42:31
  Tracing not turned on.
  Tns error struct:
    ns main err code: 12564
    TNS-12564: TNS:connection refused
    ns secondary err code: 0
    nt main err code: 0
    nt secondary err code: 0
    nt OS err code: 0


***********************************************************************
Fatal NI connect error 12518, connecting to:
 (DESCRIPTION=(ADDRESS=(PROTOCOL=TCP)(HOST=kaesaorast1.isbank)(PORT=1521))(CONNECT_DATA=(SERVER=DEDICATED)(SERVICE_NAME=ESAUAT)(CID=(PROGRAM=sqlplus)(HOST=kabkpdba01)(USER=oracle))))

  VERSION INFORMATION:
	TNS for IBM/AIX RISC System/6000: Version 10.2.0.1.0 - Production
	TCP/IP NT Protocol Adapter for IBM/AIX RISC System/6000: Version 10.2.0.1.0 - Production
  Time: 21-MAR-2014 11:52:12
  Tracing not turned on.
  Tns error struct:
    ns main err code: 12564
    TNS-12564: TNS:connection refused
    ns secondary err code: 0
    nt main err code: 0
    nt secondary err code: 0
    nt OS err code: 0


***********************************************************************
Fatal NI connect error 12518, connecting to:
 (DESCRIPTION=(ADDRESS=(PROTOCOL=TCP)(HOST=katdworast1)(PORT=1521))(CONNECT_DATA=(SERVICE_NAME=TDWUAT)(CID=(PROGRAM=sqlplus)(HOST=kabkpdba01)(USER=oracle))))

  VERSION INFORMATION:
	TNS for IBM/AIX RISC System/6000: Version 10.2.0.1.0 - Production
	TCP/IP NT Protocol Adapter for IBM/AIX RISC System/6000: Version 10.2.0.1.0 - Production
  Time: 21-MAR-2014 11:54:15
  Tracing not turned on.
  Tns error struct:
    ns main err code: 12564
    TNS-12564: TNS:connection refused
    ns secondary err code: 0
    nt main err code: 0
    nt secondary err code: 0
    nt OS err code: 0


***********************************************************************
Fatal NI connect error 12514, connecting to:
 (DESCRIPTION=(ADDRESS=(PROTOCOL=TCP)(HOST=kabfrorat1)(PORT=1521))(CONNECT_DATA=(SERVICE_NAME=BFRUAT)(CID=(PROGRAM=sqlplus)(HOST=kabkpdba01)(USER=oracle))))

  VERSION INFORMATION:
	TNS for IBM/AIX RISC System/6000: Version 10.2.0.1.0 - Production
	TCP/IP NT Protocol Adapter for IBM/AIX RISC System/6000: Version 10.2.0.1.0 - Production
  Time: 21-MAR-2014 11:59:02
  Tracing not turned on.
  Tns error struct:
    ns main err code: 12564
    TNS-12564: TNS:connection refused
    ns secondary err code: 0
    nt main err code: 0
    nt secondary err code: 0
    nt OS err code: 0


***********************************************************************
Fatal NI connect error 12518, connecting to:
 (DESCRIPTION=(ADDRESS=(PROTOCOL=TCP)(HOST=kaesaorast1.isbank)(PORT=1521))(CONNECT_DATA=(SERVER=DEDICATED)(SERVICE_NAME=ESAUAT)(CID=(PROGRAM=sqlplus)(HOST=kabkpdba01)(USER=oracle))))

  VERSION INFORMATION:
	TNS for IBM/AIX RISC System/6000: Version 10.2.0.1.0 - Production
	TCP/IP NT Protocol Adapter for IBM/AIX RISC System/6000: Version 10.2.0.1.0 - Production
  Time: 21-MAR-2014 12:01:27
  Tracing not turned on.
  Tns error struct:
    ns main err code: 12564
    TNS-12564: TNS:connection refused
    ns secondary err code: 0
    nt main err code: 0
    nt secondary err code: 0
    nt OS err code: 0


***********************************************************************
Fatal NI connect error 12518, connecting to:
 (DESCRIPTION=(ADDRESS=(PROTOCOL=TCP)(HOST=katdworast1)(PORT=1521))(CONNECT_DATA=(SERVICE_NAME=TDWUAT)(CID=(PROGRAM=sqlplus)(HOST=kabkpdba01)(USER=oracle))))

  VERSION INFORMATION:
	TNS for IBM/AIX RISC System/6000: Version 10.2.0.1.0 - Production
	TCP/IP NT Protocol Adapter for IBM/AIX RISC System/6000: Version 10.2.0.1.0 - Production
  Time: 21-MAR-2014 12:03:29
  Tracing not turned on.
  Tns error struct:
    ns main err code: 12564
    TNS-12564: TNS:connection refused
    ns secondary err code: 0
    nt main err code: 0
    nt secondary err code: 0
    nt OS err code: 0


***********************************************************************
Fatal NI connect error 12528, connecting to:
 (DESCRIPTION=(ADDRESS=(PROTOCOL=TCP)(HOST=kasfrorad1)(PORT=1521))(CONNECT_DATA=(SERVER=DEDICATED)(SERVICE_NAME=SAFIRDEV)(CID=(PROGRAM=sqlplus)(HOST=kabkpdba01)(USER=oracle))))

  VERSION INFORMATION:
	TNS for IBM/AIX RISC System/6000: Version 10.2.0.1.0 - Production
	TCP/IP NT Protocol Adapter for IBM/AIX RISC System/6000: Version 10.2.0.1.0 - Production
  Time: 21-MAR-2014 12:07:33
  Tracing not turned on.
  Tns error struct:
    ns main err code: 12564
    TNS-12564: TNS:connection refused
    ns secondary err code: 0
    nt main err code: 0
    nt secondary err code: 0
    nt OS err code: 0


***********************************************************************
Fatal NI connect error 12514, connecting to:
 (DESCRIPTION=(ADDRESS=(PROTOCOL=TCP)(HOST=kabfrorat1)(PORT=1521))(CONNECT_DATA=(SERVICE_NAME=BFRUAT)(CID=(PROGRAM=sqlplus)(HOST=kabkpdba01)(USER=oracle))))

  VERSION INFORMATION:
	TNS for IBM/AIX RISC System/6000: Version 10.2.0.1.0 - Production
	TCP/IP NT Protocol Adapter for IBM/AIX RISC System/6000: Version 10.2.0.1.0 - Production
  Time: 21-MAR-2014 12:09:33
  Tracing not turned on.
  Tns error struct:
    ns main err code: 12564
    TNS-12564: TNS:connection refused
    ns secondary err code: 0
    nt main err code: 0
    nt secondary err code: 0
    nt OS err code: 0


***********************************************************************
Fatal NI connect error 12528, connecting to:
 (DESCRIPTION=(ADDRESS=(PROTOCOL=TCP)(HOST=kasfrorad1)(PORT=1521))(CONNECT_DATA=(SERVER=DEDICATED)(SERVICE_NAME=SAFIRDEV)(CID=(PROGRAM=sqlplus)(HOST=kabkpdba01)(USER=oracle))))

  VERSION INFORMATION:
	TNS for IBM/AIX RISC System/6000: Version 10.2.0.1.0 - Production
	TCP/IP NT Protocol Adapter for IBM/AIX RISC System/6000: Version 10.2.0.1.0 - Production
  Time: 21-MAR-2014 12:14:05
  Tracing not turned on.
  Tns error struct:
    ns main err code: 12564
    TNS-12564: TNS:connection refused
    ns secondary err code: 0
    nt main err code: 0
    nt secondary err code: 0
    nt OS err code: 0


***********************************************************************
Fatal NI connect error 12528, connecting to:
 (DESCRIPTION=(ADDRESS=(PROTOCOL=TCP)(HOST=kasfrorad1)(PORT=1521))(CONNECT_DATA=(SERVER=DEDICATED)(SERVICE_NAME=SAFIRDEV)(CID=(PROGRAM=sqlplus)(HOST=kabkpdba01)(USER=oracle))))

  VERSION INFORMATION:
	TNS for IBM/AIX RISC System/6000: Version 10.2.0.1.0 - Production
	TCP/IP NT Protocol Adapter for IBM/AIX RISC System/6000: Version 10.2.0.1.0 - Production
  Time: 21-MAR-2014 12:19:04
  Tracing not turned on.
  Tns error struct:
    ns main err code: 12564
    TNS-12564: TNS:connection refused
    ns secondary err code: 0
    nt main err code: 0
    nt secondary err code: 0
    nt OS err code: 0


***********************************************************************
Fatal NI connect error 12528, connecting to:
 (DESCRIPTION=(ADDRESS=(PROTOCOL=TCP)(HOST=kasfrorad1)(PORT=1521))(CONNECT_DATA=(SERVER=DEDICATED)(SERVICE_NAME=SAFIRDEV)(CID=(PROGRAM=sqlplus)(HOST=kabkpdba01)(USER=oracle))))

  VERSION INFORMATION:
	TNS for IBM/AIX RISC System/6000: Version 10.2.0.1.0 - Production
	TCP/IP NT Protocol Adapter for IBM/AIX RISC System/6000: Version 10.2.0.1.0 - Production
  Time: 21-MAR-2014 12:23:57
  Tracing not turned on.
  Tns error struct:
    ns main err code: 12564
    TNS-12564: TNS:connection refused
    ns secondary err code: 0
    nt main err code: 0
    nt secondary err code: 0
    nt OS err code: 0


***********************************************************************
Fatal NI connect error 12518, connecting to:
 (DESCRIPTION=(ADDRESS=(PROTOCOL=TCP)(HOST=katdworast1)(PORT=1521))(CONNECT_DATA=(SERVICE_NAME=TDWUAT)(CID=(PROGRAM=sqlplus)(HOST=kabkpdba01)(USER=oracle))))

  VERSION INFORMATION:
	TNS for IBM/AIX RISC System/6000: Version 10.2.0.1.0 - Production
	TCP/IP NT Protocol Adapter for IBM/AIX RISC System/6000: Version 10.2.0.1.0 - Production
  Time: 21-MAR-2014 12:26:49
  Tracing not turned on.
  Tns error struct:
    ns main err code: 12564
    TNS-12564: TNS:connection refused
    ns secondary err code: 0
    nt main err code: 0
    nt secondary err code: 0
    nt OS err code: 0


***********************************************************************
Fatal NI connect error 12518, connecting to:
 (DESCRIPTION=(ADDRESS=(PROTOCOL=TCP)(HOST=kaesaorast1.isbank)(PORT=1521))(CONNECT_DATA=(SERVER=DEDICATED)(SERVICE_NAME=ESAUAT)(CID=(PROGRAM=sqlplus)(HOST=kabkpdba01)(USER=oracle))))

  VERSION INFORMATION:
	TNS for IBM/AIX RISC System/6000: Version 10.2.0.1.0 - Production
	TCP/IP NT Protocol Adapter for IBM/AIX RISC System/6000: Version 10.2.0.1.0 - Production
  Time: 21-MAR-2014 12:33:25
  Tracing not turned on.
  Tns error struct:
    ns main err code: 12564
    TNS-12564: TNS:connection refused
    ns secondary err code: 0
    nt main err code: 0
    nt secondary err code: 0
    nt OS err code: 0


***********************************************************************
Fatal NI connect error 12518, connecting to:
 (DESCRIPTION=(ADDRESS=(PROTOCOL=TCP)(HOST=katdworast1)(PORT=1521))(CONNECT_DATA=(SERVICE_NAME=TDWUAT)(CID=(PROGRAM=sqlplus)(HOST=kabkpdba01)(USER=oracle))))

  VERSION INFORMATION:
	TNS for IBM/AIX RISC System/6000: Version 10.2.0.1.0 - Production
	TCP/IP NT Protocol Adapter for IBM/AIX RISC System/6000: Version 10.2.0.1.0 - Production
  Time: 21-MAR-2014 12:37:28
  Tracing not turned on.
  Tns error struct:
    ns main err code: 12564
    TNS-12564: TNS:connection refused
    ns secondary err code: 0
    nt main err code: 0
    nt secondary err code: 0
    nt OS err code: 0


***********************************************************************
Fatal NI connect error 12514, connecting to:
 (DESCRIPTION=(ADDRESS=(PROTOCOL=TCP)(HOST=kabfrorat1)(PORT=1521))(CONNECT_DATA=(SERVICE_NAME=BFRUAT)(CID=(PROGRAM=sqlplus)(HOST=kabkpdba01)(USER=oracle))))

  VERSION INFORMATION:
	TNS for IBM/AIX RISC System/6000: Version 10.2.0.1.0 - Production
	TCP/IP NT Protocol Adapter for IBM/AIX RISC System/6000: Version 10.2.0.1.0 - Production
  Time: 21-MAR-2014 12:44:12
  Tracing not turned on.
  Tns error struct:
    ns main err code: 12564
    TNS-12564: TNS:connection refused
    ns secondary err code: 0
    nt main err code: 0
    nt secondary err code: 0
    nt OS err code: 0


***********************************************************************
Fatal NI connect error 12514, connecting to:
 (DESCRIPTION=(ADDRESS=(PROTOCOL=TCP)(HOST=kabfrorat1)(PORT=1521))(CONNECT_DATA=(SERVICE_NAME=BFRUAT)(CID=(PROGRAM=sqlplus)(HOST=kabkpdba01)(USER=oracle))))

  VERSION INFORMATION:
	TNS for IBM/AIX RISC System/6000: Version 10.2.0.1.0 - Production
	TCP/IP NT Protocol Adapter for IBM/AIX RISC System/6000: Version 10.2.0.1.0 - Production
  Time: 21-MAR-2014 12:48:57
  Tracing not turned on.
  Tns error struct:
    ns main err code: 12564
    TNS-12564: TNS:connection refused
    ns secondary err code: 0
    nt main err code: 0
    nt secondary err code: 0
    nt OS err code: 0


***********************************************************************
Fatal NI connect error 12528, connecting to:
 (DESCRIPTION=(ADDRESS=(PROTOCOL=TCP)(HOST=kasfrorad1)(PORT=1521))(CONNECT_DATA=(SERVER=DEDICATED)(SERVICE_NAME=SAFIRDEV)(CID=(PROGRAM=sqlplus)(HOST=kabkpdba01)(USER=oracle))))

  VERSION INFORMATION:
	TNS for IBM/AIX RISC System/6000: Version 10.2.0.1.0 - Production
	TCP/IP NT Protocol Adapter for IBM/AIX RISC System/6000: Version 10.2.0.1.0 - Production
  Time: 21-MAR-2014 12:53:03
  Tracing not turned on.
  Tns error struct:
    ns main err code: 12564
    TNS-12564: TNS:connection refused
    ns secondary err code: 0
    nt main err code: 0
    nt secondary err code: 0
    nt OS err code: 0


***********************************************************************
Fatal NI connect error 12528, connecting to:
 (DESCRIPTION=(ADDRESS=(PROTOCOL=TCP)(HOST=kasfrorad1)(PORT=1521))(CONNECT_DATA=(SERVER=DEDICATED)(SERVICE_NAME=SAFIRDEV)(CID=(PROGRAM=sqlplus)(HOST=kabkpdba01)(USER=oracle))))

  VERSION INFORMATION:
	TNS for IBM/AIX RISC System/6000: Version 10.2.0.1.0 - Production
	TCP/IP NT Protocol Adapter for IBM/AIX RISC System/6000: Version 10.2.0.1.0 - Production
  Time: 21-MAR-2014 12:59:12
  Tracing not turned on.
  Tns error struct:
    ns main err code: 12564
    TNS-12564: TNS:connection refused
    ns secondary err code: 0
    nt main err code: 0
    nt secondary err code: 0
    nt OS err code: 0


***********************************************************************
Fatal NI connect error 12518, connecting to:
 (DESCRIPTION=(ADDRESS=(PROTOCOL=TCP)(HOST=katdworast1)(PORT=1521))(CONNECT_DATA=(SERVICE_NAME=TDWUAT)(CID=(PROGRAM=sqlplus)(HOST=kabkpdba01)(USER=oracle))))

  VERSION INFORMATION:
	TNS for IBM/AIX RISC System/6000: Version 10.2.0.1.0 - Production
	TCP/IP NT Protocol Adapter for IBM/AIX RISC System/6000: Version 10.2.0.1.0 - Production
  Time: 21-MAR-2014 13:02:00
  Tracing not turned on.
  Tns error struct:
    ns main err code: 12564
    TNS-12564: TNS:connection refused
    ns secondary err code: 0
    nt main err code: 0
    nt secondary err code: 0
    nt OS err code: 0


***********************************************************************
Fatal NI connect error 12518, connecting to:
 (DESCRIPTION=(ADDRESS=(PROTOCOL=TCP)(HOST=katdworast1)(PORT=1521))(CONNECT_DATA=(SERVICE_NAME=TDWUAT)(CID=(PROGRAM=sqlplus)(HOST=kabkpdba01)(USER=oracle))))

  VERSION INFORMATION:
	TNS for IBM/AIX RISC System/6000: Version 10.2.0.1.0 - Production
	TCP/IP NT Protocol Adapter for IBM/AIX RISC System/6000: Version 10.2.0.1.0 - Production
  Time: 21-MAR-2014 13:08:49
  Tracing not turned on.
  Tns error struct:
    ns main err code: 12564
    TNS-12564: TNS:connection refused
    ns secondary err code: 0
    nt main err code: 0
    nt secondary err code: 0
    nt OS err code: 0


***********************************************************************
Fatal NI connect error 12514, connecting to:
 (DESCRIPTION=(ADDRESS=(PROTOCOL=TCP)(HOST=kabfrorat1)(PORT=1521))(CONNECT_DATA=(SERVICE_NAME=BFRUAT)(CID=(PROGRAM=sqlplus)(HOST=kabkpdba01)(USER=oracle))))

  VERSION INFORMATION:
	TNS for IBM/AIX RISC System/6000: Version 10.2.0.1.0 - Production
	TCP/IP NT Protocol Adapter for IBM/AIX RISC System/6000: Version 10.2.0.1.0 - Production
  Time: 21-MAR-2014 13:15:16
  Tracing not turned on.
  Tns error struct:
    ns main err code: 12564
    TNS-12564: TNS:connection refused
    ns secondary err code: 0
    nt main err code: 0
    nt secondary err code: 0
    nt OS err code: 0


***********************************************************************
Fatal NI connect error 12514, connecting to:
 (DESCRIPTION=(ADDRESS=(PROTOCOL=TCP)(HOST=kabfrorat1)(PORT=1521))(CONNECT_DATA=(SERVICE_NAME=BFRUAT)(CID=(PROGRAM=sqlplus)(HOST=kabkpdba01)(USER=oracle))))

  VERSION INFORMATION:
	TNS for IBM/AIX RISC System/6000: Version 10.2.0.1.0 - Production
	TCP/IP NT Protocol Adapter for IBM/AIX RISC System/6000: Version 10.2.0.1.0 - Production
  Time: 21-MAR-2014 13:17:17
  Tracing not turned on.
  Tns error struct:
    ns main err code: 12564
    TNS-12564: TNS:connection refused
    ns secondary err code: 0
    nt main err code: 0
    nt secondary err code: 0
    nt OS err code: 0


***********************************************************************
Fatal NI connect error 12514, connecting to:
 (DESCRIPTION=(ADDRESS=(PROTOCOL=TCP)(HOST=kabfrorat1)(PORT=1521))(CONNECT_DATA=(SERVICE_NAME=BFRUAT)(CID=(PROGRAM=sqlplus)(HOST=kabkpdba01)(USER=oracle))))

  VERSION INFORMATION:
	TNS for IBM/AIX RISC System/6000: Version 10.2.0.1.0 - Production
	TCP/IP NT Protocol Adapter for IBM/AIX RISC System/6000: Version 10.2.0.1.0 - Production
  Time: 21-MAR-2014 13:19:19
  Tracing not turned on.
  Tns error struct:
    ns main err code: 12564
    TNS-12564: TNS:connection refused
    ns secondary err code: 0
    nt main err code: 0
    nt secondary err code: 0
    nt OS err code: 0


***********************************************************************
Fatal NI connect error 12528, connecting to:
 (DESCRIPTION=(ADDRESS=(PROTOCOL=TCP)(HOST=kasfrorad1)(PORT=1521))(CONNECT_DATA=(SERVER=DEDICATED)(SERVICE_NAME=SAFIRDEV)(CID=(PROGRAM=sqlplus)(HOST=kabkpdba01)(USER=oracle))))

  VERSION INFORMATION:
	TNS for IBM/AIX RISC System/6000: Version 10.2.0.1.0 - Production
	TCP/IP NT Protocol Adapter for IBM/AIX RISC System/6000: Version 10.2.0.1.0 - Production
  Time: 21-MAR-2014 13:32:58
  Tracing not turned on.
  Tns error struct:
    ns main err code: 12564
    TNS-12564: TNS:connection refused
    ns secondary err code: 0
    nt main err code: 0
    nt secondary err code: 0
    nt OS err code: 0


***********************************************************************
Fatal NI connect error 12518, connecting to:
 (DESCRIPTION=(ADDRESS=(PROTOCOL=TCP)(HOST=katdworast1)(PORT=1521))(CONNECT_DATA=(SERVICE_NAME=TDWUAT)(CID=(PROGRAM=sqlplus)(HOST=kabkpdba01)(USER=oracle))))

  VERSION INFORMATION:
	TNS for IBM/AIX RISC System/6000: Version 10.2.0.1.0 - Production
	TCP/IP NT Protocol Adapter for IBM/AIX RISC System/6000: Version 10.2.0.1.0 - Production
  Time: 21-MAR-2014 13:39:06
  Tracing not turned on.
  Tns error struct:
    ns main err code: 12564
    TNS-12564: TNS:connection refused
    ns secondary err code: 0
    nt main err code: 0
    nt secondary err code: 0
    nt OS err code: 0


***********************************************************************
Fatal NI connect error 12514, connecting to:
 (DESCRIPTION=(ADDRESS=(PROTOCOL=TCP)(HOST=kabfrorat1)(PORT=1521))(CONNECT_DATA=(SERVICE_NAME=BFRUAT)(CID=(PROGRAM=sqlplus)(HOST=kabkpdba01)(USER=oracle))))

  VERSION INFORMATION:
	TNS for IBM/AIX RISC System/6000: Version 10.2.0.1.0 - Production
	TCP/IP NT Protocol Adapter for IBM/AIX RISC System/6000: Version 10.2.0.1.0 - Production
  Time: 21-MAR-2014 13:46:39
  Tracing not turned on.
  Tns error struct:
    ns main err code: 12564
    TNS-12564: TNS:connection refused
    ns secondary err code: 0
    nt main err code: 0
    nt secondary err code: 0
    nt OS err code: 0


***********************************************************************
Fatal NI connect error 12514, connecting to:
 (DESCRIPTION=(ADDRESS=(PROTOCOL=TCP)(HOST=kabfrorat1)(PORT=1521))(CONNECT_DATA=(SERVICE_NAME=BFRUAT)(CID=(PROGRAM=sqlplus)(HOST=kabkpdba01)(USER=oracle))))

  VERSION INFORMATION:
	TNS for IBM/AIX RISC System/6000: Version 10.2.0.1.0 - Production
	TCP/IP NT Protocol Adapter for IBM/AIX RISC System/6000: Version 10.2.0.1.0 - Production
  Time: 21-MAR-2014 13:48:41
  Tracing not turned on.
  Tns error struct:
    ns main err code: 12564
    TNS-12564: TNS:connection refused
    ns secondary err code: 0
    nt main err code: 0
    nt secondary err code: 0
    nt OS err code: 0


***********************************************************************
Fatal NI connect error 12514, connecting to:
 (DESCRIPTION=(ADDRESS=(PROTOCOL=TCP)(HOST=kabfrorat1)(PORT=1521))(CONNECT_DATA=(SERVICE_NAME=BFRUAT)(CID=(PROGRAM=sqlplus)(HOST=kabkpdba01)(USER=oracle))))

  VERSION INFORMATION:
	TNS for IBM/AIX RISC System/6000: Version 10.2.0.1.0 - Production
	TCP/IP NT Protocol Adapter for IBM/AIX RISC System/6000: Version 10.2.0.1.0 - Production
  Time: 21-MAR-2014 13:52:44
  Tracing not turned on.
  Tns error struct:
    ns main err code: 12564
    TNS-12564: TNS:connection refused
    ns secondary err code: 0
    nt main err code: 0
    nt secondary err code: 0
    nt OS err code: 0


***********************************************************************
Fatal NI connect error 12518, connecting to:
 (DESCRIPTION=(ADDRESS=(PROTOCOL=TCP)(HOST=kaesaorast1.isbank)(PORT=1521))(CONNECT_DATA=(SERVER=DEDICATED)(SERVICE_NAME=ESAUAT)(CID=(PROGRAM=sqlplus)(HOST=kabkpdba01)(USER=oracle))))

  VERSION INFORMATION:
	TNS for IBM/AIX RISC System/6000: Version 10.2.0.1.0 - Production
	TCP/IP NT Protocol Adapter for IBM/AIX RISC System/6000: Version 10.2.0.1.0 - Production
  Time: 21-MAR-2014 14:01:20
  Tracing not turned on.
  Tns error struct:
    ns main err code: 12564
    TNS-12564: TNS:connection refused
    ns secondary err code: 0
    nt main err code: 0
    nt secondary err code: 0
    nt OS err code: 0


***********************************************************************
Fatal NI connect error 12514, connecting to:
 (DESCRIPTION=(ADDRESS=(PROTOCOL=TCP)(HOST=kabfrorat1)(PORT=1521))(CONNECT_DATA=(SERVICE_NAME=BFRUAT)(CID=(PROGRAM=sqlplus)(HOST=kabkpdba01)(USER=oracle))))

  VERSION INFORMATION:
	TNS for IBM/AIX RISC System/6000: Version 10.2.0.1.0 - Production
	TCP/IP NT Protocol Adapter for IBM/AIX RISC System/6000: Version 10.2.0.1.0 - Production
  Time: 21-MAR-2014 14:05:25
  Tracing not turned on.
  Tns error struct:
    ns main err code: 12564
    TNS-12564: TNS:connection refused
    ns secondary err code: 0
    nt main err code: 0
    nt secondary err code: 0
    nt OS err code: 0


***********************************************************************
Fatal NI connect error 12518, connecting to:
 (DESCRIPTION=(ADDRESS=(PROTOCOL=TCP)(HOST=katdworast1)(PORT=1521))(CONNECT_DATA=(SERVICE_NAME=TDWUAT)(CID=(PROGRAM=sqlplus)(HOST=kabkpdba01)(USER=oracle))))

  VERSION INFORMATION:
	TNS for IBM/AIX RISC System/6000: Version 10.2.0.1.0 - Production
	TCP/IP NT Protocol Adapter for IBM/AIX RISC System/6000: Version 10.2.0.1.0 - Production
  Time: 21-MAR-2014 14:09:29
  Tracing not turned on.
  Tns error struct:
    ns main err code: 12564
    TNS-12564: TNS:connection refused
    ns secondary err code: 0
    nt main err code: 0
    nt secondary err code: 0
    nt OS err code: 0


***********************************************************************
Fatal NI connect error 12514, connecting to:
 (DESCRIPTION=(ADDRESS=(PROTOCOL=TCP)(HOST=kabfrorat1)(PORT=1521))(CONNECT_DATA=(SERVICE_NAME=BFRUAT)(CID=(PROGRAM=sqlplus)(HOST=kabkpdba01)(USER=oracle))))

  VERSION INFORMATION:
	TNS for IBM/AIX RISC System/6000: Version 10.2.0.1.0 - Production
	TCP/IP NT Protocol Adapter for IBM/AIX RISC System/6000: Version 10.2.0.1.0 - Production
  Time: 21-MAR-2014 14:57:31
  Tracing not turned on.
  Tns error struct:
    ns main err code: 12564
    TNS-12564: TNS:connection refused
    ns secondary err code: 0
    nt main err code: 0
    nt secondary err code: 0
    nt OS err code: 0


***********************************************************************
Fatal NI connect error 12518, connecting to:
 (DESCRIPTION=(ADDRESS=(PROTOCOL=TCP)(HOST=kaesaorast1.isbank)(PORT=1521))(CONNECT_DATA=(SERVER=DEDICATED)(SERVICE_NAME=ESAUAT)(CID=(PROGRAM=sqlplus)(HOST=kabkpdba01)(USER=oracle))))

  VERSION INFORMATION:
	TNS for IBM/AIX RISC System/6000: Version 10.2.0.1.0 - Production
	TCP/IP NT Protocol Adapter for IBM/AIX RISC System/6000: Version 10.2.0.1.0 - Production
  Time: 21-MAR-2014 14:59:32
  Tracing not turned on.
  Tns error struct:
    ns main err code: 12564
    TNS-12564: TNS:connection refused
    ns secondary err code: 0
    nt main err code: 0
    nt secondary err code: 0
    nt OS err code: 0


***********************************************************************
Fatal NI connect error 12528, connecting to:
 (DESCRIPTION=(ADDRESS=(PROTOCOL=TCP)(HOST=kasfrorad1)(PORT=1521))(CONNECT_DATA=(SERVER=DEDICATED)(SERVICE_NAME=SAFIRDEV)(CID=(PROGRAM=sqlplus)(HOST=kabkpdba01)(USER=oracle))))

  VERSION INFORMATION:
	TNS for IBM/AIX RISC System/6000: Version 10.2.0.1.0 - Production
	TCP/IP NT Protocol Adapter for IBM/AIX RISC System/6000: Version 10.2.0.1.0 - Production
  Time: 21-MAR-2014 15:02:06
  Tracing not turned on.
  Tns error struct:
    ns main err code: 12564
    TNS-12564: TNS:connection refused
    ns secondary err code: 0
    nt main err code: 0
    nt secondary err code: 0
    nt OS err code: 0


***********************************************************************
Fatal NI connect error 12518, connecting to:
 (DESCRIPTION=(ADDRESS=(PROTOCOL=TCP)(HOST=katdworast1)(PORT=1521))(CONNECT_DATA=(SERVICE_NAME=TDWUAT)(CID=(PROGRAM=sqlplus)(HOST=kabkpdba01)(USER=oracle))))

  VERSION INFORMATION:
	TNS for IBM/AIX RISC System/6000: Version 10.2.0.1.0 - Production
	TCP/IP NT Protocol Adapter for IBM/AIX RISC System/6000: Version 10.2.0.1.0 - Production
  Time: 21-MAR-2014 15:10:27
  Tracing not turned on.
  Tns error struct:
    ns main err code: 12564
    TNS-12564: TNS:connection refused
    ns secondary err code: 0
    nt main err code: 0
    nt secondary err code: 0
    nt OS err code: 0


***********************************************************************
Fatal NI connect error 12514, connecting to:
 (DESCRIPTION=(ADDRESS=(PROTOCOL=TCP)(HOST=kadwhorad1)(PORT=1521))(CONNECT_DATA=(SERVER=DEDICATED)(SERVICE_NAME=SRV_DBA_DWDEV)(CID=(PROGRAM=sqlplus)(HOST=kabkpdba01)(USER=oracle))))

  VERSION INFORMATION:
	TNS for IBM/AIX RISC System/6000: Version 10.2.0.4.0 - Production
	TCP/IP NT Protocol Adapter for IBM/AIX RISC System/6000: Version 10.2.0.4.0 - Production
  Time: 27-FEB-2015 09:48:45
  Tracing not turned on.
  Tns error struct:
    ns main err code: 12564
    TNS-12564: TNS:connection refused
    ns secondary err code: 0
    nt main err code: 0
    nt secondary err code: 0
    nt OS err code: 0


***********************************************************************
Fatal NI connect error 12514, connecting to:
 (DESCRIPTION=(ADDRESS=(PROTOCOL=TCP)(HOST=kadwhorad1)(PORT=1521))(CONNECT_DATA=(SERVER=DEDICATED)(SERVICE_NAME=SRV_DBA_DWDEV)(CID=(PROGRAM=sqlplus)(HOST=kabkpdba01)(USER=oracle))))

  VERSION INFORMATION:
	TNS for IBM/AIX RISC System/6000: Version 10.2.0.4.0 - Production
	TCP/IP NT Protocol Adapter for IBM/AIX RISC System/6000: Version 10.2.0.4.0 - Production
  Time: 27-FEB-2015 09:49:50
  Tracing not turned on.
  Tns error struct:
    ns main err code: 12564
    TNS-12564: TNS:connection refused
    ns secondary err code: 0
    nt main err code: 0
    nt secondary err code: 0
    nt OS err code: 0


***********************************************************************
Fatal NI connect error 12514, connecting to:
 (DESCRIPTION=(ADDRESS=(PROTOCOL=TCP)(HOST=kaofsorad1)(PORT=1521))(CONNECT_DATA=(SERVER=DEDICATED)(SERVICE_NAME=SRV_DBA_OFSADEV)(CID=(PROGRAM=sqlplus)(HOST=kabkpdba01)(USER=oracle))))

  VERSION INFORMATION:
	TNS for IBM/AIX RISC System/6000: Version 10.2.0.4.0 - Production
	TCP/IP NT Protocol Adapter for IBM/AIX RISC System/6000: Version 10.2.0.4.0 - Production
  Time: 29-JUL-2015 14:14:58
  Tracing not turned on.
  Tns error struct:
    ns main err code: 12564
    TNS-12564: TNS:connection refused
    ns secondary err code: 0
    nt main err code: 0
    nt secondary err code: 0
    nt OS err code: 0


***********************************************************************
Fatal NI connect error 12541, connecting to:
 (DESCRIPTION=(ADDRESS=(PROTOCOL=TCP)(HOST=kaofsorap1)(PORT=1521))(CONNECT_DATA=(SERVER=DEDICATED)(SERVICE_NAME=SRV_DBA_OFSAPFT)(CID=(PROGRAM=sqlplus)(HOST=kabkpdba01)(USER=oracle))))

  VERSION INFORMATION:
	TNS for IBM/AIX RISC System/6000: Version 10.2.0.4.0 - Production
	TCP/IP NT Protocol Adapter for IBM/AIX RISC System/6000: Version 10.2.0.4.0 - Production
  Time: 29-JUL-2015 14:33:36
  Tracing not turned on.
  Tns error struct:
    ns main err code: 12541
    TNS-12541: TNS:no listener
    ns secondary err code: 12560
    nt main err code: 511
    TNS-00511: No listener
    nt secondary err code: 79
    nt OS err code: 0


***********************************************************************
Fatal NI connect error 12514, connecting to:
 (DESCRIPTION=(ADDRESS=(PROTOCOL=TCP)(HOST=kabdworad1)(PORT=1521))(CONNECT_DATA=(SERVER=DEDICATED)(SERVICE_NAME=SRV_DBA_BDWDEV)(CID=(PROGRAM=sqlplus)(HOST=kabkpdba01)(USER=oracle))))

  VERSION INFORMATION:
	TNS for IBM/AIX RISC System/6000: Version 10.2.0.4.0 - Production
	TCP/IP NT Protocol Adapter for IBM/AIX RISC System/6000: Version 10.2.0.4.0 - Production
  Time: 29-JUL-2015 17:04:05
  Tracing not turned on.
  Tns error struct:
    ns main err code: 12564
    TNS-12564: TNS:connection refused
    ns secondary err code: 0
    nt main err code: 0
    nt secondary err code: 0
    nt OS err code: 0


***********************************************************************
Fatal NI connect error 12514, connecting to:
 (DESCRIPTION=(ADDRESS=(PROTOCOL=TCP)(HOST=kabdworad1)(PORT=1521))(CONNECT_DATA=(SERVER=DEDICATED)(SERVICE_NAME=SRV_DBA_BDWDEV)(CID=(PROGRAM=sqlplus)(HOST=kabkpdba01)(USER=oracle))))

  VERSION INFORMATION:
	TNS for IBM/AIX RISC System/6000: Version 10.2.0.4.0 - Production
	TCP/IP NT Protocol Adapter for IBM/AIX RISC System/6000: Version 10.2.0.4.0 - Production
  Time: 29-JUL-2015 17:04:31
  Tracing not turned on.
  Tns error struct:
    ns main err code: 12564
    TNS-12564: TNS:connection refused
    ns secondary err code: 0
    nt main err code: 0
    nt secondary err code: 0
    nt OS err code: 0


***********************************************************************
Fatal NI connect error 12514, connecting to:
 (DESCRIPTION=(ADDRESS=(PROTOCOL=TCP)(HOST=kabdworad1)(PORT=1521))(CONNECT_DATA=(SERVER=DEDICATED)(SERVICE_NAME=SRV_DBA_BDWDEV)(CID=(PROGRAM=sqlplus)(HOST=kabkpdba01)(USER=oracle))))

  VERSION INFORMATION:
	TNS for IBM/AIX RISC System/6000: Version 10.2.0.4.0 - Production
	TCP/IP NT Protocol Adapter for IBM/AIX RISC System/6000: Version 10.2.0.4.0 - Production
  Time: 29-JUL-2015 17:05:28
  Tracing not turned on.
  Tns error struct:
    ns main err code: 12564
    TNS-12564: TNS:connection refused
    ns secondary err code: 0
    nt main err code: 0
    nt secondary err code: 0
    nt OS err code: 0


***********************************************************************
Fatal NI connect error 12514, connecting to:
 (DESCRIPTION=(ADDRESS=(PROTOCOL=TCP)(HOST=kabdworad1)(PORT=1521))(CONNECT_DATA=(SERVER=DEDICATED)(SERVICE_NAME=SRV_DBA_BDWDEV)(CID=(PROGRAM=sqlplus)(HOST=kabkpdba01)(USER=oracle))))

  VERSION INFORMATION:
	TNS for IBM/AIX RISC System/6000: Version 10.2.0.4.0 - Production
	TCP/IP NT Protocol Adapter for IBM/AIX RISC System/6000: Version 10.2.0.4.0 - Production
  Time: 29-JUL-2015 17:05:50
  Tracing not turned on.
  Tns error struct:
    ns main err code: 12564
    TNS-12564: TNS:connection refused
    ns secondary err code: 0
    nt main err code: 0
    nt secondary err code: 0
    nt OS err code: 0


***********************************************************************
Fatal NI connect error 12514, connecting to:
 (DESCRIPTION=(ADDRESS=(PROTOCOL=TCP)(HOST=kabdworad1)(PORT=1521))(CONNECT_DATA=(SERVER=DEDICATED)(SERVICE_NAME=SRV_DBA_BDWDEV)(CID=(PROGRAM=sqlplus)(HOST=kabkpdba01)(USER=oracle))))

  VERSION INFORMATION:
	TNS for IBM/AIX RISC System/6000: Version 10.2.0.4.0 - Production
	TCP/IP NT Protocol Adapter for IBM/AIX RISC System/6000: Version 10.2.0.4.0 - Production
  Time: 29-JUL-2015 17:05:57
  Tracing not turned on.
  Tns error struct:
    ns main err code: 12564
    TNS-12564: TNS:connection refused
    ns secondary err code: 0
    nt main err code: 0
    nt secondary err code: 0
    nt OS err code: 0


***********************************************************************
Fatal NI connect error 12514, connecting to:
 (DESCRIPTION=(ADDRESS=(PROTOCOL=TCP)(HOST=kabdworad1)(PORT=1521))(CONNECT_DATA=(SERVER=DEDICATED)(SERVICE_NAME=SRV_DBA_BDWDEV)(CID=(PROGRAM=sqlplus)(HOST=kabkpdba01)(USER=oracle))))

  VERSION INFORMATION:
	TNS for IBM/AIX RISC System/6000: Version 10.2.0.4.0 - Production
	TCP/IP NT Protocol Adapter for IBM/AIX RISC System/6000: Version 10.2.0.4.0 - Production
  Time: 29-JUL-2015 17:08:27
  Tracing not turned on.
  Tns error struct:
    ns main err code: 12564
    TNS-12564: TNS:connection refused
    ns secondary err code: 0
    nt main err code: 0
    nt secondary err code: 0
    nt OS err code: 0


***********************************************************************
Fatal NI connect error 12514, connecting to:
 (DESCRIPTION=(ADDRESS=(PROTOCOL=TCP)(HOST=kabdworad1)(PORT=1521))(CONNECT_DATA=(SERVER=DEDICATED)(SERVICE_NAME=SRV_DBA_BDWDEV)(CID=(PROGRAM=sqlplus)(HOST=kabkpdba01)(USER=oracle))))

  VERSION INFORMATION:
	TNS for IBM/AIX RISC System/6000: Version 10.2.0.4.0 - Production
	TCP/IP NT Protocol Adapter for IBM/AIX RISC System/6000: Version 10.2.0.4.0 - Production
  Time: 30-JUL-2015 09:38:11
  Tracing not turned on.
  Tns error struct:
    ns main err code: 12564
    TNS-12564: TNS:connection refused
    ns secondary err code: 0
    nt main err code: 0
    nt secondary err code: 0
    nt OS err code: 0


***********************************************************************
Fatal NI connect error 12514, connecting to:
 (DESCRIPTION=(ADDRESS=(PROTOCOL=TCP)(HOST=kabdworad1)(PORT=1521))(CONNECT_DATA=(SERVER=DEDICATED)(SERVICE_NAME=SRV_DBA_BDWDEV)(CID=(PROGRAM=sqlplus)(HOST=kabkpdba01)(USER=oracle))))

  VERSION INFORMATION:
	TNS for IBM/AIX RISC System/6000: Version 10.2.0.4.0 - Production
	TCP/IP NT Protocol Adapter for IBM/AIX RISC System/6000: Version 10.2.0.4.0 - Production
  Time: 30-JUL-2015 09:39:25
  Tracing not turned on.
  Tns error struct:
    ns main err code: 12564
    TNS-12564: TNS:connection refused
    ns secondary err code: 0
    nt main err code: 0
    nt secondary err code: 0
    nt OS err code: 0


***********************************************************************
Fatal NI connect error 12514, connecting to:
 (DESCRIPTION=(ADDRESS=(PROTOCOL=TCP)(HOST=kabdworad1)(PORT=1521))(CONNECT_DATA=(SERVER=DEDICATED)(SERVICE_NAME=SRV_DBA_BDWDEV)(CID=(PROGRAM=sqlplus)(HOST=kabkpdba01)(USER=oracle))))

  VERSION INFORMATION:
	TNS for IBM/AIX RISC System/6000: Version 10.2.0.4.0 - Production
	TCP/IP NT Protocol Adapter for IBM/AIX RISC System/6000: Version 10.2.0.4.0 - Production
  Time: 30-JUL-2015 09:43:08
  Tracing not turned on.
  Tns error struct:
    ns main err code: 12564
    TNS-12564: TNS:connection refused
    ns secondary err code: 0
    nt main err code: 0
    nt secondary err code: 0
    nt OS err code: 0


***********************************************************************
Fatal NI connect error 12514, connecting to:
 (DESCRIPTION=(ADDRESS=(PROTOCOL=TCP)(HOST=kabdworad1)(PORT=1521))(CONNECT_DATA=(SERVER=DEDICATED)(SERVICE_NAME=SRV_DBA_BDWDEV)(CID=(PROGRAM=sqlplus)(HOST=kabkpdba01)(USER=oracle))))

  VERSION INFORMATION:
	TNS for IBM/AIX RISC System/6000: Version 10.2.0.4.0 - Production
	TCP/IP NT Protocol Adapter for IBM/AIX RISC System/6000: Version 10.2.0.4.0 - Production
  Time: 30-JUL-2015 09:43:42
  Tracing not turned on.
  Tns error struct:
    ns main err code: 12564
    TNS-12564: TNS:connection refused
    ns secondary err code: 0
    nt main err code: 0
    nt secondary err code: 0
    nt OS err code: 0


***********************************************************************
Fatal NI connect error 12514, connecting to:
 (DESCRIPTION=(ADDRESS=(PROTOCOL=TCP)(HOST=kacamorast1)(PORT=1521))(CONNECT_DATA=(SERVER=DEDICATED)(SERVICE_NAME=SRV_DBA_OCTIGATEUAT)(CID=(PROGRAM=sqlplus)(HOST=kabkpdba01)(USER=oracle))))

  VERSION INFORMATION:
	TNS for IBM/AIX RISC System/6000: Version 10.2.0.4.0 - Production
	TCP/IP NT Protocol Adapter for IBM/AIX RISC System/6000: Version 10.2.0.4.0 - Production
  Time: 30-JUL-2015 17:21:45
  Tracing not turned on.
  Tns error struct:
    ns main err code: 12564
    TNS-12564: TNS:connection refused
    ns secondary err code: 0
    nt main err code: 0
    nt secondary err code: 0
    nt OS err code: 0


***********************************************************************
Fatal NI connect error 12514, connecting to:
 (DESCRIPTION=(ADDRESS=(PROTOCOL=TCP)(HOST=kacamorast1)(PORT=1521))(CONNECT_DATA=(SERVER=DEDICATED)(SERVICE_NAME=SRV_DBA_OCTIGATEUAT)(CID=(PROGRAM=sqlplus)(HOST=kabkpdba01)(USER=oracle))))

  VERSION INFORMATION:
	TNS for IBM/AIX RISC System/6000: Version 10.2.0.4.0 - Production
	TCP/IP NT Protocol Adapter for IBM/AIX RISC System/6000: Version 10.2.0.4.0 - Production
  Time: 30-JUL-2015 17:22:11
  Tracing not turned on.
  Tns error struct:
    ns main err code: 12564
    TNS-12564: TNS:connection refused
    ns secondary err code: 0
    nt main err code: 0
    nt secondary err code: 0
    nt OS err code: 0


***********************************************************************
Fatal NI connect error 12514, connecting to:
 (DESCRIPTION=(ADDRESS=(PROTOCOL=TCP)(HOST=kacamorast1)(PORT=1521))(CONNECT_DATA=(SERVER=DEDICATED)(SERVICE_NAME=SRV_DBA_OCTIGATEUAT)(CID=(PROGRAM=sqlplus)(HOST=kabkpdba01)(USER=oracle))))

  VERSION INFORMATION:
	TNS for IBM/AIX RISC System/6000: Version 10.2.0.4.0 - Production
	TCP/IP NT Protocol Adapter for IBM/AIX RISC System/6000: Version 10.2.0.4.0 - Production
  Time: 30-JUL-2015 17:22:18
  Tracing not turned on.
  Tns error struct:
    ns main err code: 12564
    TNS-12564: TNS:connection refused
    ns secondary err code: 0
    nt main err code: 0
    nt secondary err code: 0
    nt OS err code: 0


***********************************************************************
Fatal NI connect error 12514, connecting to:
 (DESCRIPTION=(ADDRESS=(PROTOCOL=TCP)(HOST=kacamorast1)(PORT=1521))(CONNECT_DATA=(SERVER=DEDICATED)(SERVICE_NAME=SRV_DBA_OCTIGATEUAT)(CID=(PROGRAM=sqlplus)(HOST=kabkpdba01)(USER=oracle))))

  VERSION INFORMATION:
	TNS for IBM/AIX RISC System/6000: Version 10.2.0.4.0 - Production
	TCP/IP NT Protocol Adapter for IBM/AIX RISC System/6000: Version 10.2.0.4.0 - Production
  Time: 30-JUL-2015 17:24:07
  Tracing not turned on.
  Tns error struct:
    ns main err code: 12564
    TNS-12564: TNS:connection refused
    ns secondary err code: 0
    nt main err code: 0
    nt secondary err code: 0
    nt OS err code: 0


***********************************************************************
Fatal NI connect error 12514, connecting to:
 (DESCRIPTION=(ADDRESS=(PROTOCOL=TCP)(HOST=kaofsorat1)(PORT=1521))(CONNECT_DATA=(SERVER=DEDICATED)(SERVICE_NAME=SRV_DBA_OFSAUAT)(CID=(PROGRAM=sqlplus)(HOST=kabkpdba01)(USER=oracle))))

  VERSION INFORMATION:
	TNS for IBM/AIX RISC System/6000: Version 10.2.0.4.0 - Production
	TCP/IP NT Protocol Adapter for IBM/AIX RISC System/6000: Version 10.2.0.4.0 - Production
  Time: 31-JUL-2015 09:10:10
  Tracing not turned on.
  Tns error struct:
    ns main err code: 12564
    TNS-12564: TNS:connection refused
    ns secondary err code: 0
    nt main err code: 0
    nt secondary err code: 0
    nt OS err code: 0


***********************************************************************
Fatal NI connect error 12514, connecting to:
 (DESCRIPTION=(ADDRESS=(PROTOCOL=TCP)(HOST=kaofsorat1)(PORT=1521))(CONNECT_DATA=(SERVER=DEDICATED)(SERVICE_NAME=SRV_DBA_OFSAUAT)(CID=(PROGRAM=sqlplus)(HOST=kabkpdba01)(USER=oracle))))

  VERSION INFORMATION:
	TNS for IBM/AIX RISC System/6000: Version 10.2.0.4.0 - Production
	TCP/IP NT Protocol Adapter for IBM/AIX RISC System/6000: Version 10.2.0.4.0 - Production
  Time: 31-JUL-2015 09:10:31
  Tracing not turned on.
  Tns error struct:
    ns main err code: 12564
    TNS-12564: TNS:connection refused
    ns secondary err code: 0
    nt main err code: 0
    nt secondary err code: 0
    nt OS err code: 0


***********************************************************************
Fatal NI connect error 12514, connecting to:
 (DESCRIPTION=(ADDRESS=(PROTOCOL=TCP)(HOST=kabdworats1)(PORT=1521))(CONNECT_DATA=(SERVER=DEDICATED)(SERVICE_NAME=SRV_DBA_BDWUAT)(CID=(PROGRAM=sqlplus)(HOST=kabkpdba01)(USER=oracle))))

  VERSION INFORMATION:
	TNS for IBM/AIX RISC System/6000: Version 10.2.0.4.0 - Production
	TCP/IP NT Protocol Adapter for IBM/AIX RISC System/6000: Version 10.2.0.4.0 - Production
  Time: 04-AUG-2015 09:08:24
  Tracing not turned on.
  Tns error struct:
    ns main err code: 12564
    TNS-12564: TNS:connection refused
    ns secondary err code: 0
    nt main err code: 0
    nt secondary err code: 0
    nt OS err code: 0


***********************************************************************
Fatal NI connect error 12514, connecting to:
 (DESCRIPTION=(ADDRESS=(PROTOCOL=TCP)(HOST=kabdworats1)(PORT=1521))(CONNECT_DATA=(SERVER=DEDICATED)(SERVICE_NAME=SRV_DBA_BDWUAT)(CID=(PROGRAM=sqlplus)(HOST=kabkpdba01)(USER=oracle))))

  VERSION INFORMATION:
	TNS for IBM/AIX RISC System/6000: Version 10.2.0.4.0 - Production
	TCP/IP NT Protocol Adapter for IBM/AIX RISC System/6000: Version 10.2.0.4.0 - Production
  Time: 04-AUG-2015 09:08:50
  Tracing not turned on.
  Tns error struct:
    ns main err code: 12564
    TNS-12564: TNS:connection refused
    ns secondary err code: 0
    nt main err code: 0
    nt secondary err code: 0
    nt OS err code: 0


***********************************************************************
Fatal NI connect error 12514, connecting to:
 (DESCRIPTION=(ADDRESS=(PROTOCOL=TCP)(HOST=kabdworats1)(PORT=1521))(CONNECT_DATA=(SERVER=DEDICATED)(SERVICE_NAME=SRV_DBA_BDWUAT)(CID=(PROGRAM=sqlplus)(HOST=kabkpdba01)(USER=oracle))))

  VERSION INFORMATION:
	TNS for IBM/AIX RISC System/6000: Version 10.2.0.4.0 - Production
	TCP/IP NT Protocol Adapter for IBM/AIX RISC System/6000: Version 10.2.0.4.0 - Production
  Time: 04-AUG-2015 09:10:04
  Tracing not turned on.
  Tns error struct:
    ns main err code: 12564
    TNS-12564: TNS:connection refused
    ns secondary err code: 0
    nt main err code: 0
    nt secondary err code: 0
    nt OS err code: 0


***********************************************************************
Fatal NI connect error 12514, connecting to:
 (DESCRIPTION=(ADDRESS=(PROTOCOL=TCP)(HOST=kabdworats1)(PORT=1521))(CONNECT_DATA=(SERVER=DEDICATED)(SERVICE_NAME=SRV_DBA_BDWUAT)(CID=(PROGRAM=sqlplus)(HOST=kabkpdba01)(USER=oracle))))

  VERSION INFORMATION:
	TNS for IBM/AIX RISC System/6000: Version 10.2.0.4.0 - Production
	TCP/IP NT Protocol Adapter for IBM/AIX RISC System/6000: Version 10.2.0.4.0 - Production
  Time: 04-AUG-2015 09:10:32
  Tracing not turned on.
  Tns error struct:
    ns main err code: 12564
    TNS-12564: TNS:connection refused
    ns secondary err code: 0
    nt main err code: 0
    nt secondary err code: 0
    nt OS err code: 0


***********************************************************************
Fatal NI connect error 12514, connecting to:
 (DESCRIPTION=(ADDRESS=(PROTOCOL=TCP)(HOST=kabdworats1)(PORT=1521))(CONNECT_DATA=(SERVER=DEDICATED)(SERVICE_NAME=SRV_DBA_BDWUAT)(CID=(PROGRAM=sqlplus)(HOST=kabkpdba01)(USER=oracle))))

  VERSION INFORMATION:
	TNS for IBM/AIX RISC System/6000: Version 10.2.0.4.0 - Production
	TCP/IP NT Protocol Adapter for IBM/AIX RISC System/6000: Version 10.2.0.4.0 - Production
  Time: 04-AUG-2015 09:19:32
  Tracing not turned on.
  Tns error struct:
    ns main err code: 12564
    TNS-12564: TNS:connection refused
    ns secondary err code: 0
    nt main err code: 0
    nt secondary err code: 0
    nt OS err code: 0


***********************************************************************
Fatal NI connect error 12514, connecting to:
 (DESCRIPTION=(ADDRESS=(PROTOCOL=TCP)(HOST=kabdworats1)(PORT=1521))(CONNECT_DATA=(SERVER=DEDICATED)(SERVICE_NAME=SRV_DBA_BDWUAT)(CID=(PROGRAM=sqlplus)(HOST=kabkpdba01)(USER=oracle))))

  VERSION INFORMATION:
	TNS for IBM/AIX RISC System/6000: Version 10.2.0.4.0 - Production
	TCP/IP NT Protocol Adapter for IBM/AIX RISC System/6000: Version 10.2.0.4.0 - Production
  Time: 04-AUG-2015 09:19:45
  Tracing not turned on.
  Tns error struct:
    ns main err code: 12564
    TNS-12564: TNS:connection refused
    ns secondary err code: 0
    nt main err code: 0
    nt secondary err code: 0
    nt OS err code: 0


***********************************************************************
Fatal NI connect error 12514, connecting to:
 (DESCRIPTION=(ADDRESS=(PROTOCOL=TCP)(HOST=kabdworats1)(PORT=1521))(CONNECT_DATA=(SERVER=DEDICATED)(SERVICE_NAME=SRV_DBA_BDWUAT)(CID=(PROGRAM=sqlplus)(HOST=kabkpdba01)(USER=oracle))))

  VERSION INFORMATION:
	TNS for IBM/AIX RISC System/6000: Version 10.2.0.4.0 - Production
	TCP/IP NT Protocol Adapter for IBM/AIX RISC System/6000: Version 10.2.0.4.0 - Production
  Time: 04-AUG-2015 09:22:33
  Tracing not turned on.
  Tns error struct:
    ns main err code: 12564
    TNS-12564: TNS:connection refused
    ns secondary err code: 0
    nt main err code: 0
    nt secondary err code: 0
    nt OS err code: 0


***********************************************************************
Fatal NI connect error 12514, connecting to:
 (DESCRIPTION=(ADDRESS=(PROTOCOL=TCP)(HOST=kaafrorai1)(PORT=1521))(CONNECT_DATA=(SERVER=DEDICATED)(SERVICE_NAME=SRV_DBA_AFRINT)(CID=(PROGRAM=sqlplus)(HOST=kabkpdba01)(USER=oracle))))

  VERSION INFORMATION:
	TNS for IBM/AIX RISC System/6000: Version 10.2.0.4.0 - Production
	TCP/IP NT Protocol Adapter for IBM/AIX RISC System/6000: Version 10.2.0.4.0 - Production
  Time: 23-AUG-2015 15:47:02
  Tracing not turned on.
  Tns error struct:
    ns main err code: 12564
    TNS-12564: TNS:connection refused
    ns secondary err code: 0
    nt main err code: 0
    nt secondary err code: 0
    nt OS err code: 0


***********************************************************************
Fatal NI connect error 12514, connecting to:
 (DESCRIPTION=(ADDRESS=(PROTOCOL=TCP)(HOST=kaafrorai1)(PORT=1521))(CONNECT_DATA=(SERVER=DEDICATED)(SERVICE_NAME=SRV_DBA_AFRINT)(CID=(PROGRAM=sqlplus)(HOST=kabkpdba01)(USER=oracle))))

  VERSION INFORMATION:
	TNS for IBM/AIX RISC System/6000: Version 10.2.0.4.0 - Production
	TCP/IP NT Protocol Adapter for IBM/AIX RISC System/6000: Version 10.2.0.4.0 - Production
  Time: 23-AUG-2015 15:47:22
  Tracing not turned on.
  Tns error struct:
    ns main err code: 12564
    TNS-12564: TNS:connection refused
    ns secondary err code: 0
    nt main err code: 0
    nt secondary err code: 0
    nt OS err code: 0


***********************************************************************
Fatal NI connect error 12514, connecting to:
 (DESCRIPTION=(ADDRESS=(PROTOCOL=TCP)(HOST=kaafrorai1)(PORT=1521))(CONNECT_DATA=(SERVER=DEDICATED)(SERVICE_NAME=SRV_DBA_AFRINT)(CID=(PROGRAM=sqlplus)(HOST=kabkpdba01)(USER=oracle))))

  VERSION INFORMATION:
	TNS for IBM/AIX RISC System/6000: Version 10.2.0.4.0 - Production
	TCP/IP NT Protocol Adapter for IBM/AIX RISC System/6000: Version 10.2.0.4.0 - Production
  Time: 23-AUG-2015 15:47:44
  Tracing not turned on.
  Tns error struct:
    ns main err code: 12564
    TNS-12564: TNS:connection refused
    ns secondary err code: 0
    nt main err code: 0
    nt secondary err code: 0
    nt OS err code: 0


***********************************************************************
Fatal NI connect error 12514, connecting to:
 (DESCRIPTION=(ADDRESS=(PROTOCOL=TCP)(HOST=kaesaorap1)(PORT=1521))(CONNECT_DATA=(SERVER=DEDICATED)(SERVICE_NAME=SRV_DBA_ESAPERF)(CID=(PROGRAM=sqlplus)(HOST=kabkpdba01)(USER=oracle))))

  VERSION INFORMATION:
	TNS for IBM/AIX RISC System/6000: Version 10.2.0.4.0 - Production
	TCP/IP NT Protocol Adapter for IBM/AIX RISC System/6000: Version 10.2.0.4.0 - Production
  Time: 23-AUG-2015 21:24:07
  Tracing not turned on.
  Tns error struct:
    ns main err code: 12564
    TNS-12564: TNS:connection refused
    ns secondary err code: 0
    nt main err code: 0
    nt secondary err code: 0
    nt OS err code: 0


***********************************************************************
Fatal NI connect error 12514, connecting to:
 (DESCRIPTION=(ADDRESS=(PROTOCOL=TCP)(HOST=kaesaorap1)(PORT=1521))(CONNECT_DATA=(SERVER=DEDICATED)(SERVICE_NAME=SRV_DBA_ESAPERF)(CID=(PROGRAM=sqlplus)(HOST=kabkpdba01)(USER=oracle))))

  VERSION INFORMATION:
	TNS for IBM/AIX RISC System/6000: Version 10.2.0.4.0 - Production
	TCP/IP NT Protocol Adapter for IBM/AIX RISC System/6000: Version 10.2.0.4.0 - Production
  Time: 23-AUG-2015 21:24:18
  Tracing not turned on.
  Tns error struct:
    ns main err code: 12564
    TNS-12564: TNS:connection refused
    ns secondary err code: 0
    nt main err code: 0
    nt secondary err code: 0
    nt OS err code: 0


***********************************************************************
Fatal NI connect error 12514, connecting to:
 (DESCRIPTION=(ADDRESS=(PROTOCOL=TCP)(HOST=kautforai1)(PORT=1521))(CONNECT_DATA=(SERVER=DEDICATED)(SERVICE_NAME=SRV_DBA_UTF8INT)(CID=(PROGRAM=sqlplus)(HOST=kabkpdba01)(USER=oracle))))

  VERSION INFORMATION:
	TNS for IBM/AIX RISC System/6000: Version 10.2.0.4.0 - Production
	TCP/IP NT Protocol Adapter for IBM/AIX RISC System/6000: Version 10.2.0.4.0 - Production
  Time: 26-AUG-2015 08:35:16
  Tracing not turned on.
  Tns error struct:
    ns main err code: 12564
    TNS-12564: TNS:connection refused
    ns secondary err code: 0
    nt main err code: 0
    nt secondary err code: 0
    nt OS err code: 0


***********************************************************************
Fatal NI connect error 12514, connecting to:
 (DESCRIPTION=(ADDRESS=(PROTOCOL=TCP)(HOST=kautforai1)(PORT=1521))(CONNECT_DATA=(SERVER=DEDICATED)(SERVICE_NAME=SRV_DBA_UTF8INT)(CID=(PROGRAM=sqlplus)(HOST=kabkpdba01)(USER=oracle))))

  VERSION INFORMATION:
	TNS for IBM/AIX RISC System/6000: Version 10.2.0.4.0 - Production
	TCP/IP NT Protocol Adapter for IBM/AIX RISC System/6000: Version 10.2.0.4.0 - Production
  Time: 26-AUG-2015 08:35:40
  Tracing not turned on.
  Tns error struct:
    ns main err code: 12564
    TNS-12564: TNS:connection refused
    ns secondary err code: 0
    nt main err code: 0
    nt secondary err code: 0
    nt OS err code: 0


***********************************************************************
Fatal NI connect error 12514, connecting to:
 (DESCRIPTION=(ADDRESS=(PROTOCOL=TCP)(HOST=katdworast1)(PORT=1521))(CONNECT_DATA=(SERVER=DEDICATED)(SERVICE_NAME=SRV_DBA_TDWUAT)(CID=(PROGRAM=sqlplus)(HOST=kabkpdba01)(USER=oracle))))

  VERSION INFORMATION:
	TNS for IBM/AIX RISC System/6000: Version 10.2.0.4.0 - Production
	TCP/IP NT Protocol Adapter for IBM/AIX RISC System/6000: Version 10.2.0.4.0 - Production
  Time: 26-AUG-2015 08:54:16
  Tracing not turned on.
  Tns error struct:
    ns main err code: 12564
    TNS-12564: TNS:connection refused
    ns secondary err code: 0
    nt main err code: 0
    nt secondary err code: 0
    nt OS err code: 0


***********************************************************************
Fatal NI connect error 12514, connecting to:
 (DESCRIPTION=(ADDRESS=(PROTOCOL=TCP)(HOST=kabdworad1)(PORT=1521))(CONNECT_DATA=(SERVER=DEDICATED)(SERVICE_NAME=SRV_DBA_BDWDEV)(CID=(PROGRAM=sqlplus)(HOST=kabkpdba01)(USER=oracle))))

  VERSION INFORMATION:
	TNS for IBM/AIX RISC System/6000: Version 10.2.0.4.0 - Production
	TCP/IP NT Protocol Adapter for IBM/AIX RISC System/6000: Version 10.2.0.4.0 - Production
  Time: 27-AUG-2015 09:26:56
  Tracing not turned on.
  Tns error struct:
    ns main err code: 12564
    TNS-12564: TNS:connection refused
    ns secondary err code: 0
    nt main err code: 0
    nt secondary err code: 0
    nt OS err code: 0


***********************************************************************
Fatal NI connect error 12514, connecting to:
 (DESCRIPTION=(ADDRESS=(PROTOCOL=TCP)(HOST=kahpqorat1)(PORT=1521))(CONNECT_DATA=(SERVER=DEDICATED)(SERVICE_NAME=SRV_DBA_HPQUAT)(CID=(PROGRAM=sqlplus)(HOST=kabkpdba01)(USER=oracle))))

  VERSION INFORMATION:
	TNS for IBM/AIX RISC System/6000: Version 10.2.0.4.0 - Production
	TCP/IP NT Protocol Adapter for IBM/AIX RISC System/6000: Version 10.2.0.4.0 - Production
  Time: 31-AUG-2015 09:43:09
  Tracing not turned on.
  Tns error struct:
    ns main err code: 12564
    TNS-12564: TNS:connection refused
    ns secondary err code: 0
    nt main err code: 0
    nt secondary err code: 0
    nt OS err code: 0


***********************************************************************
Fatal NI connect error 12514, connecting to:
 (DESCRIPTION=(ADDRESS=(PROTOCOL=TCP)(HOST=kahpqorat1)(PORT=1521))(CONNECT_DATA=(SERVER=DEDICATED)(SERVICE_NAME=SRV_DBA_HPQUAT)(CID=(PROGRAM=sqlplus)(HOST=kabkpdba01)(USER=oracle))))

  VERSION INFORMATION:
	TNS for IBM/AIX RISC System/6000: Version 10.2.0.4.0 - Production
	TCP/IP NT Protocol Adapter for IBM/AIX RISC System/6000: Version 10.2.0.4.0 - Production
  Time: 31-AUG-2015 09:43:24
  Tracing not turned on.
  Tns error struct:
    ns main err code: 12564
    TNS-12564: TNS:connection refused
    ns secondary err code: 0
    nt main err code: 0
    nt secondary err code: 0
    nt OS err code: 0


***********************************************************************
Fatal NI connect error 12541, connecting to:
 (DESCRIPTION=(ADDRESS=(PROTOCOL=TCP)(HOST=kaebsorad3)(PORT=1521))(CONNECT_DATA=(SERVER=DEDICATED)(SERVICE_NAME=SRV_DBA_EBSBRDEV)(CID=(PROGRAM=sqlplus)(HOST=kabkpdba01)(USER=oracle))))

  VERSION INFORMATION:
	TNS for IBM/AIX RISC System/6000: Version 10.2.0.4.0 - Production
	TCP/IP NT Protocol Adapter for IBM/AIX RISC System/6000: Version 10.2.0.4.0 - Production
  Time: 09-OCT-2015 23:52:07
  Tracing not turned on.
  Tns error struct:
    ns main err code: 12541
    TNS-12541: TNS:no listener
    ns secondary err code: 12560
    nt main err code: 511
    TNS-00511: No listener
    nt secondary err code: 79
    nt OS err code: 0


***********************************************************************
Fatal NI connect error 12541, connecting to:
 (DESCRIPTION=(ADDRESS=(PROTOCOL=TCP)(HOST=kaebsorad3)(PORT=1521))(CONNECT_DATA=(SERVER=DEDICATED)(SERVICE_NAME=SRV_DBA_EBSBRDEV)(CID=(PROGRAM=sqlplus)(HOST=kabkpdba01)(USER=oracle))))

  VERSION INFORMATION:
	TNS for IBM/AIX RISC System/6000: Version 10.2.0.4.0 - Production
	TCP/IP NT Protocol Adapter for IBM/AIX RISC System/6000: Version 10.2.0.4.0 - Production
  Time: 09-OCT-2015 23:52:39
  Tracing not turned on.
  Tns error struct:
    ns main err code: 12541
    TNS-12541: TNS:no listener
    ns secondary err code: 12560
    nt main err code: 511
    TNS-00511: No listener
    nt secondary err code: 79
    nt OS err code: 0


***********************************************************************
Fatal NI connect error 12541, connecting to:
 (DESCRIPTION=(ADDRESS=(PROTOCOL=TCP)(HOST=kaopeorap1)(PORT=1521))(CONNECT_DATA=(SERVER=DEDICATED)(SERVICE_NAME=SRV_DBA_OPPFT)(CID=(PROGRAM=sqlplus)(HOST=kabkpdba01)(USER=oracle))))

  VERSION INFORMATION:
	TNS for IBM/AIX RISC System/6000: Version 10.2.0.4.0 - Production
	TCP/IP NT Protocol Adapter for IBM/AIX RISC System/6000: Version 10.2.0.4.0 - Production
  Time: 21-DEC-2015 09:50:13
  Tracing not turned on.
  Tns error struct:
    ns main err code: 12541
    TNS-12541: TNS:no listener
    ns secondary err code: 12560
    nt main err code: 511
    TNS-00511: No listener
    nt secondary err code: 79
    nt OS err code: 0


***********************************************************************
Fatal NI connect error 12514, connecting to:
 (DESCRIPTION=(ADDRESS=(PROTOCOL=TCP)(HOST=kacclorai1)(PORT=1521))(CONNECT_DATA=(SERVER=DEDICATED)(SERVICE_NAME=SRV_DBA_CCLINT)(CID=(PROGRAM=sqlplus)(HOST=kabkpdba01)(USER=oracle))))

  VERSION INFORMATION:
	TNS for IBM/AIX RISC System/6000: Version 10.2.0.4.0 - Production
	TCP/IP NT Protocol Adapter for IBM/AIX RISC System/6000: Version 10.2.0.4.0 - Production
  Time: 02-FEB-2016 11:20:47
  Tracing not turned on.
  Tns error struct:
    ns main err code: 12564
    TNS-12564: TNS:connection refused
    ns secondary err code: 0
    nt main err code: 0
    nt secondary err code: 0
    nt OS err code: 0


***********************************************************************
Fatal NI connect error 12514, connecting to:
 (DESCRIPTION=(ADDRESS=(PROTOCOL=TCP)(HOST=kacclorai1)(PORT=1521))(CONNECT_DATA=(SERVER=DEDICATED)(SERVICE_NAME=SRV_DBA_CCLINT)(CID=(PROGRAM=rman@kabkpdba01)(HOST=kabkpdba01)(USER=oracle))))

  VERSION INFORMATION:
	TNS for IBM/AIX RISC System/6000: Version 10.2.0.4.0 - Production
	TCP/IP NT Protocol Adapter for IBM/AIX RISC System/6000: Version 10.2.0.4.0 - Production
  Time: 02-FEB-2016 14:10:14
  Tracing not turned on.
  Tns error struct:
    ns main err code: 12564
    TNS-12564: TNS:connection refused
    ns secondary err code: 0
    nt main err code: 0
    nt secondary err code: 0
    nt OS err code: 0


***********************************************************************
Fatal NI connect error 12514, connecting to:
 (DESCRIPTION=(ADDRESS=(PROTOCOL=TCP)(HOST=kasfroras1)(PORT=1521))(CONNECT_DATA=(SERVER=DEDICATED)(SERVICE_NAME=SRV_DBA_SAFIRPRD)(CID=(PROGRAM=sqlplus)(HOST=kabkpdba01)(USER=oracle))))

  VERSION INFORMATION:
	TNS for IBM/AIX RISC System/6000: Version 10.2.0.4.0 - Production
	TCP/IP NT Protocol Adapter for IBM/AIX RISC System/6000: Version 10.2.0.4.0 - Production
  Time: 29-FEB-2016 11:48:25
  Tracing not turned on.
  Tns error struct:
    ns main err code: 12564
    TNS-12564: TNS:connection refused
    ns secondary err code: 0
    nt main err code: 0
    nt secondary err code: 0
    nt OS err code: 0


***********************************************************************
Fatal NI connect error 12514, connecting to:
 (DESCRIPTION=(ADDRESS=(PROTOCOL=TCP)(HOST=kasfroras1)(PORT=1521))(CONNECT_DATA=(SERVER=DEDICATED)(SERVICE_NAME=SRV_DBA_SAFIRPRD)(CID=(PROGRAM=sqlplus)(HOST=kabkpdba01)(USER=oracle))))

  VERSION INFORMATION:
	TNS for IBM/AIX RISC System/6000: Version 10.2.0.4.0 - Production
	TCP/IP NT Protocol Adapter for IBM/AIX RISC System/6000: Version 10.2.0.4.0 - Production
  Time: 29-FEB-2016 11:49:21
  Tracing not turned on.
  Tns error struct:
    ns main err code: 12564
    TNS-12564: TNS:connection refused
    ns secondary err code: 0
    nt main err code: 0
    nt secondary err code: 0
    nt OS err code: 0


***********************************************************************
Fatal NI connect error 12514, connecting to:
 (DESCRIPTION=(CONNECT_DATA=(SERVICE_NAME=klexat-scan.uatisbank)(CID=(PROGRAM=sqlplus)(HOST=kabkpdba01)(USER=oracle)))(ADDRESS=(PROTOCOL=TCP)(HOST=10.87.23.171)(PORT=1521)))

  VERSION INFORMATION:
	TNS for IBM/AIX RISC System/6000: Version 10.2.0.4.0 - Production
	TCP/IP NT Protocol Adapter for IBM/AIX RISC System/6000: Version 10.2.0.4.0 - Production
  Time: 07-MAR-2016 14:20:38
  Tracing not turned on.
  Tns error struct:
    ns main err code: 12564
    TNS-12564: TNS:connection refused
    ns secondary err code: 0
    nt main err code: 0
    nt secondary err code: 0
    nt OS err code: 0


***********************************************************************
Fatal NI connect error 12547, connecting to:
 (DESCRIPTION=(ADDRESS=(PROTOCOL=TCP)(HOST=kamanora01)(PORT=1521))(CONNECT_DATA=(SERVER=DEDICATED)(SERVICE_NAME=SRV_DBA_DBAPRD)(CID=(PROGRAM=sqlplus)(HOST=kabkpdba01)(USER=oracle))))

  VERSION INFORMATION:
	TNS for IBM/AIX RISC System/6000: Version 10.2.0.4.0 - Production
	TCP/IP NT Protocol Adapter for IBM/AIX RISC System/6000: Version 10.2.0.4.0 - Production
  Time: 18-JUL-2016 11:19:22
  Tracing not turned on.
  Tns error struct:
    ns main err code: 12547
    TNS-12547: TNS:lost contact
    ns secondary err code: 12560
    nt main err code: 517
    TNS-00517: Lost contact
    nt secondary err code: 73
    nt OS err code: 0


***********************************************************************
Fatal NI connect error 12541, connecting to:
 (DESCRIPTION=(ADDRESS=(PROTOCOL=TCP)(HOST=kamanora01)(PORT=1521))(CONNECT_DATA=(SERVER=DEDICATED)(SERVICE_NAME=SRV_DBA_DBAPRD)(CID=(PROGRAM=sqlplus)(HOST=kabkpdba01)(USER=oracle))))

  VERSION INFORMATION:
	TNS for IBM/AIX RISC System/6000: Version 10.2.0.4.0 - Production
	TCP/IP NT Protocol Adapter for IBM/AIX RISC System/6000: Version 10.2.0.4.0 - Production
  Time: 18-JUL-2016 11:19:22
  Tracing not turned on.
  Tns error struct:
    ns main err code: 12541
    TNS-12541: TNS:no listener
    ns secondary err code: 12560
    nt main err code: 511
    TNS-00511: No listener
    nt secondary err code: 79
    nt OS err code: 0


***********************************************************************
Fatal NI connect error 12514, connecting to:
 (DESCRIPTION=(ADDRESS=(PROTOCOL=TCP)(HOST=kakdtoras1)(PORT=1521))(CONNECT_DATA=(SERVER=DEDICATED)(SERVICE_NAME=SRV_DBA_KDTUAT)(CID=(PROGRAM=sqlplus)(HOST=kabkpdba01)(USER=oracle))))

  VERSION INFORMATION:
	TNS for IBM/AIX RISC System/6000: Version 10.2.0.4.0 - Production
	TCP/IP NT Protocol Adapter for IBM/AIX RISC System/6000: Version 10.2.0.4.0 - Production
  Time: 29-SEP-2016 10:43:52
  Tracing not turned on.
  Tns error struct:
    ns main err code: 12564
    TNS-12564: TNS:connection refused
    ns secondary err code: 0
    nt main err code: 0
    nt secondary err code: 0
    nt OS err code: 0


***********************************************************************
Fatal NI connect error 12514, connecting to:
 (DESCRIPTION=(ADDRESS=(PROTOCOL=TCP)(HOST=kakdtoras1)(PORT=1521))(CONNECT_DATA=(SERVER=DEDICATED)(SERVICE_NAME=SRV_DBA_KDTUAT)(CID=(PROGRAM=sqlplus)(HOST=kabkpdba01)(USER=oracle))))

  VERSION INFORMATION:
	TNS for IBM/AIX RISC System/6000: Version 10.2.0.4.0 - Production
	TCP/IP NT Protocol Adapter for IBM/AIX RISC System/6000: Version 10.2.0.4.0 - Production
  Time: 03-OCT-2016 12:06:19
  Tracing not turned on.
  Tns error struct:
    ns main err code: 12564
    TNS-12564: TNS:connection refused
    ns secondary err code: 0
    nt main err code: 0
    nt secondary err code: 0
    nt OS err code: 0


***********************************************************************
Fatal NI connect error 12514, connecting to:
 (DESCRIPTION=(ADDRESS=(PROTOCOL=TCP)(HOST=kakdtoras1)(PORT=1521))(CONNECT_DATA=(SERVER=DEDICATED)(SERVICE_NAME=SRV_DBA_KDTUAT)(CID=(PROGRAM=sqlplus)(HOST=kabkpdba01)(USER=oracle))))

  VERSION INFORMATION:
	TNS for IBM/AIX RISC System/6000: Version 10.2.0.4.0 - Production
	TCP/IP NT Protocol Adapter for IBM/AIX RISC System/6000: Version 10.2.0.4.0 - Production
  Time: 03-OCT-2016 12:06:39
  Tracing not turned on.
  Tns error struct:
    ns main err code: 12564
    TNS-12564: TNS:connection refused
    ns secondary err code: 0
    nt main err code: 0
    nt secondary err code: 0
    nt OS err code: 0


***********************************************************************
Fatal NI connect error 12514, connecting to:
 (DESCRIPTION=(ADDRESS=(PROTOCOL=TCP)(HOST=kakdtoras1)(PORT=1521))(CONNECT_DATA=(SERVER=DEDICATED)(SERVICE_NAME=SRV_DBA_KDTUAT)(CID=(PROGRAM=sqlplus)(HOST=kabkpdba01)(USER=oracle))))

  VERSION INFORMATION:
	TNS for IBM/AIX RISC System/6000: Version 10.2.0.4.0 - Production
	TCP/IP NT Protocol Adapter for IBM/AIX RISC System/6000: Version 10.2.0.4.0 - Production
  Time: 03-OCT-2016 12:07:20
  Tracing not turned on.
  Tns error struct:
    ns main err code: 12564
    TNS-12564: TNS:connection refused
    ns secondary err code: 0
    nt main err code: 0
    nt secondary err code: 0
    nt OS err code: 0


***********************************************************************
Fatal NI connect error 12514, connecting to:
 (DESCRIPTION=(ADDRESS=(PROTOCOL=TCP)(HOST=kakdtoras1)(PORT=1521))(CONNECT_DATA=(SERVER=DEDICATED)(SERVICE_NAME=SRV_DBA_KDTUAT)(CID=(PROGRAM=sqlplus)(HOST=kabkpdba01)(USER=oracle))))

  VERSION INFORMATION:
	TNS for IBM/AIX RISC System/6000: Version 10.2.0.4.0 - Production
	TCP/IP NT Protocol Adapter for IBM/AIX RISC System/6000: Version 10.2.0.4.0 - Production
  Time: 03-OCT-2016 12:07:39
  Tracing not turned on.
  Tns error struct:
    ns main err code: 12564
    TNS-12564: TNS:connection refused
    ns secondary err code: 0
    nt main err code: 0
    nt secondary err code: 0
    nt OS err code: 0


***********************************************************************
Fatal NI connect error 12514, connecting to:
 (DESCRIPTION=(ADDRESS=(PROTOCOL=TCP)(HOST=kakdtoras1)(PORT=1521))(CONNECT_DATA=(SERVER=DEDICATED)(SERVICE_NAME=SRV_DBA_KDTUAT)(CID=(PROGRAM=sqlplus)(HOST=kabkpdba01)(USER=oracle))))

  VERSION INFORMATION:
	TNS for IBM/AIX RISC System/6000: Version 10.2.0.4.0 - Production
	TCP/IP NT Protocol Adapter for IBM/AIX RISC System/6000: Version 10.2.0.4.0 - Production
  Time: 03-OCT-2016 12:08:14
  Tracing not turned on.
  Tns error struct:
    ns main err code: 12564
    TNS-12564: TNS:connection refused
    ns secondary err code: 0
    nt main err code: 0
    nt secondary err code: 0
    nt OS err code: 0
