2025-07-17 14:45:02,323 - INFO - CMD: tefas_download_data_merged.py --repair --input data/tefas_full_2yrs.parquet --workers 4
2025-07-17 14:45:02,406 - INFO - ============================================================
2025-07-17 14:45:02,406 - INFO - TEFAS Fon Verisi İndirme Script'i (Merged)
2025-07-17 14:45:02,407 - INFO - ============================================================
2025-07-17 14:45:02,407 - INFO - Mod: Repair - Paralel (4 worker)
2025-07-17 14:45:02,407 - INFO - Input dosya: data/tefas_full_2yrs.parquet
2025-07-17 14:45:02,407 - INFO - ============================================================
2025-07-17 14:45:02,591 - INFO - [REPAIR MODE] Eksik veri tamamlama başlıyor...
2025-07-17 14:45:02,591 - INFO - [REPAIR] Mevcut veri analiz ediliyor: data\tefas_full_2yrs.parquet
2025-07-17 14:45:02,680 - INFO - [MISSING] AAK: 2025-07-15 - 2025-07-17 (2 gün)
2025-07-17 14:45:02,680 - INFO - [MISSING] AAL: 2025-07-15 - 2025-07-17 (2 gün)
2025-07-17 14:45:02,680 - INFO - [MISSING] AAS: 2025-07-15 - 2025-07-17 (2 gün)
2025-07-17 14:45:02,680 - INFO - [MISSING] AAV: 2025-07-15 - 2025-07-17 (2 gün)
2025-07-17 14:45:02,680 - INFO - [MISSING] AC1: 2025-07-15 - 2025-07-17 (2 gün)
2025-07-17 14:45:02,681 - INFO - [MISSING] AC4: 2025-07-15 - 2025-07-17 (2 gün)
2025-07-17 14:45:02,681 - INFO - [MISSING] AC5: 2025-07-15 - 2025-07-17 (2 gün)
2025-07-17 14:45:02,681 - INFO - [MISSING] AC6: 2025-07-15 - 2025-07-17 (2 gün)
2025-07-17 14:45:02,681 - INFO - [MISSING] ACC: 2025-07-15 - 2025-07-17 (2 gün)
2025-07-17 14:45:02,681 - INFO - [MISSING] ACD: 2025-07-15 - 2025-07-17 (2 gün)
2025-07-17 14:45:02,681 - INFO - [MISSING] ACU: 2025-07-15 - 2025-07-17 (2 gün)
2025-07-17 14:45:02,681 - INFO - [MISSING] ADE: 2025-07-15 - 2025-07-17 (2 gün)
2025-07-17 14:45:02,681 - INFO - [MISSING] ADP: 2025-07-15 - 2025-07-17 (2 gün)
2025-07-17 14:45:02,682 - INFO - [MISSING] AED: 2025-07-15 - 2025-07-17 (2 gün)
2025-07-17 14:45:02,682 - INFO - [MISSING] AES: 2025-07-15 - 2025-07-17 (2 gün)
2025-07-17 14:45:02,682 - INFO - [MISSING] AEV: 2025-07-15 - 2025-07-17 (2 gün)
2025-07-17 14:45:02,682 - INFO - [MISSING] AFA: 2025-07-15 - 2025-07-17 (2 gün)
2025-07-17 14:45:02,682 - INFO - [MISSING] AFO: 2025-07-15 - 2025-07-17 (2 gün)
2025-07-17 14:45:02,682 - INFO - [MISSING] AFS: 2025-07-15 - 2025-07-17 (2 gün)
2025-07-17 14:45:02,683 - INFO - [MISSING] AFT: 2025-07-15 - 2025-07-17 (2 gün)
2025-07-17 14:45:02,683 - INFO - [MISSING] AFV: 2025-07-15 - 2025-07-17 (2 gün)
2025-07-17 14:45:02,683 - INFO - [MISSING] AGC: 2025-07-15 - 2025-07-17 (2 gün)
2025-07-17 14:45:02,683 - INFO - [MISSING] AHI: 2025-07-15 - 2025-07-17 (2 gün)
2025-07-17 14:45:02,683 - INFO - [MISSING] AHN: 2025-07-15 - 2025-07-17 (2 gün)
2025-07-17 14:45:02,683 - INFO - [MISSING] AHU: 2025-07-15 - 2025-07-17 (2 gün)
2025-07-17 14:45:02,683 - INFO - [MISSING] AHV: 2025-07-15 - 2025-07-17 (2 gün)
2025-07-17 14:45:02,683 - INFO - [MISSING] AJK: 2025-07-15 - 2025-07-17 (2 gün)
2025-07-17 14:45:02,684 - INFO - [MISSING] AK2: 2025-07-15 - 2025-07-17 (2 gün)
2025-07-17 14:45:02,684 - INFO - [MISSING] AK3: 2025-07-15 - 2025-07-17 (2 gün)
2025-07-17 14:45:02,684 - INFO - [MISSING] AKE: 2025-07-15 - 2025-07-17 (2 gün)
2025-07-17 14:45:02,684 - INFO - [MISSING] AKU: 2025-07-15 - 2025-07-17 (2 gün)
2025-07-17 14:45:02,684 - INFO - [MISSING] ALC: 2025-07-15 - 2025-07-17 (2 gün)
2025-07-17 14:45:02,684 - INFO - [MISSING] AN1: 2025-07-15 - 2025-07-17 (2 gün)
2025-07-17 14:45:02,684 - INFO - [MISSING] ANZ: 2025-07-15 - 2025-07-17 (2 gün)
2025-07-17 14:45:02,684 - INFO - [MISSING] AOJ: 2025-07-15 - 2025-07-17 (2 gün)
2025-07-17 14:45:02,685 - INFO - [MISSING] AOY: 2025-07-15 - 2025-07-17 (2 gün)
2025-07-17 14:45:02,685 - INFO - [MISSING] APJ: 2025-07-15 - 2025-07-17 (2 gün)
2025-07-17 14:45:02,685 - INFO - [MISSING] APT: 2025-07-15 - 2025-07-17 (2 gün)
2025-07-17 14:45:02,685 - INFO - [MISSING] ARE: 2025-07-15 - 2025-07-17 (2 gün)
2025-07-17 14:45:02,685 - INFO - [MISSING] ARL: 2025-07-15 - 2025-07-17 (2 gün)
2025-07-17 14:45:02,685 - INFO - [MISSING] ARM: 2025-07-15 - 2025-07-17 (2 gün)
2025-07-17 14:45:02,685 - INFO - [MISSING] AS1: 2025-07-15 - 2025-07-17 (2 gün)
2025-07-17 14:45:02,686 - INFO - [MISSING] ASJ: 2025-07-15 - 2025-07-17 (2 gün)
2025-07-17 14:45:02,686 - INFO - [MISSING] AUT: 2025-07-15 - 2025-07-17 (2 gün)
2025-07-17 14:45:02,686 - INFO - [MISSING] AUV: 2025-07-15 - 2025-07-17 (2 gün)
2025-07-17 14:45:02,686 - INFO - [MISSING] AYA: 2025-07-15 - 2025-07-17 (2 gün)
2025-07-17 14:45:02,686 - INFO - [MISSING] AYR: 2025-07-15 - 2025-07-17 (2 gün)
2025-07-17 14:45:02,686 - INFO - [MISSING] BBF: 2025-07-15 - 2025-07-17 (2 gün)
2025-07-17 14:45:02,686 - INFO - [MISSING] BBP: 2025-07-15 - 2025-07-17 (2 gün)
2025-07-17 14:45:02,687 - INFO - [MISSING] BCK: 2025-07-15 - 2025-07-17 (2 gün)
2025-07-17 14:45:02,687 - INFO - [MISSING] BCO: 2025-07-15 - 2025-07-17 (2 gün)
2025-07-17 14:45:02,687 - INFO - [MISSING] BDS: 2025-07-15 - 2025-07-17 (2 gün)
2025-07-17 14:45:02,687 - INFO - [MISSING] BDY: 2025-07-15 - 2025-07-17 (2 gün)
2025-07-17 14:45:02,687 - INFO - [MISSING] BFE: 2025-07-15 - 2025-07-17 (2 gün)
2025-07-17 14:45:02,687 - INFO - [MISSING] BFT: 2025-07-15 - 2025-07-17 (2 gün)
2025-07-17 14:45:02,687 - INFO - [MISSING] BGP: 2025-07-15 - 2025-07-17 (2 gün)
2025-07-17 14:45:02,688 - INFO - [MISSING] BHA: 2025-07-15 - 2025-07-17 (2 gün)
2025-07-17 14:45:02,688 - INFO - [MISSING] BHF: 2025-07-15 - 2025-07-17 (2 gün)
2025-07-17 14:45:02,688 - INFO - [MISSING] BHI: 2025-07-15 - 2025-07-17 (2 gün)
2025-07-17 14:45:02,688 - INFO - [MISSING] BHL: 2025-07-15 - 2025-07-17 (2 gün)
2025-07-17 14:45:02,688 - INFO - [MISSING] BID: 2025-07-15 - 2025-07-17 (2 gün)
2025-07-17 14:45:02,688 - INFO - [MISSING] BIG: 2025-07-15 - 2025-07-17 (2 gün)
2025-07-17 14:45:02,688 - INFO - [MISSING] BIH: 2025-07-15 - 2025-07-17 (2 gün)
2025-07-17 14:45:02,688 - INFO - [MISSING] BIO: 2025-07-15 - 2025-07-17 (2 gün)
2025-07-17 14:45:02,688 - INFO - [MISSING] BIP: 2025-07-15 - 2025-07-17 (2 gün)
2025-07-17 14:45:02,689 - INFO - [MISSING] BIS: 2025-07-15 - 2025-07-17 (2 gün)
2025-07-17 14:45:02,689 - INFO - [MISSING] BLD: 2025-07-15 - 2025-07-17 (2 gün)
2025-07-17 14:45:02,689 - INFO - [MISSING] BLT: 2025-07-15 - 2025-07-17 (2 gün)
2025-07-17 14:45:02,689 - INFO - [MISSING] BNC: 2025-07-15 - 2025-07-17 (2 gün)
2025-07-17 14:45:02,689 - INFO - [MISSING] BNH: 2025-07-15 - 2025-07-17 (2 gün)
2025-07-17 14:45:02,689 - INFO - [MISSING] BOL: 2025-07-15 - 2025-07-17 (2 gün)
2025-07-17 14:45:02,689 - INFO - [MISSING] BPZ: 2025-07-15 - 2025-07-17 (2 gün)
2025-07-17 14:45:02,689 - INFO - [MISSING] BRF: 2025-07-15 - 2025-07-17 (2 gün)
2025-07-17 14:45:02,690 - INFO - [MISSING] BRR: 2025-07-15 - 2025-07-17 (2 gün)
2025-07-17 14:45:02,690 - INFO - [MISSING] BRT: 2025-07-15 - 2025-07-17 (2 gün)
2025-07-17 14:45:02,690 - INFO - [MISSING] BSH: 2025-07-15 - 2025-07-17 (2 gün)
2025-07-17 14:45:02,690 - INFO - [MISSING] BST: 2025-07-15 - 2025-07-17 (2 gün)
2025-07-17 14:45:02,690 - INFO - [MISSING] BTE: 2025-07-15 - 2025-07-17 (2 gün)
2025-07-17 14:45:02,690 - INFO - [MISSING] BTZ: 2025-07-15 - 2025-07-17 (2 gün)
2025-07-17 14:45:02,690 - INFO - [MISSING] BUL: 2025-07-15 - 2025-07-17 (2 gün)
2025-07-17 14:45:02,691 - INFO - [MISSING] BUV: 2025-07-15 - 2025-07-17 (2 gün)
2025-07-17 14:45:02,691 - INFO - [MISSING] BUY: 2025-07-15 - 2025-07-17 (2 gün)
2025-07-17 14:45:02,691 - INFO - [MISSING] BV1: 2025-07-15 - 2025-07-17 (2 gün)
2025-07-17 14:45:02,691 - INFO - [MISSING] BVM: 2025-07-15 - 2025-07-17 (2 gün)
2025-07-17 14:45:02,691 - INFO - [MISSING] BVV: 2025-07-15 - 2025-07-17 (2 gün)
2025-07-17 14:45:02,691 - INFO - [MISSING] BVZ: 2025-07-15 - 2025-07-17 (2 gün)
2025-07-17 14:45:02,691 - INFO - [MISSING] CFO: 2025-07-15 - 2025-07-17 (2 gün)
2025-07-17 14:45:02,692 - INFO - [MISSING] CIN: 2025-07-15 - 2025-07-17 (2 gün)
2025-07-17 14:45:02,692 - INFO - [MISSING] CKF: 2025-07-15 - 2025-07-17 (2 gün)
2025-07-17 14:45:02,692 - INFO - [MISSING] CKL: 2025-07-15 - 2025-07-17 (2 gün)
2025-07-17 14:45:02,692 - INFO - [MISSING] CKS: 2025-07-15 - 2025-07-17 (2 gün)
2025-07-17 14:45:02,692 - INFO - [MISSING] CPT: 2025-07-15 - 2025-07-17 (2 gün)
2025-07-17 14:45:02,692 - INFO - [MISSING] CPU: 2025-07-15 - 2025-07-17 (2 gün)
2025-07-17 14:45:02,693 - INFO - [MISSING] CVK: 2025-07-15 - 2025-07-17 (2 gün)
2025-07-17 14:45:02,693 - INFO - [MISSING] DAH: 2025-07-15 - 2025-07-17 (2 gün)
2025-07-17 14:45:02,693 - INFO - [MISSING] DAS: 2025-07-15 - 2025-07-17 (2 gün)
2025-07-17 14:45:02,693 - INFO - [MISSING] DBA: 2025-07-15 - 2025-07-17 (2 gün)
2025-07-17 14:45:02,693 - INFO - [MISSING] DBB: 2025-07-15 - 2025-07-17 (2 gün)
2025-07-17 14:45:02,693 - INFO - [MISSING] DBH: 2025-07-15 - 2025-07-17 (2 gün)
2025-07-17 14:45:02,693 - INFO - [MISSING] DBK: 2025-07-15 - 2025-07-17 (2 gün)
2025-07-17 14:45:02,693 - INFO - [MISSING] DBP: 2025-07-15 - 2025-07-17 (2 gün)
2025-07-17 14:45:02,693 - INFO - [MISSING] DBZ: 2025-07-15 - 2025-07-17 (2 gün)
2025-07-17 14:45:02,694 - INFO - [MISSING] DCB: 2025-07-15 - 2025-07-17 (2 gün)
2025-07-17 14:45:02,694 - INFO - [MISSING] DDA: 2025-07-15 - 2025-07-17 (2 gün)
2025-07-17 14:45:02,694 - INFO - [MISSING] DDF: 2025-07-15 - 2025-07-17 (2 gün)
2025-07-17 14:45:02,694 - INFO - [MISSING] DEF: 2025-07-15 - 2025-07-17 (2 gün)
2025-07-17 14:45:02,694 - INFO - [MISSING] DFC: 2025-07-15 - 2025-07-17 (2 gün)
2025-07-17 14:45:02,694 - INFO - [MISSING] DFD: 2025-07-15 - 2025-07-17 (2 gün)
2025-07-17 14:45:02,694 - INFO - [MISSING] DFI: 2025-07-15 - 2025-07-17 (2 gün)
2025-07-17 14:45:02,694 - INFO - [MISSING] DGH: 2025-07-15 - 2025-07-17 (2 gün)
2025-07-17 14:45:02,695 - INFO - [MISSING] DHJ: 2025-07-15 - 2025-07-17 (2 gün)
2025-07-17 14:45:02,695 - INFO - [MISSING] DHM: 2025-07-15 - 2025-07-17 (2 gün)
2025-07-17 14:45:02,695 - INFO - [MISSING] DID: 2025-07-15 - 2025-07-17 (2 gün)
2025-07-17 14:45:02,695 - INFO - [MISSING] DIP: 2025-07-15 - 2025-07-17 (2 gün)
2025-07-17 14:45:02,695 - INFO - [MISSING] DKH: 2025-07-15 - 2025-07-17 (2 gün)
2025-07-17 14:45:02,695 - INFO - [MISSING] DKL: 2025-07-15 - 2025-07-17 (2 gün)
2025-07-17 14:45:02,696 - INFO - [MISSING] DKR: 2025-07-15 - 2025-07-17 (2 gün)
2025-07-17 14:45:02,696 - INFO - [MISSING] DL2: 2025-07-15 - 2025-07-17 (2 gün)
2025-07-17 14:45:02,696 - INFO - [MISSING] DLD: 2025-07-15 - 2025-07-17 (2 gün)
2025-07-17 14:45:02,696 - INFO - [MISSING] DLY: 2025-07-15 - 2025-07-17 (2 gün)
2025-07-17 14:45:02,696 - INFO - [MISSING] DMG: 2025-07-15 - 2025-07-17 (2 gün)
2025-07-17 14:45:02,696 - INFO - [MISSING] DNK: 2025-07-15 - 2025-07-17 (2 gün)
2025-07-17 14:45:02,696 - INFO - [MISSING] DNM: 2025-07-15 - 2025-07-17 (2 gün)
2025-07-17 14:45:02,697 - INFO - [MISSING] DOH: 2025-07-15 - 2025-07-17 (2 gün)
2025-07-17 14:45:02,697 - INFO - [MISSING] DOL: 2025-07-15 - 2025-07-17 (2 gün)
2025-07-17 14:45:02,697 - INFO - [MISSING] DOV: 2025-07-15 - 2025-07-17 (2 gün)
2025-07-17 14:45:02,697 - INFO - [MISSING] DPB: 2025-07-15 - 2025-07-17 (2 gün)
2025-07-17 14:45:02,697 - INFO - [MISSING] DPK: 2025-07-15 - 2025-07-17 (2 gün)
2025-07-17 14:45:02,697 - INFO - [MISSING] DPT: 2025-07-15 - 2025-07-17 (2 gün)
2025-07-17 14:45:02,698 - INFO - [MISSING] DSD: 2025-07-15 - 2025-07-17 (2 gün)
2025-07-17 14:45:02,698 - INFO - [MISSING] DSP: 2025-07-15 - 2025-07-17 (2 gün)
2025-07-17 14:45:02,698 - INFO - [MISSING] DTL: 2025-07-15 - 2025-07-17 (2 gün)
2025-07-17 14:45:02,698 - INFO - [MISSING] DTM: 2025-07-15 - 2025-07-17 (2 gün)
2025-07-17 14:45:02,698 - INFO - [MISSING] DTZ: 2025-07-15 - 2025-07-17 (2 gün)
2025-07-17 14:45:02,698 - INFO - [MISSING] DUH: 2025-07-15 - 2025-07-17 (2 gün)
2025-07-17 14:45:02,698 - INFO - [MISSING] DUV: 2025-07-15 - 2025-07-17 (2 gün)
2025-07-17 14:45:02,698 - INFO - [MISSING] DVS: 2025-07-15 - 2025-07-17 (2 gün)
2025-07-17 14:45:02,699 - INFO - [MISSING] DVT: 2025-07-15 - 2025-07-17 (2 gün)
2025-07-17 14:45:02,699 - INFO - [MISSING] DXP: 2025-07-15 - 2025-07-17 (2 gün)
2025-07-17 14:45:02,699 - INFO - [MISSING] DYN: 2025-07-15 - 2025-07-17 (2 gün)
2025-07-17 14:45:02,699 - INFO - [MISSING] DZE: 2025-07-15 - 2025-07-17 (2 gün)
2025-07-17 14:45:02,699 - INFO - [MISSING] DZM: 2025-07-15 - 2025-07-17 (2 gün)
2025-07-17 14:45:02,699 - INFO - [MISSING] EBD: 2025-07-15 - 2025-07-17 (2 gün)
2025-07-17 14:45:02,699 - INFO - [MISSING] EC2: 2025-07-15 - 2025-07-17 (2 gün)
2025-07-17 14:45:02,700 - INFO - [MISSING] ECA: 2025-07-15 - 2025-07-17 (2 gün)
2025-07-17 14:45:02,700 - INFO - [MISSING] EDT: 2025-07-15 - 2025-07-17 (2 gün)
2025-07-17 14:45:02,700 - INFO - [MISSING] EDU: 2025-07-15 - 2025-07-17 (2 gün)
2025-07-17 14:45:02,700 - INFO - [MISSING] EIB: 2025-07-15 - 2025-07-17 (2 gün)
2025-07-17 14:45:02,700 - INFO - [MISSING] EIC: 2025-07-15 - 2025-07-17 (2 gün)
2025-07-17 14:45:02,700 - INFO - [MISSING] EID: 2025-07-15 - 2025-07-17 (2 gün)
2025-07-17 14:45:02,701 - INFO - [MISSING] EIL: 2025-07-15 - 2025-07-17 (2 gün)
2025-07-17 14:45:02,701 - INFO - [MISSING] EKF: 2025-07-15 - 2025-07-17 (2 gün)
2025-07-17 14:45:02,701 - INFO - [MISSING] ELZ: 2025-07-15 - 2025-07-17 (2 gün)
2025-07-17 14:45:02,701 - INFO - [MISSING] ENJ: 2025-07-15 - 2025-07-17 (2 gün)
2025-07-17 14:45:02,701 - INFO - [MISSING] ESG: 2025-07-15 - 2025-07-17 (2 gün)
2025-07-17 14:45:02,701 - INFO - [MISSING] ESP: 2025-07-15 - 2025-07-17 (2 gün)
2025-07-17 14:45:02,701 - INFO - [MISSING] EUN: 2025-07-15 - 2025-07-17 (2 gün)
2025-07-17 14:45:02,701 - INFO - [MISSING] EUZ: 2025-07-15 - 2025-07-17 (2 gün)
2025-07-17 14:45:02,701 - INFO - [MISSING] EYT: 2025-07-15 - 2025-07-17 (2 gün)
2025-07-17 14:45:02,702 - INFO - [MISSING] FBC: 2025-07-15 - 2025-07-17 (2 gün)
2025-07-17 14:45:02,702 - INFO - [MISSING] FBI: 2025-07-15 - 2025-07-17 (2 gün)
2025-07-17 14:45:02,702 - INFO - [MISSING] FBV: 2025-07-15 - 2025-07-17 (2 gün)
2025-07-17 14:45:02,702 - INFO - [MISSING] FBZ: 2025-07-15 - 2025-07-17 (2 gün)
2025-07-17 14:45:02,702 - INFO - [MISSING] FCK: 2025-07-15 - 2025-07-17 (2 gün)
2025-07-17 14:45:02,702 - INFO - [MISSING] FD1: 2025-07-15 - 2025-07-17 (2 gün)
2025-07-17 14:45:02,702 - INFO - [MISSING] FDG: 2025-07-15 - 2025-07-17 (2 gün)
2025-07-17 14:45:02,702 - INFO - [MISSING] FFH: 2025-07-15 - 2025-07-17 (2 gün)
2025-07-17 14:45:02,702 - INFO - [MISSING] FFP: 2025-07-15 - 2025-07-17 (2 gün)
2025-07-17 14:45:02,702 - INFO - [MISSING] FI3: 2025-07-15 - 2025-07-17 (2 gün)
2025-07-17 14:45:02,703 - INFO - [MISSING] FIB: 2025-07-15 - 2025-07-17 (2 gün)
2025-07-17 14:45:02,703 - INFO - [MISSING] FID: 2025-07-15 - 2025-07-17 (2 gün)
2025-07-17 14:45:02,703 - INFO - [MISSING] FIL: 2025-07-15 - 2025-07-17 (2 gün)
2025-07-17 14:45:02,703 - INFO - [MISSING] FIT: 2025-07-15 - 2025-07-17 (2 gün)
2025-07-17 14:45:02,703 - INFO - [MISSING] FJB: 2025-07-15 - 2025-07-17 (2 gün)
2025-07-17 14:45:02,703 - INFO - [MISSING] FJZ: 2025-07-15 - 2025-07-17 (2 gün)
2025-07-17 14:45:02,704 - INFO - [MISSING] FKE: 2025-07-15 - 2025-07-17 (2 gün)
2025-07-17 14:45:02,704 - INFO - [MISSING] FLS: 2025-07-15 - 2025-07-17 (2 gün)
2025-07-17 14:45:02,704 - INFO - [MISSING] FLY: 2025-07-15 - 2025-07-17 (2 gün)
2025-07-17 14:45:02,704 - INFO - [MISSING] FMG: 2025-07-15 - 2025-07-17 (2 gün)
2025-07-17 14:45:02,704 - INFO - [MISSING] FNO: 2025-07-15 - 2025-07-17 (2 gün)
2025-07-17 14:45:02,704 - INFO - [MISSING] FNT: 2025-07-15 - 2025-07-17 (2 gün)
2025-07-17 14:45:02,704 - INFO - [MISSING] FPE: 2025-07-15 - 2025-07-17 (2 gün)
2025-07-17 14:45:02,705 - INFO - [MISSING] FPG: 2025-07-15 - 2025-07-17 (2 gün)
2025-07-17 14:45:02,705 - INFO - [MISSING] FPH: 2025-07-15 - 2025-07-17 (2 gün)
2025-07-17 14:45:02,705 - INFO - [MISSING] FPI: 2025-07-15 - 2025-07-17 (2 gün)
2025-07-17 14:45:02,705 - INFO - [MISSING] FPK: 2025-07-15 - 2025-07-17 (2 gün)
2025-07-17 14:45:02,705 - INFO - [MISSING] FPZ: 2025-07-15 - 2025-07-17 (2 gün)
2025-07-17 14:45:02,705 - INFO - [MISSING] FRC: 2025-07-15 - 2025-07-17 (2 gün)
2025-07-17 14:45:02,705 - INFO - [MISSING] FS5: 2025-07-15 - 2025-07-17 (2 gün)
2025-07-17 14:45:02,705 - INFO - [MISSING] FS6: 2025-07-15 - 2025-07-17 (2 gün)
2025-07-17 14:45:02,706 - INFO - [MISSING] FSF: 2025-07-15 - 2025-07-17 (2 gün)
2025-07-17 14:45:02,706 - INFO - [MISSING] FSG: 2025-07-15 - 2025-07-17 (2 gün)
2025-07-17 14:45:02,706 - INFO - [MISSING] FSH: 2025-07-15 - 2025-07-17 (2 gün)
2025-07-17 14:45:02,706 - INFO - [MISSING] FSK: 2025-07-15 - 2025-07-17 (2 gün)
2025-07-17 14:45:02,706 - INFO - [MISSING] FSR: 2025-07-15 - 2025-07-17 (2 gün)
2025-07-17 14:45:02,706 - INFO - [MISSING] FTL: 2025-07-15 - 2025-07-17 (2 gün)
2025-07-17 14:45:02,706 - INFO - [MISSING] FUA: 2025-07-15 - 2025-07-17 (2 gün)
2025-07-17 14:45:02,706 - INFO - [MISSING] FUB: 2025-07-15 - 2025-07-17 (2 gün)
2025-07-17 14:45:02,706 - INFO - [MISSING] FYD: 2025-07-15 - 2025-07-17 (2 gün)
2025-07-17 14:45:02,707 - INFO - [MISSING] FYI: 2025-07-15 - 2025-07-17 (2 gün)
2025-07-17 14:45:02,707 - INFO - [MISSING] FYO: 2025-07-15 - 2025-07-17 (2 gün)
2025-07-17 14:45:02,707 - INFO - [MISSING] FZJ: 2025-07-15 - 2025-07-17 (2 gün)
2025-07-17 14:45:02,707 - INFO - [MISSING] FZP: 2025-07-15 - 2025-07-17 (2 gün)
2025-07-17 14:45:02,707 - INFO - [MISSING] GA1: 2025-07-15 - 2025-07-17 (2 gün)
2025-07-17 14:45:02,707 - INFO - [MISSING] GAE: 2025-07-15 - 2025-07-17 (2 gün)
2025-07-17 14:45:02,707 - INFO - [MISSING] GAF: 2025-07-15 - 2025-07-17 (2 gün)
2025-07-17 14:45:02,708 - INFO - [MISSING] GAG: 2025-07-15 - 2025-07-17 (2 gün)
2025-07-17 14:45:02,708 - INFO - [MISSING] GAH: 2025-07-15 - 2025-07-17 (2 gün)
2025-07-17 14:45:02,708 - INFO - [MISSING] GAS: 2025-07-15 - 2025-07-17 (2 gün)
2025-07-17 14:45:02,708 - INFO - [MISSING] GBC: 2025-07-15 - 2025-07-17 (2 gün)
2025-07-17 14:45:02,708 - INFO - [MISSING] GBG: 2025-07-15 - 2025-07-17 (2 gün)
2025-07-17 14:45:02,708 - INFO - [MISSING] GBH: 2025-07-15 - 2025-07-17 (2 gün)
2025-07-17 14:45:02,708 - INFO - [MISSING] GBJ: 2025-07-15 - 2025-07-17 (2 gün)
2025-07-17 14:45:02,709 - INFO - [MISSING] GBL: 2025-07-15 - 2025-07-17 (2 gün)
2025-07-17 14:45:02,709 - INFO - [MISSING] GBN: 2025-07-15 - 2025-07-17 (2 gün)
2025-07-17 14:45:02,709 - INFO - [MISSING] GBV: 2025-07-15 - 2025-07-17 (2 gün)
2025-07-17 14:45:02,709 - INFO - [MISSING] GBZ: 2025-07-15 - 2025-07-17 (2 gün)
2025-07-17 14:45:02,709 - INFO - [MISSING] GGK: 2025-07-15 - 2025-07-17 (2 gün)
2025-07-17 14:45:02,709 - INFO - [MISSING] GHS: 2025-07-15 - 2025-07-17 (2 gün)
2025-07-17 14:45:02,709 - INFO - [MISSING] GID: 2025-07-15 - 2025-07-17 (2 gün)
2025-07-17 14:45:02,709 - INFO - [MISSING] GIE: 2025-07-15 - 2025-07-17 (2 gün)
2025-07-17 14:45:02,709 - INFO - [MISSING] GIH: 2025-07-15 - 2025-07-17 (2 gün)
2025-07-17 14:45:02,710 - INFO - [MISSING] GJB: 2025-07-15 - 2025-07-17 (2 gün)
2025-07-17 14:45:02,710 - INFO - [MISSING] GKF: 2025-07-15 - 2025-07-17 (2 gün)
2025-07-17 14:45:02,710 - INFO - [MISSING] GKG: 2025-07-15 - 2025-07-17 (2 gün)
2025-07-17 14:45:02,710 - INFO - [MISSING] GKH: 2025-07-15 - 2025-07-17 (2 gün)
2025-07-17 14:45:02,710 - INFO - [MISSING] GKV: 2025-07-15 - 2025-07-17 (2 gün)
2025-07-17 14:45:02,710 - INFO - [MISSING] GL1: 2025-07-15 - 2025-07-17 (2 gün)
2025-07-17 14:45:02,710 - INFO - [MISSING] GLC: 2025-07-15 - 2025-07-17 (2 gün)
2025-07-17 14:45:02,711 - INFO - [MISSING] GLG: 2025-07-15 - 2025-07-17 (2 gün)
2025-07-17 14:45:02,711 - INFO - [MISSING] GLS: 2025-07-15 - 2025-07-17 (2 gün)
2025-07-17 14:45:02,711 - INFO - [MISSING] GMA: 2025-07-15 - 2025-07-17 (2 gün)
2025-07-17 14:45:02,711 - INFO - [MISSING] GMC: 2025-07-15 - 2025-07-17 (2 gün)
2025-07-17 14:45:02,711 - INFO - [MISSING] GMD: 2025-07-15 - 2025-07-17 (2 gün)
2025-07-17 14:45:02,711 - INFO - [MISSING] GMR: 2025-07-15 - 2025-07-17 (2 gün)
2025-07-17 14:45:02,711 - INFO - [MISSING] GNH: 2025-07-15 - 2025-07-17 (2 gün)
2025-07-17 14:45:02,712 - INFO - [MISSING] GNS: 2025-07-15 - 2025-07-17 (2 gün)
2025-07-17 14:45:02,712 - INFO - [MISSING] GO1: 2025-07-15 - 2025-07-17 (2 gün)
2025-07-17 14:45:02,712 - INFO - [MISSING] GO2: 2025-07-15 - 2025-07-17 (2 gün)
2025-07-17 14:45:02,712 - INFO - [MISSING] GO3: 2025-07-15 - 2025-07-17 (2 gün)
2025-07-17 14:45:02,712 - INFO - [MISSING] GO4: 2025-07-15 - 2025-07-17 (2 gün)
2025-07-17 14:45:02,713 - INFO - [MISSING] GO6: 2025-07-15 - 2025-07-17 (2 gün)
2025-07-17 14:45:02,713 - INFO - [MISSING] GO9: 2025-07-15 - 2025-07-17 (2 gün)
2025-07-17 14:45:02,713 - INFO - [MISSING] GOH: 2025-07-15 - 2025-07-17 (2 gün)
2025-07-17 14:45:02,713 - INFO - [MISSING] GOL: 2025-07-15 - 2025-07-17 (2 gün)
2025-07-17 14:45:02,713 - INFO - [MISSING] GPA: 2025-07-15 - 2025-07-17 (2 gün)
2025-07-17 14:45:02,713 - INFO - [MISSING] GPB: 2025-07-15 - 2025-07-17 (2 gün)
2025-07-17 14:45:02,713 - INFO - [MISSING] GPC: 2025-07-15 - 2025-07-17 (2 gün)
2025-07-17 14:45:02,713 - INFO - [MISSING] GPF: 2025-07-15 - 2025-07-17 (2 gün)
2025-07-17 14:45:02,714 - INFO - [MISSING] GPG: 2025-07-15 - 2025-07-17 (2 gün)
2025-07-17 14:45:02,714 - INFO - [MISSING] GPI: 2025-07-15 - 2025-07-17 (2 gün)
2025-07-17 14:45:02,714 - INFO - [MISSING] GPL: 2025-07-15 - 2025-07-17 (2 gün)
2025-07-17 14:45:02,714 - INFO - [MISSING] GPT: 2025-07-15 - 2025-07-17 (2 gün)
2025-07-17 14:45:02,714 - INFO - [MISSING] GPU: 2025-07-15 - 2025-07-17 (2 gün)
2025-07-17 14:45:02,714 - INFO - [MISSING] GPZ: 2025-07-15 - 2025-07-17 (2 gün)
2025-07-17 14:45:02,714 - INFO - [MISSING] GRL: 2025-07-15 - 2025-07-17 (2 gün)
2025-07-17 14:45:02,714 - INFO - [MISSING] GRO: 2025-07-15 - 2025-07-17 (2 gün)
2025-07-17 14:45:02,714 - INFO - [MISSING] GRT: 2025-07-15 - 2025-07-17 (2 gün)
2025-07-17 14:45:02,715 - INFO - [MISSING] GSP: 2025-07-15 - 2025-07-17 (2 gün)
2025-07-17 14:45:02,715 - INFO - [MISSING] GTA: 2025-07-15 - 2025-07-17 (2 gün)
2025-07-17 14:45:02,715 - INFO - [MISSING] GTF: 2025-07-15 - 2025-07-17 (2 gün)
2025-07-17 14:45:02,715 - INFO - [MISSING] GTH: 2025-07-15 - 2025-07-17 (2 gün)
2025-07-17 14:45:02,715 - INFO - [MISSING] GTM: 2025-07-15 - 2025-07-17 (2 gün)
2025-07-17 14:45:02,715 - INFO - [MISSING] GTY: 2025-07-15 - 2025-07-17 (2 gün)
2025-07-17 14:45:02,716 - INFO - [MISSING] GTZ: 2025-07-15 - 2025-07-17 (2 gün)
2025-07-17 14:45:02,716 - INFO - [MISSING] GUB: 2025-07-15 - 2025-07-17 (2 gün)
2025-07-17 14:45:02,716 - INFO - [MISSING] GUH: 2025-07-15 - 2025-07-17 (2 gün)
2025-07-17 14:45:02,716 - INFO - [MISSING] GUM: 2025-07-15 - 2025-07-17 (2 gün)
2025-07-17 14:45:02,716 - INFO - [MISSING] GUV: 2025-07-15 - 2025-07-17 (2 gün)
2025-07-17 14:45:02,716 - INFO - [MISSING] GVA: 2025-07-15 - 2025-07-17 (2 gün)
2025-07-17 14:45:02,717 - INFO - [MISSING] GVI: 2025-07-15 - 2025-07-17 (2 gün)
2025-07-17 14:45:02,717 - INFO - [MISSING] GYK: 2025-07-15 - 2025-07-17 (2 gün)
2025-07-17 14:45:02,717 - INFO - [MISSING] GZE: 2025-07-15 - 2025-07-17 (2 gün)
2025-07-17 14:45:02,717 - INFO - [MISSING] GZG: 2025-07-15 - 2025-07-17 (2 gün)
2025-07-17 14:45:02,717 - INFO - [MISSING] GZH: 2025-07-15 - 2025-07-17 (2 gün)
2025-07-17 14:45:02,717 - INFO - [MISSING] GZJ: 2025-07-15 - 2025-07-17 (2 gün)
2025-07-17 14:45:02,717 - INFO - [MISSING] GZL: 2025-07-15 - 2025-07-17 (2 gün)
2025-07-17 14:45:02,718 - INFO - [MISSING] GZM: 2025-07-15 - 2025-07-17 (2 gün)
2025-07-17 14:45:02,718 - INFO - [MISSING] GZN: 2025-07-15 - 2025-07-17 (2 gün)
2025-07-17 14:45:02,718 - INFO - [MISSING] GZP: 2025-07-15 - 2025-07-17 (2 gün)
2025-07-17 14:45:02,718 - INFO - [MISSING] GZR: 2025-07-15 - 2025-07-17 (2 gün)
2025-07-17 14:45:02,718 - INFO - [MISSING] GZV: 2025-07-15 - 2025-07-17 (2 gün)
2025-07-17 14:45:02,718 - INFO - [MISSING] GZY: 2025-07-15 - 2025-07-17 (2 gün)
2025-07-17 14:45:02,718 - INFO - [MISSING] GZZ: 2025-07-15 - 2025-07-17 (2 gün)
2025-07-17 14:45:02,718 - INFO - [MISSING] HAM: 2025-07-15 - 2025-07-17 (2 gün)
2025-07-17 14:45:02,718 - INFO - [MISSING] HAT: 2025-07-15 - 2025-07-17 (2 gün)
2025-07-17 14:45:02,718 - INFO - [MISSING] HBF: 2025-07-15 - 2025-07-17 (2 gün)
2025-07-17 14:45:02,719 - INFO - [MISSING] HBN: 2025-07-15 - 2025-07-17 (2 gün)
2025-07-17 14:45:02,719 - INFO - [MISSING] HBU: 2025-07-15 - 2025-07-17 (2 gün)
2025-07-17 14:45:02,719 - INFO - [MISSING] HDA: 2025-07-15 - 2025-07-17 (2 gün)
2025-07-17 14:45:02,719 - INFO - [MISSING] HDK: 2025-07-15 - 2025-07-17 (2 gün)
2025-07-17 14:45:02,719 - INFO - [MISSING] HEH: 2025-07-15 - 2025-07-17 (2 gün)
2025-07-17 14:45:02,719 - INFO - [MISSING] HFI: 2025-07-15 - 2025-07-17 (2 gün)
2025-07-17 14:45:02,720 - INFO - [MISSING] HGM: 2025-07-15 - 2025-07-17 (2 gün)
2025-07-17 14:45:02,720 - INFO - [MISSING] HGV: 2025-07-15 - 2025-07-17 (2 gün)
2025-07-17 14:45:02,720 - INFO - [MISSING] HIA: 2025-07-15 - 2025-07-17 (2 gün)
2025-07-17 14:45:02,720 - INFO - [MISSING] HIH: 2025-07-15 - 2025-07-17 (2 gün)
2025-07-17 14:45:02,720 - INFO - [MISSING] HIM: 2025-07-15 - 2025-07-17 (2 gün)
2025-07-17 14:45:02,720 - INFO - [MISSING] HIZ: 2025-07-15 - 2025-07-17 (2 gün)
2025-07-17 14:45:02,721 - INFO - [MISSING] HJB: 2025-07-15 - 2025-07-17 (2 gün)
2025-07-17 14:45:02,721 - INFO - [MISSING] HKG: 2025-07-15 - 2025-07-17 (2 gün)
2025-07-17 14:45:02,721 - INFO - [MISSING] HKH: 2025-07-15 - 2025-07-17 (2 gün)
2025-07-17 14:45:02,721 - INFO - [MISSING] HKM: 2025-07-15 - 2025-07-17 (2 gün)
2025-07-17 14:45:02,721 - INFO - [MISSING] HKR: 2025-07-15 - 2025-07-17 (2 gün)
2025-07-17 14:45:02,721 - INFO - [MISSING] HMC: 2025-07-15 - 2025-07-17 (2 gün)
2025-07-17 14:45:02,721 - INFO - [MISSING] HMG: 2025-07-15 - 2025-07-17 (2 gün)
2025-07-17 14:45:02,721 - INFO - [MISSING] HML: 2025-07-15 - 2025-07-17 (2 gün)
2025-07-17 14:45:02,722 - INFO - [MISSING] HMS: 2025-07-15 - 2025-07-17 (2 gün)
2025-07-17 14:45:02,722 - INFO - [MISSING] HNC: 2025-07-15 - 2025-07-17 (2 gün)
2025-07-17 14:45:02,722 - INFO - [MISSING] HOA: 2025-07-15 - 2025-07-17 (2 gün)
2025-07-17 14:45:02,722 - INFO - [MISSING] HOY: 2025-07-15 - 2025-07-17 (2 gün)
2025-07-17 14:45:02,722 - INFO - [MISSING] HP3: 2025-07-15 - 2025-07-17 (2 gün)
2025-07-17 14:45:02,722 - INFO - [MISSING] HPD: 2025-07-15 - 2025-07-17 (2 gün)
2025-07-17 14:45:02,722 - INFO - [MISSING] HPH: 2025-07-15 - 2025-07-17 (2 gün)
2025-07-17 14:45:02,722 - INFO - [MISSING] HPO: 2025-07-15 - 2025-07-17 (2 gün)
2025-07-17 14:45:02,722 - INFO - [MISSING] HPT: 2025-07-15 - 2025-07-17 (2 gün)
2025-07-17 14:45:02,723 - INFO - [MISSING] HRZ: 2025-07-15 - 2025-07-17 (2 gün)
2025-07-17 14:45:02,723 - INFO - [MISSING] HSA: 2025-07-15 - 2025-07-17 (2 gün)
2025-07-17 14:45:02,723 - INFO - [MISSING] HSL: 2025-07-15 - 2025-07-17 (2 gün)
2025-07-17 14:45:02,723 - INFO - [MISSING] HST: 2025-07-15 - 2025-07-17 (2 gün)
2025-07-17 14:45:02,723 - INFO - [MISSING] HTJ: 2025-07-15 - 2025-07-17 (2 gün)
2025-07-17 14:45:02,723 - INFO - [MISSING] HVK: 2025-07-15 - 2025-07-17 (2 gün)
2025-07-17 14:45:02,723 - INFO - [MISSING] HVS: 2025-07-15 - 2025-07-17 (2 gün)
2025-07-17 14:45:02,723 - INFO - [MISSING] HVT: 2025-07-15 - 2025-07-17 (2 gün)
2025-07-17 14:45:02,723 - INFO - [MISSING] HVU: 2025-07-15 - 2025-07-17 (2 gün)
2025-07-17 14:45:02,724 - INFO - [MISSING] HVZ: 2025-07-15 - 2025-07-17 (2 gün)
2025-07-17 14:45:02,724 - INFO - [MISSING] HYP: 2025-07-15 - 2025-07-17 (2 gün)
2025-07-17 14:45:02,724 - INFO - [MISSING] HYU: 2025-07-15 - 2025-07-17 (2 gün)
2025-07-17 14:45:02,724 - INFO - [MISSING] HYV: 2025-07-15 - 2025-07-17 (2 gün)
2025-07-17 14:45:02,724 - INFO - [MISSING] IAE: 2025-07-15 - 2025-07-17 (2 gün)
2025-07-17 14:45:02,724 - INFO - [MISSING] IAM: 2025-07-15 - 2025-07-17 (2 gün)
2025-07-17 14:45:02,724 - INFO - [MISSING] IAT: 2025-07-15 - 2025-07-17 (2 gün)
2025-07-17 14:45:02,725 - INFO - [MISSING] IAU: 2025-07-15 - 2025-07-17 (2 gün)
2025-07-17 14:45:02,725 - INFO - [MISSING] IAY: 2025-07-15 - 2025-07-17 (2 gün)
2025-07-17 14:45:02,725 - INFO - [MISSING] IBB: 2025-07-15 - 2025-07-17 (2 gün)
2025-07-17 14:45:02,725 - INFO - [MISSING] ICA: 2025-07-15 - 2025-07-17 (2 gün)
2025-07-17 14:45:02,725 - INFO - [MISSING] ICC: 2025-07-15 - 2025-07-17 (2 gün)
2025-07-17 14:45:02,725 - INFO - [MISSING] ICD: 2025-07-15 - 2025-07-17 (2 gün)
2025-07-17 14:45:02,725 - INFO - [MISSING] ICE: 2025-07-15 - 2025-07-17 (2 gün)
2025-07-17 14:45:02,726 - INFO - [MISSING] ICF: 2025-07-15 - 2025-07-17 (2 gün)
2025-07-17 14:45:02,726 - INFO - [MISSING] ICH: 2025-07-15 - 2025-07-17 (2 gün)
2025-07-17 14:45:02,726 - INFO - [MISSING] ICS: 2025-07-15 - 2025-07-17 (2 gün)
2025-07-17 14:45:02,726 - INFO - [MISSING] ICV: 2025-07-15 - 2025-07-17 (2 gün)
2025-07-17 14:45:02,726 - INFO - [MISSING] ICZ: 2025-07-15 - 2025-07-17 (2 gün)
2025-07-17 14:45:02,726 - INFO - [MISSING] IDD: 2025-07-15 - 2025-07-17 (2 gün)
2025-07-17 14:45:02,726 - INFO - [MISSING] IDF: 2025-07-15 - 2025-07-17 (2 gün)
2025-07-17 14:45:02,726 - INFO - [MISSING] IDH: 2025-07-15 - 2025-07-17 (2 gün)
2025-07-17 14:45:02,726 - INFO - [MISSING] IDI: 2025-07-15 - 2025-07-17 (2 gün)
2025-07-17 14:45:02,727 - INFO - [MISSING] IDL: 2025-07-15 - 2025-07-17 (2 gün)
2025-07-17 14:45:02,727 - INFO - [MISSING] IDO: 2025-07-15 - 2025-07-17 (2 gün)
2025-07-17 14:45:02,727 - INFO - [MISSING] IDY: 2025-07-15 - 2025-07-17 (2 gün)
2025-07-17 14:45:02,727 - INFO - [MISSING] IEV: 2025-07-15 - 2025-07-17 (2 gün)
2025-07-17 14:45:02,727 - INFO - [MISSING] IFN: 2025-07-15 - 2025-07-17 (2 gün)
2025-07-17 14:45:02,727 - INFO - [MISSING] IFV: 2025-07-15 - 2025-07-17 (2 gün)
2025-07-17 14:45:02,727 - INFO - [MISSING] IHA: 2025-07-15 - 2025-07-17 (2 gün)
2025-07-17 14:45:02,727 - INFO - [MISSING] IHC: 2025-07-15 - 2025-07-17 (2 gün)
2025-07-17 14:45:02,728 - INFO - [MISSING] IHK: 2025-07-15 - 2025-07-17 (2 gün)
2025-07-17 14:45:02,728 - INFO - [MISSING] IHP: 2025-07-15 - 2025-07-17 (2 gün)
2025-07-17 14:45:02,728 - INFO - [MISSING] IHT: 2025-07-15 - 2025-07-17 (2 gün)
2025-07-17 14:45:02,728 - INFO - [MISSING] IHZ: 2025-07-15 - 2025-07-17 (2 gün)
2025-07-17 14:45:02,728 - INFO - [MISSING] IIE: 2025-07-15 - 2025-07-17 (2 gün)
2025-07-17 14:45:02,728 - INFO - [MISSING] IIH: 2025-07-15 - 2025-07-17 (2 gün)
2025-07-17 14:45:02,728 - INFO - [MISSING] IJA: 2025-07-15 - 2025-07-17 (2 gün)
2025-07-17 14:45:02,729 - INFO - [MISSING] IJB: 2025-07-15 - 2025-07-17 (2 gün)
2025-07-17 14:45:02,729 - INFO - [MISSING] IJC: 2025-07-15 - 2025-07-17 (2 gün)
2025-07-17 14:45:02,729 - INFO - [MISSING] IJH: 2025-07-15 - 2025-07-17 (2 gün)
2025-07-17 14:45:02,729 - INFO - [MISSING] IJP: 2025-07-15 - 2025-07-17 (2 gün)
2025-07-17 14:45:02,729 - INFO - [MISSING] IJT: 2025-07-15 - 2025-07-17 (2 gün)
2025-07-17 14:45:02,729 - INFO - [MISSING] IJV: 2025-07-15 - 2025-07-17 (2 gün)
2025-07-17 14:45:02,729 - INFO - [MISSING] IJZ: 2025-07-15 - 2025-07-17 (2 gün)
2025-07-17 14:45:02,729 - INFO - [MISSING] IKL: 2025-07-15 - 2025-07-17 (2 gün)
2025-07-17 14:45:02,730 - INFO - [MISSING] IKP: 2025-07-15 - 2025-07-17 (2 gün)
2025-07-17 14:45:02,730 - INFO - [MISSING] IKV: 2025-07-15 - 2025-07-17 (2 gün)
2025-07-17 14:45:02,730 - INFO - [MISSING] ILZ: 2025-07-15 - 2025-07-17 (2 gün)
2025-07-17 14:45:02,730 - INFO - [MISSING] IMB: 2025-07-15 - 2025-07-17 (2 gün)
2025-07-17 14:45:02,730 - INFO - [MISSING] IMF: 2025-07-15 - 2025-07-17 (2 gün)
2025-07-17 14:45:02,730 - INFO - [MISSING] IML: 2025-07-15 - 2025-07-17 (2 gün)
2025-07-17 14:45:02,730 - INFO - [MISSING] IOG: 2025-07-15 - 2025-07-17 (2 gün)
2025-07-17 14:45:02,731 - INFO - [MISSING] IOO: 2025-07-15 - 2025-07-17 (2 gün)
2025-07-17 14:45:02,731 - INFO - [MISSING] IPB: 2025-07-15 - 2025-07-17 (2 gün)
2025-07-17 14:45:02,731 - INFO - [MISSING] IPG: 2025-07-15 - 2025-07-17 (2 gün)
2025-07-17 14:45:02,731 - INFO - [MISSING] IPJ: 2025-07-15 - 2025-07-17 (2 gün)
2025-07-17 14:45:02,731 - INFO - [MISSING] IPV: 2025-07-15 - 2025-07-17 (2 gün)
2025-07-17 14:45:02,732 - INFO - [MISSING] IRF: 2025-07-15 - 2025-07-17 (2 gün)
2025-07-17 14:45:02,732 - INFO - [MISSING] IRO: 2025-07-15 - 2025-07-17 (2 gün)
2025-07-17 14:45:02,732 - INFO - [MISSING] IRT: 2025-07-15 - 2025-07-17 (2 gün)
2025-07-17 14:45:02,732 - INFO - [MISSING] IRV: 2025-07-15 - 2025-07-17 (2 gün)
2025-07-17 14:45:02,732 - INFO - [MISSING] IRY: 2025-07-15 - 2025-07-17 (2 gün)
2025-07-17 14:45:02,733 - INFO - [MISSING] IST: 2025-07-15 - 2025-07-17 (2 gün)
2025-07-17 14:45:02,733 - INFO - [MISSING] ITP: 2025-07-15 - 2025-07-17 (2 gün)
2025-07-17 14:45:02,733 - INFO - [MISSING] IUF: 2025-07-15 - 2025-07-17 (2 gün)
2025-07-17 14:45:02,733 - INFO - [MISSING] IUH: 2025-07-15 - 2025-07-17 (2 gün)
2025-07-17 14:45:02,733 - INFO - [MISSING] IUV: 2025-07-15 - 2025-07-17 (2 gün)
2025-07-17 14:45:02,733 - INFO - [MISSING] IV8: 2025-07-15 - 2025-07-17 (2 gün)
2025-07-17 14:45:02,734 - INFO - [MISSING] IVF: 2025-07-15 - 2025-07-17 (2 gün)
2025-07-17 14:45:02,734 - INFO - [MISSING] IVY: 2025-07-15 - 2025-07-17 (2 gün)
2025-07-17 14:45:02,734 - INFO - [MISSING] IYB: 2025-07-15 - 2025-07-17 (2 gün)
2025-07-17 14:45:02,734 - INFO - [MISSING] IZB: 2025-07-15 - 2025-07-17 (2 gün)
2025-07-17 14:45:02,734 - INFO - [MISSING] IZF: 2025-07-15 - 2025-07-17 (2 gün)
2025-07-17 14:45:02,734 - INFO - [MISSING] IZS: 2025-07-15 - 2025-07-17 (2 gün)
2025-07-17 14:45:02,734 - INFO - [MISSING] JET: 2025-07-15 - 2025-07-17 (2 gün)
2025-07-17 14:45:02,734 - INFO - [MISSING] JUP: 2025-07-15 - 2025-07-17 (2 gün)
2025-07-17 14:45:02,735 - INFO - [MISSING] KAV: 2025-07-15 - 2025-07-17 (2 gün)
2025-07-17 14:45:02,735 - INFO - [MISSING] KCL: 2025-07-15 - 2025-07-17 (2 gün)
2025-07-17 14:45:02,735 - INFO - [MISSING] KCV: 2025-07-15 - 2025-07-17 (2 gün)
2025-07-17 14:45:02,735 - INFO - [MISSING] KDE: 2025-07-15 - 2025-07-17 (2 gün)
2025-07-17 14:45:02,735 - INFO - [MISSING] KDL: 2025-07-15 - 2025-07-17 (2 gün)
2025-07-17 14:45:02,735 - INFO - [MISSING] KDT: 2025-07-15 - 2025-07-17 (2 gün)
2025-07-17 14:45:02,735 - INFO - [MISSING] KGM: 2025-07-15 - 2025-07-17 (2 gün)
2025-07-17 14:45:02,735 - INFO - [MISSING] KHA: 2025-07-15 - 2025-07-17 (2 gün)
2025-07-17 14:45:02,735 - INFO - [MISSING] KHB: 2025-07-15 - 2025-07-17 (2 gün)
2025-07-17 14:45:02,735 - INFO - [MISSING] KHC: 2025-07-15 - 2025-07-17 (2 gün)
2025-07-17 14:45:02,736 - INFO - [MISSING] KHJ: 2025-07-15 - 2025-07-17 (2 gün)
2025-07-17 14:45:02,736 - INFO - [MISSING] KHT: 2025-07-15 - 2025-07-17 (2 gün)
2025-07-17 14:45:02,736 - INFO - [MISSING] KIA: 2025-07-15 - 2025-07-17 (2 gün)
2025-07-17 14:45:02,736 - INFO - [MISSING] KIB: 2025-07-15 - 2025-07-17 (2 gün)
2025-07-17 14:45:02,736 - INFO - [MISSING] KID: 2025-07-15 - 2025-07-17 (2 gün)
2025-07-17 14:45:02,736 - INFO - [MISSING] KIE: 2025-07-15 - 2025-07-17 (2 gün)
2025-07-17 14:45:02,736 - INFO - [MISSING] KIF: 2025-07-15 - 2025-07-17 (2 gün)
2025-07-17 14:45:02,737 - INFO - [MISSING] KIH: 2025-07-15 - 2025-07-17 (2 gün)
2025-07-17 14:45:02,737 - INFO - [MISSING] KIS: 2025-07-15 - 2025-07-17 (2 gün)
2025-07-17 14:45:02,737 - INFO - [MISSING] KKC: 2025-07-15 - 2025-07-17 (2 gün)
2025-07-17 14:45:02,737 - INFO - [MISSING] KKH: 2025-07-15 - 2025-07-17 (2 gün)
2025-07-17 14:45:02,737 - INFO - [MISSING] KKL: 2025-07-15 - 2025-07-17 (2 gün)
2025-07-17 14:45:02,737 - INFO - [MISSING] KLH: 2025-07-15 - 2025-07-17 (2 gün)
2025-07-17 14:45:02,737 - INFO - [MISSING] KLS: 2025-07-15 - 2025-07-17 (2 gün)
2025-07-17 14:45:02,738 - INFO - [MISSING] KLU: 2025-07-15 - 2025-07-17 (2 gün)
2025-07-17 14:45:02,738 - INFO - [MISSING] KME: 2025-07-15 - 2025-07-17 (2 gün)
2025-07-17 14:45:02,738 - INFO - [MISSING] KMF: 2025-07-15 - 2025-07-17 (2 gün)
2025-07-17 14:45:02,738 - INFO - [MISSING] KNJ: 2025-07-15 - 2025-07-17 (2 gün)
2025-07-17 14:45:02,738 - INFO - [MISSING] KOT: 2025-07-15 - 2025-07-17 (2 gün)
2025-07-17 14:45:02,738 - INFO - [MISSING] KP3: 2025-07-15 - 2025-07-17 (2 gün)
2025-07-17 14:45:02,738 - INFO - [MISSING] KPA: 2025-07-15 - 2025-07-17 (2 gün)
2025-07-17 14:45:02,738 - INFO - [MISSING] KPC: 2025-07-15 - 2025-07-17 (2 gün)
2025-07-17 14:45:02,738 - INFO - [MISSING] KPD: 2025-07-15 - 2025-07-17 (2 gün)
2025-07-17 14:45:02,739 - INFO - [MISSING] KPF: 2025-07-15 - 2025-07-17 (2 gün)
2025-07-17 14:45:02,739 - INFO - [MISSING] KPH: 2025-07-15 - 2025-07-17 (2 gün)
2025-07-17 14:45:02,739 - INFO - [MISSING] KPP: 2025-07-15 - 2025-07-17 (2 gün)
2025-07-17 14:45:02,739 - INFO - [MISSING] KPU: 2025-07-15 - 2025-07-17 (2 gün)
2025-07-17 14:45:02,739 - INFO - [MISSING] KRA: 2025-07-15 - 2025-07-17 (2 gün)
2025-07-17 14:45:02,739 - INFO - [MISSING] KRC: 2025-07-15 - 2025-07-17 (2 gün)
2025-07-17 14:45:02,739 - INFO - [MISSING] KRF: 2025-07-15 - 2025-07-17 (2 gün)
2025-07-17 14:45:02,739 - INFO - [MISSING] KRS: 2025-07-15 - 2025-07-17 (2 gün)
2025-07-17 14:45:02,739 - INFO - [MISSING] KRT: 2025-07-15 - 2025-07-17 (2 gün)
2025-07-17 14:45:02,740 - INFO - [MISSING] KSA: 2025-07-15 - 2025-07-17 (2 gün)
2025-07-17 14:45:02,740 - INFO - [MISSING] KSK: 2025-07-15 - 2025-07-17 (2 gün)
2025-07-17 14:45:02,740 - INFO - [MISSING] KSR: 2025-07-15 - 2025-07-17 (2 gün)
2025-07-17 14:45:02,740 - INFO - [MISSING] KST: 2025-07-15 - 2025-07-17 (2 gün)
2025-07-17 14:45:02,740 - INFO - [MISSING] KSV: 2025-07-15 - 2025-07-17 (2 gün)
2025-07-17 14:45:02,740 - INFO - [MISSING] KTI: 2025-07-15 - 2025-07-17 (2 gün)
2025-07-17 14:45:02,740 - INFO - [MISSING] KTJ: 2025-07-15 - 2025-07-17 (2 gün)
2025-07-17 14:45:02,741 - INFO - [MISSING] KTM: 2025-07-15 - 2025-07-17 (2 gün)
2025-07-17 14:45:02,741 - INFO - [MISSING] KTN: 2025-07-15 - 2025-07-17 (2 gün)
2025-07-17 14:45:02,741 - INFO - [MISSING] KTR: 2025-07-15 - 2025-07-17 (2 gün)
2025-07-17 14:45:02,741 - INFO - [MISSING] KTS: 2025-07-15 - 2025-07-17 (2 gün)
2025-07-17 14:45:02,741 - INFO - [MISSING] KTT: 2025-07-15 - 2025-07-17 (2 gün)
2025-07-17 14:45:02,741 - INFO - [MISSING] KTV: 2025-07-15 - 2025-07-17 (2 gün)
2025-07-17 14:45:02,741 - INFO - [MISSING] KUA: 2025-07-15 - 2025-07-17 (2 gün)
2025-07-17 14:45:02,742 - INFO - [MISSING] KUB: 2025-07-15 - 2025-07-17 (2 gün)
2025-07-17 14:45:02,742 - INFO - [MISSING] KUD: 2025-07-15 - 2025-07-17 (2 gün)
2025-07-17 14:45:02,742 - INFO - [MISSING] KUT: 2025-07-15 - 2025-07-17 (2 gün)
2025-07-17 14:45:02,742 - INFO - [MISSING] KVS: 2025-07-15 - 2025-07-17 (2 gün)
2025-07-17 14:45:02,742 - INFO - [MISSING] KVT: 2025-07-15 - 2025-07-17 (2 gün)
2025-07-17 14:45:02,742 - INFO - [MISSING] KYA: 2025-07-15 - 2025-07-17 (2 gün)
2025-07-17 14:45:02,742 - INFO - [MISSING] KYS: 2025-07-15 - 2025-07-17 (2 gün)
2025-07-17 14:45:02,742 - INFO - [MISSING] KZL: 2025-07-15 - 2025-07-17 (2 gün)
2025-07-17 14:45:02,742 - INFO - [MISSING] KZU: 2025-07-15 - 2025-07-17 (2 gün)
2025-07-17 14:45:02,743 - INFO - [MISSING] LID: 2025-07-15 - 2025-07-17 (2 gün)
2025-07-17 14:45:02,743 - INFO - [MISSING] LLA: 2025-07-15 - 2025-07-17 (2 gün)
2025-07-17 14:45:02,743 - INFO - [MISSING] LPH: 2025-07-15 - 2025-07-17 (2 gün)
2025-07-17 14:45:02,743 - INFO - [MISSING] MAC: 2025-07-15 - 2025-07-17 (2 gün)
2025-07-17 14:45:02,743 - INFO - [MISSING] MAD: 2025-07-15 - 2025-07-17 (2 gün)
2025-07-17 14:45:02,743 - INFO - [MISSING] MBL: 2025-07-15 - 2025-07-17 (2 gün)
2025-07-17 14:45:02,743 - INFO - [MISSING] MBR: 2025-07-15 - 2025-07-17 (2 gün)
2025-07-17 14:45:02,743 - INFO - [MISSING] MD1: 2025-07-15 - 2025-07-17 (2 gün)
2025-07-17 14:45:02,743 - INFO - [MISSING] MD2: 2025-07-15 - 2025-07-17 (2 gün)
2025-07-17 14:45:02,744 - INFO - [MISSING] MET: 2025-07-15 - 2025-07-17 (2 gün)
2025-07-17 14:45:02,744 - INFO - [MISSING] MGB: 2025-07-15 - 2025-07-17 (2 gün)
2025-07-17 14:45:02,744 - INFO - [MISSING] MGH: 2025-07-15 - 2025-07-17 (2 gün)
2025-07-17 14:45:02,744 - INFO - [MISSING] MHF: 2025-07-15 - 2025-07-17 (2 gün)
2025-07-17 14:45:02,744 - INFO - [MISSING] MJB: 2025-07-15 - 2025-07-17 (2 gün)
2025-07-17 14:45:02,744 - INFO - [MISSING] MJG: 2025-07-15 - 2025-07-17 (2 gün)
2025-07-17 14:45:02,744 - INFO - [MISSING] MJL: 2025-07-15 - 2025-07-17 (2 gün)
2025-07-17 14:45:02,744 - INFO - [MISSING] MKA: 2025-07-15 - 2025-07-17 (2 gün)
2025-07-17 14:45:02,745 - INFO - [MISSING] MKG: 2025-07-15 - 2025-07-17 (2 gün)
2025-07-17 14:45:02,745 - INFO - [MISSING] MMH: 2025-07-15 - 2025-07-17 (2 gün)
2025-07-17 14:45:02,745 - INFO - [MISSING] MPF: 2025-07-15 - 2025-07-17 (2 gün)
2025-07-17 14:45:02,745 - INFO - [MISSING] MPK: 2025-07-15 - 2025-07-17 (2 gün)
2025-07-17 14:45:02,745 - INFO - [MISSING] MPL: 2025-07-15 - 2025-07-17 (2 gün)
2025-07-17 14:45:02,745 - INFO - [MISSING] MPN: 2025-07-15 - 2025-07-17 (2 gün)
2025-07-17 14:45:02,746 - INFO - [MISSING] MPP: 2025-07-15 - 2025-07-17 (2 gün)
2025-07-17 14:45:02,746 - INFO - [MISSING] MPS: 2025-07-15 - 2025-07-17 (2 gün)
2025-07-17 14:45:02,746 - INFO - [MISSING] MRI: 2025-07-15 - 2025-07-17 (2 gün)
2025-07-17 14:45:02,746 - INFO - [MISSING] MT1: 2025-07-15 - 2025-07-17 (2 gün)
2025-07-17 14:45:02,746 - INFO - [MISSING] MTF: 2025-07-15 - 2025-07-17 (2 gün)
2025-07-17 14:45:02,746 - INFO - [MISSING] MTG: 2025-07-15 - 2025-07-17 (2 gün)
2025-07-17 14:45:02,746 - INFO - [MISSING] MTH: 2025-07-15 - 2025-07-17 (2 gün)
2025-07-17 14:45:02,747 - INFO - [MISSING] MTK: 2025-07-15 - 2025-07-17 (2 gün)
2025-07-17 14:45:02,747 - INFO - [MISSING] MTS: 2025-07-15 - 2025-07-17 (2 gün)
2025-07-17 14:45:02,747 - INFO - [MISSING] MTV: 2025-07-15 - 2025-07-17 (2 gün)
2025-07-17 14:45:02,747 - INFO - [MISSING] MTX: 2025-07-15 - 2025-07-17 (2 gün)
2025-07-17 14:45:02,747 - INFO - [MISSING] MUT: 2025-07-15 - 2025-07-17 (2 gün)
2025-07-17 14:45:02,747 - INFO - [MISSING] NAU: 2025-07-15 - 2025-07-17 (2 gün)
2025-07-17 14:45:02,747 - INFO - [MISSING] NBH: 2025-07-15 - 2025-07-17 (2 gün)
2025-07-17 14:45:02,748 - INFO - [MISSING] NBZ: 2025-07-15 - 2025-07-17 (2 gün)
2025-07-17 14:45:02,748 - INFO - [MISSING] NCS: 2025-07-15 - 2025-07-17 (2 gün)
2025-07-17 14:45:02,748 - INFO - [MISSING] NFF: 2025-07-15 - 2025-07-17 (2 gün)
2025-07-17 14:45:02,748 - INFO - [MISSING] NHP: 2025-07-15 - 2025-07-17 (2 gün)
2025-07-17 14:45:02,748 - INFO - [MISSING] NHY: 2025-07-15 - 2025-07-17 (2 gün)
2025-07-17 14:45:02,748 - INFO - [MISSING] NJF: 2025-07-15 - 2025-07-17 (2 gün)
2025-07-17 14:45:02,748 - INFO - [MISSING] NJR: 2025-07-15 - 2025-07-17 (2 gün)
2025-07-17 14:45:02,748 - INFO - [MISSING] NJY: 2025-07-15 - 2025-07-17 (2 gün)
2025-07-17 14:45:02,749 - INFO - [MISSING] NKA: 2025-07-15 - 2025-07-17 (2 gün)
2025-07-17 14:45:02,749 - INFO - [MISSING] NLE: 2025-07-15 - 2025-07-17 (2 gün)
2025-07-17 14:45:02,749 - INFO - [MISSING] NLK: 2025-07-15 - 2025-07-17 (2 gün)
2025-07-17 14:45:02,749 - INFO - [MISSING] NME: 2025-07-15 - 2025-07-17 (2 gün)
2025-07-17 14:45:02,749 - INFO - [MISSING] NNF: 2025-07-15 - 2025-07-17 (2 gün)
2025-07-17 14:45:02,749 - INFO - [MISSING] NPH: 2025-07-15 - 2025-07-17 (2 gün)
2025-07-17 14:45:02,749 - INFO - [MISSING] NRC: 2025-07-15 - 2025-07-17 (2 gün)
2025-07-17 14:45:02,750 - INFO - [MISSING] NRG: 2025-07-15 - 2025-07-17 (2 gün)
2025-07-17 14:45:02,750 - INFO - [MISSING] NSA: 2025-07-15 - 2025-07-17 (2 gün)
2025-07-17 14:45:02,750 - INFO - [MISSING] NSD: 2025-07-15 - 2025-07-17 (2 gün)
2025-07-17 14:45:02,750 - INFO - [MISSING] NSH: 2025-07-15 - 2025-07-17 (2 gün)
2025-07-17 14:45:02,750 - INFO - [MISSING] NSK: 2025-07-15 - 2025-07-17 (2 gün)
2025-07-17 14:45:02,750 - INFO - [MISSING] NSP: 2025-07-15 - 2025-07-17 (2 gün)
2025-07-17 14:45:02,750 - INFO - [MISSING] NUB: 2025-07-15 - 2025-07-17 (2 gün)
2025-07-17 14:45:02,751 - INFO - [MISSING] NVB: 2025-07-15 - 2025-07-17 (2 gün)
2025-07-17 14:45:02,751 - INFO - [MISSING] NVC: 2025-07-15 - 2025-07-17 (2 gün)
2025-07-17 14:45:02,751 - INFO - [MISSING] NVK: 2025-07-15 - 2025-07-17 (2 gün)
2025-07-17 14:45:02,751 - INFO - [MISSING] NVT: 2025-07-15 - 2025-07-17 (2 gün)
2025-07-17 14:45:02,751 - INFO - [MISSING] NVZ: 2025-07-15 - 2025-07-17 (2 gün)
2025-07-17 14:45:02,751 - INFO - [MISSING] NZH: 2025-07-15 - 2025-07-17 (2 gün)
2025-07-17 14:45:02,751 - INFO - [MISSING] NZT: 2025-07-15 - 2025-07-17 (2 gün)
2025-07-17 14:45:02,751 - INFO - [MISSING] NZU: 2025-07-15 - 2025-07-17 (2 gün)
2025-07-17 14:45:02,751 - INFO - [MISSING] OBI: 2025-07-15 - 2025-07-17 (2 gün)
2025-07-17 14:45:02,751 - INFO - [MISSING] OBP: 2025-07-15 - 2025-07-17 (2 gün)
2025-07-17 14:45:02,752 - INFO - [MISSING] ODD: 2025-07-15 - 2025-07-17 (2 gün)
2025-07-17 14:45:02,752 - INFO - [MISSING] ODP: 2025-07-15 - 2025-07-17 (2 gün)
2025-07-17 14:45:02,752 - INFO - [MISSING] ODS: 2025-07-15 - 2025-07-17 (2 gün)
2025-07-17 14:45:02,752 - INFO - [MISSING] ODV: 2025-07-15 - 2025-07-17 (2 gün)
2025-07-17 14:45:02,752 - INFO - [MISSING] OFI: 2025-07-15 - 2025-07-17 (2 gün)
2025-07-17 14:45:02,752 - INFO - [MISSING] OFS: 2025-07-15 - 2025-07-17 (2 gün)
2025-07-17 14:45:02,752 - INFO - [MISSING] OGD: 2025-07-15 - 2025-07-17 (2 gün)
2025-07-17 14:45:02,752 - INFO - [MISSING] OHB: 2025-07-15 - 2025-07-17 (2 gün)
2025-07-17 14:45:02,752 - INFO - [MISSING] OHK: 2025-07-15 - 2025-07-17 (2 gün)
2025-07-17 14:45:02,753 - INFO - [MISSING] OIL: 2025-07-15 - 2025-07-17 (2 gün)
2025-07-17 14:45:02,753 - INFO - [MISSING] OIR: 2025-07-15 - 2025-07-17 (2 gün)
2025-07-17 14:45:02,753 - INFO - [MISSING] OJB: 2025-07-15 - 2025-07-17 (2 gün)
2025-07-17 14:45:02,753 - INFO - [MISSING] OJK: 2025-07-15 - 2025-07-17 (2 gün)
2025-07-17 14:45:02,753 - INFO - [MISSING] OJT: 2025-07-15 - 2025-07-17 (2 gün)
2025-07-17 14:45:02,753 - INFO - [MISSING] OKD: 2025-07-15 - 2025-07-17 (2 gün)
2025-07-17 14:45:02,754 - INFO - [MISSING] OKP: 2025-07-15 - 2025-07-17 (2 gün)
2025-07-17 14:45:02,754 - INFO - [MISSING] OKT: 2025-07-15 - 2025-07-17 (2 gün)
2025-07-17 14:45:02,754 - INFO - [MISSING] OLA: 2025-07-15 - 2025-07-17 (2 gün)
2025-07-17 14:45:02,754 - INFO - [MISSING] OLD: 2025-07-15 - 2025-07-17 (2 gün)
2025-07-17 14:45:02,754 - INFO - [MISSING] OLE: 2025-07-15 - 2025-07-17 (2 gün)
2025-07-17 14:45:02,754 - INFO - [MISSING] OMG: 2025-07-15 - 2025-07-17 (2 gün)
2025-07-17 14:45:02,754 - INFO - [MISSING] ONE: 2025-07-15 - 2025-07-17 (2 gün)
2025-07-17 14:45:02,754 - INFO - [MISSING] ONK: 2025-07-15 - 2025-07-17 (2 gün)
2025-07-17 14:45:02,755 - INFO - [MISSING] ONN: 2025-07-15 - 2025-07-17 (2 gün)
2025-07-17 14:45:02,755 - INFO - [MISSING] ONS: 2025-07-15 - 2025-07-17 (2 gün)
2025-07-17 14:45:02,755 - INFO - [MISSING] OPB: 2025-07-15 - 2025-07-17 (2 gün)
2025-07-17 14:45:02,755 - INFO - [MISSING] OPD: 2025-07-15 - 2025-07-17 (2 gün)
2025-07-17 14:45:02,755 - INFO - [MISSING] OPF: 2025-07-15 - 2025-07-17 (2 gün)
2025-07-17 14:45:02,755 - INFO - [MISSING] OPH: 2025-07-15 - 2025-07-17 (2 gün)
2025-07-17 14:45:02,755 - INFO - [MISSING] OPI: 2025-07-15 - 2025-07-17 (2 gün)
2025-07-17 14:45:02,755 - INFO - [MISSING] OPL: 2025-07-15 - 2025-07-17 (2 gün)
2025-07-17 14:45:02,755 - INFO - [MISSING] ORC: 2025-07-15 - 2025-07-17 (2 gün)
2025-07-17 14:45:02,755 - INFO - [MISSING] OSD: 2025-07-15 - 2025-07-17 (2 gün)
2025-07-17 14:45:02,756 - INFO - [MISSING] OSL: 2025-07-15 - 2025-07-17 (2 gün)
2025-07-17 14:45:02,756 - INFO - [MISSING] OTJ: 2025-07-15 - 2025-07-17 (2 gün)
2025-07-17 14:45:02,756 - INFO - [MISSING] OTK: 2025-07-15 - 2025-07-17 (2 gün)
2025-07-17 14:45:02,756 - INFO - [MISSING] OTM: 2025-07-15 - 2025-07-17 (2 gün)
2025-07-17 14:45:02,756 - INFO - [MISSING] OUD: 2025-07-15 - 2025-07-17 (2 gün)
2025-07-17 14:45:02,756 - INFO - [MISSING] OVD: 2025-07-15 - 2025-07-17 (2 gün)
2025-07-17 14:45:02,756 - INFO - [MISSING] PAF: 2025-07-15 - 2025-07-17 (2 gün)
2025-07-17 14:45:02,756 - INFO - [MISSING] PAL: 2025-07-15 - 2025-07-17 (2 gün)
2025-07-17 14:45:02,756 - INFO - [MISSING] PAO: 2025-07-15 - 2025-07-17 (2 gün)
2025-07-17 14:45:02,757 - INFO - [MISSING] PBI: 2025-07-15 - 2025-07-17 (2 gün)
2025-07-17 14:45:02,757 - INFO - [MISSING] PBK: 2025-07-15 - 2025-07-17 (2 gün)
2025-07-17 14:45:02,757 - INFO - [MISSING] PBN: 2025-07-15 - 2025-07-17 (2 gün)
2025-07-17 14:45:02,757 - INFO - [MISSING] PBR: 2025-07-15 - 2025-07-17 (2 gün)
2025-07-17 14:45:02,757 - INFO - [MISSING] PDD: 2025-07-15 - 2025-07-17 (2 gün)
2025-07-17 14:45:02,758 - INFO - [MISSING] PDF: 2025-07-15 - 2025-07-17 (2 gün)
2025-07-17 14:45:02,758 - INFO - [MISSING] PEA: 2025-07-15 - 2025-07-17 (2 gün)
2025-07-17 14:45:02,758 - INFO - [MISSING] PFO: 2025-07-15 - 2025-07-17 (2 gün)
2025-07-17 14:45:02,758 - INFO - [MISSING] PFS: 2025-07-15 - 2025-07-17 (2 gün)
2025-07-17 14:45:02,758 - INFO - [MISSING] PGD: 2025-07-15 - 2025-07-17 (2 gün)
2025-07-17 14:45:02,758 - INFO - [MISSING] PGS: 2025-07-15 - 2025-07-17 (2 gün)
2025-07-17 14:45:02,758 - INFO - [MISSING] PHE: 2025-07-15 - 2025-07-17 (2 gün)
2025-07-17 14:45:02,759 - INFO - [MISSING] PHI: 2025-07-15 - 2025-07-17 (2 gün)
2025-07-17 14:45:02,759 - INFO - [MISSING] PHK: 2025-07-15 - 2025-07-17 (2 gün)
2025-07-17 14:45:02,759 - INFO - [MISSING] PID: 2025-07-15 - 2025-07-17 (2 gün)
2025-07-17 14:45:02,759 - INFO - [MISSING] PIL: 2025-07-15 - 2025-07-17 (2 gün)
2025-07-17 14:45:02,759 - INFO - [MISSING] PIP: 2025-07-15 - 2025-07-17 (2 gün)
2025-07-17 14:45:02,759 - INFO - [MISSING] PIR: 2025-07-15 - 2025-07-17 (2 gün)
2025-07-17 14:45:02,759 - INFO - [MISSING] PJL: 2025-07-15 - 2025-07-17 (2 gün)
2025-07-17 14:45:02,759 - INFO - [MISSING] PKD: 2025-07-15 - 2025-07-17 (2 gün)
2025-07-17 14:45:02,760 - INFO - [MISSING] PKF: 2025-07-15 - 2025-07-17 (2 gün)
2025-07-17 14:45:02,760 - INFO - [MISSING] PKR: 2025-07-15 - 2025-07-17 (2 gün)
2025-07-17 14:45:02,760 - INFO - [MISSING] PKT: 2025-07-15 - 2025-07-17 (2 gün)
2025-07-17 14:45:02,760 - INFO - [MISSING] PKV: 2025-07-15 - 2025-07-17 (2 gün)
2025-07-17 14:45:02,760 - INFO - [MISSING] PLR: 2025-07-15 - 2025-07-17 (2 gün)
2025-07-17 14:45:02,760 - INFO - [MISSING] PMP: 2025-07-15 - 2025-07-17 (2 gün)
2025-07-17 14:45:02,760 - INFO - [MISSING] POS: 2025-07-15 - 2025-07-17 (2 gün)
2025-07-17 14:45:02,760 - INFO - [MISSING] PP1: 2025-07-15 - 2025-07-17 (2 gün)
2025-07-17 14:45:02,761 - INFO - [MISSING] PPB: 2025-07-15 - 2025-07-17 (2 gün)
2025-07-17 14:45:02,761 - INFO - [MISSING] PPE: 2025-07-15 - 2025-07-17 (2 gün)
2025-07-17 14:45:02,761 - INFO - [MISSING] PPH: 2025-07-15 - 2025-07-17 (2 gün)
2025-07-17 14:45:02,761 - INFO - [MISSING] PPI: 2025-07-15 - 2025-07-17 (2 gün)
2025-07-17 14:45:02,761 - INFO - [MISSING] PPJ: 2025-07-15 - 2025-07-17 (2 gün)
2025-07-17 14:45:02,761 - INFO - [MISSING] PPK: 2025-07-15 - 2025-07-17 (2 gün)
2025-07-17 14:45:02,761 - INFO - [MISSING] PPM: 2025-07-15 - 2025-07-17 (2 gün)
2025-07-17 14:45:02,762 - INFO - [MISSING] PPN: 2025-07-15 - 2025-07-17 (2 gün)
2025-07-17 14:45:02,762 - INFO - [MISSING] PPP: 2025-07-15 - 2025-07-17 (2 gün)
2025-07-17 14:45:02,762 - INFO - [MISSING] PPS: 2025-07-15 - 2025-07-17 (2 gün)
2025-07-17 14:45:02,762 - INFO - [MISSING] PPT: 2025-07-15 - 2025-07-17 (2 gün)
2025-07-17 14:45:02,762 - INFO - [MISSING] PPZ: 2025-07-15 - 2025-07-17 (2 gün)
2025-07-17 14:45:02,762 - INFO - [MISSING] PRD: 2025-07-15 - 2025-07-17 (2 gün)
2025-07-17 14:45:02,762 - INFO - [MISSING] PRH: 2025-07-15 - 2025-07-17 (2 gün)
2025-07-17 14:45:02,762 - INFO - [MISSING] PRU: 2025-07-15 - 2025-07-17 (2 gün)
2025-07-17 14:45:02,763 - INFO - [MISSING] PRY: 2025-07-15 - 2025-07-17 (2 gün)
2025-07-17 14:45:02,763 - INFO - [MISSING] PSE: 2025-07-15 - 2025-07-17 (2 gün)
2025-07-17 14:45:02,763 - INFO - [MISSING] PSL: 2025-07-15 - 2025-07-17 (2 gün)
2025-07-17 14:45:02,763 - INFO - [MISSING] PTE: 2025-07-15 - 2025-07-17 (2 gün)
2025-07-17 14:45:02,763 - INFO - [MISSING] PTN: 2025-07-15 - 2025-07-17 (2 gün)
2025-07-17 14:45:02,763 - INFO - [MISSING] PTO: 2025-07-15 - 2025-07-17 (2 gün)
2025-07-17 14:45:02,763 - INFO - [MISSING] PTS: 2025-07-15 - 2025-07-17 (2 gün)
2025-07-17 14:45:02,763 - INFO - [MISSING] PUC: 2025-07-15 - 2025-07-17 (2 gün)
2025-07-17 14:45:02,763 - INFO - [MISSING] PVK: 2025-07-15 - 2025-07-17 (2 gün)
2025-07-17 14:45:02,764 - INFO - [MISSING] PYR: 2025-07-15 - 2025-07-17 (2 gün)
2025-07-17 14:45:02,764 - INFO - [MISSING] RBA: 2025-07-15 - 2025-07-17 (2 gün)
2025-07-17 14:45:02,764 - INFO - [MISSING] RBB: 2025-07-15 - 2025-07-17 (2 gün)
2025-07-17 14:45:02,764 - INFO - [MISSING] RBF: 2025-07-15 - 2025-07-17 (2 gün)
2025-07-17 14:45:02,764 - INFO - [MISSING] RBH: 2025-07-15 - 2025-07-17 (2 gün)
2025-07-17 14:45:02,764 - INFO - [MISSING] RBI: 2025-07-15 - 2025-07-17 (2 gün)
2025-07-17 14:45:02,764 - INFO - [MISSING] RBK: 2025-07-15 - 2025-07-17 (2 gün)
2025-07-17 14:45:02,764 - INFO - [MISSING] RBL: 2025-07-15 - 2025-07-17 (2 gün)
2025-07-17 14:45:02,765 - INFO - [MISSING] RBN: 2025-07-15 - 2025-07-17 (2 gün)
2025-07-17 14:45:02,765 - INFO - [MISSING] RBP: 2025-07-15 - 2025-07-17 (2 gün)
2025-07-17 14:45:02,765 - INFO - [MISSING] RBR: 2025-07-15 - 2025-07-17 (2 gün)
2025-07-17 14:45:02,765 - INFO - [MISSING] RBT: 2025-07-15 - 2025-07-17 (2 gün)
2025-07-17 14:45:02,765 - INFO - [MISSING] RBV: 2025-07-15 - 2025-07-17 (2 gün)
2025-07-17 14:45:02,765 - INFO - [MISSING] RCV: 2025-07-15 - 2025-07-17 (2 gün)
2025-07-17 14:45:02,765 - INFO - [MISSING] RD1: 2025-07-15 - 2025-07-17 (2 gün)
2025-07-17 14:45:02,766 - INFO - [MISSING] RDF: 2025-07-15 - 2025-07-17 (2 gün)
2025-07-17 14:45:02,766 - INFO - [MISSING] RHI: 2025-07-15 - 2025-07-17 (2 gün)
2025-07-17 14:45:02,766 - INFO - [MISSING] RHS: 2025-07-15 - 2025-07-17 (2 gün)
2025-07-17 14:45:02,766 - INFO - [MISSING] RIA: 2025-07-15 - 2025-07-17 (2 gün)
2025-07-17 14:45:02,766 - INFO - [MISSING] RIK: 2025-07-15 - 2025-07-17 (2 gün)
2025-07-17 14:45:02,766 - INFO - [MISSING] RJG: 2025-07-15 - 2025-07-17 (2 gün)
2025-07-17 14:45:02,766 - INFO - [MISSING] RKC: 2025-07-15 - 2025-07-17 (2 gün)
2025-07-17 14:45:02,767 - INFO - [MISSING] RKH: 2025-07-15 - 2025-07-17 (2 gün)
2025-07-17 14:45:02,767 - INFO - [MISSING] RKS: 2025-07-15 - 2025-07-17 (2 gün)
2025-07-17 14:45:02,767 - INFO - [MISSING] RKV: 2025-07-15 - 2025-07-17 (2 gün)
2025-07-17 14:45:02,767 - INFO - [MISSING] RPC: 2025-07-15 - 2025-07-17 (2 gün)
2025-07-17 14:45:02,767 - INFO - [MISSING] RPD: 2025-07-15 - 2025-07-17 (2 gün)
2025-07-17 14:45:02,767 - INFO - [MISSING] RPG: 2025-07-15 - 2025-07-17 (2 gün)
2025-07-17 14:45:02,767 - INFO - [MISSING] RPI: 2025-07-15 - 2025-07-17 (2 gün)
2025-07-17 14:45:02,767 - INFO - [MISSING] RPM: 2025-07-15 - 2025-07-17 (2 gün)
2025-07-17 14:45:02,768 - INFO - [MISSING] RPP: 2025-07-15 - 2025-07-17 (2 gün)
2025-07-17 14:45:02,768 - INFO - [MISSING] RPS: 2025-07-15 - 2025-07-17 (2 gün)
2025-07-17 14:45:02,768 - INFO - [MISSING] RPT: 2025-07-15 - 2025-07-17 (2 gün)
2025-07-17 14:45:02,768 - INFO - [MISSING] RPX: 2025-07-15 - 2025-07-17 (2 gün)
2025-07-17 14:45:02,768 - INFO - [MISSING] RRP: 2025-07-15 - 2025-07-17 (2 gün)
2025-07-17 14:45:02,768 - INFO - [MISSING] RS1: 2025-07-15 - 2025-07-17 (2 gün)
2025-07-17 14:45:02,768 - INFO - [MISSING] RTD: 2025-07-15 - 2025-07-17 (2 gün)
2025-07-17 14:45:02,768 - INFO - [MISSING] RTG: 2025-07-15 - 2025-07-17 (2 gün)
2025-07-17 14:45:02,768 - INFO - [MISSING] RTH: 2025-07-15 - 2025-07-17 (2 gün)
2025-07-17 14:45:02,769 - INFO - [MISSING] RTP: 2025-07-15 - 2025-07-17 (2 gün)
2025-07-17 14:45:02,769 - INFO - [MISSING] RUT: 2025-07-15 - 2025-07-17 (2 gün)
2025-07-17 14:45:02,769 - INFO - [MISSING] SAS: 2025-07-15 - 2025-07-17 (2 gün)
2025-07-17 14:45:02,769 - INFO - [MISSING] SBH: 2025-07-15 - 2025-07-17 (2 gün)
2025-07-17 14:45:02,769 - INFO - [MISSING] SGT: 2025-07-15 - 2025-07-17 (2 gün)
2025-07-17 14:45:02,769 - INFO - [MISSING] SHE: 2025-07-15 - 2025-07-17 (2 gün)
2025-07-17 14:45:02,769 - INFO - [MISSING] SNY: 2025-07-15 - 2025-07-17 (2 gün)
2025-07-17 14:45:02,769 - INFO - [MISSING] SOS: 2025-07-15 - 2025-07-17 (2 gün)
2025-07-17 14:45:02,769 - INFO - [MISSING] SPE: 2025-07-15 - 2025-07-17 (2 gün)
2025-07-17 14:45:02,770 - INFO - [MISSING] SPN: 2025-07-15 - 2025-07-17 (2 gün)
2025-07-17 14:45:02,770 - INFO - [MISSING] SPP: 2025-07-15 - 2025-07-17 (2 gün)
2025-07-17 14:45:02,770 - INFO - [MISSING] SPR: 2025-07-15 - 2025-07-17 (2 gün)
2025-07-17 14:45:02,770 - INFO - [MISSING] SPT: 2025-07-15 - 2025-07-17 (2 gün)
2025-07-17 14:45:02,770 - INFO - [MISSING] SRL: 2025-07-15 - 2025-07-17 (2 gün)
2025-07-17 14:45:02,770 - INFO - [MISSING] SSK: 2025-07-15 - 2025-07-17 (2 gün)
2025-07-17 14:45:02,771 - INFO - [MISSING] SSS: 2025-07-15 - 2025-07-17 (2 gün)
2025-07-17 14:45:02,771 - INFO - [MISSING] ST1: 2025-07-15 - 2025-07-17 (2 gün)
2025-07-17 14:45:02,771 - INFO - [MISSING] STI: 2025-07-15 - 2025-07-17 (2 gün)
2025-07-17 14:45:02,771 - INFO - [MISSING] SUA: 2025-07-15 - 2025-07-17 (2 gün)
2025-07-17 14:45:02,771 - INFO - [MISSING] SUB: 2025-07-15 - 2025-07-17 (2 gün)
2025-07-17 14:45:02,771 - INFO - [MISSING] SUC: 2025-07-15 - 2025-07-17 (2 gün)
2025-07-17 14:45:02,771 - INFO - [MISSING] SVB: 2025-07-15 - 2025-07-17 (2 gün)
2025-07-17 14:45:02,771 - INFO - [MISSING] TAL: 2025-07-15 - 2025-07-17 (2 gün)
2025-07-17 14:45:02,772 - INFO - [MISSING] TAR: 2025-07-15 - 2025-07-17 (2 gün)
2025-07-17 14:45:02,772 - INFO - [MISSING] TAU: 2025-07-15 - 2025-07-17 (2 gün)
2025-07-17 14:45:02,772 - INFO - [MISSING] TBT: 2025-07-15 - 2025-07-17 (2 gün)
2025-07-17 14:45:02,772 - INFO - [MISSING] TBV: 2025-07-15 - 2025-07-17 (2 gün)
2025-07-17 14:45:02,772 - INFO - [MISSING] TCA: 2025-07-15 - 2025-07-17 (2 gün)
2025-07-17 14:45:02,772 - INFO - [MISSING] TCB: 2025-07-15 - 2025-07-17 (2 gün)
2025-07-17 14:45:02,772 - INFO - [MISSING] TCC: 2025-07-15 - 2025-07-17 (2 gün)
2025-07-17 14:45:02,772 - INFO - [MISSING] TCD: 2025-07-15 - 2025-07-17 (2 gün)
2025-07-17 14:45:02,772 - INFO - [MISSING] TCF: 2025-07-15 - 2025-07-17 (2 gün)
2025-07-17 14:45:02,773 - INFO - [MISSING] TDG: 2025-07-15 - 2025-07-17 (2 gün)
2025-07-17 14:45:02,773 - INFO - [MISSING] TE3: 2025-07-15 - 2025-07-17 (2 gün)
2025-07-17 14:45:02,773 - INFO - [MISSING] TE4: 2025-07-15 - 2025-07-17 (2 gün)
2025-07-17 14:45:02,773 - INFO - [MISSING] TEJ: 2025-07-15 - 2025-07-17 (2 gün)
2025-07-17 14:45:02,773 - INFO - [MISSING] TFF: 2025-07-15 - 2025-07-17 (2 gün)
2025-07-17 14:45:02,773 - INFO - [MISSING] TGA: 2025-07-15 - 2025-07-17 (2 gün)
2025-07-17 14:45:02,773 - INFO - [MISSING] TGE: 2025-07-15 - 2025-07-17 (2 gün)
2025-07-17 14:45:02,774 - INFO - [MISSING] TGR: 2025-07-15 - 2025-07-17 (2 gün)
2025-07-17 14:45:02,774 - INFO - [MISSING] THD: 2025-07-15 - 2025-07-17 (2 gün)
2025-07-17 14:45:02,774 - INFO - [MISSING] THF: 2025-07-15 - 2025-07-17 (2 gün)
2025-07-17 14:45:02,774 - INFO - [MISSING] THT: 2025-07-15 - 2025-07-17 (2 gün)
2025-07-17 14:45:02,774 - INFO - [MISSING] THV: 2025-07-15 - 2025-07-17 (2 gün)
2025-07-17 14:45:02,774 - INFO - [MISSING] TI2: 2025-07-15 - 2025-07-17 (2 gün)
2025-07-17 14:45:02,775 - INFO - [MISSING] TI3: 2025-07-15 - 2025-07-17 (2 gün)
2025-07-17 14:45:02,775 - INFO - [MISSING] TI4: 2025-07-15 - 2025-07-17 (2 gün)
2025-07-17 14:45:02,775 - INFO - [MISSING] TI6: 2025-07-15 - 2025-07-17 (2 gün)
2025-07-17 14:45:02,775 - INFO - [MISSING] TI7: 2025-07-15 - 2025-07-17 (2 gün)
2025-07-17 14:45:02,775 - INFO - [MISSING] TIE: 2025-07-15 - 2025-07-17 (2 gün)
2025-07-17 14:45:02,775 - INFO - [MISSING] TJF: 2025-07-15 - 2025-07-17 (2 gün)
2025-07-17 14:45:02,776 - INFO - [MISSING] TJI: 2025-07-15 - 2025-07-17 (2 gün)
2025-07-17 14:45:02,776 - INFO - [MISSING] TJT: 2025-07-15 - 2025-07-17 (2 gün)
2025-07-17 14:45:02,776 - INFO - [MISSING] TKF: 2025-07-15 - 2025-07-17 (2 gün)
2025-07-17 14:45:02,776 - INFO - [MISSING] TLE: 2025-07-15 - 2025-07-17 (2 gün)
2025-07-17 14:45:02,776 - INFO - [MISSING] TLH: 2025-07-15 - 2025-07-17 (2 gün)
2025-07-17 14:45:02,776 - INFO - [MISSING] TLK: 2025-07-15 - 2025-07-17 (2 gün)
2025-07-17 14:45:02,776 - INFO - [MISSING] TLY: 2025-07-15 - 2025-07-17 (2 gün)
2025-07-17 14:45:02,776 - INFO - [MISSING] TLZ: 2025-07-15 - 2025-07-17 (2 gün)
2025-07-17 14:45:02,777 - INFO - [MISSING] TMC: 2025-07-15 - 2025-07-17 (2 gün)
2025-07-17 14:45:02,777 - INFO - [MISSING] TMG: 2025-07-15 - 2025-07-17 (2 gün)
2025-07-17 14:45:02,777 - INFO - [MISSING] TMM: 2025-07-15 - 2025-07-17 (2 gün)
2025-07-17 14:45:02,777 - INFO - [MISSING] TMZ: 2025-07-15 - 2025-07-17 (2 gün)
2025-07-17 14:45:02,777 - INFO - [MISSING] TOT: 2025-07-15 - 2025-07-17 (2 gün)
2025-07-17 14:45:02,777 - INFO - [MISSING] TP2: 2025-07-15 - 2025-07-17 (2 gün)
2025-07-17 14:45:02,777 - INFO - [MISSING] TPC: 2025-07-15 - 2025-07-17 (2 gün)
2025-07-17 14:45:02,777 - INFO - [MISSING] TPF: 2025-07-15 - 2025-07-17 (2 gün)
2025-07-17 14:45:02,777 - INFO - [MISSING] TPJ: 2025-07-15 - 2025-07-17 (2 gün)
2025-07-17 14:45:02,777 - INFO - [MISSING] TPL: 2025-07-15 - 2025-07-17 (2 gün)
2025-07-17 14:45:02,778 - INFO - [MISSING] TPP: 2025-07-15 - 2025-07-17 (2 gün)
2025-07-17 14:45:02,778 - INFO - [MISSING] TPV: 2025-07-15 - 2025-07-17 (2 gün)
2025-07-17 14:45:02,778 - INFO - [MISSING] TPZ: 2025-07-15 - 2025-07-17 (2 gün)
2025-07-17 14:45:02,778 - INFO - [MISSING] TRJ: 2025-07-15 - 2025-07-17 (2 gün)
2025-07-17 14:45:02,778 - INFO - [MISSING] TRO: 2025-07-15 - 2025-07-17 (2 gün)
2025-07-17 14:45:02,778 - INFO - [MISSING] TRU: 2025-07-15 - 2025-07-17 (2 gün)
2025-07-17 14:45:02,778 - INFO - [MISSING] TTA: 2025-07-15 - 2025-07-17 (2 gün)
2025-07-17 14:45:02,779 - INFO - [MISSING] TTE: 2025-07-15 - 2025-07-17 (2 gün)
2025-07-17 14:45:02,779 - INFO - [MISSING] TTL: 2025-07-15 - 2025-07-17 (2 gün)
2025-07-17 14:45:02,779 - INFO - [MISSING] TUA: 2025-07-15 - 2025-07-17 (2 gün)
2025-07-17 14:45:02,779 - INFO - [MISSING] TVN: 2025-07-15 - 2025-07-17 (2 gün)
2025-07-17 14:45:02,779 - INFO - [MISSING] TYH: 2025-07-15 - 2025-07-17 (2 gün)
2025-07-17 14:45:02,779 - INFO - [MISSING] TZD: 2025-07-15 - 2025-07-17 (2 gün)
2025-07-17 14:45:02,779 - INFO - [MISSING] TZT: 2025-07-15 - 2025-07-17 (2 gün)
2025-07-17 14:45:02,780 - INFO - [MISSING] UNT: 2025-07-15 - 2025-07-17 (2 gün)
2025-07-17 14:45:02,780 - INFO - [MISSING] UP1: 2025-07-15 - 2025-07-17 (2 gün)
2025-07-17 14:45:02,780 - INFO - [MISSING] UP2: 2025-07-15 - 2025-07-17 (2 gün)
2025-07-17 14:45:02,780 - INFO - [MISSING] UPD: 2025-07-15 - 2025-07-17 (2 gün)
2025-07-17 14:45:02,780 - INFO - [MISSING] UPH: 2025-07-15 - 2025-07-17 (2 gün)
2025-07-17 14:45:02,780 - INFO - [MISSING] UPP: 2025-07-15 - 2025-07-17 (2 gün)
2025-07-17 14:45:02,780 - INFO - [MISSING] URA: 2025-07-15 - 2025-07-17 (2 gün)
2025-07-17 14:45:02,780 - INFO - [MISSING] USY: 2025-07-15 - 2025-07-17 (2 gün)
2025-07-17 14:45:02,781 - INFO - [MISSING] VAY: 2025-07-15 - 2025-07-17 (2 gün)
2025-07-17 14:45:02,781 - INFO - [MISSING] VCY: 2025-07-15 - 2025-07-17 (2 gün)
2025-07-17 14:45:02,781 - INFO - [MISSING] VFK: 2025-07-15 - 2025-07-17 (2 gün)
2025-07-17 14:45:02,781 - INFO - [MISSING] VMV: 2025-07-15 - 2025-07-17 (2 gün)
2025-07-17 14:45:02,781 - INFO - [MISSING] VNK: 2025-07-15 - 2025-07-17 (2 gün)
2025-07-17 14:45:02,781 - INFO - [MISSING] YAC: 2025-07-15 - 2025-07-17 (2 gün)
2025-07-17 14:45:02,781 - INFO - [MISSING] YAK: 2025-07-15 - 2025-07-17 (2 gün)
2025-07-17 14:45:02,781 - INFO - [MISSING] YAN: 2025-07-15 - 2025-07-17 (2 gün)
2025-07-17 14:45:02,781 - INFO - [MISSING] YAS: 2025-07-15 - 2025-07-17 (2 gün)
2025-07-17 14:45:02,781 - INFO - [MISSING] YAY: 2025-07-15 - 2025-07-17 (2 gün)
2025-07-17 14:45:02,782 - INFO - [MISSING] YBE: 2025-07-15 - 2025-07-17 (2 gün)
2025-07-17 14:45:02,782 - INFO - [MISSING] YBH: 2025-07-15 - 2025-07-17 (2 gün)
2025-07-17 14:45:02,782 - INFO - [MISSING] YBR: 2025-07-15 - 2025-07-17 (2 gün)
2025-07-17 14:45:02,782 - INFO - [MISSING] YBS: 2025-07-15 - 2025-07-17 (2 gün)
2025-07-17 14:45:02,782 - INFO - [MISSING] YCK: 2025-07-15 - 2025-07-17 (2 gün)
2025-07-17 14:45:02,782 - INFO - [MISSING] YCP: 2025-07-15 - 2025-07-17 (2 gün)
2025-07-17 14:45:02,782 - INFO - [MISSING] YCY: 2025-07-15 - 2025-07-17 (2 gün)
2025-07-17 14:45:02,783 - INFO - [MISSING] YDI: 2025-07-15 - 2025-07-17 (2 gün)
2025-07-17 14:45:02,783 - INFO - [MISSING] YDP: 2025-07-15 - 2025-07-17 (2 gün)
2025-07-17 14:45:02,783 - INFO - [MISSING] YEF: 2025-07-15 - 2025-07-17 (2 gün)
2025-07-17 14:45:02,783 - INFO - [MISSING] YFV: 2025-07-15 - 2025-07-17 (2 gün)
2025-07-17 14:45:02,783 - INFO - [MISSING] YGM: 2025-07-15 - 2025-07-17 (2 gün)
2025-07-17 14:45:02,783 - INFO - [MISSING] YHB: 2025-07-15 - 2025-07-17 (2 gün)
2025-07-17 14:45:02,783 - INFO - [MISSING] YHI: 2025-07-15 - 2025-07-17 (2 gün)
2025-07-17 14:45:02,784 - INFO - [MISSING] YHK: 2025-07-15 - 2025-07-17 (2 gün)
2025-07-17 14:45:02,784 - INFO - [MISSING] YHS: 2025-07-15 - 2025-07-17 (2 gün)
2025-07-17 14:45:02,784 - INFO - [MISSING] YHZ: 2025-07-15 - 2025-07-17 (2 gün)
2025-07-17 14:45:02,784 - INFO - [MISSING] YIT: 2025-07-15 - 2025-07-17 (2 gün)
2025-07-17 14:45:02,784 - INFO - [MISSING] YJH: 2025-07-15 - 2025-07-17 (2 gün)
2025-07-17 14:45:02,784 - INFO - [MISSING] YJK: 2025-07-15 - 2025-07-17 (2 gün)
2025-07-17 14:45:02,784 - INFO - [MISSING] YJY: 2025-07-15 - 2025-07-17 (2 gün)
2025-07-17 14:45:02,784 - INFO - [MISSING] YKS: 2025-07-15 - 2025-07-17 (2 gün)
2025-07-17 14:45:02,784 - INFO - [MISSING] YKT: 2025-07-15 - 2025-07-17 (2 gün)
2025-07-17 14:45:02,785 - INFO - [MISSING] YLC: 2025-07-15 - 2025-07-17 (2 gün)
2025-07-17 14:45:02,785 - INFO - [MISSING] YLE: 2025-07-15 - 2025-07-17 (2 gün)
2025-07-17 14:45:02,785 - INFO - [MISSING] YLO: 2025-07-15 - 2025-07-17 (2 gün)
2025-07-17 14:45:02,785 - INFO - [MISSING] YLY: 2025-07-15 - 2025-07-17 (2 gün)
2025-07-17 14:45:02,785 - INFO - [MISSING] YMD: 2025-07-15 - 2025-07-17 (2 gün)
2025-07-17 14:45:02,785 - INFO - [MISSING] YMH: 2025-07-15 - 2025-07-17 (2 gün)
2025-07-17 14:45:02,785 - INFO - [MISSING] YNK: 2025-07-15 - 2025-07-17 (2 gün)
2025-07-17 14:45:02,785 - INFO - [MISSING] YOT: 2025-07-15 - 2025-07-17 (2 gün)
2025-07-17 14:45:02,785 - INFO - [MISSING] YP4: 2025-07-15 - 2025-07-17 (2 gün)
2025-07-17 14:45:02,786 - INFO - [MISSING] YPC: 2025-07-15 - 2025-07-17 (2 gün)
2025-07-17 14:45:02,786 - INFO - [MISSING] YPK: 2025-07-15 - 2025-07-17 (2 gün)
2025-07-17 14:45:02,786 - INFO - [MISSING] YPL: 2025-07-15 - 2025-07-17 (2 gün)
2025-07-17 14:45:02,786 - INFO - [MISSING] YPR: 2025-07-15 - 2025-07-17 (2 gün)
2025-07-17 14:45:02,786 - INFO - [MISSING] YPV: 2025-07-15 - 2025-07-17 (2 gün)
2025-07-17 14:45:02,786 - INFO - [MISSING] YSL: 2025-07-15 - 2025-07-17 (2 gün)
2025-07-17 14:45:02,786 - INFO - [MISSING] YSO: 2025-07-15 - 2025-07-17 (2 gün)
2025-07-17 14:45:02,787 - INFO - [MISSING] YSU: 2025-07-15 - 2025-07-17 (2 gün)
2025-07-17 14:45:02,787 - INFO - [MISSING] YTD: 2025-07-15 - 2025-07-17 (2 gün)
2025-07-17 14:45:02,787 - INFO - [MISSING] YTV: 2025-07-15 - 2025-07-17 (2 gün)
2025-07-17 14:45:02,787 - INFO - [MISSING] YTY: 2025-07-15 - 2025-07-17 (2 gün)
2025-07-17 14:45:02,787 - INFO - [MISSING] YUB: 2025-07-15 - 2025-07-17 (2 gün)
2025-07-17 14:45:02,787 - INFO - [MISSING] YUN: 2025-07-15 - 2025-07-17 (2 gün)
2025-07-17 14:45:02,787 - INFO - [MISSING] YVB: 2025-07-15 - 2025-07-17 (2 gün)
2025-07-17 14:45:02,788 - INFO - [MISSING] YVG: 2025-07-15 - 2025-07-17 (2 gün)
2025-07-17 14:45:02,788 - INFO - [MISSING] YZC: 2025-07-15 - 2025-07-17 (2 gün)
2025-07-17 14:45:02,788 - INFO - [MISSING] YZG: 2025-07-15 - 2025-07-17 (2 gün)
2025-07-17 14:45:02,788 - INFO - [MISSING] YZH: 2025-07-15 - 2025-07-17 (2 gün)
2025-07-17 14:45:02,788 - INFO - [MISSING] YZK: 2025-07-15 - 2025-07-17 (2 gün)
2025-07-17 14:45:02,788 - INFO - [MISSING] ZBD: 2025-07-15 - 2025-07-17 (2 gün)
2025-07-17 14:45:02,788 - INFO - [MISSING] ZBI: 2025-07-15 - 2025-07-17 (2 gün)
2025-07-17 14:45:02,789 - INFO - [MISSING] ZBJ: 2025-07-15 - 2025-07-17 (2 gün)
2025-07-17 14:45:02,789 - INFO - [MISSING] ZBO: 2025-07-15 - 2025-07-17 (2 gün)
2025-07-17 14:45:02,789 - INFO - [MISSING] ZCD: 2025-07-15 - 2025-07-17 (2 gün)
2025-07-17 14:45:02,789 - INFO - [MISSING] ZCK: 2025-07-15 - 2025-07-17 (2 gün)
2025-07-17 14:45:02,789 - INFO - [MISSING] ZCN: 2025-07-15 - 2025-07-17 (2 gün)
2025-07-17 14:45:02,789 - INFO - [MISSING] ZDD: 2025-07-15 - 2025-07-17 (2 gün)
2025-07-17 14:45:02,789 - INFO - [MISSING] ZDZ: 2025-07-15 - 2025-07-17 (2 gün)
2025-07-17 14:45:02,789 - INFO - [MISSING] ZFB: 2025-07-15 - 2025-07-17 (2 gün)
2025-07-17 14:45:02,790 - INFO - [MISSING] ZHH: 2025-07-15 - 2025-07-17 (2 gün)
2025-07-17 14:45:02,790 - INFO - [MISSING] ZJB: 2025-07-15 - 2025-07-17 (2 gün)
2025-07-17 14:45:02,790 - INFO - [MISSING] ZJI: 2025-07-15 - 2025-07-17 (2 gün)
2025-07-17 14:45:02,790 - INFO - [MISSING] ZJL: 2025-07-15 - 2025-07-17 (2 gün)
2025-07-17 14:45:02,790 - INFO - [MISSING] ZJV: 2025-07-15 - 2025-07-17 (2 gün)
2025-07-17 14:45:02,790 - INFO - [MISSING] ZLH: 2025-07-15 - 2025-07-17 (2 gün)
2025-07-17 14:45:02,790 - INFO - [MISSING] ZMT: 2025-07-15 - 2025-07-17 (2 gün)
2025-07-17 14:45:02,790 - INFO - [MISSING] ZMY: 2025-07-15 - 2025-07-17 (2 gün)
2025-07-17 14:45:02,791 - INFO - [MISSING] ZP6: 2025-07-15 - 2025-07-17 (2 gün)
2025-07-17 14:45:02,791 - INFO - [MISSING] ZP8: 2025-07-15 - 2025-07-17 (2 gün)
2025-07-17 14:45:02,791 - INFO - [MISSING] ZP9: 2025-07-15 - 2025-07-17 (2 gün)
2025-07-17 14:45:02,791 - INFO - [MISSING] ZPA: 2025-07-15 - 2025-07-17 (2 gün)
2025-07-17 14:45:02,791 - INFO - [MISSING] ZPC: 2025-07-15 - 2025-07-17 (2 gün)
2025-07-17 14:45:02,791 - INFO - [MISSING] ZPE: 2025-07-15 - 2025-07-17 (2 gün)
2025-07-17 14:45:02,792 - INFO - [MISSING] ZPF: 2025-07-15 - 2025-07-17 (2 gün)
2025-07-17 14:45:02,792 - INFO - [MISSING] ZPG: 2025-07-15 - 2025-07-17 (2 gün)
2025-07-17 14:45:02,792 - INFO - [MISSING] ZSF: 2025-07-15 - 2025-07-17 (2 gün)
2025-07-17 14:45:02,792 - INFO - [MISSING] ZSG: 2025-07-15 - 2025-07-17 (2 gün)
2025-07-17 14:45:02,792 - INFO - [MISSING] ZVO: 2025-07-15 - 2025-07-17 (2 gün)
2025-07-17 14:45:02,792 - INFO - [ANALYSIS] 850 tane fon eksik verili. 0/850 tamamlanmış.
2025-07-17 14:45:02,793 - INFO - [REPAIR] 850 fon için eksik veri indiriliyor...
2025-07-17 14:45:02,794 - INFO - [REPAIR] Fon listesi alınıyor...
2025-07-17 14:45:02,794 - INFO - Fetching fresh fund list from TEFAS API
2025-07-17 14:45:03,167 - INFO - Successfully loaded 862 funds from TEFAS API
2025-07-17 14:45:03,168 - INFO - [REPAIR] 862 fon eşleştirildi
2025-07-17 14:45:03,168 - INFO - [REPAIR] Paralel mod - 4 worker
2025-07-17 14:45:03,257 - WARNING - Session başlatma deneme 1/3: ('Connection aborted.', ConnectionResetError(10054, 'An existing connection was forcibly closed by the remote host', None, 10054, None))
2025-07-17 14:45:03,257 - WARNING - Session başlatma deneme 1/3: ('Connection aborted.', ConnectionResetError(10054, 'An existing connection was forcibly closed by the remote host', None, 10054, None))
2025-07-17 14:45:05,170 - ERROR - Error getting fund detail (alternative) for AAL: Expecting value: line 1 column 1 (char 0)
2025-07-17 14:45:05,171 - INFO - AAL: Fon adından tahmin edilen kategori: Para Piyasası Şemsiye Fonu
2025-07-17 14:45:05,171 - INFO - [REPAIR OK] AAL: 2 yeni kayıt
2025-07-17 14:45:05,397 - ERROR - Error getting fund detail (alternative) for AAK: Expecting value: line 1 column 1 (char 0)
2025-07-17 14:45:05,398 - INFO - AAK: Fon adından tahmin edilen kategori: Değişken Şemsiye Fonu
2025-07-17 14:45:05,398 - INFO - [REPAIR OK] AAK: 2 yeni kayıt
2025-07-17 14:45:06,034 - ERROR - Error getting fund detail (alternative) for AAV: Expecting value: line 1 column 1 (char 0)
2025-07-17 14:45:06,035 - INFO - AAV: Fon adından tahmin edilen kategori: Hisse Senedi Şemsiye Fonu
2025-07-17 14:45:06,035 - INFO - [REPAIR OK] AAV: 2 yeni kayıt
2025-07-17 14:45:06,229 - ERROR - Error getting fund detail (alternative) for AAS: Expecting value: line 1 column 1 (char 0)
2025-07-17 14:45:06,230 - INFO - AAS: Fon adından tahmin edilen kategori: Serbest Şemsiye Fonu
2025-07-17 14:45:06,230 - INFO - [REPAIR OK] AAS: 2 yeni kayıt
2025-07-17 14:45:07,182 - ERROR - Error getting fund detail (alternative) for AC1: Expecting value: line 1 column 1 (char 0)
2025-07-17 14:45:07,183 - INFO - AC1: Fon adından tahmin edilen kategori: Serbest Şemsiye Fonu
2025-07-17 14:45:07,183 - INFO - [REPAIR OK] AC1: 2 yeni kayıt
2025-07-17 14:45:07,216 - ERROR - Error getting fund detail (alternative) for AC4: Expecting value: line 1 column 1 (char 0)
2025-07-17 14:45:07,216 - INFO - AC4: Fon adından tahmin edilen kategori: Para Piyasası Şemsiye Fonu
2025-07-17 14:45:07,217 - INFO - [REPAIR OK] AC4: 2 yeni kayıt
2025-07-17 14:45:07,815 - ERROR - Error getting fund detail (alternative) for AC6: Expecting value: line 1 column 1 (char 0)
2025-07-17 14:45:07,815 - INFO - AC6: Fon adından tahmin edilen kategori: Serbest Şemsiye Fonu
2025-07-17 14:45:07,815 - INFO - [REPAIR OK] AC6: 2 yeni kayıt
2025-07-17 14:45:08,418 - ERROR - Error getting fund detail (alternative) for AC5: Expecting value: line 1 column 1 (char 0)
2025-07-17 14:45:08,418 - INFO - AC5: Fon adından tahmin edilen kategori: Serbest Şemsiye Fonu
2025-07-17 14:45:08,418 - INFO - [REPAIR OK] AC5: 2 yeni kayıt
2025-07-17 14:45:09,083 - ERROR - Error getting fund detail (alternative) for ACC: Expecting value: line 1 column 1 (char 0)
2025-07-17 14:45:09,084 - INFO - ACC: Fon adından tahmin edilen kategori: Hisse Senedi Şemsiye Fonu
2025-07-17 14:45:09,084 - INFO - [REPAIR OK] ACC: 2 yeni kayıt
2025-07-17 14:45:09,135 - WARNING - Session başlatma deneme 1/3: ('Connection aborted.', ConnectionResetError(10054, 'An existing connection was forcibly closed by the remote host', None, 10054, None))
2025-07-17 14:45:09,181 - ERROR - Error getting fund detail (alternative) for ACD: Expecting value: line 1 column 1 (char 0)
2025-07-17 14:45:09,182 - INFO - ACD: Fon adından tahmin edilen kategori: Değişken Şemsiye Fonu
2025-07-17 14:45:09,182 - INFO - [REPAIR OK] ACD: 2 yeni kayıt
2025-07-17 14:45:09,232 - WARNING - Session başlatma deneme 1/3: ('Connection aborted.', ConnectionResetError(10054, 'An existing connection was forcibly closed by the remote host', None, 10054, None))
2025-07-17 14:45:09,851 - ERROR - Error getting fund detail (alternative) for ACU: Expecting value: line 1 column 1 (char 0)
2025-07-17 14:45:09,851 - INFO - ACU: Fon adından tahmin edilen kategori: Serbest Şemsiye Fonu
2025-07-17 14:45:09,851 - INFO - [REPAIR OK] ACU: 2 yeni kayıt
2025-07-17 14:45:10,197 - ERROR - Error getting fund detail (alternative) for ADE: Expecting value: line 1 column 1 (char 0)
2025-07-17 14:45:10,198 - INFO - ADE: Fon adından tahmin edilen kategori: Değişken Şemsiye Fonu
2025-07-17 14:45:10,198 - INFO - [REPAIR OK] ADE: 2 yeni kayıt
2025-07-17 14:45:10,280 - WARNING - Session başlatma deneme 2/3: ('Connection aborted.', ConnectionResetError(10054, 'An existing connection was forcibly closed by the remote host', None, 10054, None))
2025-07-17 14:45:11,872 - ERROR - Error getting fund detail (alternative) for ADP: Expecting value: line 1 column 1 (char 0)
2025-07-17 14:45:11,872 - INFO - ADP: Fon adından tahmin edilen kategori: Hisse Senedi Şemsiye Fonu
2025-07-17 14:45:11,872 - INFO - [REPAIR OK] ADP: 2 yeni kayıt
2025-07-17 14:45:11,918 - WARNING - Session başlatma deneme 1/3: ('Connection aborted.', ConnectionResetError(10054, 'An existing connection was forcibly closed by the remote host', None, 10054, None))
2025-07-17 14:45:12,057 - ERROR - Error getting fund detail (alternative) for AES: Expecting value: line 1 column 1 (char 0)
2025-07-17 14:45:12,058 - INFO - AES: Fon adından tahmin edilen kategori: Fon Sepeti Şemsiye Fonu
2025-07-17 14:45:12,058 - INFO - [REPAIR OK] AES: 2 yeni kayıt
2025-07-17 14:45:12,277 - ERROR - Error getting fund detail (alternative) for AEV: Expecting value: line 1 column 1 (char 0)
2025-07-17 14:45:12,278 - INFO - AEV: Fon adından tahmin edilen kategori: Hisse Senedi Şemsiye Fonu
2025-07-17 14:45:12,278 - INFO - [REPAIR OK] AEV: 2 yeni kayıt
2025-07-17 14:45:14,403 - ERROR - Error getting fund detail (alternative) for AFS: Expecting value: line 1 column 1 (char 0)
2025-07-17 14:45:14,403 - INFO - AFS: Fon adından tahmin edilen kategori: Yabancı Hisse Senedi Şemsiye Fonu
2025-07-17 14:45:14,403 - INFO - [REPAIR OK] AFS: 2 yeni kayıt
2025-07-17 14:45:14,491 - ERROR - Error getting fund detail (alternative) for AFO: Expecting value: line 1 column 1 (char 0)
2025-07-17 14:45:14,492 - INFO - AFO: Fon adından tahmin edilen kategori: Kıymetli Madenler Şemsiye Fonu
2025-07-17 14:45:14,493 - INFO - [REPAIR OK] AFO: 2 yeni kayıt
2025-07-17 14:45:14,571 - ERROR - Error getting fund detail (alternative) for AFA: Expecting value: line 1 column 1 (char 0)
2025-07-17 14:45:14,571 - INFO - AFA: Fon adından tahmin edilen kategori: Yabancı Hisse Senedi Şemsiye Fonu
2025-07-17 14:45:14,571 - INFO - [REPAIR OK] AFA: 2 yeni kayıt
2025-07-17 14:45:14,750 - ERROR - Error getting fund detail (alternative) for AED: Expecting value: line 1 column 1 (char 0)
2025-07-17 14:45:14,750 - INFO - AED: Fon adından tahmin edilen kategori: Değişken Şemsiye Fonu
2025-07-17 14:45:14,751 - INFO - [REPAIR OK] AED: 2 yeni kayıt
2025-07-17 14:45:16,701 - ERROR - Error getting fund detail (alternative) for AFV: Expecting value: line 1 column 1 (char 0)
2025-07-17 14:45:16,702 - INFO - AFV: Fon adından tahmin edilen kategori: Yabancı Hisse Senedi Şemsiye Fonu
2025-07-17 14:45:16,702 - INFO - [REPAIR OK] AFV: 2 yeni kayıt
2025-07-17 14:45:16,763 - ERROR - Error getting fund detail (alternative) for AHI: Expecting value: line 1 column 1 (char 0)
2025-07-17 14:45:16,764 - INFO - AHI: Fon adından tahmin edilen kategori: Hisse Senedi Şemsiye Fonu
2025-07-17 14:45:16,764 - INFO - [REPAIR OK] AHI: 2 yeni kayıt
2025-07-17 14:45:16,796 - ERROR - Error getting fund detail (alternative) for AFT: Expecting value: line 1 column 1 (char 0)
2025-07-17 14:45:16,797 - INFO - AFT: Fon adından tahmin edilen kategori: Yabancı Hisse Senedi Şemsiye Fonu
2025-07-17 14:45:16,797 - INFO - [REPAIR OK] AFT: 2 yeni kayıt
2025-07-17 14:45:17,038 - ERROR - Error getting fund detail (alternative) for AGC: Expecting value: line 1 column 1 (char 0)
2025-07-17 14:45:17,039 - INFO - AGC: Fon adından tahmin edilen kategori: Değişken Şemsiye Fonu
2025-07-17 14:45:17,039 - INFO - [REPAIR OK] AGC: 2 yeni kayıt
2025-07-17 14:45:18,281 - ERROR - Error getting fund detail (alternative) for AHN: Expecting value: line 1 column 1 (char 0)
2025-07-17 14:45:18,282 - INFO - AHN: Fon adından tahmin edilen kategori: Serbest Şemsiye Fonu
2025-07-17 14:45:18,282 - INFO - [REPAIR OK] AHN: 2 yeni kayıt
2025-07-17 14:45:18,334 - ERROR - Error getting fund detail (alternative) for AHV: Expecting value: line 1 column 1 (char 0)
2025-07-17 14:45:18,335 - INFO - AHV: Fon adından tahmin edilen kategori: Fon Sepeti Şemsiye Fonu
2025-07-17 14:45:18,335 - INFO - [REPAIR OK] AHV: 2 yeni kayıt
2025-07-17 14:45:18,398 - WARNING - Session başlatma deneme 1/3: ('Connection aborted.', ConnectionResetError(10054, 'An existing connection was forcibly closed by the remote host', None, 10054, None))
2025-07-17 14:45:18,944 - ERROR - Error getting fund detail (alternative) for AJK: Expecting value: line 1 column 1 (char 0)
2025-07-17 14:45:18,945 - INFO - AJK: Fon adından tahmin edilen kategori: Serbest Şemsiye Fonu
2025-07-17 14:45:18,945 - INFO - [REPAIR OK] AJK: 2 yeni kayıt
2025-07-17 14:45:19,257 - ERROR - Error getting fund detail (alternative) for AHU: Expecting value: line 1 column 1 (char 0)
2025-07-17 14:45:19,257 - INFO - AHU: Fon adından tahmin edilen kategori: Borçlanma Araçları Şemsiye Fonu
2025-07-17 14:45:19,257 - INFO - [REPAIR OK] AHU: 2 yeni kayıt
2025-07-17 14:45:19,306 - WARNING - Session başlatma deneme 1/3: ('Connection aborted.', ConnectionResetError(10054, 'An existing connection was forcibly closed by the remote host', None, 10054, None))
2025-07-17 14:45:20,356 - WARNING - Session başlatma deneme 2/3: ('Connection aborted.', ConnectionResetError(10054, 'An existing connection was forcibly closed by the remote host', None, 10054, None))
2025-07-17 14:45:20,426 - ERROR - Error getting fund detail (alternative) for AK2: Expecting value: line 1 column 1 (char 0)
2025-07-17 14:45:20,427 - INFO - AK2: Fon adından tahmin edilen kategori: Borçlanma Araçları Şemsiye Fonu
2025-07-17 14:45:20,427 - INFO - [REPAIR OK] AK2: 2 yeni kayıt
2025-07-17 14:45:20,661 - ERROR - Error getting fund detail (alternative) for AKE: Expecting value: line 1 column 1 (char 0)
2025-07-17 14:45:20,661 - INFO - AKE: Fon adından tahmin edilen kategori: Eurobond Şemsiye Fonu
2025-07-17 14:45:20,662 - INFO - [REPAIR OK] AKE: 2 yeni kayıt
2025-07-17 14:45:21,516 - ERROR - Error getting fund detail (alternative) for AK3: Expecting value: line 1 column 1 (char 0)
2025-07-17 14:45:21,516 - INFO - AK3: Fon adından tahmin edilen kategori: Hisse Senedi Şemsiye Fonu
2025-07-17 14:45:21,517 - INFO - [REPAIR OK] AK3: 2 yeni kayıt
2025-07-17 14:45:22,313 - ERROR - Error getting fund detail (alternative) for ALC: Expecting value: line 1 column 1 (char 0)
2025-07-17 14:45:22,313 - INFO - ALC: Fon adından tahmin edilen kategori: Hisse Senedi Şemsiye Fonu
2025-07-17 14:45:22,313 - INFO - [REPAIR OK] ALC: 2 yeni kayıt
2025-07-17 14:45:22,361 - WARNING - Session başlatma deneme 1/3: ('Connection aborted.', ConnectionResetError(10054, 'An existing connection was forcibly closed by the remote host', None, 10054, None))
2025-07-17 14:45:22,782 - ERROR - Error getting fund detail (alternative) for AN1: Expecting value: line 1 column 1 (char 0)
2025-07-17 14:45:22,783 - INFO - AN1: Fon adından tahmin edilen kategori: Değişken Şemsiye Fonu
2025-07-17 14:45:22,783 - INFO - [REPAIR OK] AN1: 2 yeni kayıt
2025-07-17 14:45:22,830 - WARNING - Session başlatma deneme 1/3: ('Connection aborted.', ConnectionResetError(10054, 'An existing connection was forcibly closed by the remote host', None, 10054, None))
2025-07-17 14:45:23,875 - ERROR - Error getting fund detail (alternative) for ANZ: Expecting value: line 1 column 1 (char 0)
2025-07-17 14:45:23,876 - INFO - ANZ: Fon adından tahmin edilen kategori: Serbest Şemsiye Fonu
2025-07-17 14:45:23,876 - INFO - [REPAIR OK] ANZ: 2 yeni kayıt
2025-07-17 14:45:24,432 - ERROR - Error getting fund detail (alternative) for AKU: Expecting value: line 1 column 1 (char 0)
2025-07-17 14:45:24,433 - INFO - AKU: Fon adından tahmin edilen kategori: Hisse Senedi Şemsiye Fonu
2025-07-17 14:45:24,433 - INFO - [REPAIR OK] AKU: 2 yeni kayıt
2025-07-17 14:45:25,542 - ERROR - Error getting fund detail (alternative) for AOJ: Expecting value: line 1 column 1 (char 0)
2025-07-17 14:45:25,543 - INFO - AOJ: Fon adından tahmin edilen kategori: Serbest Şemsiye Fonu
2025-07-17 14:45:25,543 - INFO - [REPAIR OK] AOJ: 2 yeni kayıt
2025-07-17 14:45:25,664 - ERROR - Error getting fund detail (alternative) for APJ: Expecting value: line 1 column 1 (char 0)
2025-07-17 14:45:25,664 - INFO - APJ: Fon adından tahmin edilen kategori: Fon Sepeti Şemsiye Fonu
2025-07-17 14:45:25,664 - INFO - [REPAIR OK] APJ: 2 yeni kayıt
2025-07-17 14:45:25,893 - ERROR - Error getting fund detail (alternative) for AOY: Expecting value: line 1 column 1 (char 0)
2025-07-17 14:45:25,894 - INFO - AOY: Fon adından tahmin edilen kategori: Yabancı Hisse Senedi Şemsiye Fonu
2025-07-17 14:45:25,894 - INFO - [REPAIR OK] AOY: 2 yeni kayıt
2025-07-17 14:45:26,019 - ERROR - Error getting fund detail (alternative) for APT: Expecting value: line 1 column 1 (char 0)
2025-07-17 14:45:26,019 - INFO - APT: Fon adından tahmin edilen kategori: Borçlanma Araçları Şemsiye Fonu
2025-07-17 14:45:26,019 - INFO - [REPAIR OK] APT: 2 yeni kayıt
2025-07-17 14:45:27,330 - ERROR - Error getting fund detail (alternative) for ARM: Expecting value: line 1 column 1 (char 0)
2025-07-17 14:45:27,331 - INFO - ARM: Fon adından tahmin edilen kategori: Fon Sepeti Şemsiye Fonu
2025-07-17 14:45:27,331 - INFO - [REPAIR OK] ARM: 2 yeni kayıt
2025-07-17 14:45:27,545 - ERROR - Error getting fund detail (alternative) for ARE: Expecting value: line 1 column 1 (char 0)
2025-07-17 14:45:27,545 - INFO - ARE: Fon adından tahmin edilen kategori: Yabancı Hisse Senedi Şemsiye Fonu
2025-07-17 14:45:27,546 - INFO - [REPAIR OK] ARE: 2 yeni kayıt
2025-07-17 14:45:27,917 - ERROR - Error getting fund detail (alternative) for ARL: Expecting value: line 1 column 1 (char 0)
2025-07-17 14:45:27,917 - INFO - ARL: Fon adından tahmin edilen kategori: Fon Sepeti Şemsiye Fonu
2025-07-17 14:45:27,917 - INFO - [REPAIR OK] ARL: 2 yeni kayıt
2025-07-17 14:45:28,498 - ERROR - Error getting fund detail (alternative) for AS1: Expecting value: line 1 column 1 (char 0)
2025-07-17 14:45:28,499 - INFO - AS1: Fon adından tahmin edilen kategori: Serbest Şemsiye Fonu
2025-07-17 14:45:28,499 - INFO - [REPAIR OK] AS1: 2 yeni kayıt
2025-07-17 14:45:28,858 - ERROR - Error getting fund detail (alternative) for ASJ: Expecting value: line 1 column 1 (char 0)
2025-07-17 14:45:28,858 - INFO - ASJ: Fon adından tahmin edilen kategori: Hisse Senedi Şemsiye Fonu
2025-07-17 14:45:28,858 - INFO - [REPAIR OK] ASJ: 2 yeni kayıt
2025-07-17 14:45:29,821 - ERROR - Error getting fund detail (alternative) for AUV: Expecting value: line 1 column 1 (char 0)
2025-07-17 14:45:29,822 - INFO - AUV: Fon adından tahmin edilen kategori: Serbest Şemsiye Fonu
2025-07-17 14:45:29,822 - INFO - [REPAIR OK] AUV: 2 yeni kayıt
2025-07-17 14:45:29,904 - ERROR - Error getting fund detail (alternative) for AUT: Expecting value: line 1 column 1 (char 0)
2025-07-17 14:45:29,904 - INFO - AUT: Fon adından tahmin edilen kategori: Değişken Şemsiye Fonu
2025-07-17 14:45:29,905 - INFO - [REPAIR OK] AUT: 2 yeni kayıt
2025-07-17 14:45:30,629 - ERROR - Error getting performance for AYA: Expecting value: line 1 column 1 (char 0)
2025-07-17 14:45:31,060 - ERROR - Error getting performance for AYR: Expecting value: line 1 column 1 (char 0)
2025-07-17 14:45:31,436 - ERROR - Error getting performance for BBF: Expecting value: line 1 column 1 (char 0)
2025-07-17 14:45:31,524 - ERROR - Error getting performance for BBP: Expecting value: line 1 column 1 (char 0)
2025-07-17 14:45:32,755 - ERROR - Error getting performance for AYA: Expecting value: line 1 column 1 (char 0)
2025-07-17 14:45:33,192 - ERROR - Error getting performance for AYR: Expecting value: line 1 column 1 (char 0)
2025-07-17 14:45:33,440 - ERROR - Error getting performance for BBF: Expecting value: line 1 column 1 (char 0)
2025-07-17 14:45:33,705 - ERROR - Error getting performance for BBP: Expecting value: line 1 column 1 (char 0)
2025-07-17 14:45:36,143 - ERROR - Error getting performance for AYA: Expecting value: line 1 column 1 (char 0)
2025-07-17 14:45:36,143 - ERROR - [CHUNK FAIL] AYA: Expecting value: line 1 column 1 (char 0)
2025-07-17 14:45:36,144 - WARNING - [REPAIR EMPTY] AYA: Yeni veri bulunamadı
2025-07-17 14:45:36,450 - ERROR - Error getting performance for AYR: ('Connection aborted.', ConnectionResetError(10054, 'An existing connection was forcibly closed by the remote host', None, 10054, None))
2025-07-17 14:45:36,450 - ERROR - [CHUNK FAIL] AYR: ('Connection aborted.', ConnectionResetError(10054, 'An existing connection was forcibly closed by the remote host', None, 10054, None))
2025-07-17 14:45:36,450 - WARNING - [REPAIR EMPTY] AYR: Yeni veri bulunamadı
2025-07-17 14:45:36,946 - ERROR - Error getting performance for BBF: Expecting value: line 1 column 1 (char 0)
2025-07-17 14:45:36,947 - ERROR - [CHUNK FAIL] BBF: Expecting value: line 1 column 1 (char 0)
2025-07-17 14:45:36,947 - WARNING - [REPAIR EMPTY] BBF: Yeni veri bulunamadı
2025-07-17 14:45:37,136 - ERROR - Error getting performance for BBP: Expecting value: line 1 column 1 (char 0)
2025-07-17 14:45:37,136 - ERROR - [CHUNK FAIL] BBP: Expecting value: line 1 column 1 (char 0)
2025-07-17 14:45:37,137 - WARNING - [REPAIR EMPTY] BBP: Yeni veri bulunamadı
2025-07-17 14:45:38,369 - ERROR - Error getting performance for BCK: Expecting value: line 1 column 1 (char 0)
2025-07-17 14:45:38,784 - ERROR - Error getting performance for BCO: Expecting value: line 1 column 1 (char 0)
2025-07-17 14:45:39,161 - ERROR - Error getting performance for BDS: ('Connection aborted.', ConnectionResetError(10054, 'An existing connection was forcibly closed by the remote host', None, 10054, None))
2025-07-17 14:45:39,386 - ERROR - Error getting performance for BDY: Expecting value: line 1 column 1 (char 0)
2025-07-17 14:45:40,371 - ERROR - Error getting performance for BCK: Expecting value: line 1 column 1 (char 0)
2025-07-17 14:45:40,834 - ERROR - Error getting performance for BCO: Expecting value: line 1 column 1 (char 0)
2025-07-17 14:45:41,295 - ERROR - Error getting performance for BDS: Expecting value: line 1 column 1 (char 0)
2025-07-17 14:45:41,565 - ERROR - Error getting performance for BDY: Expecting value: line 1 column 1 (char 0)
2025-07-17 14:45:43,723 - ERROR - Error getting performance for BCK: Expecting value: line 1 column 1 (char 0)
2025-07-17 14:45:43,723 - ERROR - [CHUNK FAIL] BCK: Expecting value: line 1 column 1 (char 0)
2025-07-17 14:45:43,723 - WARNING - [REPAIR EMPTY] BCK: Yeni veri bulunamadı
2025-07-17 14:45:44,246 - ERROR - Error getting performance for BCO: Expecting value: line 1 column 1 (char 0)
2025-07-17 14:45:44,246 - ERROR - [CHUNK FAIL] BCO: Expecting value: line 1 column 1 (char 0)
2025-07-17 14:45:44,246 - WARNING - [REPAIR EMPTY] BCO: Yeni veri bulunamadı
2025-07-17 14:45:44,704 - ERROR - Error getting performance for BDS: Expecting value: line 1 column 1 (char 0)
2025-07-17 14:45:44,704 - ERROR - [CHUNK FAIL] BDS: Expecting value: line 1 column 1 (char 0)
2025-07-17 14:45:44,705 - WARNING - [REPAIR EMPTY] BDS: Yeni veri bulunamadı
2025-07-17 14:45:44,754 - WARNING - Session başlatma deneme 1/3: ('Connection aborted.', ConnectionResetError(10054, 'An existing connection was forcibly closed by the remote host', None, 10054, None))
2025-07-17 14:45:44,925 - ERROR - Error getting performance for BDY: ('Connection aborted.', ConnectionResetError(10054, 'An existing connection was forcibly closed by the remote host', None, 10054, None))
2025-07-17 14:45:44,926 - ERROR - [CHUNK FAIL] BDY: ('Connection aborted.', ConnectionResetError(10054, 'An existing connection was forcibly closed by the remote host', None, 10054, None))
2025-07-17 14:45:44,926 - WARNING - [REPAIR EMPTY] BDY: Yeni veri bulunamadı
2025-07-17 14:45:45,691 - ERROR - Error getting performance for BFE: Expecting value: line 1 column 1 (char 0)
2025-07-17 14:45:46,384 - ERROR - Error getting performance for BFT: ('Connection aborted.', ConnectionResetError(10054, 'An existing connection was forcibly closed by the remote host', None, 10054, None))
2025-07-17 14:45:46,587 - ERROR - Error getting performance for BHA: Expecting value: line 1 column 1 (char 0)
2025-07-17 14:45:47,799 - ERROR - Error getting performance for BFE: Expecting value: line 1 column 1 (char 0)
2025-07-17 14:45:47,811 - ERROR - Error getting performance for BGP: Expecting value: line 1 column 1 (char 0)
2025-07-17 14:45:48,430 - ERROR - Error getting performance for BFT: ('Connection aborted.', ConnectionResetError(10054, 'An existing connection was forcibly closed by the remote host', None, 10054, None))
2025-07-17 14:45:48,646 - ERROR - Error getting performance for BHA: Expecting value: line 1 column 1 (char 0)
2025-07-17 14:45:49,947 - ERROR - Error getting performance for BGP: Expecting value: line 1 column 1 (char 0)
2025-07-17 14:45:51,232 - ERROR - Error getting performance for BFE: Expecting value: line 1 column 1 (char 0)
2025-07-17 14:45:51,233 - ERROR - [CHUNK FAIL] BFE: Expecting value: line 1 column 1 (char 0)
2025-07-17 14:45:51,233 - WARNING - [REPAIR EMPTY] BFE: Yeni veri bulunamadı
2025-07-17 14:45:51,903 - ERROR - Error getting performance for BFT: Expecting value: line 1 column 1 (char 0)
2025-07-17 14:45:51,903 - ERROR - [CHUNK FAIL] BFT: Expecting value: line 1 column 1 (char 0)
2025-07-17 14:45:51,903 - WARNING - [REPAIR EMPTY] BFT: Yeni veri bulunamadı
2025-07-17 14:45:51,904 - INFO - [STOP] Kullanıcı tarafından durduruldu - paralel işlemler sonlandırılıyor...
2025-07-17 14:45:51,906 - INFO - [STOP] O ana kadar 90 fon tamamlandı
2025-07-17 14:45:52,085 - ERROR - Error getting performance for BHA: Expecting value: line 1 column 1 (char 0)
2025-07-17 14:45:52,086 - ERROR - [CHUNK FAIL] BHA: Expecting value: line 1 column 1 (char 0)
2025-07-17 14:45:52,086 - WARNING - [REPAIR EMPTY] BHA: Yeni veri bulunamadı
2025-07-17 14:45:53,253 - ERROR - Error getting performance for BGP: Expecting value: line 1 column 1 (char 0)
2025-07-17 14:45:53,254 - ERROR - [CHUNK FAIL] BGP: Expecting value: line 1 column 1 (char 0)
2025-07-17 14:45:53,254 - WARNING - [REPAIR EMPTY] BGP: Yeni veri bulunamadı
2025-07-17 14:45:53,513 - ERROR - Error getting performance for BHF: ('Connection aborted.', ConnectionResetError(10054, 'An existing connection was forcibly closed by the remote host', None, 10054, None))
2025-07-17 14:45:53,603 - ERROR - Error getting performance for BHI: Expecting value: line 1 column 1 (char 0)
2025-07-17 14:45:55,509 - ERROR - Error getting performance for BHF: Expecting value: line 1 column 1 (char 0)
2025-07-17 14:45:55,665 - ERROR - Error getting performance for BHI: Expecting value: line 1 column 1 (char 0)
2025-07-17 14:45:58,889 - ERROR - Error getting performance for BHF: Expecting value: line 1 column 1 (char 0)
2025-07-17 14:45:58,889 - ERROR - [CHUNK FAIL] BHF: Expecting value: line 1 column 1 (char 0)
2025-07-17 14:45:58,889 - WARNING - [REPAIR EMPTY] BHF: Yeni veri bulunamadı
2025-07-17 14:45:59,060 - ERROR - Error getting performance for BHI: Expecting value: line 1 column 1 (char 0)
2025-07-17 14:45:59,061 - ERROR - [CHUNK FAIL] BHI: Expecting value: line 1 column 1 (char 0)
2025-07-17 14:45:59,061 - WARNING - [REPAIR EMPTY] BHI: Yeni veri bulunamadı
2025-07-17 14:45:59,061 - INFO - [STOP] Kullanıcı tarafından durduruldu
