2025-07-17 11:51:21,807 - INFO - CMD: tefas_download_data_merged.py --repair --input data/tefas_full_2yrs.parquet --workers 1
2025-07-17 11:51:21,888 - INFO - ============================================================
2025-07-17 11:51:21,888 - INFO - TEFAS Fon Verisi İndirme Script'i (Merged)
2025-07-17 11:51:21,888 - INFO - ============================================================
2025-07-17 11:51:21,889 - INFO - Mod: Repair - Seri
2025-07-17 11:51:21,889 - INFO - Input dosya: data/tefas_full_2yrs.parquet
2025-07-17 11:51:21,889 - INFO - ============================================================
2025-07-17 11:51:22,097 - INFO - [REPAIR MODE] Eksik veri tamamlama başlıyor...
2025-07-17 11:51:22,097 - INFO - [REPAIR] Mevcut veri analiz ediliyor: data\tefas_full_2yrs.parquet
2025-07-17 11:51:22,194 - INFO - [MISSING] HIM: 2025-07-15 - 2025-07-17 (2 gün)
2025-07-17 11:51:22,194 - INFO - [MISSING] HIZ: 2025-07-15 - 2025-07-17 (2 gün)
2025-07-17 11:51:22,195 - INFO - [MISSING] HJB: 2025-07-15 - 2025-07-17 (2 gün)
2025-07-17 11:51:22,195 - INFO - [MISSING] HKG: 2025-07-15 - 2025-07-17 (2 gün)
2025-07-17 11:51:22,195 - INFO - [MISSING] HKH: 2025-07-15 - 2025-07-17 (2 gün)
2025-07-17 11:51:22,195 - INFO - [MISSING] HKM: 2025-07-15 - 2025-07-17 (2 gün)
2025-07-17 11:51:22,195 - INFO - [MISSING] HKR: 2025-07-15 - 2025-07-17 (2 gün)
2025-07-17 11:51:22,195 - INFO - [MISSING] HMC: 2025-07-15 - 2025-07-17 (2 gün)
2025-07-17 11:51:22,195 - INFO - [MISSING] HMG: 2025-07-15 - 2025-07-17 (2 gün)
2025-07-17 11:51:22,195 - INFO - [MISSING] HML: 2025-07-15 - 2025-07-17 (2 gün)
2025-07-17 11:51:22,196 - INFO - [MISSING] HMS: 2025-07-15 - 2025-07-17 (2 gün)
2025-07-17 11:51:22,196 - INFO - [MISSING] HNC: 2025-07-15 - 2025-07-17 (2 gün)
2025-07-17 11:51:22,196 - INFO - [MISSING] HOA: 2025-07-15 - 2025-07-17 (2 gün)
2025-07-17 11:51:22,196 - INFO - [MISSING] HOY: 2025-07-15 - 2025-07-17 (2 gün)
2025-07-17 11:51:22,196 - INFO - [MISSING] HP3: 2025-07-15 - 2025-07-17 (2 gün)
2025-07-17 11:51:22,196 - INFO - [MISSING] HPD: 2025-07-15 - 2025-07-17 (2 gün)
2025-07-17 11:51:22,196 - INFO - [MISSING] HPH: 2025-07-15 - 2025-07-17 (2 gün)
2025-07-17 11:51:22,196 - INFO - [MISSING] HPO: 2025-07-15 - 2025-07-17 (2 gün)
2025-07-17 11:51:22,196 - INFO - [MISSING] HPT: 2025-07-15 - 2025-07-17 (2 gün)
2025-07-17 11:51:22,197 - INFO - [MISSING] HRZ: 2025-07-15 - 2025-07-17 (2 gün)
2025-07-17 11:51:22,197 - INFO - [MISSING] HSA: 2025-07-15 - 2025-07-17 (2 gün)
2025-07-17 11:51:22,197 - INFO - [MISSING] HSL: 2025-07-15 - 2025-07-17 (2 gün)
2025-07-17 11:51:22,197 - INFO - [MISSING] HST: 2025-07-15 - 2025-07-17 (2 gün)
2025-07-17 11:51:22,197 - INFO - [MISSING] HTJ: 2025-07-15 - 2025-07-17 (2 gün)
2025-07-17 11:51:22,197 - INFO - [MISSING] HVK: 2025-07-15 - 2025-07-17 (2 gün)
2025-07-17 11:51:22,198 - INFO - [MISSING] HVS: 2025-07-15 - 2025-07-17 (2 gün)
2025-07-17 11:51:22,198 - INFO - [MISSING] HVT: 2025-07-15 - 2025-07-17 (2 gün)
2025-07-17 11:51:22,198 - INFO - [MISSING] HVU: 2025-07-15 - 2025-07-17 (2 gün)
2025-07-17 11:51:22,198 - INFO - [MISSING] HVZ: 2025-07-15 - 2025-07-17 (2 gün)
2025-07-17 11:51:22,198 - INFO - [MISSING] HYP: 2025-07-15 - 2025-07-17 (2 gün)
2025-07-17 11:51:22,198 - INFO - [MISSING] HYU: 2025-07-15 - 2025-07-17 (2 gün)
2025-07-17 11:51:22,198 - INFO - [MISSING] HYV: 2025-07-15 - 2025-07-17 (2 gün)
2025-07-17 11:51:22,199 - INFO - [MISSING] IAE: 2025-07-15 - 2025-07-17 (2 gün)
2025-07-17 11:51:22,199 - INFO - [MISSING] IAM: 2025-07-15 - 2025-07-17 (2 gün)
2025-07-17 11:51:22,199 - INFO - [MISSING] IAT: 2025-07-15 - 2025-07-17 (2 gün)
2025-07-17 11:51:22,199 - INFO - [MISSING] IAU: 2025-07-15 - 2025-07-17 (2 gün)
2025-07-17 11:51:22,199 - INFO - [MISSING] IAY: 2025-07-15 - 2025-07-17 (2 gün)
2025-07-17 11:51:22,199 - INFO - [MISSING] IBB: 2025-07-15 - 2025-07-17 (2 gün)
2025-07-17 11:51:22,199 - INFO - [MISSING] ICA: 2025-07-15 - 2025-07-17 (2 gün)
2025-07-17 11:51:22,200 - INFO - [MISSING] ICC: 2025-07-15 - 2025-07-17 (2 gün)
2025-07-17 11:51:22,200 - INFO - [MISSING] ICD: 2025-07-15 - 2025-07-17 (2 gün)
2025-07-17 11:51:22,200 - INFO - [MISSING] ICE: 2025-07-15 - 2025-07-17 (2 gün)
2025-07-17 11:51:22,200 - INFO - [MISSING] ICF: 2025-07-15 - 2025-07-17 (2 gün)
2025-07-17 11:51:22,200 - INFO - [MISSING] ICH: 2025-07-15 - 2025-07-17 (2 gün)
2025-07-17 11:51:22,200 - INFO - [MISSING] ICS: 2025-07-15 - 2025-07-17 (2 gün)
2025-07-17 11:51:22,200 - INFO - [MISSING] ICV: 2025-07-15 - 2025-07-17 (2 gün)
2025-07-17 11:51:22,201 - INFO - [MISSING] ICZ: 2025-07-15 - 2025-07-17 (2 gün)
2025-07-17 11:51:22,201 - INFO - [MISSING] IDD: 2025-07-15 - 2025-07-17 (2 gün)
2025-07-17 11:51:22,201 - INFO - [MISSING] IDF: 2025-07-15 - 2025-07-17 (2 gün)
2025-07-17 11:51:22,201 - INFO - [MISSING] IDH: 2025-07-15 - 2025-07-17 (2 gün)
2025-07-17 11:51:22,201 - INFO - [MISSING] IDI: 2025-07-15 - 2025-07-17 (2 gün)
2025-07-17 11:51:22,201 - INFO - [MISSING] IDL: 2025-07-15 - 2025-07-17 (2 gün)
2025-07-17 11:51:22,202 - INFO - [MISSING] IDO: 2025-07-15 - 2025-07-17 (2 gün)
2025-07-17 11:51:22,202 - INFO - [MISSING] IDY: 2025-07-15 - 2025-07-17 (2 gün)
2025-07-17 11:51:22,202 - INFO - [MISSING] IEV: 2025-07-15 - 2025-07-17 (2 gün)
2025-07-17 11:51:22,202 - INFO - [MISSING] IFN: 2025-07-15 - 2025-07-17 (2 gün)
2025-07-17 11:51:22,202 - INFO - [MISSING] IFV: 2025-07-15 - 2025-07-17 (2 gün)
2025-07-17 11:51:22,202 - INFO - [MISSING] IHA: 2025-07-15 - 2025-07-17 (2 gün)
2025-07-17 11:51:22,202 - INFO - [MISSING] IHC: 2025-07-15 - 2025-07-17 (2 gün)
2025-07-17 11:51:22,202 - INFO - [MISSING] IHK: 2025-07-15 - 2025-07-17 (2 gün)
2025-07-17 11:51:22,203 - INFO - [MISSING] IHP: 2025-07-15 - 2025-07-17 (2 gün)
2025-07-17 11:51:22,203 - INFO - [MISSING] IHT: 2025-07-15 - 2025-07-17 (2 gün)
2025-07-17 11:51:22,203 - INFO - [MISSING] IHZ: 2025-07-15 - 2025-07-17 (2 gün)
2025-07-17 11:51:22,203 - INFO - [MISSING] IIE: 2025-07-15 - 2025-07-17 (2 gün)
2025-07-17 11:51:22,203 - INFO - [MISSING] IIH: 2025-07-15 - 2025-07-17 (2 gün)
2025-07-17 11:51:22,203 - INFO - [MISSING] IJA: 2025-07-15 - 2025-07-17 (2 gün)
2025-07-17 11:51:22,203 - INFO - [MISSING] IJB: 2025-07-15 - 2025-07-17 (2 gün)
2025-07-17 11:51:22,203 - INFO - [MISSING] IJC: 2025-07-15 - 2025-07-17 (2 gün)
2025-07-17 11:51:22,204 - INFO - [MISSING] IJH: 2025-07-15 - 2025-07-17 (2 gün)
2025-07-17 11:51:22,204 - INFO - [MISSING] IJP: 2025-07-15 - 2025-07-17 (2 gün)
2025-07-17 11:51:22,204 - INFO - [MISSING] IJT: 2025-07-15 - 2025-07-17 (2 gün)
2025-07-17 11:51:22,204 - INFO - [MISSING] IJV: 2025-07-15 - 2025-07-17 (2 gün)
2025-07-17 11:51:22,204 - INFO - [MISSING] IJZ: 2025-07-15 - 2025-07-17 (2 gün)
2025-07-17 11:51:22,204 - INFO - [MISSING] IKL: 2025-07-15 - 2025-07-17 (2 gün)
2025-07-17 11:51:22,204 - INFO - [MISSING] IKP: 2025-07-15 - 2025-07-17 (2 gün)
2025-07-17 11:51:22,205 - INFO - [MISSING] IKV: 2025-07-15 - 2025-07-17 (2 gün)
2025-07-17 11:51:22,205 - INFO - [MISSING] ILZ: 2025-07-15 - 2025-07-17 (2 gün)
2025-07-17 11:51:22,205 - INFO - [MISSING] IMB: 2025-07-15 - 2025-07-17 (2 gün)
2025-07-17 11:51:22,205 - INFO - [MISSING] IMF: 2025-07-15 - 2025-07-17 (2 gün)
2025-07-17 11:51:22,205 - INFO - [MISSING] IML: 2025-07-15 - 2025-07-17 (2 gün)
2025-07-17 11:51:22,205 - INFO - [MISSING] IOG: 2025-07-15 - 2025-07-17 (2 gün)
2025-07-17 11:51:22,205 - INFO - [MISSING] IOO: 2025-07-15 - 2025-07-17 (2 gün)
2025-07-17 11:51:22,206 - INFO - [MISSING] IPB: 2025-07-15 - 2025-07-17 (2 gün)
2025-07-17 11:51:22,206 - INFO - [MISSING] IPG: 2025-07-15 - 2025-07-17 (2 gün)
2025-07-17 11:51:22,206 - INFO - [MISSING] IPJ: 2025-07-15 - 2025-07-17 (2 gün)
2025-07-17 11:51:22,206 - INFO - [MISSING] IPV: 2025-07-15 - 2025-07-17 (2 gün)
2025-07-17 11:51:22,206 - INFO - [MISSING] IRF: 2025-07-15 - 2025-07-17 (2 gün)
2025-07-17 11:51:22,206 - INFO - [MISSING] IRO: 2025-07-15 - 2025-07-17 (2 gün)
2025-07-17 11:51:22,206 - INFO - [MISSING] IRT: 2025-07-15 - 2025-07-17 (2 gün)
2025-07-17 11:51:22,206 - INFO - [MISSING] IRV: 2025-07-15 - 2025-07-17 (2 gün)
2025-07-17 11:51:22,207 - INFO - [MISSING] IRY: 2025-07-15 - 2025-07-17 (2 gün)
2025-07-17 11:51:22,207 - INFO - [MISSING] IST: 2025-07-15 - 2025-07-17 (2 gün)
2025-07-17 11:51:22,207 - INFO - [MISSING] ITP: 2025-07-15 - 2025-07-17 (2 gün)
2025-07-17 11:51:22,207 - INFO - [MISSING] IUF: 2025-07-15 - 2025-07-17 (2 gün)
2025-07-17 11:51:22,207 - INFO - [MISSING] IUH: 2025-07-15 - 2025-07-17 (2 gün)
2025-07-17 11:51:22,207 - INFO - [MISSING] IUV: 2025-07-15 - 2025-07-17 (2 gün)
2025-07-17 11:51:22,208 - INFO - [MISSING] IV8: 2025-07-15 - 2025-07-17 (2 gün)
2025-07-17 11:51:22,208 - INFO - [MISSING] IVF: 2025-07-15 - 2025-07-17 (2 gün)
2025-07-17 11:51:22,208 - INFO - [MISSING] IVY: 2025-07-15 - 2025-07-17 (2 gün)
2025-07-17 11:51:22,208 - INFO - [MISSING] IYB: 2025-07-15 - 2025-07-17 (2 gün)
2025-07-17 11:51:22,208 - INFO - [MISSING] IZB: 2025-07-15 - 2025-07-17 (2 gün)
2025-07-17 11:51:22,208 - INFO - [MISSING] IZF: 2025-07-15 - 2025-07-17 (2 gün)
2025-07-17 11:51:22,208 - INFO - [MISSING] IZS: 2025-07-15 - 2025-07-17 (2 gün)
2025-07-17 11:51:22,209 - INFO - [MISSING] JET: 2025-07-15 - 2025-07-17 (2 gün)
2025-07-17 11:51:22,209 - INFO - [MISSING] JUP: 2025-07-15 - 2025-07-17 (2 gün)
2025-07-17 11:51:22,209 - INFO - [MISSING] KAV: 2025-07-15 - 2025-07-17 (2 gün)
2025-07-17 11:51:22,209 - INFO - [MISSING] KCL: 2025-07-15 - 2025-07-17 (2 gün)
2025-07-17 11:51:22,209 - INFO - [MISSING] KCV: 2025-07-15 - 2025-07-17 (2 gün)
2025-07-17 11:51:22,209 - INFO - [MISSING] KDE: 2025-07-15 - 2025-07-17 (2 gün)
2025-07-17 11:51:22,209 - INFO - [MISSING] KDL: 2025-07-15 - 2025-07-17 (2 gün)
2025-07-17 11:51:22,209 - INFO - [MISSING] KDT: 2025-07-15 - 2025-07-17 (2 gün)
2025-07-17 11:51:22,210 - INFO - [MISSING] KGM: 2025-07-15 - 2025-07-17 (2 gün)
2025-07-17 11:51:22,210 - INFO - [MISSING] KHA: 2025-07-15 - 2025-07-17 (2 gün)
2025-07-17 11:51:22,210 - INFO - [MISSING] KHB: 2025-07-15 - 2025-07-17 (2 gün)
2025-07-17 11:51:22,210 - INFO - [MISSING] KHC: 2025-07-15 - 2025-07-17 (2 gün)
2025-07-17 11:51:22,210 - INFO - [MISSING] KHJ: 2025-07-15 - 2025-07-17 (2 gün)
2025-07-17 11:51:22,210 - INFO - [MISSING] KHT: 2025-07-15 - 2025-07-17 (2 gün)
2025-07-17 11:51:22,210 - INFO - [MISSING] KIA: 2025-07-15 - 2025-07-17 (2 gün)
2025-07-17 11:51:22,210 - INFO - [MISSING] KIB: 2025-07-15 - 2025-07-17 (2 gün)
2025-07-17 11:51:22,211 - INFO - [MISSING] KID: 2025-07-15 - 2025-07-17 (2 gün)
2025-07-17 11:51:22,211 - INFO - [MISSING] KIE: 2025-07-15 - 2025-07-17 (2 gün)
2025-07-17 11:51:22,211 - INFO - [MISSING] KIF: 2025-07-15 - 2025-07-17 (2 gün)
2025-07-17 11:51:22,211 - INFO - [MISSING] KIH: 2025-07-15 - 2025-07-17 (2 gün)
2025-07-17 11:51:22,211 - INFO - [MISSING] KIS: 2025-07-15 - 2025-07-17 (2 gün)
2025-07-17 11:51:22,211 - INFO - [MISSING] KKC: 2025-07-15 - 2025-07-17 (2 gün)
2025-07-17 11:51:22,211 - INFO - [MISSING] KKH: 2025-07-15 - 2025-07-17 (2 gün)
2025-07-17 11:51:22,212 - INFO - [MISSING] KKL: 2025-07-15 - 2025-07-17 (2 gün)
2025-07-17 11:51:22,212 - INFO - [MISSING] KLH: 2025-07-15 - 2025-07-17 (2 gün)
2025-07-17 11:51:22,212 - INFO - [MISSING] KLS: 2025-07-15 - 2025-07-17 (2 gün)
2025-07-17 11:51:22,212 - INFO - [MISSING] KLU: 2025-07-15 - 2025-07-17 (2 gün)
2025-07-17 11:51:22,212 - INFO - [MISSING] KME: 2025-07-15 - 2025-07-17 (2 gün)
2025-07-17 11:51:22,212 - INFO - [MISSING] KMF: 2025-07-15 - 2025-07-17 (2 gün)
2025-07-17 11:51:22,212 - INFO - [MISSING] KNJ: 2025-07-15 - 2025-07-17 (2 gün)
2025-07-17 11:51:22,212 - INFO - [MISSING] KOT: 2025-07-15 - 2025-07-17 (2 gün)
2025-07-17 11:51:22,213 - INFO - [MISSING] KP3: 2025-07-15 - 2025-07-17 (2 gün)
2025-07-17 11:51:22,213 - INFO - [MISSING] KPA: 2025-07-15 - 2025-07-17 (2 gün)
2025-07-17 11:51:22,213 - INFO - [MISSING] KPC: 2025-07-15 - 2025-07-17 (2 gün)
2025-07-17 11:51:22,213 - INFO - [MISSING] KPD: 2025-07-15 - 2025-07-17 (2 gün)
2025-07-17 11:51:22,213 - INFO - [MISSING] KPF: 2025-07-15 - 2025-07-17 (2 gün)
2025-07-17 11:51:22,213 - INFO - [MISSING] KPH: 2025-07-15 - 2025-07-17 (2 gün)
2025-07-17 11:51:22,213 - INFO - [MISSING] KPP: 2025-07-15 - 2025-07-17 (2 gün)
2025-07-17 11:51:22,213 - INFO - [MISSING] KPU: 2025-07-15 - 2025-07-17 (2 gün)
2025-07-17 11:51:22,214 - INFO - [MISSING] KRA: 2025-07-15 - 2025-07-17 (2 gün)
2025-07-17 11:51:22,214 - INFO - [MISSING] KRC: 2025-07-15 - 2025-07-17 (2 gün)
2025-07-17 11:51:22,214 - INFO - [MISSING] KRF: 2025-07-15 - 2025-07-17 (2 gün)
2025-07-17 11:51:22,214 - INFO - [MISSING] KRS: 2025-07-15 - 2025-07-17 (2 gün)
2025-07-17 11:51:22,214 - INFO - [MISSING] KRT: 2025-07-15 - 2025-07-17 (2 gün)
2025-07-17 11:51:22,214 - INFO - [MISSING] KSA: 2025-07-15 - 2025-07-17 (2 gün)
2025-07-17 11:51:22,215 - INFO - [MISSING] KSK: 2025-07-15 - 2025-07-17 (2 gün)
2025-07-17 11:51:22,215 - INFO - [MISSING] KSR: 2025-07-15 - 2025-07-17 (2 gün)
2025-07-17 11:51:22,215 - INFO - [MISSING] KST: 2025-07-15 - 2025-07-17 (2 gün)
2025-07-17 11:51:22,215 - INFO - [MISSING] KSV: 2025-07-15 - 2025-07-17 (2 gün)
2025-07-17 11:51:22,215 - INFO - [MISSING] KTI: 2025-07-15 - 2025-07-17 (2 gün)
2025-07-17 11:51:22,215 - INFO - [MISSING] KTJ: 2025-07-15 - 2025-07-17 (2 gün)
2025-07-17 11:51:22,215 - INFO - [MISSING] KTM: 2025-07-15 - 2025-07-17 (2 gün)
2025-07-17 11:51:22,216 - INFO - [MISSING] KTN: 2025-07-15 - 2025-07-17 (2 gün)
2025-07-17 11:51:22,216 - INFO - [MISSING] KTR: 2025-07-15 - 2025-07-17 (2 gün)
2025-07-17 11:51:22,216 - INFO - [MISSING] KTS: 2025-07-15 - 2025-07-17 (2 gün)
2025-07-17 11:51:22,216 - INFO - [MISSING] KTT: 2025-07-15 - 2025-07-17 (2 gün)
2025-07-17 11:51:22,216 - INFO - [MISSING] KTV: 2025-07-15 - 2025-07-17 (2 gün)
2025-07-17 11:51:22,216 - INFO - [MISSING] KUA: 2025-07-15 - 2025-07-17 (2 gün)
2025-07-17 11:51:22,216 - INFO - [MISSING] KUB: 2025-07-15 - 2025-07-17 (2 gün)
2025-07-17 11:51:22,216 - INFO - [MISSING] KUD: 2025-07-15 - 2025-07-17 (2 gün)
2025-07-17 11:51:22,216 - INFO - [MISSING] KUT: 2025-07-15 - 2025-07-17 (2 gün)
2025-07-17 11:51:22,216 - INFO - [MISSING] KVS: 2025-07-15 - 2025-07-17 (2 gün)
2025-07-17 11:51:22,217 - INFO - [MISSING] KVT: 2025-07-15 - 2025-07-17 (2 gün)
2025-07-17 11:51:22,217 - INFO - [MISSING] KYA: 2025-07-15 - 2025-07-17 (2 gün)
2025-07-17 11:51:22,217 - INFO - [MISSING] KYS: 2025-07-15 - 2025-07-17 (2 gün)
2025-07-17 11:51:22,217 - INFO - [MISSING] KZL: 2025-07-15 - 2025-07-17 (2 gün)
2025-07-17 11:51:22,217 - INFO - [MISSING] KZU: 2025-07-15 - 2025-07-17 (2 gün)
2025-07-17 11:51:22,217 - INFO - [MISSING] LID: 2025-07-15 - 2025-07-17 (2 gün)
2025-07-17 11:51:22,217 - INFO - [MISSING] LLA: 2025-07-15 - 2025-07-17 (2 gün)
2025-07-17 11:51:22,217 - INFO - [MISSING] LPH: 2025-07-15 - 2025-07-17 (2 gün)
2025-07-17 11:51:22,217 - INFO - [MISSING] MAC: 2025-07-15 - 2025-07-17 (2 gün)
2025-07-17 11:51:22,217 - INFO - [MISSING] MAD: 2025-07-15 - 2025-07-17 (2 gün)
2025-07-17 11:51:22,218 - INFO - [MISSING] MBL: 2025-07-15 - 2025-07-17 (2 gün)
2025-07-17 11:51:22,218 - INFO - [MISSING] MBR: 2025-07-15 - 2025-07-17 (2 gün)
2025-07-17 11:51:22,218 - INFO - [MISSING] MD1: 2025-07-15 - 2025-07-17 (2 gün)
2025-07-17 11:51:22,218 - INFO - [MISSING] MD2: 2025-07-15 - 2025-07-17 (2 gün)
2025-07-17 11:51:22,218 - INFO - [MISSING] MET: 2025-07-15 - 2025-07-17 (2 gün)
2025-07-17 11:51:22,218 - INFO - [MISSING] MGB: 2025-07-15 - 2025-07-17 (2 gün)
2025-07-17 11:51:22,218 - INFO - [MISSING] MGH: 2025-07-15 - 2025-07-17 (2 gün)
2025-07-17 11:51:22,219 - INFO - [MISSING] MHF: 2025-07-15 - 2025-07-17 (2 gün)
2025-07-17 11:51:22,219 - INFO - [MISSING] MJB: 2025-07-15 - 2025-07-17 (2 gün)
2025-07-17 11:51:22,219 - INFO - [MISSING] MJG: 2025-07-15 - 2025-07-17 (2 gün)
2025-07-17 11:51:22,219 - INFO - [MISSING] MJL: 2025-07-15 - 2025-07-17 (2 gün)
2025-07-17 11:51:22,219 - INFO - [MISSING] MKA: 2025-07-15 - 2025-07-17 (2 gün)
2025-07-17 11:51:22,219 - INFO - [MISSING] MKG: 2025-07-15 - 2025-07-17 (2 gün)
2025-07-17 11:51:22,219 - INFO - [MISSING] MMH: 2025-07-15 - 2025-07-17 (2 gün)
2025-07-17 11:51:22,219 - INFO - [MISSING] MPF: 2025-07-15 - 2025-07-17 (2 gün)
2025-07-17 11:51:22,220 - INFO - [MISSING] MPK: 2025-07-15 - 2025-07-17 (2 gün)
2025-07-17 11:51:22,220 - INFO - [MISSING] MPL: 2025-07-15 - 2025-07-17 (2 gün)
2025-07-17 11:51:22,220 - INFO - [MISSING] MPN: 2025-07-15 - 2025-07-17 (2 gün)
2025-07-17 11:51:22,220 - INFO - [MISSING] MPP: 2025-07-15 - 2025-07-17 (2 gün)
2025-07-17 11:51:22,220 - INFO - [MISSING] MPS: 2025-07-15 - 2025-07-17 (2 gün)
2025-07-17 11:51:22,220 - INFO - [MISSING] MRI: 2025-07-15 - 2025-07-17 (2 gün)
2025-07-17 11:51:22,220 - INFO - [MISSING] MT1: 2025-07-15 - 2025-07-17 (2 gün)
2025-07-17 11:51:22,221 - INFO - [MISSING] MTF: 2025-07-15 - 2025-07-17 (2 gün)
2025-07-17 11:51:22,221 - INFO - [MISSING] MTG: 2025-07-15 - 2025-07-17 (2 gün)
2025-07-17 11:51:22,221 - INFO - [MISSING] MTH: 2025-07-15 - 2025-07-17 (2 gün)
2025-07-17 11:51:22,221 - INFO - [MISSING] MTK: 2025-07-15 - 2025-07-17 (2 gün)
2025-07-17 11:51:22,221 - INFO - [MISSING] MTS: 2025-07-15 - 2025-07-17 (2 gün)
2025-07-17 11:51:22,221 - INFO - [MISSING] MTV: 2025-07-15 - 2025-07-17 (2 gün)
2025-07-17 11:51:22,221 - INFO - [MISSING] MTX: 2025-07-15 - 2025-07-17 (2 gün)
2025-07-17 11:51:22,221 - INFO - [MISSING] MUT: 2025-07-15 - 2025-07-17 (2 gün)
2025-07-17 11:51:22,221 - INFO - [MISSING] NAU: 2025-07-15 - 2025-07-17 (2 gün)
2025-07-17 11:51:22,221 - INFO - [MISSING] NBH: 2025-07-15 - 2025-07-17 (2 gün)
2025-07-17 11:51:22,222 - INFO - [MISSING] NBZ: 2025-07-15 - 2025-07-17 (2 gün)
2025-07-17 11:51:22,222 - INFO - [MISSING] NCS: 2025-07-15 - 2025-07-17 (2 gün)
2025-07-17 11:51:22,222 - INFO - [MISSING] NFF: 2025-07-15 - 2025-07-17 (2 gün)
2025-07-17 11:51:22,222 - INFO - [MISSING] NHP: 2025-07-15 - 2025-07-17 (2 gün)
2025-07-17 11:51:22,222 - INFO - [MISSING] NHY: 2025-07-15 - 2025-07-17 (2 gün)
2025-07-17 11:51:22,222 - INFO - [MISSING] NJF: 2025-07-15 - 2025-07-17 (2 gün)
2025-07-17 11:51:22,222 - INFO - [MISSING] NJR: 2025-07-15 - 2025-07-17 (2 gün)
2025-07-17 11:51:22,222 - INFO - [MISSING] NJY: 2025-07-15 - 2025-07-17 (2 gün)
2025-07-17 11:51:22,223 - INFO - [MISSING] NKA: 2025-07-15 - 2025-07-17 (2 gün)
2025-07-17 11:51:22,223 - INFO - [MISSING] NLE: 2025-07-15 - 2025-07-17 (2 gün)
2025-07-17 11:51:22,223 - INFO - [MISSING] NLK: 2025-07-15 - 2025-07-17 (2 gün)
2025-07-17 11:51:22,223 - INFO - [MISSING] NME: 2025-07-15 - 2025-07-17 (2 gün)
2025-07-17 11:51:22,223 - INFO - [MISSING] NNF: 2025-07-15 - 2025-07-17 (2 gün)
2025-07-17 11:51:22,223 - INFO - [MISSING] NPH: 2025-07-15 - 2025-07-17 (2 gün)
2025-07-17 11:51:22,223 - INFO - [MISSING] NRC: 2025-07-15 - 2025-07-17 (2 gün)
2025-07-17 11:51:22,223 - INFO - [MISSING] NRG: 2025-07-15 - 2025-07-17 (2 gün)
2025-07-17 11:51:22,223 - INFO - [MISSING] NSA: 2025-07-15 - 2025-07-17 (2 gün)
2025-07-17 11:51:22,224 - INFO - [MISSING] NSD: 2025-07-15 - 2025-07-17 (2 gün)
2025-07-17 11:51:22,224 - INFO - [MISSING] NSH: 2025-07-15 - 2025-07-17 (2 gün)
2025-07-17 11:51:22,224 - INFO - [MISSING] NSK: 2025-07-15 - 2025-07-17 (2 gün)
2025-07-17 11:51:22,224 - INFO - [MISSING] NSP: 2025-07-15 - 2025-07-17 (2 gün)
2025-07-17 11:51:22,224 - INFO - [MISSING] NUB: 2025-07-15 - 2025-07-17 (2 gün)
2025-07-17 11:51:22,224 - INFO - [MISSING] NVB: 2025-07-15 - 2025-07-17 (2 gün)
2025-07-17 11:51:22,224 - INFO - [MISSING] NVC: 2025-07-15 - 2025-07-17 (2 gün)
2025-07-17 11:51:22,225 - INFO - [MISSING] NVK: 2025-07-15 - 2025-07-17 (2 gün)
2025-07-17 11:51:22,225 - INFO - [MISSING] NVT: 2025-07-15 - 2025-07-17 (2 gün)
2025-07-17 11:51:22,225 - INFO - [MISSING] NVZ: 2025-07-15 - 2025-07-17 (2 gün)
2025-07-17 11:51:22,225 - INFO - [MISSING] NZH: 2025-07-15 - 2025-07-17 (2 gün)
2025-07-17 11:51:22,225 - INFO - [MISSING] NZT: 2025-07-15 - 2025-07-17 (2 gün)
2025-07-17 11:51:22,225 - INFO - [MISSING] NZU: 2025-07-15 - 2025-07-17 (2 gün)
2025-07-17 11:51:22,226 - INFO - [MISSING] OBI: 2025-07-15 - 2025-07-17 (2 gün)
2025-07-17 11:51:22,226 - INFO - [MISSING] OBP: 2025-07-15 - 2025-07-17 (2 gün)
2025-07-17 11:51:22,226 - INFO - [MISSING] ODD: 2025-07-15 - 2025-07-17 (2 gün)
2025-07-17 11:51:22,226 - INFO - [MISSING] ODP: 2025-07-15 - 2025-07-17 (2 gün)
2025-07-17 11:51:22,226 - INFO - [MISSING] ODS: 2025-07-15 - 2025-07-17 (2 gün)
2025-07-17 11:51:22,226 - INFO - [MISSING] ODV: 2025-07-15 - 2025-07-17 (2 gün)
2025-07-17 11:51:22,226 - INFO - [MISSING] OFI: 2025-07-15 - 2025-07-17 (2 gün)
2025-07-17 11:51:22,226 - INFO - [MISSING] OFS: 2025-07-15 - 2025-07-17 (2 gün)
2025-07-17 11:51:22,227 - INFO - [MISSING] OGD: 2025-07-15 - 2025-07-17 (2 gün)
2025-07-17 11:51:22,227 - INFO - [MISSING] OHB: 2025-07-15 - 2025-07-17 (2 gün)
2025-07-17 11:51:22,227 - INFO - [MISSING] OHK: 2025-07-15 - 2025-07-17 (2 gün)
2025-07-17 11:51:22,227 - INFO - [MISSING] OIL: 2025-07-15 - 2025-07-17 (2 gün)
2025-07-17 11:51:22,227 - INFO - [MISSING] OIR: 2025-07-15 - 2025-07-17 (2 gün)
2025-07-17 11:51:22,227 - INFO - [MISSING] OJB: 2025-07-15 - 2025-07-17 (2 gün)
2025-07-17 11:51:22,227 - INFO - [MISSING] OJK: 2025-07-15 - 2025-07-17 (2 gün)
2025-07-17 11:51:22,228 - INFO - [MISSING] OJT: 2025-07-15 - 2025-07-17 (2 gün)
2025-07-17 11:51:22,228 - INFO - [MISSING] OKD: 2025-07-15 - 2025-07-17 (2 gün)
2025-07-17 11:51:22,228 - INFO - [MISSING] OKP: 2025-07-15 - 2025-07-17 (2 gün)
2025-07-17 11:51:22,228 - INFO - [MISSING] OKT: 2025-07-15 - 2025-07-17 (2 gün)
2025-07-17 11:51:22,228 - INFO - [MISSING] OLA: 2025-07-15 - 2025-07-17 (2 gün)
2025-07-17 11:51:22,228 - INFO - [MISSING] OLD: 2025-07-15 - 2025-07-17 (2 gün)
2025-07-17 11:51:22,228 - INFO - [MISSING] OLE: 2025-07-15 - 2025-07-17 (2 gün)
2025-07-17 11:51:22,228 - INFO - [MISSING] OMG: 2025-07-15 - 2025-07-17 (2 gün)
2025-07-17 11:51:22,228 - INFO - [MISSING] ONE: 2025-07-15 - 2025-07-17 (2 gün)
2025-07-17 11:51:22,229 - INFO - [MISSING] ONK: 2025-07-15 - 2025-07-17 (2 gün)
2025-07-17 11:51:22,229 - INFO - [MISSING] ONN: 2025-07-15 - 2025-07-17 (2 gün)
2025-07-17 11:51:22,229 - INFO - [MISSING] ONS: 2025-07-15 - 2025-07-17 (2 gün)
2025-07-17 11:51:22,229 - INFO - [MISSING] OPB: 2025-07-15 - 2025-07-17 (2 gün)
2025-07-17 11:51:22,229 - INFO - [MISSING] OPD: 2025-07-15 - 2025-07-17 (2 gün)
2025-07-17 11:51:22,229 - INFO - [MISSING] OPF: 2025-07-15 - 2025-07-17 (2 gün)
2025-07-17 11:51:22,229 - INFO - [MISSING] OPH: 2025-07-15 - 2025-07-17 (2 gün)
2025-07-17 11:51:22,229 - INFO - [MISSING] OPI: 2025-07-15 - 2025-07-17 (2 gün)
2025-07-17 11:51:22,229 - INFO - [MISSING] OPL: 2025-07-15 - 2025-07-17 (2 gün)
2025-07-17 11:51:22,230 - INFO - [MISSING] ORC: 2025-07-15 - 2025-07-17 (2 gün)
2025-07-17 11:51:22,230 - INFO - [MISSING] OSD: 2025-07-15 - 2025-07-17 (2 gün)
2025-07-17 11:51:22,230 - INFO - [MISSING] OSL: 2025-07-15 - 2025-07-17 (2 gün)
2025-07-17 11:51:22,230 - INFO - [MISSING] OTJ: 2025-07-15 - 2025-07-17 (2 gün)
2025-07-17 11:51:22,230 - INFO - [MISSING] OTK: 2025-07-15 - 2025-07-17 (2 gün)
2025-07-17 11:51:22,230 - INFO - [MISSING] OTM: 2025-07-15 - 2025-07-17 (2 gün)
2025-07-17 11:51:22,230 - INFO - [MISSING] OUD: 2025-07-15 - 2025-07-17 (2 gün)
2025-07-17 11:51:22,231 - INFO - [MISSING] OVD: 2025-07-15 - 2025-07-17 (2 gün)
2025-07-17 11:51:22,231 - INFO - [MISSING] PAF: 2025-07-15 - 2025-07-17 (2 gün)
2025-07-17 11:51:22,231 - INFO - [MISSING] PAL: 2025-07-15 - 2025-07-17 (2 gün)
2025-07-17 11:51:22,231 - INFO - [MISSING] PAO: 2025-07-15 - 2025-07-17 (2 gün)
2025-07-17 11:51:22,231 - INFO - [MISSING] PBI: 2025-07-15 - 2025-07-17 (2 gün)
2025-07-17 11:51:22,231 - INFO - [MISSING] PBK: 2025-07-15 - 2025-07-17 (2 gün)
2025-07-17 11:51:22,231 - INFO - [MISSING] PBN: 2025-07-15 - 2025-07-17 (2 gün)
2025-07-17 11:51:22,232 - INFO - [MISSING] PBR: 2025-07-15 - 2025-07-17 (2 gün)
2025-07-17 11:51:22,232 - INFO - [MISSING] PDD: 2025-07-15 - 2025-07-17 (2 gün)
2025-07-17 11:51:22,232 - INFO - [MISSING] PDF: 2025-07-15 - 2025-07-17 (2 gün)
2025-07-17 11:51:22,232 - INFO - [MISSING] PEA: 2025-07-15 - 2025-07-17 (2 gün)
2025-07-17 11:51:22,232 - INFO - [MISSING] PFO: 2025-07-15 - 2025-07-17 (2 gün)
2025-07-17 11:51:22,232 - INFO - [MISSING] PFS: 2025-07-15 - 2025-07-17 (2 gün)
2025-07-17 11:51:22,232 - INFO - [MISSING] PGD: 2025-07-15 - 2025-07-17 (2 gün)
2025-07-17 11:51:22,232 - INFO - [MISSING] PGS: 2025-07-15 - 2025-07-17 (2 gün)
2025-07-17 11:51:22,233 - INFO - [MISSING] PHE: 2025-07-15 - 2025-07-17 (2 gün)
2025-07-17 11:51:22,233 - INFO - [MISSING] PHI: 2025-07-15 - 2025-07-17 (2 gün)
2025-07-17 11:51:22,233 - INFO - [MISSING] PHK: 2025-07-15 - 2025-07-17 (2 gün)
2025-07-17 11:51:22,233 - INFO - [MISSING] PID: 2025-07-15 - 2025-07-17 (2 gün)
2025-07-17 11:51:22,233 - INFO - [MISSING] PIL: 2025-07-15 - 2025-07-17 (2 gün)
2025-07-17 11:51:22,233 - INFO - [MISSING] PIP: 2025-07-15 - 2025-07-17 (2 gün)
2025-07-17 11:51:22,233 - INFO - [MISSING] PIR: 2025-07-15 - 2025-07-17 (2 gün)
2025-07-17 11:51:22,233 - INFO - [MISSING] PJL: 2025-07-15 - 2025-07-17 (2 gün)
2025-07-17 11:51:22,233 - INFO - [MISSING] PKD: 2025-07-15 - 2025-07-17 (2 gün)
2025-07-17 11:51:22,233 - INFO - [MISSING] PKF: 2025-07-15 - 2025-07-17 (2 gün)
2025-07-17 11:51:22,233 - INFO - [MISSING] PKR: 2025-07-15 - 2025-07-17 (2 gün)
2025-07-17 11:51:22,234 - INFO - [MISSING] PKT: 2025-07-15 - 2025-07-17 (2 gün)
2025-07-17 11:51:22,234 - INFO - [MISSING] PKV: 2025-07-15 - 2025-07-17 (2 gün)
2025-07-17 11:51:22,234 - INFO - [MISSING] PLR: 2025-07-15 - 2025-07-17 (2 gün)
2025-07-17 11:51:22,234 - INFO - [MISSING] PMP: 2025-07-15 - 2025-07-17 (2 gün)
2025-07-17 11:51:22,234 - INFO - [MISSING] POS: 2025-07-15 - 2025-07-17 (2 gün)
2025-07-17 11:51:22,234 - INFO - [MISSING] PP1: 2025-07-15 - 2025-07-17 (2 gün)
2025-07-17 11:51:22,234 - INFO - [MISSING] PPB: 2025-07-15 - 2025-07-17 (2 gün)
2025-07-17 11:51:22,234 - INFO - [MISSING] PPE: 2025-07-15 - 2025-07-17 (2 gün)
2025-07-17 11:51:22,235 - INFO - [MISSING] PPH: 2025-07-15 - 2025-07-17 (2 gün)
2025-07-17 11:51:22,235 - INFO - [MISSING] PPI: 2025-07-15 - 2025-07-17 (2 gün)
2025-07-17 11:51:22,235 - INFO - [MISSING] PPJ: 2025-07-15 - 2025-07-17 (2 gün)
2025-07-17 11:51:22,235 - INFO - [MISSING] PPK: 2025-07-15 - 2025-07-17 (2 gün)
2025-07-17 11:51:22,235 - INFO - [MISSING] PPM: 2025-07-15 - 2025-07-17 (2 gün)
2025-07-17 11:51:22,235 - INFO - [MISSING] PPN: 2025-07-15 - 2025-07-17 (2 gün)
2025-07-17 11:51:22,236 - INFO - [MISSING] PPP: 2025-07-15 - 2025-07-17 (2 gün)
2025-07-17 11:51:22,236 - INFO - [MISSING] PPS: 2025-07-15 - 2025-07-17 (2 gün)
2025-07-17 11:51:22,236 - INFO - [MISSING] PPT: 2025-07-15 - 2025-07-17 (2 gün)
2025-07-17 11:51:22,236 - INFO - [MISSING] PPZ: 2025-07-15 - 2025-07-17 (2 gün)
2025-07-17 11:51:22,236 - INFO - [MISSING] PRD: 2025-07-15 - 2025-07-17 (2 gün)
2025-07-17 11:51:22,236 - INFO - [MISSING] PRH: 2025-07-15 - 2025-07-17 (2 gün)
2025-07-17 11:51:22,236 - INFO - [MISSING] PRU: 2025-07-15 - 2025-07-17 (2 gün)
2025-07-17 11:51:22,237 - INFO - [MISSING] PRY: 2025-07-15 - 2025-07-17 (2 gün)
2025-07-17 11:51:22,237 - INFO - [MISSING] PSE: 2025-07-15 - 2025-07-17 (2 gün)
2025-07-17 11:51:22,237 - INFO - [MISSING] PSL: 2025-07-15 - 2025-07-17 (2 gün)
2025-07-17 11:51:22,237 - INFO - [MISSING] PTE: 2025-07-15 - 2025-07-17 (2 gün)
2025-07-17 11:51:22,237 - INFO - [MISSING] PTN: 2025-07-15 - 2025-07-17 (2 gün)
2025-07-17 11:51:22,237 - INFO - [MISSING] PTO: 2025-07-15 - 2025-07-17 (2 gün)
2025-07-17 11:51:22,237 - INFO - [MISSING] PTS: 2025-07-15 - 2025-07-17 (2 gün)
2025-07-17 11:51:22,237 - INFO - [MISSING] PUC: 2025-07-15 - 2025-07-17 (2 gün)
2025-07-17 11:51:22,237 - INFO - [MISSING] PVK: 2025-07-15 - 2025-07-17 (2 gün)
2025-07-17 11:51:22,237 - INFO - [MISSING] PYR: 2025-07-15 - 2025-07-17 (2 gün)
2025-07-17 11:51:22,238 - INFO - [MISSING] RBA: 2025-07-15 - 2025-07-17 (2 gün)
2025-07-17 11:51:22,238 - INFO - [MISSING] RBB: 2025-07-15 - 2025-07-17 (2 gün)
2025-07-17 11:51:22,238 - INFO - [MISSING] RBF: 2025-07-15 - 2025-07-17 (2 gün)
2025-07-17 11:51:22,238 - INFO - [MISSING] RBH: 2025-07-15 - 2025-07-17 (2 gün)
2025-07-17 11:51:22,238 - INFO - [MISSING] RBI: 2025-07-15 - 2025-07-17 (2 gün)
2025-07-17 11:51:22,238 - INFO - [MISSING] RBK: 2025-07-15 - 2025-07-17 (2 gün)
2025-07-17 11:51:22,238 - INFO - [MISSING] RBL: 2025-07-15 - 2025-07-17 (2 gün)
2025-07-17 11:51:22,238 - INFO - [MISSING] RBN: 2025-07-15 - 2025-07-17 (2 gün)
2025-07-17 11:51:22,238 - INFO - [MISSING] RBP: 2025-07-15 - 2025-07-17 (2 gün)
2025-07-17 11:51:22,238 - INFO - [MISSING] RBR: 2025-07-15 - 2025-07-17 (2 gün)
2025-07-17 11:51:22,239 - INFO - [MISSING] RBT: 2025-07-15 - 2025-07-17 (2 gün)
2025-07-17 11:51:22,239 - INFO - [MISSING] RBV: 2025-07-15 - 2025-07-17 (2 gün)
2025-07-17 11:51:22,239 - INFO - [MISSING] RCV: 2025-07-15 - 2025-07-17 (2 gün)
2025-07-17 11:51:22,239 - INFO - [MISSING] RD1: 2025-07-15 - 2025-07-17 (2 gün)
2025-07-17 11:51:22,239 - INFO - [MISSING] RDF: 2025-07-15 - 2025-07-17 (2 gün)
2025-07-17 11:51:22,239 - INFO - [MISSING] RHI: 2025-07-15 - 2025-07-17 (2 gün)
2025-07-17 11:51:22,240 - INFO - [MISSING] RHS: 2025-07-15 - 2025-07-17 (2 gün)
2025-07-17 11:51:22,240 - INFO - [MISSING] RIA: 2025-07-15 - 2025-07-17 (2 gün)
2025-07-17 11:51:22,240 - INFO - [MISSING] RIK: 2025-07-15 - 2025-07-17 (2 gün)
2025-07-17 11:51:22,240 - INFO - [MISSING] RJG: 2025-07-15 - 2025-07-17 (2 gün)
2025-07-17 11:51:22,240 - INFO - [MISSING] RKC: 2025-07-15 - 2025-07-17 (2 gün)
2025-07-17 11:51:22,240 - INFO - [MISSING] RKH: 2025-07-15 - 2025-07-17 (2 gün)
2025-07-17 11:51:22,240 - INFO - [MISSING] RKS: 2025-07-15 - 2025-07-17 (2 gün)
2025-07-17 11:51:22,241 - INFO - [MISSING] RKV: 2025-07-15 - 2025-07-17 (2 gün)
2025-07-17 11:51:22,241 - INFO - [MISSING] RPC: 2025-07-15 - 2025-07-17 (2 gün)
2025-07-17 11:51:22,241 - INFO - [MISSING] RPD: 2025-07-15 - 2025-07-17 (2 gün)
2025-07-17 11:51:22,241 - INFO - [MISSING] RPG: 2025-07-15 - 2025-07-17 (2 gün)
2025-07-17 11:51:22,241 - INFO - [MISSING] RPI: 2025-07-15 - 2025-07-17 (2 gün)
2025-07-17 11:51:22,241 - INFO - [MISSING] RPM: 2025-07-15 - 2025-07-17 (2 gün)
2025-07-17 11:51:22,241 - INFO - [MISSING] RPP: 2025-07-15 - 2025-07-17 (2 gün)
2025-07-17 11:51:22,241 - INFO - [MISSING] RPS: 2025-07-15 - 2025-07-17 (2 gün)
2025-07-17 11:51:22,241 - INFO - [MISSING] RPT: 2025-07-15 - 2025-07-17 (2 gün)
2025-07-17 11:51:22,242 - INFO - [MISSING] RPX: 2025-07-15 - 2025-07-17 (2 gün)
2025-07-17 11:51:22,242 - INFO - [MISSING] RRP: 2025-07-15 - 2025-07-17 (2 gün)
2025-07-17 11:51:22,242 - INFO - [MISSING] RS1: 2025-07-15 - 2025-07-17 (2 gün)
2025-07-17 11:51:22,242 - INFO - [MISSING] RTD: 2025-07-15 - 2025-07-17 (2 gün)
2025-07-17 11:51:22,242 - INFO - [MISSING] RTG: 2025-07-15 - 2025-07-17 (2 gün)
2025-07-17 11:51:22,242 - INFO - [MISSING] RTH: 2025-07-15 - 2025-07-17 (2 gün)
2025-07-17 11:51:22,242 - INFO - [MISSING] RTP: 2025-07-15 - 2025-07-17 (2 gün)
2025-07-17 11:51:22,242 - INFO - [MISSING] RUT: 2025-07-15 - 2025-07-17 (2 gün)
2025-07-17 11:51:22,242 - INFO - [MISSING] SAS: 2025-07-15 - 2025-07-17 (2 gün)
2025-07-17 11:51:22,242 - INFO - [MISSING] SBH: 2025-07-15 - 2025-07-17 (2 gün)
2025-07-17 11:51:22,242 - INFO - [MISSING] SGT: 2025-07-15 - 2025-07-17 (2 gün)
2025-07-17 11:51:22,243 - INFO - [MISSING] SHE: 2025-07-15 - 2025-07-17 (2 gün)
2025-07-17 11:51:22,243 - INFO - [MISSING] SNY: 2025-07-15 - 2025-07-17 (2 gün)
2025-07-17 11:51:22,243 - INFO - [MISSING] SOS: 2025-07-15 - 2025-07-17 (2 gün)
2025-07-17 11:51:22,243 - INFO - [MISSING] SPE: 2025-07-15 - 2025-07-17 (2 gün)
2025-07-17 11:51:22,243 - INFO - [MISSING] SPN: 2025-07-15 - 2025-07-17 (2 gün)
2025-07-17 11:51:22,243 - INFO - [MISSING] SPP: 2025-07-15 - 2025-07-17 (2 gün)
2025-07-17 11:51:22,244 - INFO - [MISSING] SPR: 2025-07-15 - 2025-07-17 (2 gün)
2025-07-17 11:51:22,244 - INFO - [MISSING] SPT: 2025-07-15 - 2025-07-17 (2 gün)
2025-07-17 11:51:22,244 - INFO - [MISSING] SRL: 2025-07-15 - 2025-07-17 (2 gün)
2025-07-17 11:51:22,244 - INFO - [MISSING] SSK: 2025-07-15 - 2025-07-17 (2 gün)
2025-07-17 11:51:22,244 - INFO - [MISSING] SSS: 2025-07-15 - 2025-07-17 (2 gün)
2025-07-17 11:51:22,244 - INFO - [MISSING] ST1: 2025-07-15 - 2025-07-17 (2 gün)
2025-07-17 11:51:22,245 - INFO - [MISSING] STI: 2025-07-15 - 2025-07-17 (2 gün)
2025-07-17 11:51:22,245 - INFO - [MISSING] SUA: 2025-07-15 - 2025-07-17 (2 gün)
2025-07-17 11:51:22,245 - INFO - [MISSING] SUB: 2025-07-15 - 2025-07-17 (2 gün)
2025-07-17 11:51:22,245 - INFO - [MISSING] SUC: 2025-07-15 - 2025-07-17 (2 gün)
2025-07-17 11:51:22,245 - INFO - [MISSING] SVB: 2025-07-15 - 2025-07-17 (2 gün)
2025-07-17 11:51:22,245 - INFO - [MISSING] TAL: 2025-07-15 - 2025-07-17 (2 gün)
2025-07-17 11:51:22,245 - INFO - [MISSING] TAR: 2025-07-15 - 2025-07-17 (2 gün)
2025-07-17 11:51:22,245 - INFO - [MISSING] TAU: 2025-07-15 - 2025-07-17 (2 gün)
2025-07-17 11:51:22,245 - INFO - [MISSING] TBT: 2025-07-15 - 2025-07-17 (2 gün)
2025-07-17 11:51:22,246 - INFO - [MISSING] TBV: 2025-07-15 - 2025-07-17 (2 gün)
2025-07-17 11:51:22,246 - INFO - [MISSING] TCA: 2025-07-15 - 2025-07-17 (2 gün)
2025-07-17 11:51:22,246 - INFO - [MISSING] TCB: 2025-07-15 - 2025-07-17 (2 gün)
2025-07-17 11:51:22,246 - INFO - [MISSING] TCC: 2025-07-15 - 2025-07-17 (2 gün)
2025-07-17 11:51:22,246 - INFO - [MISSING] TCD: 2025-07-15 - 2025-07-17 (2 gün)
2025-07-17 11:51:22,246 - INFO - [MISSING] TCF: 2025-07-15 - 2025-07-17 (2 gün)
2025-07-17 11:51:22,246 - INFO - [MISSING] TDG: 2025-07-15 - 2025-07-17 (2 gün)
2025-07-17 11:51:22,246 - INFO - [MISSING] TE3: 2025-07-15 - 2025-07-17 (2 gün)
2025-07-17 11:51:22,246 - INFO - [MISSING] TE4: 2025-07-15 - 2025-07-17 (2 gün)
2025-07-17 11:51:22,246 - INFO - [MISSING] TEJ: 2025-07-15 - 2025-07-17 (2 gün)
2025-07-17 11:51:22,247 - INFO - [MISSING] TFF: 2025-07-15 - 2025-07-17 (2 gün)
2025-07-17 11:51:22,247 - INFO - [MISSING] TGA: 2025-07-15 - 2025-07-17 (2 gün)
2025-07-17 11:51:22,247 - INFO - [MISSING] TGE: 2025-07-15 - 2025-07-17 (2 gün)
2025-07-17 11:51:22,247 - INFO - [MISSING] TGR: 2025-07-15 - 2025-07-17 (2 gün)
2025-07-17 11:51:22,247 - INFO - [MISSING] THD: 2025-07-15 - 2025-07-17 (2 gün)
2025-07-17 11:51:22,247 - INFO - [MISSING] THF: 2025-07-15 - 2025-07-17 (2 gün)
2025-07-17 11:51:22,247 - INFO - [MISSING] THT: 2025-07-15 - 2025-07-17 (2 gün)
2025-07-17 11:51:22,247 - INFO - [MISSING] THV: 2025-07-15 - 2025-07-17 (2 gün)
2025-07-17 11:51:22,248 - INFO - [MISSING] TI2: 2025-07-15 - 2025-07-17 (2 gün)
2025-07-17 11:51:22,248 - INFO - [MISSING] TI3: 2025-07-15 - 2025-07-17 (2 gün)
2025-07-17 11:51:22,248 - INFO - [MISSING] TI4: 2025-07-15 - 2025-07-17 (2 gün)
2025-07-17 11:51:22,248 - INFO - [MISSING] TI6: 2025-07-15 - 2025-07-17 (2 gün)
2025-07-17 11:51:22,248 - INFO - [MISSING] TI7: 2025-07-15 - 2025-07-17 (2 gün)
2025-07-17 11:51:22,248 - INFO - [MISSING] TIE: 2025-07-15 - 2025-07-17 (2 gün)
2025-07-17 11:51:22,249 - INFO - [MISSING] TJF: 2025-07-15 - 2025-07-17 (2 gün)
2025-07-17 11:51:22,249 - INFO - [MISSING] TJI: 2025-07-15 - 2025-07-17 (2 gün)
2025-07-17 11:51:22,249 - INFO - [MISSING] TJT: 2025-07-15 - 2025-07-17 (2 gün)
2025-07-17 11:51:22,249 - INFO - [MISSING] TKF: 2025-07-15 - 2025-07-17 (2 gün)
2025-07-17 11:51:22,249 - INFO - [MISSING] TLE: 2025-07-15 - 2025-07-17 (2 gün)
2025-07-17 11:51:22,249 - INFO - [MISSING] TLH: 2025-07-15 - 2025-07-17 (2 gün)
2025-07-17 11:51:22,249 - INFO - [MISSING] TLK: 2025-07-15 - 2025-07-17 (2 gün)
2025-07-17 11:51:22,249 - INFO - [MISSING] TLY: 2025-07-15 - 2025-07-17 (2 gün)
2025-07-17 11:51:22,249 - INFO - [MISSING] TLZ: 2025-07-15 - 2025-07-17 (2 gün)
2025-07-17 11:51:22,250 - INFO - [MISSING] TMC: 2025-07-15 - 2025-07-17 (2 gün)
2025-07-17 11:51:22,250 - INFO - [MISSING] TMG: 2025-07-15 - 2025-07-17 (2 gün)
2025-07-17 11:51:22,250 - INFO - [MISSING] TMM: 2025-07-15 - 2025-07-17 (2 gün)
2025-07-17 11:51:22,250 - INFO - [MISSING] TMZ: 2025-07-15 - 2025-07-17 (2 gün)
2025-07-17 11:51:22,250 - INFO - [MISSING] TOT: 2025-07-15 - 2025-07-17 (2 gün)
2025-07-17 11:51:22,250 - INFO - [MISSING] TP2: 2025-07-15 - 2025-07-17 (2 gün)
2025-07-17 11:51:22,250 - INFO - [MISSING] TPC: 2025-07-15 - 2025-07-17 (2 gün)
2025-07-17 11:51:22,250 - INFO - [MISSING] TPF: 2025-07-15 - 2025-07-17 (2 gün)
2025-07-17 11:51:22,250 - INFO - [MISSING] TPJ: 2025-07-15 - 2025-07-17 (2 gün)
2025-07-17 11:51:22,251 - INFO - [MISSING] TPL: 2025-07-15 - 2025-07-17 (2 gün)
2025-07-17 11:51:22,251 - INFO - [MISSING] TPP: 2025-07-15 - 2025-07-17 (2 gün)
2025-07-17 11:51:22,251 - INFO - [MISSING] TPV: 2025-07-15 - 2025-07-17 (2 gün)
2025-07-17 11:51:22,251 - INFO - [MISSING] TPZ: 2025-07-15 - 2025-07-17 (2 gün)
2025-07-17 11:51:22,251 - INFO - [MISSING] TRJ: 2025-07-15 - 2025-07-17 (2 gün)
2025-07-17 11:51:22,251 - INFO - [MISSING] TRO: 2025-07-15 - 2025-07-17 (2 gün)
2025-07-17 11:51:22,251 - INFO - [MISSING] TRU: 2025-07-15 - 2025-07-17 (2 gün)
2025-07-17 11:51:22,251 - INFO - [MISSING] TTA: 2025-07-15 - 2025-07-17 (2 gün)
2025-07-17 11:51:22,251 - INFO - [MISSING] TTE: 2025-07-15 - 2025-07-17 (2 gün)
2025-07-17 11:51:22,252 - INFO - [MISSING] TTL: 2025-07-15 - 2025-07-17 (2 gün)
2025-07-17 11:51:22,252 - INFO - [MISSING] TUA: 2025-07-15 - 2025-07-17 (2 gün)
2025-07-17 11:51:22,252 - INFO - [MISSING] TVN: 2025-07-15 - 2025-07-17 (2 gün)
2025-07-17 11:51:22,252 - INFO - [MISSING] TYH: 2025-07-15 - 2025-07-17 (2 gün)
2025-07-17 11:51:22,252 - INFO - [MISSING] TZD: 2025-07-15 - 2025-07-17 (2 gün)
2025-07-17 11:51:22,252 - INFO - [MISSING] TZT: 2025-07-15 - 2025-07-17 (2 gün)
2025-07-17 11:51:22,253 - INFO - [MISSING] UNT: 2025-07-15 - 2025-07-17 (2 gün)
2025-07-17 11:51:22,253 - INFO - [MISSING] UP1: 2025-07-15 - 2025-07-17 (2 gün)
2025-07-17 11:51:22,253 - INFO - [MISSING] UP2: 2025-07-15 - 2025-07-17 (2 gün)
2025-07-17 11:51:22,253 - INFO - [MISSING] UPD: 2025-07-15 - 2025-07-17 (2 gün)
2025-07-17 11:51:22,253 - INFO - [MISSING] UPH: 2025-07-15 - 2025-07-17 (2 gün)
2025-07-17 11:51:22,253 - INFO - [MISSING] UPP: 2025-07-15 - 2025-07-17 (2 gün)
2025-07-17 11:51:22,253 - INFO - [MISSING] URA: 2025-07-15 - 2025-07-17 (2 gün)
2025-07-17 11:51:22,253 - INFO - [MISSING] USY: 2025-07-15 - 2025-07-17 (2 gün)
2025-07-17 11:51:22,254 - INFO - [MISSING] VAY: 2025-07-15 - 2025-07-17 (2 gün)
2025-07-17 11:51:22,254 - INFO - [MISSING] VCY: 2025-07-15 - 2025-07-17 (2 gün)
2025-07-17 11:51:22,254 - INFO - [MISSING] VFK: 2025-07-15 - 2025-07-17 (2 gün)
2025-07-17 11:51:22,254 - INFO - [MISSING] VMV: 2025-07-15 - 2025-07-17 (2 gün)
2025-07-17 11:51:22,254 - INFO - [MISSING] VNK: 2025-07-15 - 2025-07-17 (2 gün)
2025-07-17 11:51:22,254 - INFO - [MISSING] YAC: 2025-07-15 - 2025-07-17 (2 gün)
2025-07-17 11:51:22,254 - INFO - [MISSING] YAK: 2025-07-15 - 2025-07-17 (2 gün)
2025-07-17 11:51:22,254 - INFO - [MISSING] YAN: 2025-07-15 - 2025-07-17 (2 gün)
2025-07-17 11:51:22,254 - INFO - [MISSING] YAS: 2025-07-15 - 2025-07-17 (2 gün)
2025-07-17 11:51:22,254 - INFO - [MISSING] YAY: 2025-07-15 - 2025-07-17 (2 gün)
2025-07-17 11:51:22,255 - INFO - [MISSING] YBE: 2025-07-15 - 2025-07-17 (2 gün)
2025-07-17 11:51:22,255 - INFO - [MISSING] YBH: 2025-07-15 - 2025-07-17 (2 gün)
2025-07-17 11:51:22,255 - INFO - [MISSING] YBR: 2025-07-15 - 2025-07-17 (2 gün)
2025-07-17 11:51:22,255 - INFO - [MISSING] YBS: 2025-07-15 - 2025-07-17 (2 gün)
2025-07-17 11:51:22,255 - INFO - [MISSING] YCK: 2025-07-15 - 2025-07-17 (2 gün)
2025-07-17 11:51:22,255 - INFO - [MISSING] YCP: 2025-07-15 - 2025-07-17 (2 gün)
2025-07-17 11:51:22,255 - INFO - [MISSING] YCY: 2025-07-15 - 2025-07-17 (2 gün)
2025-07-17 11:51:22,255 - INFO - [MISSING] YDI: 2025-07-15 - 2025-07-17 (2 gün)
2025-07-17 11:51:22,255 - INFO - [MISSING] YDP: 2025-07-15 - 2025-07-17 (2 gün)
2025-07-17 11:51:22,256 - INFO - [MISSING] YEF: 2025-07-15 - 2025-07-17 (2 gün)
2025-07-17 11:51:22,256 - INFO - [MISSING] YFV: 2025-07-15 - 2025-07-17 (2 gün)
2025-07-17 11:51:22,256 - INFO - [MISSING] YGM: 2025-07-15 - 2025-07-17 (2 gün)
2025-07-17 11:51:22,256 - INFO - [MISSING] YHB: 2025-07-15 - 2025-07-17 (2 gün)
2025-07-17 11:51:22,256 - INFO - [MISSING] YHI: 2025-07-15 - 2025-07-17 (2 gün)
2025-07-17 11:51:22,257 - INFO - [MISSING] YHK: 2025-07-15 - 2025-07-17 (2 gün)
2025-07-17 11:51:22,257 - INFO - [MISSING] YHS: 2025-07-15 - 2025-07-17 (2 gün)
2025-07-17 11:51:22,257 - INFO - [MISSING] YHZ: 2025-07-15 - 2025-07-17 (2 gün)
2025-07-17 11:51:22,257 - INFO - [MISSING] YIT: 2025-07-15 - 2025-07-17 (2 gün)
2025-07-17 11:51:22,257 - INFO - [MISSING] YJH: 2025-07-15 - 2025-07-17 (2 gün)
2025-07-17 11:51:22,257 - INFO - [MISSING] YJK: 2025-07-15 - 2025-07-17 (2 gün)
2025-07-17 11:51:22,257 - INFO - [MISSING] YJY: 2025-07-15 - 2025-07-17 (2 gün)
2025-07-17 11:51:22,257 - INFO - [MISSING] YKS: 2025-07-15 - 2025-07-17 (2 gün)
2025-07-17 11:51:22,257 - INFO - [MISSING] YKT: 2025-07-15 - 2025-07-17 (2 gün)
2025-07-17 11:51:22,258 - INFO - [MISSING] YLC: 2025-07-15 - 2025-07-17 (2 gün)
2025-07-17 11:51:22,258 - INFO - [MISSING] YLE: 2025-07-15 - 2025-07-17 (2 gün)
2025-07-17 11:51:22,258 - INFO - [MISSING] YLO: 2025-07-15 - 2025-07-17 (2 gün)
2025-07-17 11:51:22,258 - INFO - [MISSING] YLY: 2025-07-15 - 2025-07-17 (2 gün)
2025-07-17 11:51:22,258 - INFO - [MISSING] YMD: 2025-07-15 - 2025-07-17 (2 gün)
2025-07-17 11:51:22,258 - INFO - [MISSING] YMH: 2025-07-15 - 2025-07-17 (2 gün)
2025-07-17 11:51:22,258 - INFO - [MISSING] YNK: 2025-07-15 - 2025-07-17 (2 gün)
2025-07-17 11:51:22,258 - INFO - [MISSING] YOT: 2025-07-15 - 2025-07-17 (2 gün)
2025-07-17 11:51:22,258 - INFO - [MISSING] YP4: 2025-07-15 - 2025-07-17 (2 gün)
2025-07-17 11:51:22,259 - INFO - [MISSING] YPC: 2025-07-15 - 2025-07-17 (2 gün)
2025-07-17 11:51:22,259 - INFO - [MISSING] YPK: 2025-07-15 - 2025-07-17 (2 gün)
2025-07-17 11:51:22,259 - INFO - [MISSING] YPL: 2025-07-15 - 2025-07-17 (2 gün)
2025-07-17 11:51:22,259 - INFO - [MISSING] YPR: 2025-07-15 - 2025-07-17 (2 gün)
2025-07-17 11:51:22,259 - INFO - [MISSING] YPV: 2025-07-15 - 2025-07-17 (2 gün)
2025-07-17 11:51:22,259 - INFO - [MISSING] YSL: 2025-07-15 - 2025-07-17 (2 gün)
2025-07-17 11:51:22,259 - INFO - [MISSING] YSO: 2025-07-15 - 2025-07-17 (2 gün)
2025-07-17 11:51:22,260 - INFO - [MISSING] YSU: 2025-07-15 - 2025-07-17 (2 gün)
2025-07-17 11:51:22,260 - INFO - [MISSING] YTD: 2025-07-15 - 2025-07-17 (2 gün)
2025-07-17 11:51:22,260 - INFO - [MISSING] YTV: 2025-07-15 - 2025-07-17 (2 gün)
2025-07-17 11:51:22,260 - INFO - [MISSING] YTY: 2025-07-15 - 2025-07-17 (2 gün)
2025-07-17 11:51:22,260 - INFO - [MISSING] YUB: 2025-07-15 - 2025-07-17 (2 gün)
2025-07-17 11:51:22,260 - INFO - [MISSING] YUN: 2025-07-15 - 2025-07-17 (2 gün)
2025-07-17 11:51:22,260 - INFO - [MISSING] YVB: 2025-07-15 - 2025-07-17 (2 gün)
2025-07-17 11:51:22,261 - INFO - [MISSING] YVG: 2025-07-15 - 2025-07-17 (2 gün)
2025-07-17 11:51:22,261 - INFO - [MISSING] YZC: 2025-07-15 - 2025-07-17 (2 gün)
2025-07-17 11:51:22,261 - INFO - [MISSING] YZG: 2025-07-15 - 2025-07-17 (2 gün)
2025-07-17 11:51:22,261 - INFO - [MISSING] YZH: 2025-07-15 - 2025-07-17 (2 gün)
2025-07-17 11:51:22,261 - INFO - [MISSING] YZK: 2025-07-15 - 2025-07-17 (2 gün)
2025-07-17 11:51:22,261 - INFO - [MISSING] ZBD: 2025-07-15 - 2025-07-17 (2 gün)
2025-07-17 11:51:22,261 - INFO - [MISSING] ZBI: 2025-07-15 - 2025-07-17 (2 gün)
2025-07-17 11:51:22,262 - INFO - [MISSING] ZBJ: 2025-07-15 - 2025-07-17 (2 gün)
2025-07-17 11:51:22,262 - INFO - [MISSING] ZBO: 2025-07-15 - 2025-07-17 (2 gün)
2025-07-17 11:51:22,262 - INFO - [MISSING] ZCD: 2025-07-15 - 2025-07-17 (2 gün)
2025-07-17 11:51:22,262 - INFO - [MISSING] ZCK: 2025-07-15 - 2025-07-17 (2 gün)
2025-07-17 11:51:22,262 - INFO - [MISSING] ZCN: 2025-07-15 - 2025-07-17 (2 gün)
2025-07-17 11:51:22,262 - INFO - [MISSING] ZDD: 2025-07-15 - 2025-07-17 (2 gün)
2025-07-17 11:51:22,262 - INFO - [MISSING] ZDZ: 2025-07-15 - 2025-07-17 (2 gün)
2025-07-17 11:51:22,262 - INFO - [MISSING] ZFB: 2025-07-15 - 2025-07-17 (2 gün)
2025-07-17 11:51:22,262 - INFO - [MISSING] ZHH: 2025-07-15 - 2025-07-17 (2 gün)
2025-07-17 11:51:22,263 - INFO - [MISSING] ZJB: 2025-07-15 - 2025-07-17 (2 gün)
2025-07-17 11:51:22,263 - INFO - [MISSING] ZJI: 2025-07-15 - 2025-07-17 (2 gün)
2025-07-17 11:51:22,263 - INFO - [MISSING] ZJL: 2025-07-15 - 2025-07-17 (2 gün)
2025-07-17 11:51:22,263 - INFO - [MISSING] ZJV: 2025-07-15 - 2025-07-17 (2 gün)
2025-07-17 11:51:22,263 - INFO - [MISSING] ZLH: 2025-07-15 - 2025-07-17 (2 gün)
2025-07-17 11:51:22,263 - INFO - [MISSING] ZMT: 2025-07-15 - 2025-07-17 (2 gün)
2025-07-17 11:51:22,263 - INFO - [MISSING] ZMY: 2025-07-15 - 2025-07-17 (2 gün)
2025-07-17 11:51:22,263 - INFO - [MISSING] ZP6: 2025-07-15 - 2025-07-17 (2 gün)
2025-07-17 11:51:22,263 - INFO - [MISSING] ZP8: 2025-07-15 - 2025-07-17 (2 gün)
2025-07-17 11:51:22,263 - INFO - [MISSING] ZP9: 2025-07-15 - 2025-07-17 (2 gün)
2025-07-17 11:51:22,264 - INFO - [MISSING] ZPA: 2025-07-15 - 2025-07-17 (2 gün)
2025-07-17 11:51:22,264 - INFO - [MISSING] ZPC: 2025-07-15 - 2025-07-17 (2 gün)
2025-07-17 11:51:22,264 - INFO - [MISSING] ZPE: 2025-07-15 - 2025-07-17 (2 gün)
2025-07-17 11:51:22,264 - INFO - [MISSING] ZPF: 2025-07-15 - 2025-07-17 (2 gün)
2025-07-17 11:51:22,264 - INFO - [MISSING] ZPG: 2025-07-15 - 2025-07-17 (2 gün)
2025-07-17 11:51:22,264 - INFO - [MISSING] ZSF: 2025-07-15 - 2025-07-17 (2 gün)
2025-07-17 11:51:22,264 - INFO - [MISSING] ZSG: 2025-07-15 - 2025-07-17 (2 gün)
2025-07-17 11:51:22,265 - INFO - [MISSING] ZVO: 2025-07-15 - 2025-07-17 (2 gün)
2025-07-17 11:51:22,265 - INFO - [ANALYSIS] 553 tane fon eksik verili. 297/850 tamamlanmış.
2025-07-17 11:51:22,266 - INFO - [REPAIR] 553 fon için eksik veri indiriliyor...
2025-07-17 11:51:22,267 - INFO - [REPAIR] Seri mod
2025-07-17 11:51:22,267 - INFO - [REPAIR] HIM: 2025-07-15 00:00:00 - 2025-07-17 00:00:00
2025-07-17 11:51:24,192 - ERROR - Error getting fund detail (alternative) for HIM: Expecting value: line 1 column 1 (char 0)
2025-07-17 11:51:24,193 - INFO - HIM: Fon adından tahmin edilen kategori: Diğer Şemsiye Fonu
2025-07-17 11:51:24,193 - INFO - [REPAIR OK] HIM: 2 yeni kayıt
2025-07-17 11:51:24,193 - INFO - [REPAIR] HIZ: 2025-07-15 00:00:00 - 2025-07-17 00:00:00
2025-07-17 11:51:26,411 - ERROR - Error getting fund detail (alternative) for HIZ: Expecting value: line 1 column 1 (char 0)
2025-07-17 11:51:26,412 - INFO - HIZ: Fon adından tahmin edilen kategori: Diğer Şemsiye Fonu
2025-07-17 11:51:26,412 - INFO - [REPAIR OK] HIZ: 2 yeni kayıt
2025-07-17 11:51:26,413 - INFO - [REPAIR] HJB: 2025-07-15 00:00:00 - 2025-07-17 00:00:00
2025-07-17 11:51:28,708 - ERROR - Error getting fund detail (alternative) for HJB: Expecting value: line 1 column 1 (char 0)
2025-07-17 11:51:28,708 - INFO - HJB: Fon adından tahmin edilen kategori: Diğer Şemsiye Fonu
2025-07-17 11:51:28,709 - INFO - [REPAIR OK] HJB: 2 yeni kayıt
2025-07-17 11:51:28,709 - INFO - [REPAIR] HKG: 2025-07-15 00:00:00 - 2025-07-17 00:00:00
2025-07-17 11:51:31,216 - ERROR - Error getting fund detail (alternative) for HKG: Expecting value: line 1 column 1 (char 0)
2025-07-17 11:51:31,217 - INFO - HKG: Fon adından tahmin edilen kategori: Diğer Şemsiye Fonu
2025-07-17 11:51:31,217 - INFO - [REPAIR OK] HKG: 2 yeni kayıt
2025-07-17 11:51:31,217 - INFO - [REPAIR] HKH: 2025-07-15 00:00:00 - 2025-07-17 00:00:00
2025-07-17 11:51:32,614 - ERROR - Error getting fund detail (alternative) for HKH: Expecting value: line 1 column 1 (char 0)
2025-07-17 11:51:32,615 - INFO - HKH: Fon adından tahmin edilen kategori: Diğer Şemsiye Fonu
2025-07-17 11:51:32,615 - INFO - [REPAIR OK] HKH: 2 yeni kayıt
2025-07-17 11:51:32,615 - INFO - [REPAIR] HKM: 2025-07-15 00:00:00 - 2025-07-17 00:00:00
2025-07-17 11:51:34,400 - ERROR - Error getting fund detail (alternative) for HKM: Expecting value: line 1 column 1 (char 0)
2025-07-17 11:51:34,401 - INFO - HKM: Fon adından tahmin edilen kategori: Diğer Şemsiye Fonu
2025-07-17 11:51:34,401 - INFO - [REPAIR OK] HKM: 2 yeni kayıt
2025-07-17 11:51:34,401 - INFO - [REPAIR] HKR: 2025-07-15 00:00:00 - 2025-07-17 00:00:00
2025-07-17 11:51:35,799 - ERROR - Error getting fund detail (alternative) for HKR: Expecting value: line 1 column 1 (char 0)
2025-07-17 11:51:35,799 - INFO - HKR: Fon adından tahmin edilen kategori: Diğer Şemsiye Fonu
2025-07-17 11:51:35,799 - INFO - [REPAIR OK] HKR: 2 yeni kayıt
2025-07-17 11:51:35,800 - INFO - [REPAIR] HMC: 2025-07-15 00:00:00 - 2025-07-17 00:00:00
2025-07-17 11:51:37,313 - ERROR - Error getting fund detail (alternative) for HMC: Expecting value: line 1 column 1 (char 0)
2025-07-17 11:51:37,313 - INFO - HMC: Fon adından tahmin edilen kategori: Diğer Şemsiye Fonu
2025-07-17 11:51:37,313 - INFO - [REPAIR OK] HMC: 2 yeni kayıt
2025-07-17 11:51:37,314 - INFO - [REPAIR] HMG: 2025-07-15 00:00:00 - 2025-07-17 00:00:00
2025-07-17 11:51:39,093 - ERROR - Error getting fund detail (alternative) for HMG: Expecting value: line 1 column 1 (char 0)
2025-07-17 11:51:39,093 - INFO - HMG: Fon adından tahmin edilen kategori: Diğer Şemsiye Fonu
2025-07-17 11:51:39,094 - INFO - [REPAIR OK] HMG: 2 yeni kayıt
2025-07-17 11:51:39,094 - INFO - [REPAIR] HML: 2025-07-15 00:00:00 - 2025-07-17 00:00:00
2025-07-17 11:51:40,962 - ERROR - Error getting fund detail (alternative) for HML: Expecting value: line 1 column 1 (char 0)
2025-07-17 11:51:40,963 - INFO - HML: Fon adından tahmin edilen kategori: Diğer Şemsiye Fonu
2025-07-17 11:51:40,963 - INFO - [REPAIR OK] HML: 2 yeni kayıt
2025-07-17 11:51:40,963 - INFO - [REPAIR] HMS: 2025-07-15 00:00:00 - 2025-07-17 00:00:00
2025-07-17 11:51:42,603 - ERROR - Error getting fund detail (alternative) for HMS: Expecting value: line 1 column 1 (char 0)
2025-07-17 11:51:42,604 - INFO - HMS: Fon adından tahmin edilen kategori: Diğer Şemsiye Fonu
2025-07-17 11:51:42,604 - INFO - [REPAIR OK] HMS: 2 yeni kayıt
2025-07-17 11:51:42,604 - INFO - [REPAIR] HNC: 2025-07-15 00:00:00 - 2025-07-17 00:00:00
2025-07-17 11:51:44,291 - ERROR - Error getting fund detail (alternative) for HNC: Expecting value: line 1 column 1 (char 0)
2025-07-17 11:51:44,292 - INFO - HNC: Fon adından tahmin edilen kategori: Diğer Şemsiye Fonu
2025-07-17 11:51:44,292 - INFO - [REPAIR OK] HNC: 2 yeni kayıt
2025-07-17 11:51:44,292 - INFO - [REPAIR] HOA: 2025-07-15 00:00:00 - 2025-07-17 00:00:00
2025-07-17 11:51:44,344 - WARNING - Session başlatma deneme 1/3: ('Connection aborted.', ConnectionResetError(10054, 'An existing connection was forcibly closed by the remote host', None, 10054, None))
2025-07-17 11:51:47,279 - ERROR - Error getting fund detail (alternative) for HOA: Expecting value: line 1 column 1 (char 0)
2025-07-17 11:51:47,280 - INFO - HOA: Fon adından tahmin edilen kategori: Diğer Şemsiye Fonu
2025-07-17 11:51:47,280 - INFO - [REPAIR OK] HOA: 2 yeni kayıt
2025-07-17 11:51:47,280 - INFO - [REPAIR] HOY: 2025-07-15 00:00:00 - 2025-07-17 00:00:00
2025-07-17 11:51:49,776 - ERROR - Error getting fund detail (alternative) for HOY: Expecting value: line 1 column 1 (char 0)
2025-07-17 11:51:49,776 - INFO - HOY: Fon adından tahmin edilen kategori: Diğer Şemsiye Fonu
2025-07-17 11:51:49,776 - INFO - [REPAIR OK] HOY: 2 yeni kayıt
2025-07-17 11:51:49,776 - INFO - [REPAIR] HP3: 2025-07-15 00:00:00 - 2025-07-17 00:00:00
2025-07-17 11:51:49,824 - WARNING - Session başlatma deneme 1/3: ('Connection aborted.', ConnectionResetError(10054, 'An existing connection was forcibly closed by the remote host', None, 10054, None))
2025-07-17 11:51:52,958 - ERROR - Error getting fund detail (alternative) for HP3: Expecting value: line 1 column 1 (char 0)
2025-07-17 11:51:52,958 - INFO - HP3: Fon adından tahmin edilen kategori: Diğer Şemsiye Fonu
2025-07-17 11:51:52,958 - INFO - [REPAIR OK] HP3: 2 yeni kayıt
2025-07-17 11:51:52,958 - INFO - [REPAIR] HPD: 2025-07-15 00:00:00 - 2025-07-17 00:00:00
2025-07-17 11:51:54,607 - ERROR - Error getting fund detail (alternative) for HPD: Expecting value: line 1 column 1 (char 0)
2025-07-17 11:51:54,607 - INFO - HPD: Fon adından tahmin edilen kategori: Diğer Şemsiye Fonu
2025-07-17 11:51:54,607 - INFO - [REPAIR OK] HPD: 2 yeni kayıt
2025-07-17 11:51:54,607 - INFO - [REPAIR] HPH: 2025-07-15 00:00:00 - 2025-07-17 00:00:00
2025-07-17 11:51:56,769 - ERROR - Error getting fund detail (alternative) for HPH: Expecting value: line 1 column 1 (char 0)
2025-07-17 11:51:56,770 - INFO - HPH: Fon adından tahmin edilen kategori: Diğer Şemsiye Fonu
2025-07-17 11:51:56,770 - INFO - [REPAIR OK] HPH: 2 yeni kayıt
2025-07-17 11:51:56,770 - INFO - [REPAIR] HPO: 2025-07-15 00:00:00 - 2025-07-17 00:00:00
2025-07-17 11:51:58,648 - ERROR - Error getting fund detail (alternative) for HPO: Expecting value: line 1 column 1 (char 0)
2025-07-17 11:51:58,648 - INFO - HPO: Fon adından tahmin edilen kategori: Diğer Şemsiye Fonu
2025-07-17 11:51:58,648 - INFO - [REPAIR OK] HPO: 2 yeni kayıt
2025-07-17 11:51:58,649 - INFO - [REPAIR] HPT: 2025-07-15 00:00:00 - 2025-07-17 00:00:00
2025-07-17 11:52:00,653 - ERROR - Error getting fund detail (alternative) for HPT: Expecting value: line 1 column 1 (char 0)
2025-07-17 11:52:00,654 - INFO - HPT: Fon adından tahmin edilen kategori: Diğer Şemsiye Fonu
2025-07-17 11:52:00,654 - INFO - [REPAIR OK] HPT: 2 yeni kayıt
2025-07-17 11:52:00,654 - INFO - [REPAIR] HRZ: 2025-07-15 00:00:00 - 2025-07-17 00:00:00
2025-07-17 11:52:03,013 - ERROR - Error getting fund detail (alternative) for HRZ: Expecting value: line 1 column 1 (char 0)
2025-07-17 11:52:03,014 - INFO - HRZ: Fon adından tahmin edilen kategori: Diğer Şemsiye Fonu
2025-07-17 11:52:03,014 - INFO - [REPAIR OK] HRZ: 2 yeni kayıt
2025-07-17 11:52:03,014 - INFO - [REPAIR] HSA: 2025-07-15 00:00:00 - 2025-07-17 00:00:00
2025-07-17 11:52:05,299 - ERROR - Error getting fund detail (alternative) for HSA: Expecting value: line 1 column 1 (char 0)
2025-07-17 11:52:05,300 - INFO - HSA: Fon adından tahmin edilen kategori: Diğer Şemsiye Fonu
2025-07-17 11:52:05,300 - INFO - [REPAIR OK] HSA: 2 yeni kayıt
2025-07-17 11:52:05,300 - INFO - [REPAIR] HSL: 2025-07-15 00:00:00 - 2025-07-17 00:00:00
2025-07-17 11:52:07,170 - ERROR - Error getting fund detail (alternative) for HSL: Expecting value: line 1 column 1 (char 0)
2025-07-17 11:52:07,171 - INFO - HSL: Fon adından tahmin edilen kategori: Diğer Şemsiye Fonu
2025-07-17 11:52:07,171 - INFO - [REPAIR OK] HSL: 2 yeni kayıt
2025-07-17 11:52:07,171 - INFO - [REPAIR] HST: 2025-07-15 00:00:00 - 2025-07-17 00:00:00
2025-07-17 11:52:09,580 - ERROR - Error getting fund detail (alternative) for HST: Expecting value: line 1 column 1 (char 0)
2025-07-17 11:52:09,580 - INFO - HST: Fon adından tahmin edilen kategori: Diğer Şemsiye Fonu
2025-07-17 11:52:09,580 - INFO - [REPAIR OK] HST: 2 yeni kayıt
2025-07-17 11:52:09,580 - INFO - [REPAIR] HTJ: 2025-07-15 00:00:00 - 2025-07-17 00:00:00
2025-07-17 11:52:09,628 - WARNING - Session başlatma deneme 1/3: ('Connection aborted.', ConnectionResetError(10054, 'An existing connection was forcibly closed by the remote host', None, 10054, None))
2025-07-17 11:52:12,157 - ERROR - Error getting fund detail (alternative) for HTJ: Expecting value: line 1 column 1 (char 0)
2025-07-17 11:52:12,157 - INFO - HTJ: Fon adından tahmin edilen kategori: Diğer Şemsiye Fonu
2025-07-17 11:52:12,157 - INFO - [REPAIR OK] HTJ: 2 yeni kayıt
2025-07-17 11:52:12,157 - INFO - [REPAIR] HVK: 2025-07-15 00:00:00 - 2025-07-17 00:00:00
2025-07-17 11:52:14,438 - ERROR - Error getting fund detail (alternative) for HVK: Expecting value: line 1 column 1 (char 0)
2025-07-17 11:52:14,438 - INFO - HVK: Fon adından tahmin edilen kategori: Diğer Şemsiye Fonu
2025-07-17 11:52:14,438 - INFO - [REPAIR OK] HVK: 2 yeni kayıt
2025-07-17 11:52:14,438 - INFO - [REPAIR] HVS: 2025-07-15 00:00:00 - 2025-07-17 00:00:00
2025-07-17 11:52:16,207 - ERROR - Error getting fund detail (alternative) for HVS: Expecting value: line 1 column 1 (char 0)
2025-07-17 11:52:16,208 - INFO - HVS: Fon adından tahmin edilen kategori: Diğer Şemsiye Fonu
2025-07-17 11:52:16,208 - INFO - [REPAIR OK] HVS: 2 yeni kayıt
2025-07-17 11:52:16,208 - INFO - [REPAIR] HVT: 2025-07-15 00:00:00 - 2025-07-17 00:00:00
2025-07-17 11:52:18,353 - ERROR - Error getting fund detail (alternative) for HVT: Expecting value: line 1 column 1 (char 0)
2025-07-17 11:52:18,353 - INFO - HVT: Fon adından tahmin edilen kategori: Diğer Şemsiye Fonu
2025-07-17 11:52:18,354 - INFO - [REPAIR OK] HVT: 2 yeni kayıt
2025-07-17 11:52:18,354 - INFO - [REPAIR] HVU: 2025-07-15 00:00:00 - 2025-07-17 00:00:00
2025-07-17 11:52:20,255 - ERROR - Error getting fund detail (alternative) for HVU: Expecting value: line 1 column 1 (char 0)
2025-07-17 11:52:20,256 - INFO - HVU: Fon adından tahmin edilen kategori: Diğer Şemsiye Fonu
2025-07-17 11:52:20,256 - INFO - [REPAIR OK] HVU: 2 yeni kayıt
2025-07-17 11:52:20,256 - INFO - [REPAIR] HVZ: 2025-07-15 00:00:00 - 2025-07-17 00:00:00
2025-07-17 11:52:22,491 - ERROR - Error getting fund detail (alternative) for HVZ: Expecting value: line 1 column 1 (char 0)
2025-07-17 11:52:22,491 - INFO - HVZ: Fon adından tahmin edilen kategori: Diğer Şemsiye Fonu
2025-07-17 11:52:22,491 - INFO - [REPAIR OK] HVZ: 2 yeni kayıt
2025-07-17 11:52:22,491 - INFO - [REPAIR] HYP: 2025-07-15 00:00:00 - 2025-07-17 00:00:00
2025-07-17 11:52:22,541 - WARNING - Session başlatma deneme 1/3: ('Connection aborted.', ConnectionResetError(10054, 'An existing connection was forcibly closed by the remote host', None, 10054, None))
2025-07-17 11:52:23,591 - WARNING - Session başlatma deneme 2/3: ('Connection aborted.', ConnectionResetError(10054, 'An existing connection was forcibly closed by the remote host', None, 10054, None))
2025-07-17 11:52:27,814 - ERROR - Error getting fund detail (alternative) for HYP: Expecting value: line 1 column 1 (char 0)
2025-07-17 11:52:27,814 - INFO - HYP: Fon adından tahmin edilen kategori: Diğer Şemsiye Fonu
2025-07-17 11:52:27,814 - INFO - [REPAIR OK] HYP: 2 yeni kayıt
2025-07-17 11:52:27,814 - INFO - [REPAIR] HYU: 2025-07-15 00:00:00 - 2025-07-17 00:00:00
2025-07-17 11:52:30,006 - ERROR - Error getting fund detail (alternative) for HYU: Expecting value: line 1 column 1 (char 0)
2025-07-17 11:52:30,007 - INFO - HYU: Fon adından tahmin edilen kategori: Diğer Şemsiye Fonu
2025-07-17 11:52:30,007 - INFO - [REPAIR OK] HYU: 2 yeni kayıt
2025-07-17 11:52:30,007 - INFO - [REPAIR] HYV: 2025-07-15 00:00:00 - 2025-07-17 00:00:00
2025-07-17 11:52:32,247 - ERROR - Error getting fund detail (alternative) for HYV: Expecting value: line 1 column 1 (char 0)
2025-07-17 11:52:32,247 - INFO - HYV: Fon adından tahmin edilen kategori: Diğer Şemsiye Fonu
2025-07-17 11:52:32,247 - INFO - [REPAIR OK] HYV: 2 yeni kayıt
2025-07-17 11:52:32,248 - INFO - [REPAIR] IAE: 2025-07-15 00:00:00 - 2025-07-17 00:00:00
2025-07-17 11:52:34,395 - ERROR - Error getting fund detail (alternative) for IAE: Expecting value: line 1 column 1 (char 0)
2025-07-17 11:52:34,396 - INFO - IAE: Fon adından tahmin edilen kategori: Diğer Şemsiye Fonu
2025-07-17 11:52:34,396 - INFO - [REPAIR OK] IAE: 2 yeni kayıt
2025-07-17 11:52:34,396 - INFO - [REPAIR] IAM: 2025-07-15 00:00:00 - 2025-07-17 00:00:00
2025-07-17 11:52:34,443 - WARNING - Session başlatma deneme 1/3: ('Connection aborted.', ConnectionResetError(10054, 'An existing connection was forcibly closed by the remote host', None, 10054, None))
2025-07-17 11:52:38,181 - ERROR - Error getting fund detail (alternative) for IAM: Expecting value: line 1 column 1 (char 0)
2025-07-17 11:52:38,181 - INFO - IAM: Fon adından tahmin edilen kategori: Diğer Şemsiye Fonu
2025-07-17 11:52:38,181 - INFO - [REPAIR OK] IAM: 2 yeni kayıt
2025-07-17 11:52:38,181 - INFO - [REPAIR] IAT: 2025-07-15 00:00:00 - 2025-07-17 00:00:00
2025-07-17 11:52:39,755 - ERROR - Error getting fund detail (alternative) for IAT: Expecting value: line 1 column 1 (char 0)
2025-07-17 11:52:39,756 - INFO - IAT: Fon adından tahmin edilen kategori: Diğer Şemsiye Fonu
2025-07-17 11:52:39,756 - INFO - [REPAIR OK] IAT: 2 yeni kayıt
2025-07-17 11:52:39,757 - INFO - [REPAIR] IAU: 2025-07-15 00:00:00 - 2025-07-17 00:00:00
2025-07-17 11:52:41,173 - ERROR - Error getting fund detail (alternative) for IAU: Expecting value: line 1 column 1 (char 0)
2025-07-17 11:52:41,173 - INFO - IAU: Fon adından tahmin edilen kategori: Diğer Şemsiye Fonu
2025-07-17 11:52:41,174 - INFO - [REPAIR OK] IAU: 2 yeni kayıt
2025-07-17 11:52:41,174 - INFO - [REPAIR] IAY: 2025-07-15 00:00:00 - 2025-07-17 00:00:00
2025-07-17 11:52:43,037 - ERROR - Error getting fund detail (alternative) for IAY: Expecting value: line 1 column 1 (char 0)
2025-07-17 11:52:43,038 - INFO - IAY: Fon adından tahmin edilen kategori: Diğer Şemsiye Fonu
2025-07-17 11:52:43,038 - INFO - [REPAIR OK] IAY: 2 yeni kayıt
2025-07-17 11:52:43,038 - INFO - [REPAIR] IBB: 2025-07-15 00:00:00 - 2025-07-17 00:00:00
2025-07-17 11:52:45,320 - ERROR - Error getting fund detail (alternative) for IBB: Expecting value: line 1 column 1 (char 0)
2025-07-17 11:52:45,321 - INFO - IBB: Fon adından tahmin edilen kategori: Diğer Şemsiye Fonu
2025-07-17 11:52:45,321 - INFO - [REPAIR OK] IBB: 2 yeni kayıt
2025-07-17 11:52:45,321 - INFO - [REPAIR] ICA: 2025-07-15 00:00:00 - 2025-07-17 00:00:00
2025-07-17 11:52:45,368 - WARNING - Session başlatma deneme 1/3: ('Connection aborted.', ConnectionResetError(10054, 'An existing connection was forcibly closed by the remote host', None, 10054, None))
2025-07-17 11:52:48,044 - ERROR - Error getting fund detail (alternative) for ICA: Expecting value: line 1 column 1 (char 0)
2025-07-17 11:52:48,044 - INFO - ICA: Fon adından tahmin edilen kategori: Diğer Şemsiye Fonu
2025-07-17 11:52:48,044 - INFO - [REPAIR OK] ICA: 2 yeni kayıt
2025-07-17 11:52:48,044 - INFO - [REPAIR] ICC: 2025-07-15 00:00:00 - 2025-07-17 00:00:00
2025-07-17 11:52:50,125 - ERROR - Error getting fund detail (alternative) for ICC: Expecting value: line 1 column 1 (char 0)
2025-07-17 11:52:50,125 - INFO - ICC: Fon adından tahmin edilen kategori: Diğer Şemsiye Fonu
2025-07-17 11:52:50,125 - INFO - [REPAIR OK] ICC: 2 yeni kayıt
2025-07-17 11:52:50,126 - INFO - [REPAIR] ICD: 2025-07-15 00:00:00 - 2025-07-17 00:00:00
2025-07-17 11:52:52,478 - ERROR - Error getting fund detail (alternative) for ICD: Expecting value: line 1 column 1 (char 0)
2025-07-17 11:52:52,479 - INFO - ICD: Fon adından tahmin edilen kategori: Diğer Şemsiye Fonu
2025-07-17 11:52:52,479 - INFO - [REPAIR OK] ICD: 2 yeni kayıt
2025-07-17 11:52:52,479 - INFO - [REPAIR] ICE: 2025-07-15 00:00:00 - 2025-07-17 00:00:00
2025-07-17 11:52:52,528 - WARNING - Session başlatma deneme 1/3: ('Connection aborted.', ConnectionResetError(10054, 'An existing connection was forcibly closed by the remote host', None, 10054, None))
2025-07-17 11:52:55,882 - ERROR - Error getting fund detail (alternative) for ICE: Expecting value: line 1 column 1 (char 0)
2025-07-17 11:52:55,883 - INFO - ICE: Fon adından tahmin edilen kategori: Diğer Şemsiye Fonu
2025-07-17 11:52:55,883 - INFO - [REPAIR OK] ICE: 2 yeni kayıt
2025-07-17 11:52:55,883 - INFO - [REPAIR] ICF: 2025-07-15 00:00:00 - 2025-07-17 00:00:00
2025-07-17 11:52:55,931 - WARNING - Session başlatma deneme 1/3: ('Connection aborted.', ConnectionResetError(10054, 'An existing connection was forcibly closed by the remote host', None, 10054, None))
2025-07-17 11:52:56,985 - WARNING - Session başlatma deneme 2/3: ('Connection aborted.', ConnectionResetError(10054, 'An existing connection was forcibly closed by the remote host', None, 10054, None))
2025-07-17 11:52:59,038 - WARNING - Session başlatma deneme 3/3: ('Connection aborted.', ConnectionResetError(10054, 'An existing connection was forcibly closed by the remote host', None, 10054, None))
2025-07-17 11:52:59,038 - ERROR - Session başlatılamadı: ('Connection aborted.', ConnectionResetError(10054, 'An existing connection was forcibly closed by the remote host', None, 10054, None))
2025-07-17 11:52:59,038 - ERROR - Provider başlatılamadı: ('Connection aborted.', ConnectionResetError(10054, 'An existing connection was forcibly closed by the remote host', None, 10054, None))
2025-07-17 11:53:00,799 - ERROR - Error getting fund detail (alternative) for ICF: Expecting value: line 1 column 1 (char 0)
2025-07-17 11:53:00,799 - INFO - ICF: Fon adından tahmin edilen kategori: Diğer Şemsiye Fonu
2025-07-17 11:53:00,799 - INFO - [REPAIR OK] ICF: 2 yeni kayıt
2025-07-17 11:53:00,800 - INFO - [REPAIR] ICH: 2025-07-15 00:00:00 - 2025-07-17 00:00:00
2025-07-17 11:53:02,392 - ERROR - Error getting fund detail (alternative) for ICH: Expecting value: line 1 column 1 (char 0)
2025-07-17 11:53:02,393 - INFO - ICH: Fon adından tahmin edilen kategori: Diğer Şemsiye Fonu
2025-07-17 11:53:02,393 - INFO - [REPAIR OK] ICH: 2 yeni kayıt
2025-07-17 11:53:02,393 - INFO - [REPAIR] ICS: 2025-07-15 00:00:00 - 2025-07-17 00:00:00
2025-07-17 11:53:04,687 - ERROR - Error getting fund detail (alternative) for ICS: Expecting value: line 1 column 1 (char 0)
2025-07-17 11:53:04,687 - INFO - ICS: Fon adından tahmin edilen kategori: Diğer Şemsiye Fonu
2025-07-17 11:53:04,687 - INFO - [REPAIR OK] ICS: 2 yeni kayıt
2025-07-17 11:53:04,688 - INFO - [REPAIR] ICV: 2025-07-15 00:00:00 - 2025-07-17 00:00:00
2025-07-17 11:53:06,197 - ERROR - Error getting fund detail (alternative) for ICV: Expecting value: line 1 column 1 (char 0)
2025-07-17 11:53:06,198 - INFO - ICV: Fon adından tahmin edilen kategori: Diğer Şemsiye Fonu
2025-07-17 11:53:06,198 - INFO - [REPAIR OK] ICV: 2 yeni kayıt
2025-07-17 11:53:06,199 - INFO - [REPAIR] ICZ: 2025-07-15 00:00:00 - 2025-07-17 00:00:00
2025-07-17 11:53:06,253 - WARNING - Session başlatma deneme 1/3: ('Connection aborted.', ConnectionResetError(10054, 'An existing connection was forcibly closed by the remote host', None, 10054, None))
2025-07-17 11:53:09,697 - ERROR - Error getting fund detail (alternative) for ICZ: Expecting value: line 1 column 1 (char 0)
2025-07-17 11:53:09,697 - INFO - ICZ: Fon adından tahmin edilen kategori: Diğer Şemsiye Fonu
2025-07-17 11:53:09,697 - INFO - [REPAIR OK] ICZ: 2 yeni kayıt
2025-07-17 11:53:09,697 - INFO - [REPAIR] IDD: 2025-07-15 00:00:00 - 2025-07-17 00:00:00
2025-07-17 11:53:11,608 - ERROR - Error getting fund detail (alternative) for IDD: Expecting value: line 1 column 1 (char 0)
2025-07-17 11:53:11,608 - INFO - IDD: Fon adından tahmin edilen kategori: Diğer Şemsiye Fonu
2025-07-17 11:53:11,608 - INFO - [REPAIR OK] IDD: 2 yeni kayıt
2025-07-17 11:53:11,608 - INFO - [REPAIR] IDF: 2025-07-15 00:00:00 - 2025-07-17 00:00:00
2025-07-17 11:53:13,884 - ERROR - Error getting fund detail (alternative) for IDF: Expecting value: line 1 column 1 (char 0)
2025-07-17 11:53:13,884 - INFO - IDF: Fon adından tahmin edilen kategori: Diğer Şemsiye Fonu
2025-07-17 11:53:13,884 - INFO - [REPAIR OK] IDF: 2 yeni kayıt
2025-07-17 11:53:13,885 - INFO - [REPAIR] IDH: 2025-07-15 00:00:00 - 2025-07-17 00:00:00
2025-07-17 11:53:16,262 - ERROR - Error getting fund detail (alternative) for IDH: Expecting value: line 1 column 1 (char 0)
2025-07-17 11:53:16,262 - INFO - IDH: Fon adından tahmin edilen kategori: Diğer Şemsiye Fonu
2025-07-17 11:53:16,262 - INFO - [REPAIR OK] IDH: 2 yeni kayıt
2025-07-17 11:53:16,263 - INFO - [REPAIR] IDI: 2025-07-15 00:00:00 - 2025-07-17 00:00:00
2025-07-17 11:53:17,860 - ERROR - Error getting fund detail (alternative) for IDI: Expecting value: line 1 column 1 (char 0)
2025-07-17 11:53:17,860 - INFO - IDI: Fon adından tahmin edilen kategori: Diğer Şemsiye Fonu
2025-07-17 11:53:17,860 - INFO - [REPAIR OK] IDI: 2 yeni kayıt
2025-07-17 11:53:17,861 - INFO - [REPAIR] IDL: 2025-07-15 00:00:00 - 2025-07-17 00:00:00
2025-07-17 11:53:20,020 - ERROR - Error getting fund detail (alternative) for IDL: Expecting value: line 1 column 1 (char 0)
2025-07-17 11:53:20,021 - INFO - IDL: Fon adından tahmin edilen kategori: Diğer Şemsiye Fonu
2025-07-17 11:53:20,021 - INFO - [REPAIR OK] IDL: 2 yeni kayıt
2025-07-17 11:53:20,021 - INFO - [REPAIR] IDO: 2025-07-15 00:00:00 - 2025-07-17 00:00:00
2025-07-17 11:53:22,406 - ERROR - Error getting fund detail (alternative) for IDO: Expecting value: line 1 column 1 (char 0)
2025-07-17 11:53:22,407 - INFO - IDO: Fon adından tahmin edilen kategori: Diğer Şemsiye Fonu
2025-07-17 11:53:22,407 - INFO - [REPAIR OK] IDO: 2 yeni kayıt
2025-07-17 11:53:22,407 - INFO - [REPAIR] IDY: 2025-07-15 00:00:00 - 2025-07-17 00:00:00
2025-07-17 11:53:24,458 - ERROR - Error getting fund detail (alternative) for IDY: Expecting value: line 1 column 1 (char 0)
2025-07-17 11:53:24,459 - INFO - IDY: Fon adından tahmin edilen kategori: Diğer Şemsiye Fonu
2025-07-17 11:53:24,459 - INFO - [REPAIR OK] IDY: 2 yeni kayıt
2025-07-17 11:53:24,459 - INFO - [REPAIR] IEV: 2025-07-15 00:00:00 - 2025-07-17 00:00:00
2025-07-17 11:53:26,010 - INFO - [STOP] Kullanıcı tarafından durduruldu
2025-07-17 11:53:26,011 - INFO - [MERGE] 108 yeni kayıt mevcut veriye ekleniyor...
2025-07-17 11:53:26,065 - INFO - [MERGE] Mevcut kayıt sayısı: 336631
2025-07-17 11:53:26,373 - INFO - [MERGE SUCCESS] Veri birleştirme tamamlandı!
2025-07-17 11:53:26,373 - INFO - [FILE] Dosya: data\tefas_full_2yrs.parquet
2025-07-17 11:53:26,373 - INFO - [STATS] Toplam kayıt: 336,739 (+108 yeni)
2025-07-17 11:53:26,374 - INFO - [FUNDS] Fon sayısı: 850
2025-07-17 11:53:26,374 - INFO - [DATE] Tarih aralığı: 2023-07-14 - 2025-07-17
2025-07-17 11:53:26,378 - INFO - [REPAIR COMPLETE] 54 fon başarıyla güncellendi
2025-07-17 11:53:26,378 - INFO - [REPAIR STATS] 108 yeni kayıt eklendi
