2025-07-17 10:49:28,345 - INFO - CMD: tefas_download_data_merged.py --repair --input data/tefas_full_2yrs.parquet --workers 1
2025-07-17 10:49:28,437 - INFO - ============================================================
2025-07-17 10:49:28,437 - INFO - TEFAS Fon Verisi İndirme Script'i (Merged)
2025-07-17 10:49:28,437 - INFO - ============================================================
2025-07-17 10:49:28,438 - INFO - Mod: Repair - Seri
2025-07-17 10:49:28,438 - INFO - Input dosya: data/tefas_full_2yrs.parquet
2025-07-17 10:49:28,438 - INFO - ============================================================
2025-07-17 10:49:28,606 - INFO - [REPAIR MODE] Eksik veri tamamlama başlıyor...
2025-07-17 10:49:28,606 - INFO - [REPAIR] Mevcut veri analiz ediliyor: data\tefas_full_2yrs.parquet
2025-07-17 10:49:28,719 - INFO - [MISSING] ACU: 2025-07-15 - 2025-07-17 (2 gün)
2025-07-17 10:49:28,720 - INFO - [MISSING] ADE: 2025-07-15 - 2025-07-17 (2 gün)
2025-07-17 10:49:28,720 - INFO - [MISSING] ADP: 2025-07-15 - 2025-07-17 (2 gün)
2025-07-17 10:49:28,720 - INFO - [MISSING] AED: 2025-07-15 - 2025-07-17 (2 gün)
2025-07-17 10:49:28,720 - INFO - [MISSING] AES: 2025-07-15 - 2025-07-17 (2 gün)
2025-07-17 10:49:28,720 - INFO - [MISSING] AEV: 2025-07-15 - 2025-07-17 (2 gün)
2025-07-17 10:49:28,720 - INFO - [MISSING] AFA: 2025-07-15 - 2025-07-17 (2 gün)
2025-07-17 10:49:28,721 - INFO - [MISSING] AFO: 2025-07-15 - 2025-07-17 (2 gün)
2025-07-17 10:49:28,721 - INFO - [MISSING] AFS: 2025-07-15 - 2025-07-17 (2 gün)
2025-07-17 10:49:28,721 - INFO - [MISSING] AFT: 2025-07-15 - 2025-07-17 (2 gün)
2025-07-17 10:49:28,721 - INFO - [MISSING] AFV: 2025-07-15 - 2025-07-17 (2 gün)
2025-07-17 10:49:28,721 - INFO - [MISSING] AGC: 2025-07-15 - 2025-07-17 (2 gün)
2025-07-17 10:49:28,721 - INFO - [MISSING] AHI: 2025-07-15 - 2025-07-17 (2 gün)
2025-07-17 10:49:28,721 - INFO - [MISSING] AHN: 2025-07-15 - 2025-07-17 (2 gün)
2025-07-17 10:49:28,721 - INFO - [MISSING] AHU: 2025-07-15 - 2025-07-17 (2 gün)
2025-07-17 10:49:28,722 - INFO - [MISSING] AHV: 2025-07-15 - 2025-07-17 (2 gün)
2025-07-17 10:49:28,722 - INFO - [MISSING] AJK: 2025-07-15 - 2025-07-17 (2 gün)
2025-07-17 10:49:28,722 - INFO - [MISSING] AK2: 2025-07-15 - 2025-07-17 (2 gün)
2025-07-17 10:49:28,722 - INFO - [MISSING] AK3: 2025-07-15 - 2025-07-17 (2 gün)
2025-07-17 10:49:28,722 - INFO - [MISSING] AKE: 2025-07-15 - 2025-07-17 (2 gün)
2025-07-17 10:49:28,722 - INFO - [MISSING] AKU: 2025-07-15 - 2025-07-17 (2 gün)
2025-07-17 10:49:28,722 - INFO - [MISSING] ALC: 2025-07-15 - 2025-07-17 (2 gün)
2025-07-17 10:49:28,722 - INFO - [MISSING] AN1: 2025-07-15 - 2025-07-17 (2 gün)
2025-07-17 10:49:28,722 - INFO - [MISSING] ANZ: 2025-07-15 - 2025-07-17 (2 gün)
2025-07-17 10:49:28,722 - INFO - [MISSING] AOJ: 2025-07-15 - 2025-07-17 (2 gün)
2025-07-17 10:49:28,723 - INFO - [MISSING] AOY: 2025-07-15 - 2025-07-17 (2 gün)
2025-07-17 10:49:28,723 - INFO - [MISSING] APJ: 2025-07-15 - 2025-07-17 (2 gün)
2025-07-17 10:49:28,723 - INFO - [MISSING] APT: 2025-07-15 - 2025-07-17 (2 gün)
2025-07-17 10:49:28,723 - INFO - [MISSING] ARE: 2025-07-15 - 2025-07-17 (2 gün)
2025-07-17 10:49:28,723 - INFO - [MISSING] ARL: 2025-07-15 - 2025-07-17 (2 gün)
2025-07-17 10:49:28,723 - INFO - [MISSING] ARM: 2025-07-15 - 2025-07-17 (2 gün)
2025-07-17 10:49:28,723 - INFO - [MISSING] AS1: 2025-07-15 - 2025-07-17 (2 gün)
2025-07-17 10:49:28,723 - INFO - [MISSING] ASJ: 2025-07-15 - 2025-07-17 (2 gün)
2025-07-17 10:49:28,724 - INFO - [MISSING] AUT: 2025-07-15 - 2025-07-17 (2 gün)
2025-07-17 10:49:28,724 - INFO - [MISSING] AUV: 2025-07-15 - 2025-07-17 (2 gün)
2025-07-17 10:49:28,724 - INFO - [MISSING] AYA: 2025-07-15 - 2025-07-17 (2 gün)
2025-07-17 10:49:28,724 - INFO - [MISSING] AYR: 2025-07-15 - 2025-07-17 (2 gün)
2025-07-17 10:49:28,724 - INFO - [MISSING] BBF: 2025-07-15 - 2025-07-17 (2 gün)
2025-07-17 10:49:28,724 - INFO - [MISSING] BBP: 2025-07-15 - 2025-07-17 (2 gün)
2025-07-17 10:49:28,725 - INFO - [MISSING] BCK: 2025-07-15 - 2025-07-17 (2 gün)
2025-07-17 10:49:28,725 - INFO - [MISSING] BCO: 2025-07-15 - 2025-07-17 (2 gün)
2025-07-17 10:49:28,725 - INFO - [MISSING] BDS: 2025-07-15 - 2025-07-17 (2 gün)
2025-07-17 10:49:28,725 - INFO - [MISSING] BDY: 2025-07-15 - 2025-07-17 (2 gün)
2025-07-17 10:49:28,725 - INFO - [MISSING] BFE: 2025-07-15 - 2025-07-17 (2 gün)
2025-07-17 10:49:28,725 - INFO - [MISSING] BFT: 2025-07-15 - 2025-07-17 (2 gün)
2025-07-17 10:49:28,725 - INFO - [MISSING] BGP: 2025-07-15 - 2025-07-17 (2 gün)
2025-07-17 10:49:28,726 - INFO - [MISSING] BHA: 2025-07-15 - 2025-07-17 (2 gün)
2025-07-17 10:49:28,726 - INFO - [MISSING] BHF: 2025-07-15 - 2025-07-17 (2 gün)
2025-07-17 10:49:28,726 - INFO - [MISSING] BHI: 2025-07-15 - 2025-07-17 (2 gün)
2025-07-17 10:49:28,726 - INFO - [MISSING] BHL: 2025-07-15 - 2025-07-17 (2 gün)
2025-07-17 10:49:28,726 - INFO - [MISSING] BID: 2025-07-15 - 2025-07-17 (2 gün)
2025-07-17 10:49:28,726 - INFO - [MISSING] BIG: 2025-07-15 - 2025-07-17 (2 gün)
2025-07-17 10:49:28,726 - INFO - [MISSING] BIH: 2025-07-15 - 2025-07-17 (2 gün)
2025-07-17 10:49:28,726 - INFO - [MISSING] BIO: 2025-07-15 - 2025-07-17 (2 gün)
2025-07-17 10:49:28,726 - INFO - [MISSING] BIP: 2025-07-15 - 2025-07-17 (2 gün)
2025-07-17 10:49:28,726 - INFO - [MISSING] BIS: 2025-07-15 - 2025-07-17 (2 gün)
2025-07-17 10:49:28,727 - INFO - [MISSING] BLD: 2025-07-15 - 2025-07-17 (2 gün)
2025-07-17 10:49:28,727 - INFO - [MISSING] BLT: 2025-07-15 - 2025-07-17 (2 gün)
2025-07-17 10:49:28,727 - INFO - [MISSING] BNC: 2025-07-15 - 2025-07-17 (2 gün)
2025-07-17 10:49:28,727 - INFO - [MISSING] BNH: 2025-07-15 - 2025-07-17 (2 gün)
2025-07-17 10:49:28,727 - INFO - [MISSING] BOL: 2025-07-15 - 2025-07-17 (2 gün)
2025-07-17 10:49:28,727 - INFO - [MISSING] BPZ: 2025-07-15 - 2025-07-17 (2 gün)
2025-07-17 10:49:28,727 - INFO - [MISSING] BRF: 2025-07-15 - 2025-07-17 (2 gün)
2025-07-17 10:49:28,727 - INFO - [MISSING] BRR: 2025-07-15 - 2025-07-17 (2 gün)
2025-07-17 10:49:28,728 - INFO - [MISSING] BRT: 2025-07-15 - 2025-07-17 (2 gün)
2025-07-17 10:49:28,728 - INFO - [MISSING] BSH: 2025-07-15 - 2025-07-17 (2 gün)
2025-07-17 10:49:28,728 - INFO - [MISSING] BST: 2025-07-15 - 2025-07-17 (2 gün)
2025-07-17 10:49:28,728 - INFO - [MISSING] BTE: 2025-07-15 - 2025-07-17 (2 gün)
2025-07-17 10:49:28,728 - INFO - [MISSING] BTZ: 2025-07-15 - 2025-07-17 (2 gün)
2025-07-17 10:49:28,728 - INFO - [MISSING] BUL: 2025-07-15 - 2025-07-17 (2 gün)
2025-07-17 10:49:28,728 - INFO - [MISSING] BUV: 2025-07-15 - 2025-07-17 (2 gün)
2025-07-17 10:49:28,729 - INFO - [MISSING] BUY: 2025-07-15 - 2025-07-17 (2 gün)
2025-07-17 10:49:28,729 - INFO - [MISSING] BV1: 2025-07-15 - 2025-07-17 (2 gün)
2025-07-17 10:49:28,729 - INFO - [MISSING] BVM: 2025-07-15 - 2025-07-17 (2 gün)
2025-07-17 10:49:28,729 - INFO - [MISSING] BVV: 2025-07-15 - 2025-07-17 (2 gün)
2025-07-17 10:49:28,729 - INFO - [MISSING] BVZ: 2025-07-15 - 2025-07-17 (2 gün)
2025-07-17 10:49:28,729 - INFO - [MISSING] CFO: 2025-07-15 - 2025-07-17 (2 gün)
2025-07-17 10:49:28,729 - INFO - [MISSING] CIN: 2025-07-15 - 2025-07-17 (2 gün)
2025-07-17 10:49:28,730 - INFO - [MISSING] CKF: 2025-07-15 - 2025-07-17 (2 gün)
2025-07-17 10:49:28,730 - INFO - [MISSING] CKL: 2025-07-15 - 2025-07-17 (2 gün)
2025-07-17 10:49:28,730 - INFO - [MISSING] CKS: 2025-07-15 - 2025-07-17 (2 gün)
2025-07-17 10:49:28,730 - INFO - [MISSING] CPT: 2025-07-15 - 2025-07-17 (2 gün)
2025-07-17 10:49:28,730 - INFO - [MISSING] CPU: 2025-07-15 - 2025-07-17 (2 gün)
2025-07-17 10:49:28,730 - INFO - [MISSING] CVK: 2025-07-15 - 2025-07-17 (2 gün)
2025-07-17 10:49:28,730 - INFO - [MISSING] DAH: 2025-07-15 - 2025-07-17 (2 gün)
2025-07-17 10:49:28,730 - INFO - [MISSING] DAS: 2025-07-15 - 2025-07-17 (2 gün)
2025-07-17 10:49:28,730 - INFO - [MISSING] DBA: 2025-07-15 - 2025-07-17 (2 gün)
2025-07-17 10:49:28,731 - INFO - [MISSING] DBB: 2025-07-15 - 2025-07-17 (2 gün)
2025-07-17 10:49:28,731 - INFO - [MISSING] DBH: 2025-07-15 - 2025-07-17 (2 gün)
2025-07-17 10:49:28,731 - INFO - [MISSING] DBK: 2025-07-15 - 2025-07-17 (2 gün)
2025-07-17 10:49:28,731 - INFO - [MISSING] DBP: 2025-07-15 - 2025-07-17 (2 gün)
2025-07-17 10:49:28,731 - INFO - [MISSING] DBZ: 2025-07-15 - 2025-07-17 (2 gün)
2025-07-17 10:49:28,731 - INFO - [MISSING] DCB: 2025-07-15 - 2025-07-17 (2 gün)
2025-07-17 10:49:28,731 - INFO - [MISSING] DDA: 2025-07-15 - 2025-07-17 (2 gün)
2025-07-17 10:49:28,731 - INFO - [MISSING] DDF: 2025-07-15 - 2025-07-17 (2 gün)
2025-07-17 10:49:28,731 - INFO - [MISSING] DEF: 2025-07-15 - 2025-07-17 (2 gün)
2025-07-17 10:49:28,732 - INFO - [MISSING] DFC: 2025-07-15 - 2025-07-17 (2 gün)
2025-07-17 10:49:28,732 - INFO - [MISSING] DFD: 2025-07-15 - 2025-07-17 (2 gün)
2025-07-17 10:49:28,732 - INFO - [MISSING] DFI: 2025-07-15 - 2025-07-17 (2 gün)
2025-07-17 10:49:28,732 - INFO - [MISSING] DGH: 2025-07-15 - 2025-07-17 (2 gün)
2025-07-17 10:49:28,732 - INFO - [MISSING] DHJ: 2025-07-15 - 2025-07-17 (2 gün)
2025-07-17 10:49:28,732 - INFO - [MISSING] DHM: 2025-07-15 - 2025-07-17 (2 gün)
2025-07-17 10:49:28,733 - INFO - [MISSING] DID: 2025-07-15 - 2025-07-17 (2 gün)
2025-07-17 10:49:28,733 - INFO - [MISSING] DIP: 2025-07-15 - 2025-07-17 (2 gün)
2025-07-17 10:49:28,733 - INFO - [MISSING] DKH: 2025-07-15 - 2025-07-17 (2 gün)
2025-07-17 10:49:28,733 - INFO - [MISSING] DKL: 2025-07-15 - 2025-07-17 (2 gün)
2025-07-17 10:49:28,733 - INFO - [MISSING] DKR: 2025-07-15 - 2025-07-17 (2 gün)
2025-07-17 10:49:28,733 - INFO - [MISSING] DL2: 2025-07-15 - 2025-07-17 (2 gün)
2025-07-17 10:49:28,733 - INFO - [MISSING] DLD: 2025-07-15 - 2025-07-17 (2 gün)
2025-07-17 10:49:28,734 - INFO - [MISSING] DLY: 2025-07-15 - 2025-07-17 (2 gün)
2025-07-17 10:49:28,734 - INFO - [MISSING] DMG: 2025-07-15 - 2025-07-17 (2 gün)
2025-07-17 10:49:28,734 - INFO - [MISSING] DNK: 2025-07-15 - 2025-07-17 (2 gün)
2025-07-17 10:49:28,734 - INFO - [MISSING] DNM: 2025-07-15 - 2025-07-17 (2 gün)
2025-07-17 10:49:28,734 - INFO - [MISSING] DOH: 2025-07-15 - 2025-07-17 (2 gün)
2025-07-17 10:49:28,734 - INFO - [MISSING] DOL: 2025-07-15 - 2025-07-17 (2 gün)
2025-07-17 10:49:28,734 - INFO - [MISSING] DOV: 2025-07-15 - 2025-07-17 (2 gün)
2025-07-17 10:49:28,734 - INFO - [MISSING] DPB: 2025-07-15 - 2025-07-17 (2 gün)
2025-07-17 10:49:28,734 - INFO - [MISSING] DPK: 2025-07-15 - 2025-07-17 (2 gün)
2025-07-17 10:49:28,735 - INFO - [MISSING] DPT: 2025-07-15 - 2025-07-17 (2 gün)
2025-07-17 10:49:28,735 - INFO - [MISSING] DSD: 2025-07-15 - 2025-07-17 (2 gün)
2025-07-17 10:49:28,735 - INFO - [MISSING] DSP: 2025-07-15 - 2025-07-17 (2 gün)
2025-07-17 10:49:28,735 - INFO - [MISSING] DTL: 2025-07-15 - 2025-07-17 (2 gün)
2025-07-17 10:49:28,735 - INFO - [MISSING] DTM: 2025-07-15 - 2025-07-17 (2 gün)
2025-07-17 10:49:28,735 - INFO - [MISSING] DTZ: 2025-07-15 - 2025-07-17 (2 gün)
2025-07-17 10:49:28,735 - INFO - [MISSING] DUH: 2025-07-15 - 2025-07-17 (2 gün)
2025-07-17 10:49:28,735 - INFO - [MISSING] DUV: 2025-07-15 - 2025-07-17 (2 gün)
2025-07-17 10:49:28,736 - INFO - [MISSING] DVS: 2025-07-15 - 2025-07-17 (2 gün)
2025-07-17 10:49:28,736 - INFO - [MISSING] DVT: 2025-07-15 - 2025-07-17 (2 gün)
2025-07-17 10:49:28,736 - INFO - [MISSING] DXP: 2025-07-15 - 2025-07-17 (2 gün)
2025-07-17 10:49:28,736 - INFO - [MISSING] DYN: 2025-07-15 - 2025-07-17 (2 gün)
2025-07-17 10:49:28,737 - INFO - [MISSING] DZE: 2025-07-15 - 2025-07-17 (2 gün)
2025-07-17 10:49:28,737 - INFO - [MISSING] DZM: 2025-07-15 - 2025-07-17 (2 gün)
2025-07-17 10:49:28,737 - INFO - [MISSING] EBD: 2025-07-15 - 2025-07-17 (2 gün)
2025-07-17 10:49:28,737 - INFO - [MISSING] EC2: 2025-07-15 - 2025-07-17 (2 gün)
2025-07-17 10:49:28,737 - INFO - [MISSING] ECA: 2025-07-15 - 2025-07-17 (2 gün)
2025-07-17 10:49:28,737 - INFO - [MISSING] EDT: 2025-07-15 - 2025-07-17 (2 gün)
2025-07-17 10:49:28,737 - INFO - [MISSING] EDU: 2025-07-15 - 2025-07-17 (2 gün)
2025-07-17 10:49:28,737 - INFO - [MISSING] EIB: 2025-07-15 - 2025-07-17 (2 gün)
2025-07-17 10:49:28,738 - INFO - [MISSING] EIC: 2025-07-15 - 2025-07-17 (2 gün)
2025-07-17 10:49:28,738 - INFO - [MISSING] EID: 2025-07-15 - 2025-07-17 (2 gün)
2025-07-17 10:49:28,738 - INFO - [MISSING] EIL: 2025-07-15 - 2025-07-17 (2 gün)
2025-07-17 10:49:28,738 - INFO - [MISSING] EKF: 2025-07-15 - 2025-07-17 (2 gün)
2025-07-17 10:49:28,738 - INFO - [MISSING] ELZ: 2025-07-15 - 2025-07-17 (2 gün)
2025-07-17 10:49:28,738 - INFO - [MISSING] ENJ: 2025-07-15 - 2025-07-17 (2 gün)
2025-07-17 10:49:28,738 - INFO - [MISSING] ESG: 2025-07-15 - 2025-07-17 (2 gün)
2025-07-17 10:49:28,738 - INFO - [MISSING] ESP: 2025-07-15 - 2025-07-17 (2 gün)
2025-07-17 10:49:28,739 - INFO - [MISSING] EUN: 2025-07-15 - 2025-07-17 (2 gün)
2025-07-17 10:49:28,739 - INFO - [MISSING] EUZ: 2025-07-15 - 2025-07-17 (2 gün)
2025-07-17 10:49:28,739 - INFO - [MISSING] EYT: 2025-07-15 - 2025-07-17 (2 gün)
2025-07-17 10:49:28,739 - INFO - [MISSING] FBC: 2025-07-15 - 2025-07-17 (2 gün)
2025-07-17 10:49:28,739 - INFO - [MISSING] FBI: 2025-07-15 - 2025-07-17 (2 gün)
2025-07-17 10:49:28,739 - INFO - [MISSING] FBV: 2025-07-15 - 2025-07-17 (2 gün)
2025-07-17 10:49:28,739 - INFO - [MISSING] FBZ: 2025-07-15 - 2025-07-17 (2 gün)
2025-07-17 10:49:28,740 - INFO - [MISSING] FCK: 2025-07-15 - 2025-07-17 (2 gün)
2025-07-17 10:49:28,740 - INFO - [MISSING] FD1: 2025-07-15 - 2025-07-17 (2 gün)
2025-07-17 10:49:28,740 - INFO - [MISSING] FDG: 2025-07-15 - 2025-07-17 (2 gün)
2025-07-17 10:49:28,740 - INFO - [MISSING] FFH: 2025-07-15 - 2025-07-17 (2 gün)
2025-07-17 10:49:28,740 - INFO - [MISSING] FFP: 2025-07-15 - 2025-07-17 (2 gün)
2025-07-17 10:49:28,740 - INFO - [MISSING] FI3: 2025-07-15 - 2025-07-17 (2 gün)
2025-07-17 10:49:28,740 - INFO - [MISSING] FIB: 2025-07-15 - 2025-07-17 (2 gün)
2025-07-17 10:49:28,740 - INFO - [MISSING] FID: 2025-07-15 - 2025-07-17 (2 gün)
2025-07-17 10:49:28,741 - INFO - [MISSING] FIL: 2025-07-15 - 2025-07-17 (2 gün)
2025-07-17 10:49:28,741 - INFO - [MISSING] FIT: 2025-07-15 - 2025-07-17 (2 gün)
2025-07-17 10:49:28,741 - INFO - [MISSING] FJB: 2025-07-15 - 2025-07-17 (2 gün)
2025-07-17 10:49:28,741 - INFO - [MISSING] FJZ: 2025-07-15 - 2025-07-17 (2 gün)
2025-07-17 10:49:28,741 - INFO - [MISSING] FKE: 2025-07-15 - 2025-07-17 (2 gün)
2025-07-17 10:49:28,741 - INFO - [MISSING] FLS: 2025-07-15 - 2025-07-17 (2 gün)
2025-07-17 10:49:28,742 - INFO - [MISSING] FLY: 2025-07-15 - 2025-07-17 (2 gün)
2025-07-17 10:49:28,742 - INFO - [MISSING] FMG: 2025-07-15 - 2025-07-17 (2 gün)
2025-07-17 10:49:28,742 - INFO - [MISSING] FNO: 2025-07-15 - 2025-07-17 (2 gün)
2025-07-17 10:49:28,742 - INFO - [MISSING] FNT: 2025-07-15 - 2025-07-17 (2 gün)
2025-07-17 10:49:28,742 - INFO - [MISSING] FPE: 2025-07-15 - 2025-07-17 (2 gün)
2025-07-17 10:49:28,742 - INFO - [MISSING] FPG: 2025-07-15 - 2025-07-17 (2 gün)
2025-07-17 10:49:28,742 - INFO - [MISSING] FPH: 2025-07-15 - 2025-07-17 (2 gün)
2025-07-17 10:49:28,742 - INFO - [MISSING] FPI: 2025-07-15 - 2025-07-17 (2 gün)
2025-07-17 10:49:28,742 - INFO - [MISSING] FPK: 2025-07-15 - 2025-07-17 (2 gün)
2025-07-17 10:49:28,743 - INFO - [MISSING] FPZ: 2025-07-15 - 2025-07-17 (2 gün)
2025-07-17 10:49:28,743 - INFO - [MISSING] FRC: 2025-07-15 - 2025-07-17 (2 gün)
2025-07-17 10:49:28,743 - INFO - [MISSING] FS5: 2025-07-15 - 2025-07-17 (2 gün)
2025-07-17 10:49:28,743 - INFO - [MISSING] FS6: 2025-07-15 - 2025-07-17 (2 gün)
2025-07-17 10:49:28,743 - INFO - [MISSING] FSF: 2025-07-15 - 2025-07-17 (2 gün)
2025-07-17 10:49:28,743 - INFO - [MISSING] FSG: 2025-07-15 - 2025-07-17 (2 gün)
2025-07-17 10:49:28,743 - INFO - [MISSING] FSH: 2025-07-15 - 2025-07-17 (2 gün)
2025-07-17 10:49:28,743 - INFO - [MISSING] FSK: 2025-07-15 - 2025-07-17 (2 gün)
2025-07-17 10:49:28,743 - INFO - [MISSING] FSR: 2025-07-15 - 2025-07-17 (2 gün)
2025-07-17 10:49:28,743 - INFO - [MISSING] FTL: 2025-07-15 - 2025-07-17 (2 gün)
2025-07-17 10:49:28,744 - INFO - [MISSING] FUA: 2025-07-15 - 2025-07-17 (2 gün)
2025-07-17 10:49:28,744 - INFO - [MISSING] FUB: 2025-07-15 - 2025-07-17 (2 gün)
2025-07-17 10:49:28,744 - INFO - [MISSING] FYD: 2025-07-15 - 2025-07-17 (2 gün)
2025-07-17 10:49:28,744 - INFO - [MISSING] FYI: 2025-07-15 - 2025-07-17 (2 gün)
2025-07-17 10:49:28,744 - INFO - [MISSING] FYO: 2025-07-15 - 2025-07-17 (2 gün)
2025-07-17 10:49:28,744 - INFO - [MISSING] FZJ: 2025-07-15 - 2025-07-17 (2 gün)
2025-07-17 10:49:28,745 - INFO - [MISSING] FZP: 2025-07-15 - 2025-07-17 (2 gün)
2025-07-17 10:49:28,745 - INFO - [MISSING] GA1: 2025-07-15 - 2025-07-17 (2 gün)
2025-07-17 10:49:28,745 - INFO - [MISSING] GAE: 2025-07-15 - 2025-07-17 (2 gün)
2025-07-17 10:49:28,745 - INFO - [MISSING] GAF: 2025-07-15 - 2025-07-17 (2 gün)
2025-07-17 10:49:28,745 - INFO - [MISSING] GAG: 2025-07-15 - 2025-07-17 (2 gün)
2025-07-17 10:49:28,745 - INFO - [MISSING] GAH: 2025-07-15 - 2025-07-17 (2 gün)
2025-07-17 10:49:28,745 - INFO - [MISSING] GAS: 2025-07-15 - 2025-07-17 (2 gün)
2025-07-17 10:49:28,746 - INFO - [MISSING] GBC: 2025-07-15 - 2025-07-17 (2 gün)
2025-07-17 10:49:28,746 - INFO - [MISSING] GBG: 2025-07-15 - 2025-07-17 (2 gün)
2025-07-17 10:49:28,746 - INFO - [MISSING] GBH: 2025-07-15 - 2025-07-17 (2 gün)
2025-07-17 10:49:28,746 - INFO - [MISSING] GBJ: 2025-07-15 - 2025-07-17 (2 gün)
2025-07-17 10:49:28,746 - INFO - [MISSING] GBL: 2025-07-15 - 2025-07-17 (2 gün)
2025-07-17 10:49:28,746 - INFO - [MISSING] GBN: 2025-07-15 - 2025-07-17 (2 gün)
2025-07-17 10:49:28,746 - INFO - [MISSING] GBV: 2025-07-15 - 2025-07-17 (2 gün)
2025-07-17 10:49:28,746 - INFO - [MISSING] GBZ: 2025-07-15 - 2025-07-17 (2 gün)
2025-07-17 10:49:28,747 - INFO - [MISSING] GGK: 2025-07-15 - 2025-07-17 (2 gün)
2025-07-17 10:49:28,747 - INFO - [MISSING] GHS: 2025-07-15 - 2025-07-17 (2 gün)
2025-07-17 10:49:28,747 - INFO - [MISSING] GID: 2025-07-15 - 2025-07-17 (2 gün)
2025-07-17 10:49:28,747 - INFO - [MISSING] GIE: 2025-07-15 - 2025-07-17 (2 gün)
2025-07-17 10:49:28,747 - INFO - [MISSING] GIH: 2025-07-15 - 2025-07-17 (2 gün)
2025-07-17 10:49:28,747 - INFO - [MISSING] GJB: 2025-07-15 - 2025-07-17 (2 gün)
2025-07-17 10:49:28,747 - INFO - [MISSING] GKF: 2025-07-15 - 2025-07-17 (2 gün)
2025-07-17 10:49:28,747 - INFO - [MISSING] GKG: 2025-07-15 - 2025-07-17 (2 gün)
2025-07-17 10:49:28,747 - INFO - [MISSING] GKH: 2025-07-15 - 2025-07-17 (2 gün)
2025-07-17 10:49:28,748 - INFO - [MISSING] GKV: 2025-07-15 - 2025-07-17 (2 gün)
2025-07-17 10:49:28,748 - INFO - [MISSING] GL1: 2025-07-15 - 2025-07-17 (2 gün)
2025-07-17 10:49:28,748 - INFO - [MISSING] GLC: 2025-07-15 - 2025-07-17 (2 gün)
2025-07-17 10:49:28,748 - INFO - [MISSING] GLG: 2025-07-15 - 2025-07-17 (2 gün)
2025-07-17 10:49:28,748 - INFO - [MISSING] GLS: 2025-07-15 - 2025-07-17 (2 gün)
2025-07-17 10:49:28,748 - INFO - [MISSING] GMA: 2025-07-15 - 2025-07-17 (2 gün)
2025-07-17 10:49:28,748 - INFO - [MISSING] GMC: 2025-07-15 - 2025-07-17 (2 gün)
2025-07-17 10:49:28,748 - INFO - [MISSING] GMD: 2025-07-15 - 2025-07-17 (2 gün)
2025-07-17 10:49:28,749 - INFO - [MISSING] GMR: 2025-07-15 - 2025-07-17 (2 gün)
2025-07-17 10:49:28,749 - INFO - [MISSING] GNH: 2025-07-15 - 2025-07-17 (2 gün)
2025-07-17 10:49:28,749 - INFO - [MISSING] GNS: 2025-07-15 - 2025-07-17 (2 gün)
2025-07-17 10:49:28,749 - INFO - [MISSING] GO1: 2025-07-15 - 2025-07-17 (2 gün)
2025-07-17 10:49:28,749 - INFO - [MISSING] GO2: 2025-07-15 - 2025-07-17 (2 gün)
2025-07-17 10:49:28,749 - INFO - [MISSING] GO3: 2025-07-15 - 2025-07-17 (2 gün)
2025-07-17 10:49:28,750 - INFO - [MISSING] GO4: 2025-07-15 - 2025-07-17 (2 gün)
2025-07-17 10:49:28,750 - INFO - [MISSING] GO6: 2025-07-15 - 2025-07-17 (2 gün)
2025-07-17 10:49:28,750 - INFO - [MISSING] GO9: 2025-07-15 - 2025-07-17 (2 gün)
2025-07-17 10:49:28,750 - INFO - [MISSING] GOH: 2025-07-15 - 2025-07-17 (2 gün)
2025-07-17 10:49:28,750 - INFO - [MISSING] GOL: 2025-07-15 - 2025-07-17 (2 gün)
2025-07-17 10:49:28,750 - INFO - [MISSING] GPA: 2025-07-15 - 2025-07-17 (2 gün)
2025-07-17 10:49:28,750 - INFO - [MISSING] GPB: 2025-07-15 - 2025-07-17 (2 gün)
2025-07-17 10:49:28,750 - INFO - [MISSING] GPC: 2025-07-15 - 2025-07-17 (2 gün)
2025-07-17 10:49:28,750 - INFO - [MISSING] GPF: 2025-07-15 - 2025-07-17 (2 gün)
2025-07-17 10:49:28,751 - INFO - [MISSING] GPG: 2025-07-15 - 2025-07-17 (2 gün)
2025-07-17 10:49:28,751 - INFO - [MISSING] GPI: 2025-07-15 - 2025-07-17 (2 gün)
2025-07-17 10:49:28,751 - INFO - [MISSING] GPL: 2025-07-15 - 2025-07-17 (2 gün)
2025-07-17 10:49:28,751 - INFO - [MISSING] GPT: 2025-07-15 - 2025-07-17 (2 gün)
2025-07-17 10:49:28,751 - INFO - [MISSING] GPU: 2025-07-15 - 2025-07-17 (2 gün)
2025-07-17 10:49:28,751 - INFO - [MISSING] GPZ: 2025-07-15 - 2025-07-17 (2 gün)
2025-07-17 10:49:28,751 - INFO - [MISSING] GRL: 2025-07-15 - 2025-07-17 (2 gün)
2025-07-17 10:49:28,751 - INFO - [MISSING] GRO: 2025-07-15 - 2025-07-17 (2 gün)
2025-07-17 10:49:28,752 - INFO - [MISSING] GRT: 2025-07-15 - 2025-07-17 (2 gün)
2025-07-17 10:49:28,752 - INFO - [MISSING] GSP: 2025-07-15 - 2025-07-17 (2 gün)
2025-07-17 10:49:28,752 - INFO - [MISSING] GTA: 2025-07-15 - 2025-07-17 (2 gün)
2025-07-17 10:49:28,752 - INFO - [MISSING] GTF: 2025-07-15 - 2025-07-17 (2 gün)
2025-07-17 10:49:28,752 - INFO - [MISSING] GTH: 2025-07-15 - 2025-07-17 (2 gün)
2025-07-17 10:49:28,752 - INFO - [MISSING] GTM: 2025-07-15 - 2025-07-17 (2 gün)
2025-07-17 10:49:28,752 - INFO - [MISSING] GTY: 2025-07-15 - 2025-07-17 (2 gün)
2025-07-17 10:49:28,753 - INFO - [MISSING] GTZ: 2025-07-15 - 2025-07-17 (2 gün)
2025-07-17 10:49:28,753 - INFO - [MISSING] GUB: 2025-07-15 - 2025-07-17 (2 gün)
2025-07-17 10:49:28,753 - INFO - [MISSING] GUH: 2025-07-15 - 2025-07-17 (2 gün)
2025-07-17 10:49:28,753 - INFO - [MISSING] GUM: 2025-07-15 - 2025-07-17 (2 gün)
2025-07-17 10:49:28,753 - INFO - [MISSING] GUV: 2025-07-15 - 2025-07-17 (2 gün)
2025-07-17 10:49:28,753 - INFO - [MISSING] GVA: 2025-07-15 - 2025-07-17 (2 gün)
2025-07-17 10:49:28,753 - INFO - [MISSING] GVI: 2025-07-15 - 2025-07-17 (2 gün)
2025-07-17 10:49:28,753 - INFO - [MISSING] GYK: 2025-07-15 - 2025-07-17 (2 gün)
2025-07-17 10:49:28,754 - INFO - [MISSING] GZE: 2025-07-15 - 2025-07-17 (2 gün)
2025-07-17 10:49:28,754 - INFO - [MISSING] GZG: 2025-07-15 - 2025-07-17 (2 gün)
2025-07-17 10:49:28,754 - INFO - [MISSING] GZH: 2025-07-15 - 2025-07-17 (2 gün)
2025-07-17 10:49:28,754 - INFO - [MISSING] GZJ: 2025-07-15 - 2025-07-17 (2 gün)
2025-07-17 10:49:28,754 - INFO - [MISSING] GZL: 2025-07-15 - 2025-07-17 (2 gün)
2025-07-17 10:49:28,754 - INFO - [MISSING] GZM: 2025-07-15 - 2025-07-17 (2 gün)
2025-07-17 10:49:28,754 - INFO - [MISSING] GZN: 2025-07-15 - 2025-07-17 (2 gün)
2025-07-17 10:49:28,755 - INFO - [MISSING] GZP: 2025-07-15 - 2025-07-17 (2 gün)
2025-07-17 10:49:28,755 - INFO - [MISSING] GZR: 2025-07-15 - 2025-07-17 (2 gün)
2025-07-17 10:49:28,755 - INFO - [MISSING] GZV: 2025-07-15 - 2025-07-17 (2 gün)
2025-07-17 10:49:28,755 - INFO - [MISSING] GZY: 2025-07-15 - 2025-07-17 (2 gün)
2025-07-17 10:49:28,755 - INFO - [MISSING] GZZ: 2025-07-15 - 2025-07-17 (2 gün)
2025-07-17 10:49:28,755 - INFO - [MISSING] HAM: 2025-07-15 - 2025-07-17 (2 gün)
2025-07-17 10:49:28,755 - INFO - [MISSING] HAT: 2025-07-15 - 2025-07-17 (2 gün)
2025-07-17 10:49:28,755 - INFO - [MISSING] HBF: 2025-07-15 - 2025-07-17 (2 gün)
2025-07-17 10:49:28,755 - INFO - [MISSING] HBN: 2025-07-15 - 2025-07-17 (2 gün)
2025-07-17 10:49:28,755 - INFO - [MISSING] HBU: 2025-07-15 - 2025-07-17 (2 gün)
2025-07-17 10:49:28,756 - INFO - [MISSING] HDA: 2025-07-15 - 2025-07-17 (2 gün)
2025-07-17 10:49:28,756 - INFO - [MISSING] HDK: 2025-07-15 - 2025-07-17 (2 gün)
2025-07-17 10:49:28,756 - INFO - [MISSING] HEH: 2025-07-15 - 2025-07-17 (2 gün)
2025-07-17 10:49:28,756 - INFO - [MISSING] HFI: 2025-07-15 - 2025-07-17 (2 gün)
2025-07-17 10:49:28,756 - INFO - [MISSING] HGM: 2025-07-15 - 2025-07-17 (2 gün)
2025-07-17 10:49:28,756 - INFO - [MISSING] HGV: 2025-07-15 - 2025-07-17 (2 gün)
2025-07-17 10:49:28,756 - INFO - [MISSING] HIA: 2025-07-15 - 2025-07-17 (2 gün)
2025-07-17 10:49:28,756 - INFO - [MISSING] HIH: 2025-07-15 - 2025-07-17 (2 gün)
2025-07-17 10:49:28,756 - INFO - [MISSING] HIM: 2025-07-15 - 2025-07-17 (2 gün)
2025-07-17 10:49:28,756 - INFO - [MISSING] HIZ: 2025-07-15 - 2025-07-17 (2 gün)
2025-07-17 10:49:28,757 - INFO - [MISSING] HJB: 2025-07-15 - 2025-07-17 (2 gün)
2025-07-17 10:49:28,757 - INFO - [MISSING] HKG: 2025-07-15 - 2025-07-17 (2 gün)
2025-07-17 10:49:28,757 - INFO - [MISSING] HKH: 2025-07-15 - 2025-07-17 (2 gün)
2025-07-17 10:49:28,757 - INFO - [MISSING] HKM: 2025-07-15 - 2025-07-17 (2 gün)
2025-07-17 10:49:28,757 - INFO - [MISSING] HKR: 2025-07-15 - 2025-07-17 (2 gün)
2025-07-17 10:49:28,757 - INFO - [MISSING] HMC: 2025-07-15 - 2025-07-17 (2 gün)
2025-07-17 10:49:28,758 - INFO - [MISSING] HMG: 2025-07-15 - 2025-07-17 (2 gün)
2025-07-17 10:49:28,758 - INFO - [MISSING] HML: 2025-07-15 - 2025-07-17 (2 gün)
2025-07-17 10:49:28,758 - INFO - [MISSING] HMS: 2025-07-15 - 2025-07-17 (2 gün)
2025-07-17 10:49:28,758 - INFO - [MISSING] HNC: 2025-07-15 - 2025-07-17 (2 gün)
2025-07-17 10:49:28,758 - INFO - [MISSING] HOA: 2025-07-15 - 2025-07-17 (2 gün)
2025-07-17 10:49:28,758 - INFO - [MISSING] HOY: 2025-07-15 - 2025-07-17 (2 gün)
2025-07-17 10:49:28,758 - INFO - [MISSING] HP3: 2025-07-15 - 2025-07-17 (2 gün)
2025-07-17 10:49:28,759 - INFO - [MISSING] HPD: 2025-07-15 - 2025-07-17 (2 gün)
2025-07-17 10:49:28,759 - INFO - [MISSING] HPH: 2025-07-15 - 2025-07-17 (2 gün)
2025-07-17 10:49:28,759 - INFO - [MISSING] HPO: 2025-07-15 - 2025-07-17 (2 gün)
2025-07-17 10:49:28,759 - INFO - [MISSING] HPT: 2025-07-15 - 2025-07-17 (2 gün)
2025-07-17 10:49:28,759 - INFO - [MISSING] HRZ: 2025-07-15 - 2025-07-17 (2 gün)
2025-07-17 10:49:28,759 - INFO - [MISSING] HSA: 2025-07-15 - 2025-07-17 (2 gün)
2025-07-17 10:49:28,759 - INFO - [MISSING] HSL: 2025-07-15 - 2025-07-17 (2 gün)
2025-07-17 10:49:28,760 - INFO - [MISSING] HST: 2025-07-15 - 2025-07-17 (2 gün)
2025-07-17 10:49:28,760 - INFO - [MISSING] HTJ: 2025-07-15 - 2025-07-17 (2 gün)
2025-07-17 10:49:28,760 - INFO - [MISSING] HVK: 2025-07-15 - 2025-07-17 (2 gün)
2025-07-17 10:49:28,760 - INFO - [MISSING] HVS: 2025-07-15 - 2025-07-17 (2 gün)
2025-07-17 10:49:28,760 - INFO - [MISSING] HVT: 2025-07-15 - 2025-07-17 (2 gün)
2025-07-17 10:49:28,760 - INFO - [MISSING] HVU: 2025-07-15 - 2025-07-17 (2 gün)
2025-07-17 10:49:28,760 - INFO - [MISSING] HVZ: 2025-07-15 - 2025-07-17 (2 gün)
2025-07-17 10:49:28,760 - INFO - [MISSING] HYP: 2025-07-15 - 2025-07-17 (2 gün)
2025-07-17 10:49:28,761 - INFO - [MISSING] HYU: 2025-07-15 - 2025-07-17 (2 gün)
2025-07-17 10:49:28,761 - INFO - [MISSING] HYV: 2025-07-15 - 2025-07-17 (2 gün)
2025-07-17 10:49:28,761 - INFO - [MISSING] IAE: 2025-07-15 - 2025-07-17 (2 gün)
2025-07-17 10:49:28,761 - INFO - [MISSING] IAM: 2025-07-15 - 2025-07-17 (2 gün)
2025-07-17 10:49:28,761 - INFO - [MISSING] IAT: 2025-07-15 - 2025-07-17 (2 gün)
2025-07-17 10:49:28,761 - INFO - [MISSING] IAU: 2025-07-15 - 2025-07-17 (2 gün)
2025-07-17 10:49:28,762 - INFO - [MISSING] IAY: 2025-07-15 - 2025-07-17 (2 gün)
2025-07-17 10:49:28,762 - INFO - [MISSING] IBB: 2025-07-15 - 2025-07-17 (2 gün)
2025-07-17 10:49:28,762 - INFO - [MISSING] ICA: 2025-07-15 - 2025-07-17 (2 gün)
2025-07-17 10:49:28,762 - INFO - [MISSING] ICC: 2025-07-15 - 2025-07-17 (2 gün)
2025-07-17 10:49:28,762 - INFO - [MISSING] ICD: 2025-07-15 - 2025-07-17 (2 gün)
2025-07-17 10:49:28,762 - INFO - [MISSING] ICE: 2025-07-15 - 2025-07-17 (2 gün)
2025-07-17 10:49:28,762 - INFO - [MISSING] ICF: 2025-07-15 - 2025-07-17 (2 gün)
2025-07-17 10:49:28,763 - INFO - [MISSING] ICH: 2025-07-15 - 2025-07-17 (2 gün)
2025-07-17 10:49:28,763 - INFO - [MISSING] ICS: 2025-07-15 - 2025-07-17 (2 gün)
2025-07-17 10:49:28,763 - INFO - [MISSING] ICV: 2025-07-15 - 2025-07-17 (2 gün)
2025-07-17 10:49:28,763 - INFO - [MISSING] ICZ: 2025-07-15 - 2025-07-17 (2 gün)
2025-07-17 10:49:28,763 - INFO - [MISSING] IDD: 2025-07-15 - 2025-07-17 (2 gün)
2025-07-17 10:49:28,763 - INFO - [MISSING] IDF: 2025-07-15 - 2025-07-17 (2 gün)
2025-07-17 10:49:28,763 - INFO - [MISSING] IDH: 2025-07-15 - 2025-07-17 (2 gün)
2025-07-17 10:49:28,763 - INFO - [MISSING] IDI: 2025-07-15 - 2025-07-17 (2 gün)
2025-07-17 10:49:28,764 - INFO - [MISSING] IDL: 2025-07-15 - 2025-07-17 (2 gün)
2025-07-17 10:49:28,764 - INFO - [MISSING] IDO: 2025-07-15 - 2025-07-17 (2 gün)
2025-07-17 10:49:28,764 - INFO - [MISSING] IDY: 2025-07-15 - 2025-07-17 (2 gün)
2025-07-17 10:49:28,764 - INFO - [MISSING] IEV: 2025-07-15 - 2025-07-17 (2 gün)
2025-07-17 10:49:28,764 - INFO - [MISSING] IFN: 2025-07-15 - 2025-07-17 (2 gün)
2025-07-17 10:49:28,764 - INFO - [MISSING] IFV: 2025-07-15 - 2025-07-17 (2 gün)
2025-07-17 10:49:28,764 - INFO - [MISSING] IHA: 2025-07-15 - 2025-07-17 (2 gün)
2025-07-17 10:49:28,764 - INFO - [MISSING] IHC: 2025-07-15 - 2025-07-17 (2 gün)
2025-07-17 10:49:28,765 - INFO - [MISSING] IHK: 2025-07-15 - 2025-07-17 (2 gün)
2025-07-17 10:49:28,765 - INFO - [MISSING] IHP: 2025-07-15 - 2025-07-17 (2 gün)
2025-07-17 10:49:28,765 - INFO - [MISSING] IHT: 2025-07-15 - 2025-07-17 (2 gün)
2025-07-17 10:49:28,765 - INFO - [MISSING] IHZ: 2025-07-15 - 2025-07-17 (2 gün)
2025-07-17 10:49:28,765 - INFO - [MISSING] IIE: 2025-07-15 - 2025-07-17 (2 gün)
2025-07-17 10:49:28,765 - INFO - [MISSING] IIH: 2025-07-15 - 2025-07-17 (2 gün)
2025-07-17 10:49:28,765 - INFO - [MISSING] IJA: 2025-07-15 - 2025-07-17 (2 gün)
2025-07-17 10:49:28,765 - INFO - [MISSING] IJB: 2025-07-15 - 2025-07-17 (2 gün)
2025-07-17 10:49:28,766 - INFO - [MISSING] IJC: 2025-07-15 - 2025-07-17 (2 gün)
2025-07-17 10:49:28,766 - INFO - [MISSING] IJH: 2025-07-15 - 2025-07-17 (2 gün)
2025-07-17 10:49:28,766 - INFO - [MISSING] IJP: 2025-07-15 - 2025-07-17 (2 gün)
2025-07-17 10:49:28,766 - INFO - [MISSING] IJT: 2025-07-15 - 2025-07-17 (2 gün)
2025-07-17 10:49:28,766 - INFO - [MISSING] IJV: 2025-07-15 - 2025-07-17 (2 gün)
2025-07-17 10:49:28,766 - INFO - [MISSING] IJZ: 2025-07-15 - 2025-07-17 (2 gün)
2025-07-17 10:49:28,766 - INFO - [MISSING] IKL: 2025-07-15 - 2025-07-17 (2 gün)
2025-07-17 10:49:28,767 - INFO - [MISSING] IKP: 2025-07-15 - 2025-07-17 (2 gün)
2025-07-17 10:49:28,767 - INFO - [MISSING] IKV: 2025-07-15 - 2025-07-17 (2 gün)
2025-07-17 10:49:28,767 - INFO - [MISSING] ILZ: 2025-07-15 - 2025-07-17 (2 gün)
2025-07-17 10:49:28,767 - INFO - [MISSING] IMB: 2025-07-15 - 2025-07-17 (2 gün)
2025-07-17 10:49:28,767 - INFO - [MISSING] IMF: 2025-07-15 - 2025-07-17 (2 gün)
2025-07-17 10:49:28,767 - INFO - [MISSING] IML: 2025-07-15 - 2025-07-17 (2 gün)
2025-07-17 10:49:28,767 - INFO - [MISSING] IOG: 2025-07-15 - 2025-07-17 (2 gün)
2025-07-17 10:49:28,767 - INFO - [MISSING] IOO: 2025-07-15 - 2025-07-17 (2 gün)
2025-07-17 10:49:28,768 - INFO - [MISSING] IPB: 2025-07-15 - 2025-07-17 (2 gün)
2025-07-17 10:49:28,768 - INFO - [MISSING] IPG: 2025-07-15 - 2025-07-17 (2 gün)
2025-07-17 10:49:28,768 - INFO - [MISSING] IPJ: 2025-07-15 - 2025-07-17 (2 gün)
2025-07-17 10:49:28,768 - INFO - [MISSING] IPV: 2025-07-15 - 2025-07-17 (2 gün)
2025-07-17 10:49:28,768 - INFO - [MISSING] IRF: 2025-07-15 - 2025-07-17 (2 gün)
2025-07-17 10:49:28,768 - INFO - [MISSING] IRO: 2025-07-15 - 2025-07-17 (2 gün)
2025-07-17 10:49:28,768 - INFO - [MISSING] IRT: 2025-07-15 - 2025-07-17 (2 gün)
2025-07-17 10:49:28,768 - INFO - [MISSING] IRV: 2025-07-15 - 2025-07-17 (2 gün)
2025-07-17 10:49:28,768 - INFO - [MISSING] IRY: 2025-07-15 - 2025-07-17 (2 gün)
2025-07-17 10:49:28,768 - INFO - [MISSING] IST: 2025-07-15 - 2025-07-17 (2 gün)
2025-07-17 10:49:28,768 - INFO - [MISSING] ITP: 2025-07-15 - 2025-07-17 (2 gün)
2025-07-17 10:49:28,769 - INFO - [MISSING] IUF: 2025-07-15 - 2025-07-17 (2 gün)
2025-07-17 10:49:28,769 - INFO - [MISSING] IUH: 2025-07-15 - 2025-07-17 (2 gün)
2025-07-17 10:49:28,769 - INFO - [MISSING] IUV: 2025-07-15 - 2025-07-17 (2 gün)
2025-07-17 10:49:28,769 - INFO - [MISSING] IV8: 2025-07-15 - 2025-07-17 (2 gün)
2025-07-17 10:49:28,769 - INFO - [MISSING] IVF: 2025-07-15 - 2025-07-17 (2 gün)
2025-07-17 10:49:28,769 - INFO - [MISSING] IVY: 2025-07-15 - 2025-07-17 (2 gün)
2025-07-17 10:49:28,769 - INFO - [MISSING] IYB: 2025-07-15 - 2025-07-17 (2 gün)
2025-07-17 10:49:28,770 - INFO - [MISSING] IZB: 2025-07-15 - 2025-07-17 (2 gün)
2025-07-17 10:49:28,770 - INFO - [MISSING] IZF: 2025-07-15 - 2025-07-17 (2 gün)
2025-07-17 10:49:28,770 - INFO - [MISSING] IZS: 2025-07-15 - 2025-07-17 (2 gün)
2025-07-17 10:49:28,770 - INFO - [MISSING] JET: 2025-07-15 - 2025-07-17 (2 gün)
2025-07-17 10:49:28,770 - INFO - [MISSING] JUP: 2025-07-15 - 2025-07-17 (2 gün)
2025-07-17 10:49:28,770 - INFO - [MISSING] KAV: 2025-07-15 - 2025-07-17 (2 gün)
2025-07-17 10:49:28,770 - INFO - [MISSING] KCL: 2025-07-15 - 2025-07-17 (2 gün)
2025-07-17 10:49:28,771 - INFO - [MISSING] KCV: 2025-07-15 - 2025-07-17 (2 gün)
2025-07-17 10:49:28,771 - INFO - [MISSING] KDE: 2025-07-15 - 2025-07-17 (2 gün)
2025-07-17 10:49:28,771 - INFO - [MISSING] KDL: 2025-07-15 - 2025-07-17 (2 gün)
2025-07-17 10:49:28,771 - INFO - [MISSING] KDT: 2025-07-15 - 2025-07-17 (2 gün)
2025-07-17 10:49:28,771 - INFO - [MISSING] KGM: 2025-07-15 - 2025-07-17 (2 gün)
2025-07-17 10:49:28,771 - INFO - [MISSING] KHA: 2025-07-15 - 2025-07-17 (2 gün)
2025-07-17 10:49:28,771 - INFO - [MISSING] KHB: 2025-07-15 - 2025-07-17 (2 gün)
2025-07-17 10:49:28,771 - INFO - [MISSING] KHC: 2025-07-15 - 2025-07-17 (2 gün)
2025-07-17 10:49:28,772 - INFO - [MISSING] KHJ: 2025-07-15 - 2025-07-17 (2 gün)
2025-07-17 10:49:28,772 - INFO - [MISSING] KHT: 2025-07-15 - 2025-07-17 (2 gün)
2025-07-17 10:49:28,772 - INFO - [MISSING] KIA: 2025-07-15 - 2025-07-17 (2 gün)
2025-07-17 10:49:28,772 - INFO - [MISSING] KIB: 2025-07-15 - 2025-07-17 (2 gün)
2025-07-17 10:49:28,772 - INFO - [MISSING] KID: 2025-07-15 - 2025-07-17 (2 gün)
2025-07-17 10:49:28,772 - INFO - [MISSING] KIE: 2025-07-15 - 2025-07-17 (2 gün)
2025-07-17 10:49:28,772 - INFO - [MISSING] KIF: 2025-07-15 - 2025-07-17 (2 gün)
2025-07-17 10:49:28,772 - INFO - [MISSING] KIH: 2025-07-15 - 2025-07-17 (2 gün)
2025-07-17 10:49:28,772 - INFO - [MISSING] KIS: 2025-07-15 - 2025-07-17 (2 gün)
2025-07-17 10:49:28,773 - INFO - [MISSING] KKC: 2025-07-15 - 2025-07-17 (2 gün)
2025-07-17 10:49:28,773 - INFO - [MISSING] KKH: 2025-07-15 - 2025-07-17 (2 gün)
2025-07-17 10:49:28,773 - INFO - [MISSING] KKL: 2025-07-15 - 2025-07-17 (2 gün)
2025-07-17 10:49:28,773 - INFO - [MISSING] KLH: 2025-07-15 - 2025-07-17 (2 gün)
2025-07-17 10:49:28,773 - INFO - [MISSING] KLS: 2025-07-15 - 2025-07-17 (2 gün)
2025-07-17 10:49:28,773 - INFO - [MISSING] KLU: 2025-07-15 - 2025-07-17 (2 gün)
2025-07-17 10:49:28,773 - INFO - [MISSING] KME: 2025-07-15 - 2025-07-17 (2 gün)
2025-07-17 10:49:28,774 - INFO - [MISSING] KMF: 2025-07-15 - 2025-07-17 (2 gün)
2025-07-17 10:49:28,774 - INFO - [MISSING] KNJ: 2025-07-15 - 2025-07-17 (2 gün)
2025-07-17 10:49:28,774 - INFO - [MISSING] KOT: 2025-07-15 - 2025-07-17 (2 gün)
2025-07-17 10:49:28,774 - INFO - [MISSING] KP3: 2025-07-15 - 2025-07-17 (2 gün)
2025-07-17 10:49:28,774 - INFO - [MISSING] KPA: 2025-07-15 - 2025-07-17 (2 gün)
2025-07-17 10:49:28,774 - INFO - [MISSING] KPC: 2025-07-15 - 2025-07-17 (2 gün)
2025-07-17 10:49:28,775 - INFO - [MISSING] KPD: 2025-07-15 - 2025-07-17 (2 gün)
2025-07-17 10:49:28,775 - INFO - [MISSING] KPF: 2025-07-15 - 2025-07-17 (2 gün)
2025-07-17 10:49:28,775 - INFO - [MISSING] KPH: 2025-07-15 - 2025-07-17 (2 gün)
2025-07-17 10:49:28,775 - INFO - [MISSING] KPP: 2025-07-15 - 2025-07-17 (2 gün)
2025-07-17 10:49:28,775 - INFO - [MISSING] KPU: 2025-07-15 - 2025-07-17 (2 gün)
2025-07-17 10:49:28,775 - INFO - [MISSING] KRA: 2025-07-15 - 2025-07-17 (2 gün)
2025-07-17 10:49:28,775 - INFO - [MISSING] KRC: 2025-07-15 - 2025-07-17 (2 gün)
2025-07-17 10:49:28,776 - INFO - [MISSING] KRF: 2025-07-15 - 2025-07-17 (2 gün)
2025-07-17 10:49:28,776 - INFO - [MISSING] KRS: 2025-07-15 - 2025-07-17 (2 gün)
2025-07-17 10:49:28,776 - INFO - [MISSING] KRT: 2025-07-15 - 2025-07-17 (2 gün)
2025-07-17 10:49:28,776 - INFO - [MISSING] KSA: 2025-07-15 - 2025-07-17 (2 gün)
2025-07-17 10:49:28,776 - INFO - [MISSING] KSK: 2025-07-15 - 2025-07-17 (2 gün)
2025-07-17 10:49:28,776 - INFO - [MISSING] KSR: 2025-07-15 - 2025-07-17 (2 gün)
2025-07-17 10:49:28,776 - INFO - [MISSING] KST: 2025-07-15 - 2025-07-17 (2 gün)
2025-07-17 10:49:28,776 - INFO - [MISSING] KSV: 2025-07-15 - 2025-07-17 (2 gün)
2025-07-17 10:49:28,776 - INFO - [MISSING] KTI: 2025-07-15 - 2025-07-17 (2 gün)
2025-07-17 10:49:28,777 - INFO - [MISSING] KTJ: 2025-07-15 - 2025-07-17 (2 gün)
2025-07-17 10:49:28,777 - INFO - [MISSING] KTM: 2025-07-15 - 2025-07-17 (2 gün)
2025-07-17 10:49:28,777 - INFO - [MISSING] KTN: 2025-07-15 - 2025-07-17 (2 gün)
2025-07-17 10:49:28,777 - INFO - [MISSING] KTR: 2025-07-15 - 2025-07-17 (2 gün)
2025-07-17 10:49:28,777 - INFO - [MISSING] KTS: 2025-07-15 - 2025-07-17 (2 gün)
2025-07-17 10:49:28,777 - INFO - [MISSING] KTT: 2025-07-15 - 2025-07-17 (2 gün)
2025-07-17 10:49:28,777 - INFO - [MISSING] KTV: 2025-07-15 - 2025-07-17 (2 gün)
2025-07-17 10:49:28,777 - INFO - [MISSING] KUA: 2025-07-15 - 2025-07-17 (2 gün)
2025-07-17 10:49:28,777 - INFO - [MISSING] KUB: 2025-07-15 - 2025-07-17 (2 gün)
2025-07-17 10:49:28,778 - INFO - [MISSING] KUD: 2025-07-15 - 2025-07-17 (2 gün)
2025-07-17 10:49:28,778 - INFO - [MISSING] KUT: 2025-07-15 - 2025-07-17 (2 gün)
2025-07-17 10:49:28,778 - INFO - [MISSING] KVS: 2025-07-15 - 2025-07-17 (2 gün)
2025-07-17 10:49:28,778 - INFO - [MISSING] KVT: 2025-07-15 - 2025-07-17 (2 gün)
2025-07-17 10:49:28,778 - INFO - [MISSING] KYA: 2025-07-15 - 2025-07-17 (2 gün)
2025-07-17 10:49:28,778 - INFO - [MISSING] KYS: 2025-07-15 - 2025-07-17 (2 gün)
2025-07-17 10:49:28,779 - INFO - [MISSING] KZL: 2025-07-15 - 2025-07-17 (2 gün)
2025-07-17 10:49:28,779 - INFO - [MISSING] KZU: 2025-07-15 - 2025-07-17 (2 gün)
2025-07-17 10:49:28,779 - INFO - [MISSING] LID: 2025-07-15 - 2025-07-17 (2 gün)
2025-07-17 10:49:28,779 - INFO - [MISSING] LLA: 2025-07-15 - 2025-07-17 (2 gün)
2025-07-17 10:49:28,779 - INFO - [MISSING] LPH: 2025-07-15 - 2025-07-17 (2 gün)
2025-07-17 10:49:28,779 - INFO - [MISSING] MAC: 2025-07-15 - 2025-07-17 (2 gün)
2025-07-17 10:49:28,779 - INFO - [MISSING] MAD: 2025-07-15 - 2025-07-17 (2 gün)
2025-07-17 10:49:28,779 - INFO - [MISSING] MBL: 2025-07-15 - 2025-07-17 (2 gün)
2025-07-17 10:49:28,780 - INFO - [MISSING] MBR: 2025-07-15 - 2025-07-17 (2 gün)
2025-07-17 10:49:28,780 - INFO - [MISSING] MD1: 2025-07-15 - 2025-07-17 (2 gün)
2025-07-17 10:49:28,780 - INFO - [MISSING] MD2: 2025-07-15 - 2025-07-17 (2 gün)
2025-07-17 10:49:28,780 - INFO - [MISSING] MET: 2025-07-15 - 2025-07-17 (2 gün)
2025-07-17 10:49:28,780 - INFO - [MISSING] MGB: 2025-07-15 - 2025-07-17 (2 gün)
2025-07-17 10:49:28,780 - INFO - [MISSING] MGH: 2025-07-15 - 2025-07-17 (2 gün)
2025-07-17 10:49:28,780 - INFO - [MISSING] MHF: 2025-07-15 - 2025-07-17 (2 gün)
2025-07-17 10:49:28,780 - INFO - [MISSING] MJB: 2025-07-15 - 2025-07-17 (2 gün)
2025-07-17 10:49:28,781 - INFO - [MISSING] MJG: 2025-07-15 - 2025-07-17 (2 gün)
2025-07-17 10:49:28,781 - INFO - [MISSING] MJL: 2025-07-15 - 2025-07-17 (2 gün)
2025-07-17 10:49:28,781 - INFO - [MISSING] MKA: 2025-07-15 - 2025-07-17 (2 gün)
2025-07-17 10:49:28,781 - INFO - [MISSING] MKG: 2025-07-15 - 2025-07-17 (2 gün)
2025-07-17 10:49:28,781 - INFO - [MISSING] MMH: 2025-07-15 - 2025-07-17 (2 gün)
2025-07-17 10:49:28,781 - INFO - [MISSING] MPF: 2025-07-15 - 2025-07-17 (2 gün)
2025-07-17 10:49:28,781 - INFO - [MISSING] MPK: 2025-07-15 - 2025-07-17 (2 gün)
2025-07-17 10:49:28,781 - INFO - [MISSING] MPL: 2025-07-15 - 2025-07-17 (2 gün)
2025-07-17 10:49:28,781 - INFO - [MISSING] MPN: 2025-07-15 - 2025-07-17 (2 gün)
2025-07-17 10:49:28,781 - INFO - [MISSING] MPP: 2025-07-15 - 2025-07-17 (2 gün)
2025-07-17 10:49:28,782 - INFO - [MISSING] MPS: 2025-07-15 - 2025-07-17 (2 gün)
2025-07-17 10:49:28,782 - INFO - [MISSING] MRI: 2025-07-15 - 2025-07-17 (2 gün)
2025-07-17 10:49:28,782 - INFO - [MISSING] MT1: 2025-07-15 - 2025-07-17 (2 gün)
2025-07-17 10:49:28,782 - INFO - [MISSING] MTF: 2025-07-15 - 2025-07-17 (2 gün)
2025-07-17 10:49:28,782 - INFO - [MISSING] MTG: 2025-07-15 - 2025-07-17 (2 gün)
2025-07-17 10:49:28,783 - INFO - [MISSING] MTH: 2025-07-15 - 2025-07-17 (2 gün)
2025-07-17 10:49:28,783 - INFO - [MISSING] MTK: 2025-07-15 - 2025-07-17 (2 gün)
2025-07-17 10:49:28,783 - INFO - [MISSING] MTS: 2025-07-15 - 2025-07-17 (2 gün)
2025-07-17 10:49:28,783 - INFO - [MISSING] MTV: 2025-07-15 - 2025-07-17 (2 gün)
2025-07-17 10:49:28,783 - INFO - [MISSING] MTX: 2025-07-15 - 2025-07-17 (2 gün)
2025-07-17 10:49:28,783 - INFO - [MISSING] MUT: 2025-07-15 - 2025-07-17 (2 gün)
2025-07-17 10:49:28,783 - INFO - [MISSING] NAU: 2025-07-15 - 2025-07-17 (2 gün)
2025-07-17 10:49:28,784 - INFO - [MISSING] NBH: 2025-07-15 - 2025-07-17 (2 gün)
2025-07-17 10:49:28,784 - INFO - [MISSING] NBZ: 2025-07-15 - 2025-07-17 (2 gün)
2025-07-17 10:49:28,784 - INFO - [MISSING] NCS: 2025-07-15 - 2025-07-17 (2 gün)
2025-07-17 10:49:28,784 - INFO - [MISSING] NFF: 2025-07-15 - 2025-07-17 (2 gün)
2025-07-17 10:49:28,784 - INFO - [MISSING] NHP: 2025-07-15 - 2025-07-17 (2 gün)
2025-07-17 10:49:28,784 - INFO - [MISSING] NHY: 2025-07-15 - 2025-07-17 (2 gün)
2025-07-17 10:49:28,785 - INFO - [MISSING] NJF: 2025-07-15 - 2025-07-17 (2 gün)
2025-07-17 10:49:28,785 - INFO - [MISSING] NJR: 2025-07-15 - 2025-07-17 (2 gün)
2025-07-17 10:49:28,785 - INFO - [MISSING] NJY: 2025-07-15 - 2025-07-17 (2 gün)
2025-07-17 10:49:28,785 - INFO - [MISSING] NKA: 2025-07-15 - 2025-07-17 (2 gün)
2025-07-17 10:49:28,785 - INFO - [MISSING] NLE: 2025-07-15 - 2025-07-17 (2 gün)
2025-07-17 10:49:28,785 - INFO - [MISSING] NLK: 2025-07-15 - 2025-07-17 (2 gün)
2025-07-17 10:49:28,785 - INFO - [MISSING] NME: 2025-07-15 - 2025-07-17 (2 gün)
2025-07-17 10:49:28,785 - INFO - [MISSING] NNF: 2025-07-15 - 2025-07-17 (2 gün)
2025-07-17 10:49:28,786 - INFO - [MISSING] NPH: 2025-07-15 - 2025-07-17 (2 gün)
2025-07-17 10:49:28,786 - INFO - [MISSING] NRC: 2025-07-15 - 2025-07-17 (2 gün)
2025-07-17 10:49:28,786 - INFO - [MISSING] NRG: 2025-07-15 - 2025-07-17 (2 gün)
2025-07-17 10:49:28,786 - INFO - [MISSING] NSA: 2025-07-15 - 2025-07-17 (2 gün)
2025-07-17 10:49:28,786 - INFO - [MISSING] NSD: 2025-07-15 - 2025-07-17 (2 gün)
2025-07-17 10:49:28,786 - INFO - [MISSING] NSH: 2025-07-15 - 2025-07-17 (2 gün)
2025-07-17 10:49:28,786 - INFO - [MISSING] NSK: 2025-07-15 - 2025-07-17 (2 gün)
2025-07-17 10:49:28,787 - INFO - [MISSING] NSP: 2025-07-15 - 2025-07-17 (2 gün)
2025-07-17 10:49:28,787 - INFO - [MISSING] NUB: 2025-07-15 - 2025-07-17 (2 gün)
2025-07-17 10:49:28,787 - INFO - [MISSING] NVB: 2025-07-15 - 2025-07-17 (2 gün)
2025-07-17 10:49:28,787 - INFO - [MISSING] NVC: 2025-07-15 - 2025-07-17 (2 gün)
2025-07-17 10:49:28,787 - INFO - [MISSING] NVK: 2025-07-15 - 2025-07-17 (2 gün)
2025-07-17 10:49:28,787 - INFO - [MISSING] NVT: 2025-07-15 - 2025-07-17 (2 gün)
2025-07-17 10:49:28,787 - INFO - [MISSING] NVZ: 2025-07-15 - 2025-07-17 (2 gün)
2025-07-17 10:49:28,788 - INFO - [MISSING] NZH: 2025-07-15 - 2025-07-17 (2 gün)
2025-07-17 10:49:28,788 - INFO - [MISSING] NZT: 2025-07-15 - 2025-07-17 (2 gün)
2025-07-17 10:49:28,788 - INFO - [MISSING] NZU: 2025-07-15 - 2025-07-17 (2 gün)
2025-07-17 10:49:28,788 - INFO - [MISSING] OBI: 2025-07-15 - 2025-07-17 (2 gün)
2025-07-17 10:49:28,788 - INFO - [MISSING] OBP: 2025-07-15 - 2025-07-17 (2 gün)
2025-07-17 10:49:28,788 - INFO - [MISSING] ODD: 2025-07-15 - 2025-07-17 (2 gün)
2025-07-17 10:49:28,788 - INFO - [MISSING] ODP: 2025-07-15 - 2025-07-17 (2 gün)
2025-07-17 10:49:28,788 - INFO - [MISSING] ODS: 2025-07-15 - 2025-07-17 (2 gün)
2025-07-17 10:49:28,788 - INFO - [MISSING] ODV: 2025-07-15 - 2025-07-17 (2 gün)
2025-07-17 10:49:28,789 - INFO - [MISSING] OFI: 2025-07-15 - 2025-07-17 (2 gün)
2025-07-17 10:49:28,789 - INFO - [MISSING] OFS: 2025-07-15 - 2025-07-17 (2 gün)
2025-07-17 10:49:28,789 - INFO - [MISSING] OGD: 2025-07-15 - 2025-07-17 (2 gün)
2025-07-17 10:49:28,789 - INFO - [MISSING] OHB: 2025-07-15 - 2025-07-17 (2 gün)
2025-07-17 10:49:28,789 - INFO - [MISSING] OHK: 2025-07-15 - 2025-07-17 (2 gün)
2025-07-17 10:49:28,789 - INFO - [MISSING] OIL: 2025-07-15 - 2025-07-17 (2 gün)
2025-07-17 10:49:28,789 - INFO - [MISSING] OIR: 2025-07-15 - 2025-07-17 (2 gün)
2025-07-17 10:49:28,789 - INFO - [MISSING] OJB: 2025-07-15 - 2025-07-17 (2 gün)
2025-07-17 10:49:28,789 - INFO - [MISSING] OJK: 2025-07-15 - 2025-07-17 (2 gün)
2025-07-17 10:49:28,790 - INFO - [MISSING] OJT: 2025-07-15 - 2025-07-17 (2 gün)
2025-07-17 10:49:28,790 - INFO - [MISSING] OKD: 2025-07-15 - 2025-07-17 (2 gün)
2025-07-17 10:49:28,790 - INFO - [MISSING] OKP: 2025-07-15 - 2025-07-17 (2 gün)
2025-07-17 10:49:28,790 - INFO - [MISSING] OKT: 2025-07-15 - 2025-07-17 (2 gün)
2025-07-17 10:49:28,790 - INFO - [MISSING] OLA: 2025-07-15 - 2025-07-17 (2 gün)
2025-07-17 10:49:28,790 - INFO - [MISSING] OLD: 2025-07-15 - 2025-07-17 (2 gün)
2025-07-17 10:49:28,791 - INFO - [MISSING] OLE: 2025-07-15 - 2025-07-17 (2 gün)
2025-07-17 10:49:28,791 - INFO - [MISSING] OMG: 2025-07-15 - 2025-07-17 (2 gün)
2025-07-17 10:49:28,791 - INFO - [MISSING] ONE: 2025-07-15 - 2025-07-17 (2 gün)
2025-07-17 10:49:28,791 - INFO - [MISSING] ONK: 2025-07-15 - 2025-07-17 (2 gün)
2025-07-17 10:49:28,791 - INFO - [MISSING] ONN: 2025-07-15 - 2025-07-17 (2 gün)
2025-07-17 10:49:28,791 - INFO - [MISSING] ONS: 2025-07-15 - 2025-07-17 (2 gün)
2025-07-17 10:49:28,791 - INFO - [MISSING] OPB: 2025-07-15 - 2025-07-17 (2 gün)
2025-07-17 10:49:28,791 - INFO - [MISSING] OPD: 2025-07-15 - 2025-07-17 (2 gün)
2025-07-17 10:49:28,792 - INFO - [MISSING] OPF: 2025-07-15 - 2025-07-17 (2 gün)
2025-07-17 10:49:28,792 - INFO - [MISSING] OPH: 2025-07-15 - 2025-07-17 (2 gün)
2025-07-17 10:49:28,792 - INFO - [MISSING] OPI: 2025-07-15 - 2025-07-17 (2 gün)
2025-07-17 10:49:28,792 - INFO - [MISSING] OPL: 2025-07-15 - 2025-07-17 (2 gün)
2025-07-17 10:49:28,792 - INFO - [MISSING] ORC: 2025-07-15 - 2025-07-17 (2 gün)
2025-07-17 10:49:28,792 - INFO - [MISSING] OSD: 2025-07-15 - 2025-07-17 (2 gün)
2025-07-17 10:49:28,792 - INFO - [MISSING] OSL: 2025-07-15 - 2025-07-17 (2 gün)
2025-07-17 10:49:28,792 - INFO - [MISSING] OTJ: 2025-07-15 - 2025-07-17 (2 gün)
2025-07-17 10:49:28,793 - INFO - [MISSING] OTK: 2025-07-15 - 2025-07-17 (2 gün)
2025-07-17 10:49:28,793 - INFO - [MISSING] OTM: 2025-07-15 - 2025-07-17 (2 gün)
2025-07-17 10:49:28,793 - INFO - [MISSING] OUD: 2025-07-15 - 2025-07-17 (2 gün)
2025-07-17 10:49:28,793 - INFO - [MISSING] OVD: 2025-07-15 - 2025-07-17 (2 gün)
2025-07-17 10:49:28,793 - INFO - [MISSING] PAF: 2025-07-15 - 2025-07-17 (2 gün)
2025-07-17 10:49:28,793 - INFO - [MISSING] PAL: 2025-07-15 - 2025-07-17 (2 gün)
2025-07-17 10:49:28,793 - INFO - [MISSING] PAO: 2025-07-15 - 2025-07-17 (2 gün)
2025-07-17 10:49:28,793 - INFO - [MISSING] PBI: 2025-07-15 - 2025-07-17 (2 gün)
2025-07-17 10:49:28,793 - INFO - [MISSING] PBK: 2025-07-15 - 2025-07-17 (2 gün)
2025-07-17 10:49:28,794 - INFO - [MISSING] PBN: 2025-07-15 - 2025-07-17 (2 gün)
2025-07-17 10:49:28,794 - INFO - [MISSING] PBR: 2025-07-15 - 2025-07-17 (2 gün)
2025-07-17 10:49:28,794 - INFO - [MISSING] PDD: 2025-07-15 - 2025-07-17 (2 gün)
2025-07-17 10:49:28,794 - INFO - [MISSING] PDF: 2025-07-15 - 2025-07-17 (2 gün)
2025-07-17 10:49:28,794 - INFO - [MISSING] PEA: 2025-07-15 - 2025-07-17 (2 gün)
2025-07-17 10:49:28,794 - INFO - [MISSING] PFO: 2025-07-15 - 2025-07-17 (2 gün)
2025-07-17 10:49:28,794 - INFO - [MISSING] PFS: 2025-07-15 - 2025-07-17 (2 gün)
2025-07-17 10:49:28,795 - INFO - [MISSING] PGD: 2025-07-15 - 2025-07-17 (2 gün)
2025-07-17 10:49:28,795 - INFO - [MISSING] PGS: 2025-07-15 - 2025-07-17 (2 gün)
2025-07-17 10:49:28,795 - INFO - [MISSING] PHE: 2025-07-15 - 2025-07-17 (2 gün)
2025-07-17 10:49:28,795 - INFO - [MISSING] PHI: 2025-07-15 - 2025-07-17 (2 gün)
2025-07-17 10:49:28,795 - INFO - [MISSING] PHK: 2025-07-15 - 2025-07-17 (2 gün)
2025-07-17 10:49:28,795 - INFO - [MISSING] PID: 2025-07-15 - 2025-07-17 (2 gün)
2025-07-17 10:49:28,795 - INFO - [MISSING] PIL: 2025-07-15 - 2025-07-17 (2 gün)
2025-07-17 10:49:28,796 - INFO - [MISSING] PIP: 2025-07-15 - 2025-07-17 (2 gün)
2025-07-17 10:49:28,796 - INFO - [MISSING] PIR: 2025-07-15 - 2025-07-17 (2 gün)
2025-07-17 10:49:28,796 - INFO - [MISSING] PJL: 2025-07-15 - 2025-07-17 (2 gün)
2025-07-17 10:49:28,796 - INFO - [MISSING] PKD: 2025-07-15 - 2025-07-17 (2 gün)
2025-07-17 10:49:28,796 - INFO - [MISSING] PKF: 2025-07-15 - 2025-07-17 (2 gün)
2025-07-17 10:49:28,796 - INFO - [MISSING] PKR: 2025-07-15 - 2025-07-17 (2 gün)
2025-07-17 10:49:28,796 - INFO - [MISSING] PKT: 2025-07-15 - 2025-07-17 (2 gün)
2025-07-17 10:49:28,797 - INFO - [MISSING] PKV: 2025-07-15 - 2025-07-17 (2 gün)
2025-07-17 10:49:28,797 - INFO - [MISSING] PLR: 2025-07-15 - 2025-07-17 (2 gün)
2025-07-17 10:49:28,797 - INFO - [MISSING] PMP: 2025-07-15 - 2025-07-17 (2 gün)
2025-07-17 10:49:28,797 - INFO - [MISSING] POS: 2025-07-15 - 2025-07-17 (2 gün)
2025-07-17 10:49:28,797 - INFO - [MISSING] PP1: 2025-07-15 - 2025-07-17 (2 gün)
2025-07-17 10:49:28,797 - INFO - [MISSING] PPB: 2025-07-15 - 2025-07-17 (2 gün)
2025-07-17 10:49:28,797 - INFO - [MISSING] PPE: 2025-07-15 - 2025-07-17 (2 gün)
2025-07-17 10:49:28,797 - INFO - [MISSING] PPH: 2025-07-15 - 2025-07-17 (2 gün)
2025-07-17 10:49:28,797 - INFO - [MISSING] PPI: 2025-07-15 - 2025-07-17 (2 gün)
2025-07-17 10:49:28,798 - INFO - [MISSING] PPJ: 2025-07-15 - 2025-07-17 (2 gün)
2025-07-17 10:49:28,798 - INFO - [MISSING] PPK: 2025-07-15 - 2025-07-17 (2 gün)
2025-07-17 10:49:28,798 - INFO - [MISSING] PPM: 2025-07-15 - 2025-07-17 (2 gün)
2025-07-17 10:49:28,798 - INFO - [MISSING] PPN: 2025-07-15 - 2025-07-17 (2 gün)
2025-07-17 10:49:28,798 - INFO - [MISSING] PPP: 2025-07-15 - 2025-07-17 (2 gün)
2025-07-17 10:49:28,798 - INFO - [MISSING] PPS: 2025-07-15 - 2025-07-17 (2 gün)
2025-07-17 10:49:28,798 - INFO - [MISSING] PPT: 2025-07-15 - 2025-07-17 (2 gün)
2025-07-17 10:49:28,798 - INFO - [MISSING] PPZ: 2025-07-15 - 2025-07-17 (2 gün)
2025-07-17 10:49:28,799 - INFO - [MISSING] PRD: 2025-07-15 - 2025-07-17 (2 gün)
2025-07-17 10:49:28,799 - INFO - [MISSING] PRH: 2025-07-15 - 2025-07-17 (2 gün)
2025-07-17 10:49:28,799 - INFO - [MISSING] PRU: 2025-07-15 - 2025-07-17 (2 gün)
2025-07-17 10:49:28,799 - INFO - [MISSING] PRY: 2025-07-15 - 2025-07-17 (2 gün)
2025-07-17 10:49:28,799 - INFO - [MISSING] PSE: 2025-07-15 - 2025-07-17 (2 gün)
2025-07-17 10:49:28,799 - INFO - [MISSING] PSL: 2025-07-15 - 2025-07-17 (2 gün)
2025-07-17 10:49:28,800 - INFO - [MISSING] PTE: 2025-07-15 - 2025-07-17 (2 gün)
2025-07-17 10:49:28,800 - INFO - [MISSING] PTN: 2025-07-15 - 2025-07-17 (2 gün)
2025-07-17 10:49:28,800 - INFO - [MISSING] PTO: 2025-07-15 - 2025-07-17 (2 gün)
2025-07-17 10:49:28,800 - INFO - [MISSING] PTS: 2025-07-15 - 2025-07-17 (2 gün)
2025-07-17 10:49:28,800 - INFO - [MISSING] PUC: 2025-07-15 - 2025-07-17 (2 gün)
2025-07-17 10:49:28,800 - INFO - [MISSING] PVK: 2025-07-15 - 2025-07-17 (2 gün)
2025-07-17 10:49:28,800 - INFO - [MISSING] PYR: 2025-07-15 - 2025-07-17 (2 gün)
2025-07-17 10:49:28,801 - INFO - [MISSING] RBA: 2025-07-15 - 2025-07-17 (2 gün)
2025-07-17 10:49:28,801 - INFO - [MISSING] RBB: 2025-07-15 - 2025-07-17 (2 gün)
2025-07-17 10:49:28,801 - INFO - [MISSING] RBF: 2025-07-15 - 2025-07-17 (2 gün)
2025-07-17 10:49:28,801 - INFO - [MISSING] RBH: 2025-07-15 - 2025-07-17 (2 gün)
2025-07-17 10:49:28,801 - INFO - [MISSING] RBI: 2025-07-15 - 2025-07-17 (2 gün)
2025-07-17 10:49:28,801 - INFO - [MISSING] RBK: 2025-07-15 - 2025-07-17 (2 gün)
2025-07-17 10:49:28,802 - INFO - [MISSING] RBL: 2025-07-15 - 2025-07-17 (2 gün)
2025-07-17 10:49:28,802 - INFO - [MISSING] RBN: 2025-07-15 - 2025-07-17 (2 gün)
2025-07-17 10:49:28,802 - INFO - [MISSING] RBP: 2025-07-15 - 2025-07-17 (2 gün)
2025-07-17 10:49:28,802 - INFO - [MISSING] RBR: 2025-07-15 - 2025-07-17 (2 gün)
2025-07-17 10:49:28,802 - INFO - [MISSING] RBT: 2025-07-15 - 2025-07-17 (2 gün)
2025-07-17 10:49:28,802 - INFO - [MISSING] RBV: 2025-07-15 - 2025-07-17 (2 gün)
2025-07-17 10:49:28,802 - INFO - [MISSING] RCV: 2025-07-15 - 2025-07-17 (2 gün)
2025-07-17 10:49:28,802 - INFO - [MISSING] RD1: 2025-07-15 - 2025-07-17 (2 gün)
2025-07-17 10:49:28,803 - INFO - [MISSING] RDF: 2025-07-15 - 2025-07-17 (2 gün)
2025-07-17 10:49:28,803 - INFO - [MISSING] RHI: 2025-07-15 - 2025-07-17 (2 gün)
2025-07-17 10:49:28,803 - INFO - [MISSING] RHS: 2025-07-15 - 2025-07-17 (2 gün)
2025-07-17 10:49:28,803 - INFO - [MISSING] RIA: 2025-07-15 - 2025-07-17 (2 gün)
2025-07-17 10:49:28,803 - INFO - [MISSING] RIK: 2025-07-15 - 2025-07-17 (2 gün)
2025-07-17 10:49:28,803 - INFO - [MISSING] RJG: 2025-07-15 - 2025-07-17 (2 gün)
2025-07-17 10:49:28,803 - INFO - [MISSING] RKC: 2025-07-15 - 2025-07-17 (2 gün)
2025-07-17 10:49:28,804 - INFO - [MISSING] RKH: 2025-07-15 - 2025-07-17 (2 gün)
2025-07-17 10:49:28,804 - INFO - [MISSING] RKS: 2025-07-15 - 2025-07-17 (2 gün)
2025-07-17 10:49:28,804 - INFO - [MISSING] RKV: 2025-07-15 - 2025-07-17 (2 gün)
2025-07-17 10:49:28,804 - INFO - [MISSING] RPC: 2025-07-15 - 2025-07-17 (2 gün)
2025-07-17 10:49:28,804 - INFO - [MISSING] RPD: 2025-07-15 - 2025-07-17 (2 gün)
2025-07-17 10:49:28,804 - INFO - [MISSING] RPG: 2025-07-15 - 2025-07-17 (2 gün)
2025-07-17 10:49:28,804 - INFO - [MISSING] RPI: 2025-07-15 - 2025-07-17 (2 gün)
2025-07-17 10:49:28,805 - INFO - [MISSING] RPM: 2025-07-15 - 2025-07-17 (2 gün)
2025-07-17 10:49:28,805 - INFO - [MISSING] RPP: 2025-07-15 - 2025-07-17 (2 gün)
2025-07-17 10:49:28,805 - INFO - [MISSING] RPS: 2025-07-15 - 2025-07-17 (2 gün)
2025-07-17 10:49:28,805 - INFO - [MISSING] RPT: 2025-07-15 - 2025-07-17 (2 gün)
2025-07-17 10:49:28,805 - INFO - [MISSING] RPX: 2025-07-15 - 2025-07-17 (2 gün)
2025-07-17 10:49:28,805 - INFO - [MISSING] RRP: 2025-07-15 - 2025-07-17 (2 gün)
2025-07-17 10:49:28,805 - INFO - [MISSING] RS1: 2025-07-15 - 2025-07-17 (2 gün)
2025-07-17 10:49:28,805 - INFO - [MISSING] RTD: 2025-07-15 - 2025-07-17 (2 gün)
2025-07-17 10:49:28,806 - INFO - [MISSING] RTG: 2025-07-15 - 2025-07-17 (2 gün)
2025-07-17 10:49:28,806 - INFO - [MISSING] RTH: 2025-07-15 - 2025-07-17 (2 gün)
2025-07-17 10:49:28,806 - INFO - [MISSING] RTP: 2025-07-15 - 2025-07-17 (2 gün)
2025-07-17 10:49:28,806 - INFO - [MISSING] RUT: 2025-07-15 - 2025-07-17 (2 gün)
2025-07-17 10:49:28,806 - INFO - [MISSING] SAS: 2025-07-15 - 2025-07-17 (2 gün)
2025-07-17 10:49:28,806 - INFO - [MISSING] SBH: 2025-07-15 - 2025-07-17 (2 gün)
2025-07-17 10:49:28,806 - INFO - [MISSING] SGT: 2025-07-15 - 2025-07-17 (2 gün)
2025-07-17 10:49:28,806 - INFO - [MISSING] SHE: 2025-07-15 - 2025-07-17 (2 gün)
2025-07-17 10:49:28,806 - INFO - [MISSING] SNY: 2025-07-15 - 2025-07-17 (2 gün)
2025-07-17 10:49:28,806 - INFO - [MISSING] SOS: 2025-07-15 - 2025-07-17 (2 gün)
2025-07-17 10:49:28,807 - INFO - [MISSING] SPE: 2025-07-15 - 2025-07-17 (2 gün)
2025-07-17 10:49:28,807 - INFO - [MISSING] SPN: 2025-07-15 - 2025-07-17 (2 gün)
2025-07-17 10:49:28,807 - INFO - [MISSING] SPP: 2025-07-15 - 2025-07-17 (2 gün)
2025-07-17 10:49:28,807 - INFO - [MISSING] SPR: 2025-07-15 - 2025-07-17 (2 gün)
2025-07-17 10:49:28,807 - INFO - [MISSING] SPT: 2025-07-15 - 2025-07-17 (2 gün)
2025-07-17 10:49:28,808 - INFO - [MISSING] SRL: 2025-07-15 - 2025-07-17 (2 gün)
2025-07-17 10:49:28,808 - INFO - [MISSING] SSK: 2025-07-15 - 2025-07-17 (2 gün)
2025-07-17 10:49:28,808 - INFO - [MISSING] SSS: 2025-07-15 - 2025-07-17 (2 gün)
2025-07-17 10:49:28,808 - INFO - [MISSING] ST1: 2025-07-15 - 2025-07-17 (2 gün)
2025-07-17 10:49:28,808 - INFO - [MISSING] STI: 2025-07-15 - 2025-07-17 (2 gün)
2025-07-17 10:49:28,808 - INFO - [MISSING] SUA: 2025-07-15 - 2025-07-17 (2 gün)
2025-07-17 10:49:28,808 - INFO - [MISSING] SUB: 2025-07-15 - 2025-07-17 (2 gün)
2025-07-17 10:49:28,808 - INFO - [MISSING] SUC: 2025-07-15 - 2025-07-17 (2 gün)
2025-07-17 10:49:28,809 - INFO - [MISSING] SVB: 2025-07-15 - 2025-07-17 (2 gün)
2025-07-17 10:49:28,809 - INFO - [MISSING] TAL: 2025-07-15 - 2025-07-17 (2 gün)
2025-07-17 10:49:28,809 - INFO - [MISSING] TAR: 2025-07-15 - 2025-07-17 (2 gün)
2025-07-17 10:49:28,809 - INFO - [MISSING] TAU: 2025-07-15 - 2025-07-17 (2 gün)
2025-07-17 10:49:28,809 - INFO - [MISSING] TBT: 2025-07-15 - 2025-07-17 (2 gün)
2025-07-17 10:49:28,809 - INFO - [MISSING] TBV: 2025-07-15 - 2025-07-17 (2 gün)
2025-07-17 10:49:28,809 - INFO - [MISSING] TCA: 2025-07-15 - 2025-07-17 (2 gün)
2025-07-17 10:49:28,809 - INFO - [MISSING] TCB: 2025-07-15 - 2025-07-17 (2 gün)
2025-07-17 10:49:28,809 - INFO - [MISSING] TCC: 2025-07-15 - 2025-07-17 (2 gün)
2025-07-17 10:49:28,810 - INFO - [MISSING] TCD: 2025-07-15 - 2025-07-17 (2 gün)
2025-07-17 10:49:28,810 - INFO - [MISSING] TCF: 2025-07-15 - 2025-07-17 (2 gün)
2025-07-17 10:49:28,810 - INFO - [MISSING] TDG: 2025-07-15 - 2025-07-17 (2 gün)
2025-07-17 10:49:28,810 - INFO - [MISSING] TE3: 2025-07-15 - 2025-07-17 (2 gün)
2025-07-17 10:49:28,810 - INFO - [MISSING] TE4: 2025-07-15 - 2025-07-17 (2 gün)
2025-07-17 10:49:28,810 - INFO - [MISSING] TEJ: 2025-07-15 - 2025-07-17 (2 gün)
2025-07-17 10:49:28,810 - INFO - [MISSING] TFF: 2025-07-15 - 2025-07-17 (2 gün)
2025-07-17 10:49:28,810 - INFO - [MISSING] TGA: 2025-07-15 - 2025-07-17 (2 gün)
2025-07-17 10:49:28,810 - INFO - [MISSING] TGE: 2025-07-15 - 2025-07-17 (2 gün)
2025-07-17 10:49:28,811 - INFO - [MISSING] TGR: 2025-07-15 - 2025-07-17 (2 gün)
2025-07-17 10:49:28,811 - INFO - [MISSING] THD: 2025-07-15 - 2025-07-17 (2 gün)
2025-07-17 10:49:28,811 - INFO - [MISSING] THF: 2025-07-15 - 2025-07-17 (2 gün)
2025-07-17 10:49:28,811 - INFO - [MISSING] THT: 2025-07-15 - 2025-07-17 (2 gün)
2025-07-17 10:49:28,811 - INFO - [MISSING] THV: 2025-07-15 - 2025-07-17 (2 gün)
2025-07-17 10:49:28,811 - INFO - [MISSING] TI2: 2025-07-15 - 2025-07-17 (2 gün)
2025-07-17 10:49:28,811 - INFO - [MISSING] TI3: 2025-07-15 - 2025-07-17 (2 gün)
2025-07-17 10:49:28,812 - INFO - [MISSING] TI4: 2025-07-15 - 2025-07-17 (2 gün)
2025-07-17 10:49:28,812 - INFO - [MISSING] TI6: 2025-07-15 - 2025-07-17 (2 gün)
2025-07-17 10:49:28,812 - INFO - [MISSING] TI7: 2025-07-15 - 2025-07-17 (2 gün)
2025-07-17 10:49:28,812 - INFO - [MISSING] TIE: 2025-07-15 - 2025-07-17 (2 gün)
2025-07-17 10:49:28,812 - INFO - [MISSING] TJF: 2025-07-15 - 2025-07-17 (2 gün)
2025-07-17 10:49:28,812 - INFO - [MISSING] TJI: 2025-07-15 - 2025-07-17 (2 gün)
2025-07-17 10:49:28,812 - INFO - [MISSING] TJT: 2025-07-15 - 2025-07-17 (2 gün)
2025-07-17 10:49:28,812 - INFO - [MISSING] TKF: 2025-07-15 - 2025-07-17 (2 gün)
2025-07-17 10:49:28,813 - INFO - [MISSING] TLE: 2025-07-15 - 2025-07-17 (2 gün)
2025-07-17 10:49:28,813 - INFO - [MISSING] TLH: 2025-07-15 - 2025-07-17 (2 gün)
2025-07-17 10:49:28,813 - INFO - [MISSING] TLK: 2025-07-15 - 2025-07-17 (2 gün)
2025-07-17 10:49:28,813 - INFO - [MISSING] TLY: 2025-07-15 - 2025-07-17 (2 gün)
2025-07-17 10:49:28,813 - INFO - [MISSING] TLZ: 2025-07-15 - 2025-07-17 (2 gün)
2025-07-17 10:49:28,813 - INFO - [MISSING] TMC: 2025-07-15 - 2025-07-17 (2 gün)
2025-07-17 10:49:28,813 - INFO - [MISSING] TMG: 2025-07-15 - 2025-07-17 (2 gün)
2025-07-17 10:49:28,813 - INFO - [MISSING] TMM: 2025-07-15 - 2025-07-17 (2 gün)
2025-07-17 10:49:28,814 - INFO - [MISSING] TMZ: 2025-07-15 - 2025-07-17 (2 gün)
2025-07-17 10:49:28,814 - INFO - [MISSING] TOT: 2025-07-15 - 2025-07-17 (2 gün)
2025-07-17 10:49:28,814 - INFO - [MISSING] TP2: 2025-07-15 - 2025-07-17 (2 gün)
2025-07-17 10:49:28,814 - INFO - [MISSING] TPC: 2025-07-15 - 2025-07-17 (2 gün)
2025-07-17 10:49:28,814 - INFO - [MISSING] TPF: 2025-07-15 - 2025-07-17 (2 gün)
2025-07-17 10:49:28,814 - INFO - [MISSING] TPJ: 2025-07-15 - 2025-07-17 (2 gün)
2025-07-17 10:49:28,814 - INFO - [MISSING] TPL: 2025-07-15 - 2025-07-17 (2 gün)
2025-07-17 10:49:28,814 - INFO - [MISSING] TPP: 2025-07-15 - 2025-07-17 (2 gün)
2025-07-17 10:49:28,815 - INFO - [MISSING] TPV: 2025-07-15 - 2025-07-17 (2 gün)
2025-07-17 10:49:28,815 - INFO - [MISSING] TPZ: 2025-07-15 - 2025-07-17 (2 gün)
2025-07-17 10:49:28,815 - INFO - [MISSING] TRJ: 2025-07-15 - 2025-07-17 (2 gün)
2025-07-17 10:49:28,815 - INFO - [MISSING] TRO: 2025-07-15 - 2025-07-17 (2 gün)
2025-07-17 10:49:28,815 - INFO - [MISSING] TRU: 2025-07-15 - 2025-07-17 (2 gün)
2025-07-17 10:49:28,815 - INFO - [MISSING] TTA: 2025-07-15 - 2025-07-17 (2 gün)
2025-07-17 10:49:28,816 - INFO - [MISSING] TTE: 2025-07-15 - 2025-07-17 (2 gün)
2025-07-17 10:49:28,816 - INFO - [MISSING] TTL: 2025-07-15 - 2025-07-17 (2 gün)
2025-07-17 10:49:28,816 - INFO - [MISSING] TUA: 2025-07-15 - 2025-07-17 (2 gün)
2025-07-17 10:49:28,816 - INFO - [MISSING] TVN: 2025-07-15 - 2025-07-17 (2 gün)
2025-07-17 10:49:28,816 - INFO - [MISSING] TYH: 2025-07-15 - 2025-07-17 (2 gün)
2025-07-17 10:49:28,816 - INFO - [MISSING] TZD: 2025-07-15 - 2025-07-17 (2 gün)
2025-07-17 10:49:28,816 - INFO - [MISSING] TZT: 2025-07-15 - 2025-07-17 (2 gün)
2025-07-17 10:49:28,817 - INFO - [MISSING] UNT: 2025-07-15 - 2025-07-17 (2 gün)
2025-07-17 10:49:28,817 - INFO - [MISSING] UP1: 2025-07-15 - 2025-07-17 (2 gün)
2025-07-17 10:49:28,817 - INFO - [MISSING] UP2: 2025-07-15 - 2025-07-17 (2 gün)
2025-07-17 10:49:28,817 - INFO - [MISSING] UPD: 2025-07-15 - 2025-07-17 (2 gün)
2025-07-17 10:49:28,817 - INFO - [MISSING] UPH: 2025-07-15 - 2025-07-17 (2 gün)
2025-07-17 10:49:28,817 - INFO - [MISSING] UPP: 2025-07-15 - 2025-07-17 (2 gün)
2025-07-17 10:49:28,817 - INFO - [MISSING] URA: 2025-07-15 - 2025-07-17 (2 gün)
2025-07-17 10:49:28,817 - INFO - [MISSING] USY: 2025-07-15 - 2025-07-17 (2 gün)
2025-07-17 10:49:28,817 - INFO - [MISSING] VAY: 2025-07-15 - 2025-07-17 (2 gün)
2025-07-17 10:49:28,818 - INFO - [MISSING] VCY: 2025-07-15 - 2025-07-17 (2 gün)
2025-07-17 10:49:28,818 - INFO - [MISSING] VFK: 2025-07-15 - 2025-07-17 (2 gün)
2025-07-17 10:49:28,818 - INFO - [MISSING] VMV: 2025-07-15 - 2025-07-17 (2 gün)
2025-07-17 10:49:28,818 - INFO - [MISSING] VNK: 2025-07-15 - 2025-07-17 (2 gün)
2025-07-17 10:49:28,818 - INFO - [MISSING] YAC: 2025-07-15 - 2025-07-17 (2 gün)
2025-07-17 10:49:28,818 - INFO - [MISSING] YAK: 2025-07-15 - 2025-07-17 (2 gün)
2025-07-17 10:49:28,818 - INFO - [MISSING] YAN: 2025-07-15 - 2025-07-17 (2 gün)
2025-07-17 10:49:28,818 - INFO - [MISSING] YAS: 2025-07-15 - 2025-07-17 (2 gün)
2025-07-17 10:49:28,818 - INFO - [MISSING] YAY: 2025-07-15 - 2025-07-17 (2 gün)
2025-07-17 10:49:28,819 - INFO - [MISSING] YBE: 2025-07-15 - 2025-07-17 (2 gün)
2025-07-17 10:49:28,819 - INFO - [MISSING] YBH: 2025-07-15 - 2025-07-17 (2 gün)
2025-07-17 10:49:28,819 - INFO - [MISSING] YBR: 2025-07-15 - 2025-07-17 (2 gün)
2025-07-17 10:49:28,819 - INFO - [MISSING] YBS: 2025-07-15 - 2025-07-17 (2 gün)
2025-07-17 10:49:28,819 - INFO - [MISSING] YCK: 2025-07-15 - 2025-07-17 (2 gün)
2025-07-17 10:49:28,819 - INFO - [MISSING] YCP: 2025-07-15 - 2025-07-17 (2 gün)
2025-07-17 10:49:28,819 - INFO - [MISSING] YCY: 2025-07-15 - 2025-07-17 (2 gün)
2025-07-17 10:49:28,819 - INFO - [MISSING] YDI: 2025-07-15 - 2025-07-17 (2 gün)
2025-07-17 10:49:28,820 - INFO - [MISSING] YDP: 2025-07-15 - 2025-07-17 (2 gün)
2025-07-17 10:49:28,820 - INFO - [MISSING] YEF: 2025-07-15 - 2025-07-17 (2 gün)
2025-07-17 10:49:28,820 - INFO - [MISSING] YFV: 2025-07-15 - 2025-07-17 (2 gün)
2025-07-17 10:49:28,820 - INFO - [MISSING] YGM: 2025-07-15 - 2025-07-17 (2 gün)
2025-07-17 10:49:28,820 - INFO - [MISSING] YHB: 2025-07-15 - 2025-07-17 (2 gün)
2025-07-17 10:49:28,820 - INFO - [MISSING] YHI: 2025-07-15 - 2025-07-17 (2 gün)
2025-07-17 10:49:28,821 - INFO - [MISSING] YHK: 2025-07-15 - 2025-07-17 (2 gün)
2025-07-17 10:49:28,821 - INFO - [MISSING] YHS: 2025-07-15 - 2025-07-17 (2 gün)
2025-07-17 10:49:28,821 - INFO - [MISSING] YHZ: 2025-07-15 - 2025-07-17 (2 gün)
2025-07-17 10:49:28,821 - INFO - [MISSING] YIT: 2025-07-15 - 2025-07-17 (2 gün)
2025-07-17 10:49:28,821 - INFO - [MISSING] YJH: 2025-07-15 - 2025-07-17 (2 gün)
2025-07-17 10:49:28,821 - INFO - [MISSING] YJK: 2025-07-15 - 2025-07-17 (2 gün)
2025-07-17 10:49:28,821 - INFO - [MISSING] YJY: 2025-07-15 - 2025-07-17 (2 gün)
2025-07-17 10:49:28,821 - INFO - [MISSING] YKS: 2025-07-15 - 2025-07-17 (2 gün)
2025-07-17 10:49:28,822 - INFO - [MISSING] YKT: 2025-07-15 - 2025-07-17 (2 gün)
2025-07-17 10:49:28,822 - INFO - [MISSING] YLC: 2025-07-15 - 2025-07-17 (2 gün)
2025-07-17 10:49:28,822 - INFO - [MISSING] YLE: 2025-07-15 - 2025-07-17 (2 gün)
2025-07-17 10:49:28,822 - INFO - [MISSING] YLO: 2025-07-15 - 2025-07-17 (2 gün)
2025-07-17 10:49:28,822 - INFO - [MISSING] YLY: 2025-07-15 - 2025-07-17 (2 gün)
2025-07-17 10:49:28,822 - INFO - [MISSING] YMD: 2025-07-15 - 2025-07-17 (2 gün)
2025-07-17 10:49:28,822 - INFO - [MISSING] YMH: 2025-07-15 - 2025-07-17 (2 gün)
2025-07-17 10:49:28,822 - INFO - [MISSING] YNK: 2025-07-15 - 2025-07-17 (2 gün)
2025-07-17 10:49:28,822 - INFO - [MISSING] YOT: 2025-07-15 - 2025-07-17 (2 gün)
2025-07-17 10:49:28,823 - INFO - [MISSING] YP4: 2025-07-15 - 2025-07-17 (2 gün)
2025-07-17 10:49:28,823 - INFO - [MISSING] YPC: 2025-07-15 - 2025-07-17 (2 gün)
2025-07-17 10:49:28,823 - INFO - [MISSING] YPK: 2025-07-15 - 2025-07-17 (2 gün)
2025-07-17 10:49:28,823 - INFO - [MISSING] YPL: 2025-07-15 - 2025-07-17 (2 gün)
2025-07-17 10:49:28,823 - INFO - [MISSING] YPR: 2025-07-15 - 2025-07-17 (2 gün)
2025-07-17 10:49:28,823 - INFO - [MISSING] YPV: 2025-07-15 - 2025-07-17 (2 gün)
2025-07-17 10:49:28,823 - INFO - [MISSING] YSL: 2025-07-15 - 2025-07-17 (2 gün)
2025-07-17 10:49:28,823 - INFO - [MISSING] YSO: 2025-07-15 - 2025-07-17 (2 gün)
2025-07-17 10:49:28,823 - INFO - [MISSING] YSU: 2025-07-15 - 2025-07-17 (2 gün)
2025-07-17 10:49:28,824 - INFO - [MISSING] YTD: 2025-07-15 - 2025-07-17 (2 gün)
2025-07-17 10:49:28,824 - INFO - [MISSING] YTV: 2025-07-15 - 2025-07-17 (2 gün)
2025-07-17 10:49:28,824 - INFO - [MISSING] YTY: 2025-07-15 - 2025-07-17 (2 gün)
2025-07-17 10:49:28,824 - INFO - [MISSING] YUB: 2025-07-15 - 2025-07-17 (2 gün)
2025-07-17 10:49:28,824 - INFO - [MISSING] YUN: 2025-07-15 - 2025-07-17 (2 gün)
2025-07-17 10:49:28,824 - INFO - [MISSING] YVB: 2025-07-15 - 2025-07-17 (2 gün)
2025-07-17 10:49:28,825 - INFO - [MISSING] YVG: 2025-07-15 - 2025-07-17 (2 gün)
2025-07-17 10:49:28,825 - INFO - [MISSING] YZC: 2025-07-15 - 2025-07-17 (2 gün)
2025-07-17 10:49:28,825 - INFO - [MISSING] YZG: 2025-07-15 - 2025-07-17 (2 gün)
2025-07-17 10:49:28,825 - INFO - [MISSING] YZH: 2025-07-15 - 2025-07-17 (2 gün)
2025-07-17 10:49:28,825 - INFO - [MISSING] YZK: 2025-07-15 - 2025-07-17 (2 gün)
2025-07-17 10:49:28,825 - INFO - [MISSING] ZBD: 2025-07-15 - 2025-07-17 (2 gün)
2025-07-17 10:49:28,825 - INFO - [MISSING] ZBI: 2025-07-15 - 2025-07-17 (2 gün)
2025-07-17 10:49:28,825 - INFO - [MISSING] ZBJ: 2025-07-15 - 2025-07-17 (2 gün)
2025-07-17 10:49:28,825 - INFO - [MISSING] ZBO: 2025-07-15 - 2025-07-17 (2 gün)
2025-07-17 10:49:28,826 - INFO - [MISSING] ZCD: 2025-07-15 - 2025-07-17 (2 gün)
2025-07-17 10:49:28,826 - INFO - [MISSING] ZCK: 2025-07-15 - 2025-07-17 (2 gün)
2025-07-17 10:49:28,826 - INFO - [MISSING] ZCN: 2025-07-15 - 2025-07-17 (2 gün)
2025-07-17 10:49:28,826 - INFO - [MISSING] ZDD: 2025-07-15 - 2025-07-17 (2 gün)
2025-07-17 10:49:28,826 - INFO - [MISSING] ZDZ: 2025-07-15 - 2025-07-17 (2 gün)
2025-07-17 10:49:28,826 - INFO - [MISSING] ZFB: 2025-07-15 - 2025-07-17 (2 gün)
2025-07-17 10:49:28,826 - INFO - [MISSING] ZHH: 2025-07-15 - 2025-07-17 (2 gün)
2025-07-17 10:49:28,827 - INFO - [MISSING] ZJB: 2025-07-15 - 2025-07-17 (2 gün)
2025-07-17 10:49:28,827 - INFO - [MISSING] ZJI: 2025-07-15 - 2025-07-17 (2 gün)
2025-07-17 10:49:28,827 - INFO - [MISSING] ZJL: 2025-07-15 - 2025-07-17 (2 gün)
2025-07-17 10:49:28,827 - INFO - [MISSING] ZJV: 2025-07-15 - 2025-07-17 (2 gün)
2025-07-17 10:49:28,827 - INFO - [MISSING] ZLH: 2025-07-15 - 2025-07-17 (2 gün)
2025-07-17 10:49:28,827 - INFO - [MISSING] ZMT: 2025-07-15 - 2025-07-17 (2 gün)
2025-07-17 10:49:28,827 - INFO - [MISSING] ZMY: 2025-07-15 - 2025-07-17 (2 gün)
2025-07-17 10:49:28,827 - INFO - [MISSING] ZP6: 2025-07-15 - 2025-07-17 (2 gün)
2025-07-17 10:49:28,828 - INFO - [MISSING] ZP8: 2025-07-15 - 2025-07-17 (2 gün)
2025-07-17 10:49:28,828 - INFO - [MISSING] ZP9: 2025-07-15 - 2025-07-17 (2 gün)
2025-07-17 10:49:28,828 - INFO - [MISSING] ZPA: 2025-07-15 - 2025-07-17 (2 gün)
2025-07-17 10:49:28,828 - INFO - [MISSING] ZPC: 2025-07-15 - 2025-07-17 (2 gün)
2025-07-17 10:49:28,828 - INFO - [MISSING] ZPE: 2025-07-15 - 2025-07-17 (2 gün)
2025-07-17 10:49:28,828 - INFO - [MISSING] ZPF: 2025-07-15 - 2025-07-17 (2 gün)
2025-07-17 10:49:28,829 - INFO - [MISSING] ZPG: 2025-07-15 - 2025-07-17 (2 gün)
2025-07-17 10:49:28,829 - INFO - [MISSING] ZSF: 2025-07-15 - 2025-07-17 (2 gün)
2025-07-17 10:49:28,829 - INFO - [MISSING] ZSG: 2025-07-15 - 2025-07-17 (2 gün)
2025-07-17 10:49:28,829 - INFO - [MISSING] ZVO: 2025-07-15 - 2025-07-17 (2 gün)
2025-07-17 10:49:28,829 - INFO - [ANALYSIS] 840 fonun 850 fondan eksik verisi var
2025-07-17 10:49:28,829 - INFO - [STATS] Toplam fon sayısı: 850
2025-07-17 10:49:28,829 - INFO - [STATS] Güncel fon sayısı: 10
2025-07-17 10:49:28,831 - INFO - [REPAIR] 840 fon için eksik veri indiriliyor...
2025-07-17 10:49:28,831 - INFO - [REPAIR] Seri mod
2025-07-17 10:49:28,831 - INFO - [REPAIR] ACU: 2025-07-15 00:00:00 - 2025-07-17 00:00:00
2025-07-17 10:49:30,509 - ERROR - Error getting fund detail (alternative) for ACU: Expecting value: line 1 column 1 (char 0)
2025-07-17 10:49:30,510 - INFO - ACU: Fon adından tahmin edilen kategori: Diğer Şemsiye Fonu
2025-07-17 10:49:30,510 - INFO - [REPAIR OK] ACU: 2 yeni kayıt
2025-07-17 10:49:30,510 - INFO - [REPAIR] ADE: 2025-07-15 00:00:00 - 2025-07-17 00:00:00
2025-07-17 10:49:32,439 - ERROR - Error getting fund detail (alternative) for ADE: Expecting value: line 1 column 1 (char 0)
2025-07-17 10:49:32,439 - INFO - ADE: Fon adından tahmin edilen kategori: Diğer Şemsiye Fonu
2025-07-17 10:49:32,439 - INFO - [REPAIR OK] ADE: 2 yeni kayıt
2025-07-17 10:49:32,440 - INFO - [REPAIR] ADP: 2025-07-15 00:00:00 - 2025-07-17 00:00:00
2025-07-17 10:49:34,151 - ERROR - Error getting fund detail (alternative) for ADP: Expecting value: line 1 column 1 (char 0)
2025-07-17 10:49:34,152 - INFO - ADP: Fon adından tahmin edilen kategori: Diğer Şemsiye Fonu
2025-07-17 10:49:34,152 - INFO - [REPAIR OK] ADP: 2 yeni kayıt
2025-07-17 10:49:34,152 - INFO - [REPAIR] AED: 2025-07-15 00:00:00 - 2025-07-17 00:00:00
2025-07-17 10:49:36,088 - ERROR - Error getting fund detail (alternative) for AED: Expecting value: line 1 column 1 (char 0)
2025-07-17 10:49:36,089 - INFO - AED: Fon adından tahmin edilen kategori: Diğer Şemsiye Fonu
2025-07-17 10:49:36,089 - INFO - [REPAIR OK] AED: 2 yeni kayıt
2025-07-17 10:49:36,089 - INFO - [REPAIR] AES: 2025-07-15 00:00:00 - 2025-07-17 00:00:00
2025-07-17 10:49:38,258 - ERROR - Error getting fund detail (alternative) for AES: Expecting value: line 1 column 1 (char 0)
2025-07-17 10:49:38,259 - INFO - AES: Fon adından tahmin edilen kategori: Diğer Şemsiye Fonu
2025-07-17 10:49:38,259 - INFO - [REPAIR OK] AES: 2 yeni kayıt
2025-07-17 10:49:38,259 - INFO - [REPAIR] AEV: 2025-07-15 00:00:00 - 2025-07-17 00:00:00
2025-07-17 10:49:39,720 - ERROR - Error getting fund detail (alternative) for AEV: Expecting value: line 1 column 1 (char 0)
2025-07-17 10:49:39,721 - INFO - AEV: Fon adından tahmin edilen kategori: Diğer Şemsiye Fonu
2025-07-17 10:49:39,721 - INFO - [REPAIR OK] AEV: 2 yeni kayıt
2025-07-17 10:49:39,721 - INFO - [REPAIR] AFA: 2025-07-15 00:00:00 - 2025-07-17 00:00:00
2025-07-17 10:49:41,997 - ERROR - Error getting fund detail (alternative) for AFA: Expecting value: line 1 column 1 (char 0)
2025-07-17 10:49:41,997 - INFO - AFA: Fon adından tahmin edilen kategori: Diğer Şemsiye Fonu
2025-07-17 10:49:41,998 - INFO - [REPAIR OK] AFA: 2 yeni kayıt
2025-07-17 10:49:41,998 - INFO - [REPAIR] AFO: 2025-07-15 00:00:00 - 2025-07-17 00:00:00
2025-07-17 10:49:42,052 - WARNING - Session başlatma deneme 1/3: ('Connection aborted.', ConnectionResetError(10054, 'An existing connection was forcibly closed by the remote host', None, 10054, None))
2025-07-17 10:49:45,028 - ERROR - Error getting fund detail (alternative) for AFO: Expecting value: line 1 column 1 (char 0)
2025-07-17 10:49:45,028 - INFO - AFO: Fon adından tahmin edilen kategori: Diğer Şemsiye Fonu
2025-07-17 10:49:45,028 - INFO - [REPAIR OK] AFO: 2 yeni kayıt
2025-07-17 10:49:45,028 - INFO - [REPAIR] AFS: 2025-07-15 00:00:00 - 2025-07-17 00:00:00
2025-07-17 10:49:45,077 - WARNING - Session başlatma deneme 1/3: ('Connection aborted.', ConnectionResetError(10054, 'An existing connection was forcibly closed by the remote host', None, 10054, None))
2025-07-17 10:49:48,714 - ERROR - Error getting fund detail (alternative) for AFS: Expecting value: line 1 column 1 (char 0)
2025-07-17 10:49:48,714 - INFO - AFS: Fon adından tahmin edilen kategori: Diğer Şemsiye Fonu
2025-07-17 10:49:48,714 - INFO - [REPAIR OK] AFS: 2 yeni kayıt
2025-07-17 10:49:48,714 - INFO - [REPAIR] AFT: 2025-07-15 00:00:00 - 2025-07-17 00:00:00
2025-07-17 10:49:50,976 - ERROR - Error getting fund detail (alternative) for AFT: Expecting value: line 1 column 1 (char 0)
2025-07-17 10:49:50,976 - INFO - AFT: Fon adından tahmin edilen kategori: Diğer Şemsiye Fonu
2025-07-17 10:49:50,977 - INFO - [REPAIR OK] AFT: 2 yeni kayıt
2025-07-17 10:49:50,977 - INFO - [REPAIR] AFV: 2025-07-15 00:00:00 - 2025-07-17 00:00:00
2025-07-17 10:49:52,613 - ERROR - Error getting fund detail (alternative) for AFV: Expecting value: line 1 column 1 (char 0)
2025-07-17 10:49:52,613 - INFO - AFV: Fon adından tahmin edilen kategori: Diğer Şemsiye Fonu
2025-07-17 10:49:52,614 - INFO - [REPAIR OK] AFV: 2 yeni kayıt
2025-07-17 10:49:52,614 - INFO - [REPAIR] AGC: 2025-07-15 00:00:00 - 2025-07-17 00:00:00
2025-07-17 10:49:54,354 - ERROR - Error getting fund detail (alternative) for AGC: Expecting value: line 1 column 1 (char 0)
2025-07-17 10:49:54,355 - INFO - AGC: Fon adından tahmin edilen kategori: Diğer Şemsiye Fonu
2025-07-17 10:49:54,355 - INFO - [REPAIR OK] AGC: 2 yeni kayıt
2025-07-17 10:49:54,355 - INFO - [REPAIR] AHI: 2025-07-15 00:00:00 - 2025-07-17 00:00:00
2025-07-17 10:49:55,856 - ERROR - Error getting fund detail (alternative) for AHI: Expecting value: line 1 column 1 (char 0)
2025-07-17 10:49:55,856 - INFO - AHI: Fon adından tahmin edilen kategori: Diğer Şemsiye Fonu
2025-07-17 10:49:55,856 - INFO - [REPAIR OK] AHI: 2 yeni kayıt
2025-07-17 10:49:55,856 - INFO - [REPAIR] AHN: 2025-07-15 00:00:00 - 2025-07-17 00:00:00
2025-07-17 10:49:58,070 - ERROR - Error getting fund detail (alternative) for AHN: Expecting value: line 1 column 1 (char 0)
2025-07-17 10:49:58,070 - INFO - AHN: Fon adından tahmin edilen kategori: Diğer Şemsiye Fonu
2025-07-17 10:49:58,070 - INFO - [REPAIR OK] AHN: 2 yeni kayıt
2025-07-17 10:49:58,071 - INFO - [REPAIR] AHU: 2025-07-15 00:00:00 - 2025-07-17 00:00:00
2025-07-17 10:49:59,553 - ERROR - Error getting fund detail (alternative) for AHU: Expecting value: line 1 column 1 (char 0)
2025-07-17 10:49:59,554 - INFO - AHU: Fon adından tahmin edilen kategori: Diğer Şemsiye Fonu
2025-07-17 10:49:59,554 - INFO - [REPAIR OK] AHU: 2 yeni kayıt
2025-07-17 10:49:59,554 - INFO - [REPAIR] AHV: 2025-07-15 00:00:00 - 2025-07-17 00:00:00
2025-07-17 10:50:01,988 - ERROR - Error getting fund detail (alternative) for AHV: Expecting value: line 1 column 1 (char 0)
2025-07-17 10:50:01,988 - INFO - AHV: Fon adından tahmin edilen kategori: Diğer Şemsiye Fonu
2025-07-17 10:50:01,989 - INFO - [REPAIR OK] AHV: 2 yeni kayıt
2025-07-17 10:50:01,989 - INFO - [REPAIR] AJK: 2025-07-15 00:00:00 - 2025-07-17 00:00:00
2025-07-17 10:50:04,085 - ERROR - Error getting fund detail (alternative) for AJK: Expecting value: line 1 column 1 (char 0)
2025-07-17 10:50:04,085 - INFO - AJK: Fon adından tahmin edilen kategori: Diğer Şemsiye Fonu
2025-07-17 10:50:04,085 - INFO - [REPAIR OK] AJK: 2 yeni kayıt
2025-07-17 10:50:04,085 - INFO - [REPAIR] AK2: 2025-07-15 00:00:00 - 2025-07-17 00:00:00
2025-07-17 10:50:05,599 - ERROR - Error getting fund detail (alternative) for AK2: Expecting value: line 1 column 1 (char 0)
2025-07-17 10:50:05,600 - INFO - AK2: Fon adından tahmin edilen kategori: Diğer Şemsiye Fonu
2025-07-17 10:50:05,600 - INFO - [REPAIR OK] AK2: 2 yeni kayıt
2025-07-17 10:50:05,600 - INFO - [REPAIR] AK3: 2025-07-15 00:00:00 - 2025-07-17 00:00:00
2025-07-17 10:50:07,261 - ERROR - Error getting fund detail (alternative) for AK3: Expecting value: line 1 column 1 (char 0)
2025-07-17 10:50:07,261 - INFO - AK3: Fon adından tahmin edilen kategori: Diğer Şemsiye Fonu
2025-07-17 10:50:07,261 - INFO - [REPAIR OK] AK3: 2 yeni kayıt
2025-07-17 10:50:07,262 - INFO - [REPAIR] AKE: 2025-07-15 00:00:00 - 2025-07-17 00:00:00
2025-07-17 10:50:09,556 - ERROR - Error getting fund detail (alternative) for AKE: Expecting value: line 1 column 1 (char 0)
2025-07-17 10:50:09,557 - INFO - AKE: Fon adından tahmin edilen kategori: Diğer Şemsiye Fonu
2025-07-17 10:50:09,557 - INFO - [REPAIR OK] AKE: 2 yeni kayıt
2025-07-17 10:50:09,557 - INFO - [REPAIR] AKU: 2025-07-15 00:00:00 - 2025-07-17 00:00:00
2025-07-17 10:50:11,321 - ERROR - Error getting fund detail (alternative) for AKU: Expecting value: line 1 column 1 (char 0)
2025-07-17 10:50:11,322 - INFO - AKU: Fon adından tahmin edilen kategori: Diğer Şemsiye Fonu
2025-07-17 10:50:11,322 - INFO - [REPAIR OK] AKU: 2 yeni kayıt
2025-07-17 10:50:11,322 - INFO - [REPAIR] ALC: 2025-07-15 00:00:00 - 2025-07-17 00:00:00
2025-07-17 10:50:13,665 - ERROR - Error getting fund detail (alternative) for ALC: Expecting value: line 1 column 1 (char 0)
2025-07-17 10:50:13,666 - INFO - ALC: Fon adından tahmin edilen kategori: Diğer Şemsiye Fonu
2025-07-17 10:50:13,666 - INFO - [REPAIR OK] ALC: 2 yeni kayıt
2025-07-17 10:50:13,666 - INFO - [REPAIR] AN1: 2025-07-15 00:00:00 - 2025-07-17 00:00:00
2025-07-17 10:50:15,240 - ERROR - Error getting fund detail (alternative) for AN1: Expecting value: line 1 column 1 (char 0)
2025-07-17 10:50:15,241 - INFO - AN1: Fon adından tahmin edilen kategori: Diğer Şemsiye Fonu
2025-07-17 10:50:15,241 - INFO - [REPAIR OK] AN1: 2 yeni kayıt
2025-07-17 10:50:15,241 - INFO - [REPAIR] ANZ: 2025-07-15 00:00:00 - 2025-07-17 00:00:00
2025-07-17 10:50:17,082 - ERROR - Error getting fund detail (alternative) for ANZ: Expecting value: line 1 column 1 (char 0)
2025-07-17 10:50:17,083 - INFO - ANZ: Fon adından tahmin edilen kategori: Diğer Şemsiye Fonu
2025-07-17 10:50:17,083 - INFO - [REPAIR OK] ANZ: 2 yeni kayıt
2025-07-17 10:50:17,083 - INFO - [REPAIR] AOJ: 2025-07-15 00:00:00 - 2025-07-17 00:00:00
2025-07-17 10:50:18,693 - ERROR - Error getting fund detail (alternative) for AOJ: Expecting value: line 1 column 1 (char 0)
2025-07-17 10:50:18,694 - INFO - AOJ: Fon adından tahmin edilen kategori: Diğer Şemsiye Fonu
2025-07-17 10:50:18,694 - INFO - [REPAIR OK] AOJ: 2 yeni kayıt
2025-07-17 10:50:18,694 - INFO - [REPAIR] AOY: 2025-07-15 00:00:00 - 2025-07-17 00:00:00
2025-07-17 10:50:20,884 - ERROR - Error getting fund detail (alternative) for AOY: Expecting value: line 1 column 1 (char 0)
2025-07-17 10:50:20,884 - INFO - AOY: Fon adından tahmin edilen kategori: Diğer Şemsiye Fonu
2025-07-17 10:50:20,885 - INFO - [REPAIR OK] AOY: 2 yeni kayıt
2025-07-17 10:50:20,885 - INFO - [REPAIR] APJ: 2025-07-15 00:00:00 - 2025-07-17 00:00:00
2025-07-17 10:50:22,478 - ERROR - Error getting fund detail (alternative) for APJ: Expecting value: line 1 column 1 (char 0)
2025-07-17 10:50:22,479 - INFO - APJ: Fon adından tahmin edilen kategori: Diğer Şemsiye Fonu
2025-07-17 10:50:22,479 - INFO - [REPAIR OK] APJ: 2 yeni kayıt
2025-07-17 10:50:22,480 - INFO - [REPAIR] APT: 2025-07-15 00:00:00 - 2025-07-17 00:00:00
2025-07-17 10:50:24,543 - ERROR - Error getting fund detail (alternative) for APT: Expecting value: line 1 column 1 (char 0)
2025-07-17 10:50:24,543 - INFO - APT: Fon adından tahmin edilen kategori: Diğer Şemsiye Fonu
2025-07-17 10:50:24,543 - INFO - [REPAIR OK] APT: 2 yeni kayıt
2025-07-17 10:50:24,543 - INFO - [REPAIR] ARE: 2025-07-15 00:00:00 - 2025-07-17 00:00:00
2025-07-17 10:50:24,594 - WARNING - Session başlatma deneme 1/3: ('Connection aborted.', ConnectionResetError(10054, 'An existing connection was forcibly closed by the remote host', None, 10054, None))
2025-07-17 10:50:25,643 - WARNING - Session başlatma deneme 2/3: ('Connection aborted.', ConnectionResetError(10054, 'An existing connection was forcibly closed by the remote host', None, 10054, None))
2025-07-17 10:50:29,598 - ERROR - Error getting fund detail (alternative) for ARE: Expecting value: line 1 column 1 (char 0)
2025-07-17 10:50:29,598 - INFO - ARE: Fon adından tahmin edilen kategori: Diğer Şemsiye Fonu
2025-07-17 10:50:29,598 - INFO - [REPAIR OK] ARE: 2 yeni kayıt
2025-07-17 10:50:29,598 - INFO - [REPAIR] ARL: 2025-07-15 00:00:00 - 2025-07-17 00:00:00
2025-07-17 10:50:31,704 - ERROR - Error getting fund detail (alternative) for ARL: Expecting value: line 1 column 1 (char 0)
2025-07-17 10:50:31,704 - INFO - ARL: Fon adından tahmin edilen kategori: Diğer Şemsiye Fonu
2025-07-17 10:50:31,705 - INFO - [REPAIR OK] ARL: 2 yeni kayıt
2025-07-17 10:50:31,705 - INFO - [REPAIR] ARM: 2025-07-15 00:00:00 - 2025-07-17 00:00:00
2025-07-17 10:50:33,237 - ERROR - Error getting fund detail (alternative) for ARM: Expecting value: line 1 column 1 (char 0)
2025-07-17 10:50:33,238 - INFO - ARM: Fon adından tahmin edilen kategori: Diğer Şemsiye Fonu
2025-07-17 10:50:33,238 - INFO - [REPAIR OK] ARM: 2 yeni kayıt
2025-07-17 10:50:33,239 - INFO - [REPAIR] AS1: 2025-07-15 00:00:00 - 2025-07-17 00:00:00
2025-07-17 10:50:34,773 - ERROR - Error getting fund detail (alternative) for AS1: Expecting value: line 1 column 1 (char 0)
2025-07-17 10:50:34,774 - INFO - AS1: Fon adından tahmin edilen kategori: Diğer Şemsiye Fonu
2025-07-17 10:50:34,774 - INFO - [REPAIR OK] AS1: 2 yeni kayıt
2025-07-17 10:50:34,774 - INFO - [REPAIR] ASJ: 2025-07-15 00:00:00 - 2025-07-17 00:00:00
2025-07-17 10:50:34,828 - WARNING - Session başlatma deneme 1/3: ('Connection aborted.', ConnectionResetError(10054, 'An existing connection was forcibly closed by the remote host', None, 10054, None))
2025-07-17 10:50:37,567 - ERROR - Error getting fund detail (alternative) for ASJ: Expecting value: line 1 column 1 (char 0)
2025-07-17 10:50:37,568 - INFO - ASJ: Fon adından tahmin edilen kategori: Diğer Şemsiye Fonu
2025-07-17 10:50:37,568 - INFO - [REPAIR OK] ASJ: 2 yeni kayıt
2025-07-17 10:50:37,568 - INFO - [REPAIR] AUT: 2025-07-15 00:00:00 - 2025-07-17 00:00:00
2025-07-17 10:50:39,946 - ERROR - Error getting fund detail (alternative) for AUT: Expecting value: line 1 column 1 (char 0)
2025-07-17 10:50:39,946 - INFO - AUT: Fon adından tahmin edilen kategori: Diğer Şemsiye Fonu
2025-07-17 10:50:39,947 - INFO - [REPAIR OK] AUT: 2 yeni kayıt
2025-07-17 10:50:39,947 - INFO - [REPAIR] AUV: 2025-07-15 00:00:00 - 2025-07-17 00:00:00
2025-07-17 10:50:41,700 - ERROR - Error getting fund detail (alternative) for AUV: Expecting value: line 1 column 1 (char 0)
2025-07-17 10:50:41,700 - INFO - AUV: Fon adından tahmin edilen kategori: Diğer Şemsiye Fonu
2025-07-17 10:50:41,701 - INFO - [REPAIR OK] AUV: 2 yeni kayıt
2025-07-17 10:50:41,701 - INFO - [REPAIR] AYA: 2025-07-15 00:00:00 - 2025-07-17 00:00:00
2025-07-17 10:50:41,750 - WARNING - Session başlatma deneme 1/3: ('Connection aborted.', ConnectionResetError(10054, 'An existing connection was forcibly closed by the remote host', None, 10054, None))
2025-07-17 10:50:42,404 - INFO - [STOP] Kullanıcı tarafından durduruldu
2025-07-17 10:50:42,404 - INFO - [MERGE] 70 yeni kayıt mevcut veriye ekleniyor...
2025-07-17 10:50:42,465 - INFO - [MERGE] Mevcut kayıt sayısı: 336057
2025-07-17 10:50:42,814 - INFO - [MERGE SUCCESS] Veri birleştirme tamamlandı!
2025-07-17 10:50:42,814 - INFO - [FILE] Dosya: data\tefas_full_2yrs.parquet
2025-07-17 10:50:42,814 - INFO - [STATS] Toplam kayıt: 336,127 (+70 yeni)
2025-07-17 10:50:42,815 - INFO - [FUNDS] Fon sayısı: 850
2025-07-17 10:50:42,815 - INFO - [DATE] Tarih aralığı: 2023-07-14 - 2025-07-17
2025-07-17 10:50:42,818 - INFO - [REPAIR COMPLETE] 35 fon başarıyla güncellendi
2025-07-17 10:50:42,819 - INFO - [REPAIR STATS] 70 yeni kayıt eklendi
