2025-07-17 10:48:48,799 - INFO - CMD: tefas_download_data_merged.py --repair --input data/tefas_full_2yrs.parquet --workers 1
2025-07-17 10:48:48,892 - INFO - ============================================================
2025-07-17 10:48:48,893 - INFO - TEFAS Fon Verisi İndirme Script'i (Merged)
2025-07-17 10:48:48,893 - INFO - ============================================================
2025-07-17 10:48:48,893 - INFO - Mod: Repair - Seri
2025-07-17 10:48:48,893 - INFO - Input dosya: data/tefas_full_2yrs.parquet
2025-07-17 10:48:48,893 - INFO - ============================================================
2025-07-17 10:48:49,474 - INFO - [REPAIR MODE] Eksik veri tamamlama başlıyor...
2025-07-17 10:48:49,474 - INFO - [REPAIR] Mevcut veri analiz ediliyor: data\tefas_full_2yrs.parquet
2025-07-17 10:48:49,566 - INFO - [MISSING] AAK: 2025-07-15 - 2025-07-17 (2 gün)
2025-07-17 10:48:49,566 - INFO - [MISSING] AAL: 2025-07-15 - 2025-07-17 (2 gün)
2025-07-17 10:48:49,567 - INFO - [MISSING] AAS: 2025-07-15 - 2025-07-17 (2 gün)
2025-07-17 10:48:49,567 - INFO - [MISSING] AAV: 2025-07-15 - 2025-07-17 (2 gün)
2025-07-17 10:48:49,567 - INFO - [MISSING] AC1: 2025-07-15 - 2025-07-17 (2 gün)
2025-07-17 10:48:49,567 - INFO - [MISSING] AC4: 2025-07-15 - 2025-07-17 (2 gün)
2025-07-17 10:48:49,567 - INFO - [MISSING] AC5: 2025-07-15 - 2025-07-17 (2 gün)
2025-07-17 10:48:49,567 - INFO - [MISSING] AC6: 2025-07-15 - 2025-07-17 (2 gün)
2025-07-17 10:48:49,567 - INFO - [MISSING] ACC: 2025-07-15 - 2025-07-17 (2 gün)
2025-07-17 10:48:49,567 - INFO - [MISSING] ACD: 2025-07-15 - 2025-07-17 (2 gün)
2025-07-17 10:48:49,568 - INFO - [MISSING] ACU: 2025-07-15 - 2025-07-17 (2 gün)
2025-07-17 10:48:49,568 - INFO - [MISSING] ADE: 2025-07-15 - 2025-07-17 (2 gün)
2025-07-17 10:48:49,568 - INFO - [MISSING] ADP: 2025-07-15 - 2025-07-17 (2 gün)
2025-07-17 10:48:49,568 - INFO - [MISSING] AED: 2025-07-15 - 2025-07-17 (2 gün)
2025-07-17 10:48:49,568 - INFO - [MISSING] AES: 2025-07-15 - 2025-07-17 (2 gün)
2025-07-17 10:48:49,568 - INFO - [MISSING] AEV: 2025-07-15 - 2025-07-17 (2 gün)
2025-07-17 10:48:49,569 - INFO - [MISSING] AFA: 2025-07-15 - 2025-07-17 (2 gün)
2025-07-17 10:48:49,569 - INFO - [MISSING] AFO: 2025-07-15 - 2025-07-17 (2 gün)
2025-07-17 10:48:49,569 - INFO - [MISSING] AFS: 2025-07-15 - 2025-07-17 (2 gün)
2025-07-17 10:48:49,569 - INFO - [MISSING] AFT: 2025-07-15 - 2025-07-17 (2 gün)
2025-07-17 10:48:49,569 - INFO - [MISSING] AFV: 2025-07-15 - 2025-07-17 (2 gün)
2025-07-17 10:48:49,569 - INFO - [MISSING] AGC: 2025-07-15 - 2025-07-17 (2 gün)
2025-07-17 10:48:49,570 - INFO - [MISSING] AHI: 2025-07-15 - 2025-07-17 (2 gün)
2025-07-17 10:48:49,570 - INFO - [MISSING] AHN: 2025-07-15 - 2025-07-17 (2 gün)
2025-07-17 10:48:49,570 - INFO - [MISSING] AHU: 2025-07-15 - 2025-07-17 (2 gün)
2025-07-17 10:48:49,570 - INFO - [MISSING] AHV: 2025-07-15 - 2025-07-17 (2 gün)
2025-07-17 10:48:49,570 - INFO - [MISSING] AJK: 2025-07-15 - 2025-07-17 (2 gün)
2025-07-17 10:48:49,570 - INFO - [MISSING] AK2: 2025-07-15 - 2025-07-17 (2 gün)
2025-07-17 10:48:49,570 - INFO - [MISSING] AK3: 2025-07-15 - 2025-07-17 (2 gün)
2025-07-17 10:48:49,570 - INFO - [MISSING] AKE: 2025-07-15 - 2025-07-17 (2 gün)
2025-07-17 10:48:49,570 - INFO - [MISSING] AKU: 2025-07-15 - 2025-07-17 (2 gün)
2025-07-17 10:48:49,571 - INFO - [MISSING] ALC: 2025-07-15 - 2025-07-17 (2 gün)
2025-07-17 10:48:49,571 - INFO - [MISSING] AN1: 2025-07-15 - 2025-07-17 (2 gün)
2025-07-17 10:48:49,571 - INFO - [MISSING] ANZ: 2025-07-15 - 2025-07-17 (2 gün)
2025-07-17 10:48:49,571 - INFO - [MISSING] AOJ: 2025-07-15 - 2025-07-17 (2 gün)
2025-07-17 10:48:49,571 - INFO - [MISSING] AOY: 2025-07-15 - 2025-07-17 (2 gün)
2025-07-17 10:48:49,571 - INFO - [MISSING] APJ: 2025-07-15 - 2025-07-17 (2 gün)
2025-07-17 10:48:49,571 - INFO - [MISSING] APT: 2025-07-15 - 2025-07-17 (2 gün)
2025-07-17 10:48:49,571 - INFO - [MISSING] ARE: 2025-07-15 - 2025-07-17 (2 gün)
2025-07-17 10:48:49,572 - INFO - [MISSING] ARL: 2025-07-15 - 2025-07-17 (2 gün)
2025-07-17 10:48:49,572 - INFO - [MISSING] ARM: 2025-07-15 - 2025-07-17 (2 gün)
2025-07-17 10:48:49,572 - INFO - [MISSING] AS1: 2025-07-15 - 2025-07-17 (2 gün)
2025-07-17 10:48:49,572 - INFO - [MISSING] ASJ: 2025-07-15 - 2025-07-17 (2 gün)
2025-07-17 10:48:49,572 - INFO - [MISSING] AUT: 2025-07-15 - 2025-07-17 (2 gün)
2025-07-17 10:48:49,572 - INFO - [MISSING] AUV: 2025-07-15 - 2025-07-17 (2 gün)
2025-07-17 10:48:49,573 - INFO - [MISSING] AYA: 2025-07-15 - 2025-07-17 (2 gün)
2025-07-17 10:48:49,573 - INFO - [MISSING] AYR: 2025-07-15 - 2025-07-17 (2 gün)
2025-07-17 10:48:49,573 - INFO - [MISSING] BBF: 2025-07-15 - 2025-07-17 (2 gün)
2025-07-17 10:48:49,573 - INFO - [MISSING] BBP: 2025-07-15 - 2025-07-17 (2 gün)
2025-07-17 10:48:49,573 - INFO - [MISSING] BCK: 2025-07-15 - 2025-07-17 (2 gün)
2025-07-17 10:48:49,573 - INFO - [MISSING] BCO: 2025-07-15 - 2025-07-17 (2 gün)
2025-07-17 10:48:49,573 - INFO - [MISSING] BDS: 2025-07-15 - 2025-07-17 (2 gün)
2025-07-17 10:48:49,574 - INFO - [MISSING] BDY: 2025-07-15 - 2025-07-17 (2 gün)
2025-07-17 10:48:49,574 - INFO - [MISSING] BFE: 2025-07-15 - 2025-07-17 (2 gün)
2025-07-17 10:48:49,574 - INFO - [MISSING] BFT: 2025-07-15 - 2025-07-17 (2 gün)
2025-07-17 10:48:49,574 - INFO - [MISSING] BGP: 2025-07-15 - 2025-07-17 (2 gün)
2025-07-17 10:48:49,574 - INFO - [MISSING] BHA: 2025-07-15 - 2025-07-17 (2 gün)
2025-07-17 10:48:49,574 - INFO - [MISSING] BHF: 2025-07-15 - 2025-07-17 (2 gün)
2025-07-17 10:48:49,574 - INFO - [MISSING] BHI: 2025-07-15 - 2025-07-17 (2 gün)
2025-07-17 10:48:49,574 - INFO - [MISSING] BHL: 2025-07-15 - 2025-07-17 (2 gün)
2025-07-17 10:48:49,574 - INFO - [MISSING] BID: 2025-07-15 - 2025-07-17 (2 gün)
2025-07-17 10:48:49,575 - INFO - [MISSING] BIG: 2025-07-15 - 2025-07-17 (2 gün)
2025-07-17 10:48:49,575 - INFO - [MISSING] BIH: 2025-07-15 - 2025-07-17 (2 gün)
2025-07-17 10:48:49,575 - INFO - [MISSING] BIO: 2025-07-15 - 2025-07-17 (2 gün)
2025-07-17 10:48:49,575 - INFO - [MISSING] BIP: 2025-07-15 - 2025-07-17 (2 gün)
2025-07-17 10:48:49,575 - INFO - [MISSING] BIS: 2025-07-15 - 2025-07-17 (2 gün)
2025-07-17 10:48:49,575 - INFO - [MISSING] BLD: 2025-07-15 - 2025-07-17 (2 gün)
2025-07-17 10:48:49,575 - INFO - [MISSING] BLT: 2025-07-15 - 2025-07-17 (2 gün)
2025-07-17 10:48:49,575 - INFO - [MISSING] BNC: 2025-07-15 - 2025-07-17 (2 gün)
2025-07-17 10:48:49,575 - INFO - [MISSING] BNH: 2025-07-15 - 2025-07-17 (2 gün)
2025-07-17 10:48:49,575 - INFO - [MISSING] BOL: 2025-07-15 - 2025-07-17 (2 gün)
2025-07-17 10:48:49,575 - INFO - [MISSING] BPZ: 2025-07-15 - 2025-07-17 (2 gün)
2025-07-17 10:48:49,576 - INFO - [MISSING] BRF: 2025-07-15 - 2025-07-17 (2 gün)
2025-07-17 10:48:49,576 - INFO - [MISSING] BRR: 2025-07-15 - 2025-07-17 (2 gün)
2025-07-17 10:48:49,576 - INFO - [MISSING] BRT: 2025-07-15 - 2025-07-17 (2 gün)
2025-07-17 10:48:49,576 - INFO - [MISSING] BSH: 2025-07-15 - 2025-07-17 (2 gün)
2025-07-17 10:48:49,576 - INFO - [MISSING] BST: 2025-07-15 - 2025-07-17 (2 gün)
2025-07-17 10:48:49,576 - INFO - [MISSING] BTE: 2025-07-15 - 2025-07-17 (2 gün)
2025-07-17 10:48:49,576 - INFO - [MISSING] BTZ: 2025-07-15 - 2025-07-17 (2 gün)
2025-07-17 10:48:49,577 - INFO - [MISSING] BUL: 2025-07-15 - 2025-07-17 (2 gün)
2025-07-17 10:48:49,577 - INFO - [MISSING] BUV: 2025-07-15 - 2025-07-17 (2 gün)
2025-07-17 10:48:49,577 - INFO - [MISSING] BUY: 2025-07-15 - 2025-07-17 (2 gün)
2025-07-17 10:48:49,577 - INFO - [MISSING] BV1: 2025-07-15 - 2025-07-17 (2 gün)
2025-07-17 10:48:49,577 - INFO - [MISSING] BVM: 2025-07-15 - 2025-07-17 (2 gün)
2025-07-17 10:48:49,577 - INFO - [MISSING] BVV: 2025-07-15 - 2025-07-17 (2 gün)
2025-07-17 10:48:49,577 - INFO - [MISSING] BVZ: 2025-07-15 - 2025-07-17 (2 gün)
2025-07-17 10:48:49,577 - INFO - [MISSING] CFO: 2025-07-15 - 2025-07-17 (2 gün)
2025-07-17 10:48:49,578 - INFO - [MISSING] CIN: 2025-07-15 - 2025-07-17 (2 gün)
2025-07-17 10:48:49,578 - INFO - [MISSING] CKF: 2025-07-15 - 2025-07-17 (2 gün)
2025-07-17 10:48:49,578 - INFO - [MISSING] CKL: 2025-07-15 - 2025-07-17 (2 gün)
2025-07-17 10:48:49,578 - INFO - [MISSING] CKS: 2025-07-15 - 2025-07-17 (2 gün)
2025-07-17 10:48:49,578 - INFO - [MISSING] CPT: 2025-07-15 - 2025-07-17 (2 gün)
2025-07-17 10:48:49,578 - INFO - [MISSING] CPU: 2025-07-15 - 2025-07-17 (2 gün)
2025-07-17 10:48:49,579 - INFO - [MISSING] CVK: 2025-07-15 - 2025-07-17 (2 gün)
2025-07-17 10:48:49,579 - INFO - [MISSING] DAH: 2025-07-15 - 2025-07-17 (2 gün)
2025-07-17 10:48:49,579 - INFO - [MISSING] DAS: 2025-07-15 - 2025-07-17 (2 gün)
2025-07-17 10:48:49,579 - INFO - [MISSING] DBA: 2025-07-15 - 2025-07-17 (2 gün)
2025-07-17 10:48:49,579 - INFO - [MISSING] DBB: 2025-07-15 - 2025-07-17 (2 gün)
2025-07-17 10:48:49,579 - INFO - [MISSING] DBH: 2025-07-15 - 2025-07-17 (2 gün)
2025-07-17 10:48:49,579 - INFO - [MISSING] DBK: 2025-07-15 - 2025-07-17 (2 gün)
2025-07-17 10:48:49,579 - INFO - [MISSING] DBP: 2025-07-15 - 2025-07-17 (2 gün)
2025-07-17 10:48:49,580 - INFO - [MISSING] DBZ: 2025-07-15 - 2025-07-17 (2 gün)
2025-07-17 10:48:49,580 - INFO - [MISSING] DCB: 2025-07-15 - 2025-07-17 (2 gün)
2025-07-17 10:48:49,580 - INFO - [MISSING] DDA: 2025-07-15 - 2025-07-17 (2 gün)
2025-07-17 10:48:49,580 - INFO - [MISSING] DDF: 2025-07-15 - 2025-07-17 (2 gün)
2025-07-17 10:48:49,580 - INFO - [MISSING] DEF: 2025-07-15 - 2025-07-17 (2 gün)
2025-07-17 10:48:49,580 - INFO - [MISSING] DFC: 2025-07-15 - 2025-07-17 (2 gün)
2025-07-17 10:48:49,580 - INFO - [MISSING] DFD: 2025-07-15 - 2025-07-17 (2 gün)
2025-07-17 10:48:49,580 - INFO - [MISSING] DFI: 2025-07-15 - 2025-07-17 (2 gün)
2025-07-17 10:48:49,580 - INFO - [MISSING] DGH: 2025-07-15 - 2025-07-17 (2 gün)
2025-07-17 10:48:49,581 - INFO - [MISSING] DHJ: 2025-07-15 - 2025-07-17 (2 gün)
2025-07-17 10:48:49,581 - INFO - [MISSING] DHM: 2025-07-15 - 2025-07-17 (2 gün)
2025-07-17 10:48:49,581 - INFO - [MISSING] DID: 2025-07-15 - 2025-07-17 (2 gün)
2025-07-17 10:48:49,581 - INFO - [MISSING] DIP: 2025-07-15 - 2025-07-17 (2 gün)
2025-07-17 10:48:49,581 - INFO - [MISSING] DKH: 2025-07-15 - 2025-07-17 (2 gün)
2025-07-17 10:48:49,581 - INFO - [MISSING] DKL: 2025-07-15 - 2025-07-17 (2 gün)
2025-07-17 10:48:49,581 - INFO - [MISSING] DKR: 2025-07-15 - 2025-07-17 (2 gün)
2025-07-17 10:48:49,582 - INFO - [MISSING] DL2: 2025-07-15 - 2025-07-17 (2 gün)
2025-07-17 10:48:49,582 - INFO - [MISSING] DLD: 2025-07-15 - 2025-07-17 (2 gün)
2025-07-17 10:48:49,582 - INFO - [MISSING] DLY: 2025-07-15 - 2025-07-17 (2 gün)
2025-07-17 10:48:49,582 - INFO - [MISSING] DMG: 2025-07-15 - 2025-07-17 (2 gün)
2025-07-17 10:48:49,582 - INFO - [MISSING] DNK: 2025-07-15 - 2025-07-17 (2 gün)
2025-07-17 10:48:49,582 - INFO - [MISSING] DNM: 2025-07-15 - 2025-07-17 (2 gün)
2025-07-17 10:48:49,582 - INFO - [MISSING] DOH: 2025-07-15 - 2025-07-17 (2 gün)
2025-07-17 10:48:49,583 - INFO - [MISSING] DOL: 2025-07-15 - 2025-07-17 (2 gün)
2025-07-17 10:48:49,583 - INFO - [MISSING] DOV: 2025-07-15 - 2025-07-17 (2 gün)
2025-07-17 10:48:49,583 - INFO - [MISSING] DPB: 2025-07-15 - 2025-07-17 (2 gün)
2025-07-17 10:48:49,583 - INFO - [MISSING] DPK: 2025-07-15 - 2025-07-17 (2 gün)
2025-07-17 10:48:49,583 - INFO - [MISSING] DPT: 2025-07-15 - 2025-07-17 (2 gün)
2025-07-17 10:48:49,583 - INFO - [MISSING] DSD: 2025-07-15 - 2025-07-17 (2 gün)
2025-07-17 10:48:49,583 - INFO - [MISSING] DSP: 2025-07-15 - 2025-07-17 (2 gün)
2025-07-17 10:48:49,583 - INFO - [MISSING] DTL: 2025-07-15 - 2025-07-17 (2 gün)
2025-07-17 10:48:49,584 - INFO - [MISSING] DTM: 2025-07-15 - 2025-07-17 (2 gün)
2025-07-17 10:48:49,584 - INFO - [MISSING] DTZ: 2025-07-15 - 2025-07-17 (2 gün)
2025-07-17 10:48:49,584 - INFO - [MISSING] DUH: 2025-07-15 - 2025-07-17 (2 gün)
2025-07-17 10:48:49,584 - INFO - [MISSING] DUV: 2025-07-15 - 2025-07-17 (2 gün)
2025-07-17 10:48:49,584 - INFO - [MISSING] DVS: 2025-07-15 - 2025-07-17 (2 gün)
2025-07-17 10:48:49,584 - INFO - [MISSING] DVT: 2025-07-15 - 2025-07-17 (2 gün)
2025-07-17 10:48:49,584 - INFO - [MISSING] DXP: 2025-07-15 - 2025-07-17 (2 gün)
2025-07-17 10:48:49,584 - INFO - [MISSING] DYN: 2025-07-15 - 2025-07-17 (2 gün)
2025-07-17 10:48:49,584 - INFO - [MISSING] DZE: 2025-07-15 - 2025-07-17 (2 gün)
2025-07-17 10:48:49,585 - INFO - [MISSING] DZM: 2025-07-15 - 2025-07-17 (2 gün)
2025-07-17 10:48:49,585 - INFO - [MISSING] EBD: 2025-07-15 - 2025-07-17 (2 gün)
2025-07-17 10:48:49,585 - INFO - [MISSING] EC2: 2025-07-15 - 2025-07-17 (2 gün)
2025-07-17 10:48:49,585 - INFO - [MISSING] ECA: 2025-07-15 - 2025-07-17 (2 gün)
2025-07-17 10:48:49,585 - INFO - [MISSING] EDT: 2025-07-15 - 2025-07-17 (2 gün)
2025-07-17 10:48:49,585 - INFO - [MISSING] EDU: 2025-07-15 - 2025-07-17 (2 gün)
2025-07-17 10:48:49,585 - INFO - [MISSING] EIB: 2025-07-15 - 2025-07-17 (2 gün)
2025-07-17 10:48:49,585 - INFO - [MISSING] EIC: 2025-07-15 - 2025-07-17 (2 gün)
2025-07-17 10:48:49,585 - INFO - [MISSING] EID: 2025-07-15 - 2025-07-17 (2 gün)
2025-07-17 10:48:49,586 - INFO - [MISSING] EIL: 2025-07-15 - 2025-07-17 (2 gün)
2025-07-17 10:48:49,586 - INFO - [MISSING] EKF: 2025-07-15 - 2025-07-17 (2 gün)
2025-07-17 10:48:49,586 - INFO - [MISSING] ELZ: 2025-07-15 - 2025-07-17 (2 gün)
2025-07-17 10:48:49,586 - INFO - [MISSING] ENJ: 2025-07-15 - 2025-07-17 (2 gün)
2025-07-17 10:48:49,586 - INFO - [MISSING] ESG: 2025-07-15 - 2025-07-17 (2 gün)
2025-07-17 10:48:49,586 - INFO - [MISSING] ESP: 2025-07-15 - 2025-07-17 (2 gün)
2025-07-17 10:48:49,587 - INFO - [MISSING] EUN: 2025-07-15 - 2025-07-17 (2 gün)
2025-07-17 10:48:49,587 - INFO - [MISSING] EUZ: 2025-07-15 - 2025-07-17 (2 gün)
2025-07-17 10:48:49,587 - INFO - [MISSING] EYT: 2025-07-15 - 2025-07-17 (2 gün)
2025-07-17 10:48:49,587 - INFO - [MISSING] FBC: 2025-07-15 - 2025-07-17 (2 gün)
2025-07-17 10:48:49,587 - INFO - [MISSING] FBI: 2025-07-15 - 2025-07-17 (2 gün)
2025-07-17 10:48:49,587 - INFO - [MISSING] FBV: 2025-07-15 - 2025-07-17 (2 gün)
2025-07-17 10:48:49,587 - INFO - [MISSING] FBZ: 2025-07-15 - 2025-07-17 (2 gün)
2025-07-17 10:48:49,587 - INFO - [MISSING] FCK: 2025-07-15 - 2025-07-17 (2 gün)
2025-07-17 10:48:49,588 - INFO - [MISSING] FD1: 2025-07-15 - 2025-07-17 (2 gün)
2025-07-17 10:48:49,588 - INFO - [MISSING] FDG: 2025-07-15 - 2025-07-17 (2 gün)
2025-07-17 10:48:49,588 - INFO - [MISSING] FFH: 2025-07-15 - 2025-07-17 (2 gün)
2025-07-17 10:48:49,588 - INFO - [MISSING] FFP: 2025-07-15 - 2025-07-17 (2 gün)
2025-07-17 10:48:49,588 - INFO - [MISSING] FI3: 2025-07-15 - 2025-07-17 (2 gün)
2025-07-17 10:48:49,588 - INFO - [MISSING] FIB: 2025-07-15 - 2025-07-17 (2 gün)
2025-07-17 10:48:49,588 - INFO - [MISSING] FID: 2025-07-15 - 2025-07-17 (2 gün)
2025-07-17 10:48:49,589 - INFO - [MISSING] FIL: 2025-07-15 - 2025-07-17 (2 gün)
2025-07-17 10:48:49,589 - INFO - [MISSING] FIT: 2025-07-15 - 2025-07-17 (2 gün)
2025-07-17 10:48:49,589 - INFO - [MISSING] FJB: 2025-07-15 - 2025-07-17 (2 gün)
2025-07-17 10:48:49,589 - INFO - [MISSING] FJZ: 2025-07-15 - 2025-07-17 (2 gün)
2025-07-17 10:48:49,589 - INFO - [MISSING] FKE: 2025-07-15 - 2025-07-17 (2 gün)
2025-07-17 10:48:49,589 - INFO - [MISSING] FLS: 2025-07-15 - 2025-07-17 (2 gün)
2025-07-17 10:48:49,590 - INFO - [MISSING] FLY: 2025-07-15 - 2025-07-17 (2 gün)
2025-07-17 10:48:49,590 - INFO - [MISSING] FMG: 2025-07-15 - 2025-07-17 (2 gün)
2025-07-17 10:48:49,590 - INFO - [MISSING] FNO: 2025-07-15 - 2025-07-17 (2 gün)
2025-07-17 10:48:49,590 - INFO - [MISSING] FNT: 2025-07-15 - 2025-07-17 (2 gün)
2025-07-17 10:48:49,590 - INFO - [MISSING] FPE: 2025-07-15 - 2025-07-17 (2 gün)
2025-07-17 10:48:49,590 - INFO - [MISSING] FPG: 2025-07-15 - 2025-07-17 (2 gün)
2025-07-17 10:48:49,590 - INFO - [MISSING] FPH: 2025-07-15 - 2025-07-17 (2 gün)
2025-07-17 10:48:49,590 - INFO - [MISSING] FPI: 2025-07-15 - 2025-07-17 (2 gün)
2025-07-17 10:48:49,590 - INFO - [MISSING] FPK: 2025-07-15 - 2025-07-17 (2 gün)
2025-07-17 10:48:49,591 - INFO - [MISSING] FPZ: 2025-07-15 - 2025-07-17 (2 gün)
2025-07-17 10:48:49,591 - INFO - [MISSING] FRC: 2025-07-15 - 2025-07-17 (2 gün)
2025-07-17 10:48:49,591 - INFO - [MISSING] FS5: 2025-07-15 - 2025-07-17 (2 gün)
2025-07-17 10:48:49,591 - INFO - [MISSING] FS6: 2025-07-15 - 2025-07-17 (2 gün)
2025-07-17 10:48:49,591 - INFO - [MISSING] FSF: 2025-07-15 - 2025-07-17 (2 gün)
2025-07-17 10:48:49,591 - INFO - [MISSING] FSG: 2025-07-15 - 2025-07-17 (2 gün)
2025-07-17 10:48:49,591 - INFO - [MISSING] FSH: 2025-07-15 - 2025-07-17 (2 gün)
2025-07-17 10:48:49,591 - INFO - [MISSING] FSK: 2025-07-15 - 2025-07-17 (2 gün)
2025-07-17 10:48:49,592 - INFO - [MISSING] FSR: 2025-07-15 - 2025-07-17 (2 gün)
2025-07-17 10:48:49,592 - INFO - [MISSING] FTL: 2025-07-15 - 2025-07-17 (2 gün)
2025-07-17 10:48:49,592 - INFO - [MISSING] FUA: 2025-07-15 - 2025-07-17 (2 gün)
2025-07-17 10:48:49,592 - INFO - [MISSING] FUB: 2025-07-15 - 2025-07-17 (2 gün)
2025-07-17 10:48:49,592 - INFO - [MISSING] FYD: 2025-07-15 - 2025-07-17 (2 gün)
2025-07-17 10:48:49,592 - INFO - [MISSING] FYI: 2025-07-15 - 2025-07-17 (2 gün)
2025-07-17 10:48:49,592 - INFO - [MISSING] FYO: 2025-07-15 - 2025-07-17 (2 gün)
2025-07-17 10:48:49,592 - INFO - [MISSING] FZJ: 2025-07-15 - 2025-07-17 (2 gün)
2025-07-17 10:48:49,592 - INFO - [MISSING] FZP: 2025-07-15 - 2025-07-17 (2 gün)
2025-07-17 10:48:49,593 - INFO - [MISSING] GA1: 2025-07-15 - 2025-07-17 (2 gün)
2025-07-17 10:48:49,593 - INFO - [MISSING] GAE: 2025-07-15 - 2025-07-17 (2 gün)
2025-07-17 10:48:49,593 - INFO - [MISSING] GAF: 2025-07-15 - 2025-07-17 (2 gün)
2025-07-17 10:48:49,593 - INFO - [MISSING] GAG: 2025-07-15 - 2025-07-17 (2 gün)
2025-07-17 10:48:49,593 - INFO - [MISSING] GAH: 2025-07-15 - 2025-07-17 (2 gün)
2025-07-17 10:48:49,593 - INFO - [MISSING] GAS: 2025-07-15 - 2025-07-17 (2 gün)
2025-07-17 10:48:49,593 - INFO - [MISSING] GBC: 2025-07-15 - 2025-07-17 (2 gün)
2025-07-17 10:48:49,594 - INFO - [MISSING] GBG: 2025-07-15 - 2025-07-17 (2 gün)
2025-07-17 10:48:49,594 - INFO - [MISSING] GBH: 2025-07-15 - 2025-07-17 (2 gün)
2025-07-17 10:48:49,594 - INFO - [MISSING] GBJ: 2025-07-15 - 2025-07-17 (2 gün)
2025-07-17 10:48:49,594 - INFO - [MISSING] GBL: 2025-07-15 - 2025-07-17 (2 gün)
2025-07-17 10:48:49,594 - INFO - [MISSING] GBN: 2025-07-15 - 2025-07-17 (2 gün)
2025-07-17 10:48:49,594 - INFO - [MISSING] GBV: 2025-07-15 - 2025-07-17 (2 gün)
2025-07-17 10:48:49,594 - INFO - [MISSING] GBZ: 2025-07-15 - 2025-07-17 (2 gün)
2025-07-17 10:48:49,595 - INFO - [MISSING] GGK: 2025-07-15 - 2025-07-17 (2 gün)
2025-07-17 10:48:49,595 - INFO - [MISSING] GHS: 2025-07-15 - 2025-07-17 (2 gün)
2025-07-17 10:48:49,595 - INFO - [MISSING] GID: 2025-07-15 - 2025-07-17 (2 gün)
2025-07-17 10:48:49,595 - INFO - [MISSING] GIE: 2025-07-15 - 2025-07-17 (2 gün)
2025-07-17 10:48:49,595 - INFO - [MISSING] GIH: 2025-07-15 - 2025-07-17 (2 gün)
2025-07-17 10:48:49,595 - INFO - [MISSING] GJB: 2025-07-15 - 2025-07-17 (2 gün)
2025-07-17 10:48:49,595 - INFO - [MISSING] GKF: 2025-07-15 - 2025-07-17 (2 gün)
2025-07-17 10:48:49,595 - INFO - [MISSING] GKG: 2025-07-15 - 2025-07-17 (2 gün)
2025-07-17 10:48:49,595 - INFO - [MISSING] GKH: 2025-07-15 - 2025-07-17 (2 gün)
2025-07-17 10:48:49,595 - INFO - [MISSING] GKV: 2025-07-15 - 2025-07-17 (2 gün)
2025-07-17 10:48:49,596 - INFO - [MISSING] GL1: 2025-07-15 - 2025-07-17 (2 gün)
2025-07-17 10:48:49,596 - INFO - [MISSING] GLC: 2025-07-15 - 2025-07-17 (2 gün)
2025-07-17 10:48:49,596 - INFO - [MISSING] GLG: 2025-07-15 - 2025-07-17 (2 gün)
2025-07-17 10:48:49,596 - INFO - [MISSING] GLS: 2025-07-15 - 2025-07-17 (2 gün)
2025-07-17 10:48:49,596 - INFO - [MISSING] GMA: 2025-07-15 - 2025-07-17 (2 gün)
2025-07-17 10:48:49,596 - INFO - [MISSING] GMC: 2025-07-15 - 2025-07-17 (2 gün)
2025-07-17 10:48:49,596 - INFO - [MISSING] GMD: 2025-07-15 - 2025-07-17 (2 gün)
2025-07-17 10:48:49,596 - INFO - [MISSING] GMR: 2025-07-15 - 2025-07-17 (2 gün)
2025-07-17 10:48:49,597 - INFO - [MISSING] GNH: 2025-07-15 - 2025-07-17 (2 gün)
2025-07-17 10:48:49,597 - INFO - [MISSING] GNS: 2025-07-15 - 2025-07-17 (2 gün)
2025-07-17 10:48:49,597 - INFO - [MISSING] GO1: 2025-07-15 - 2025-07-17 (2 gün)
2025-07-17 10:48:49,597 - INFO - [MISSING] GO2: 2025-07-15 - 2025-07-17 (2 gün)
2025-07-17 10:48:49,597 - INFO - [MISSING] GO3: 2025-07-15 - 2025-07-17 (2 gün)
2025-07-17 10:48:49,598 - INFO - [MISSING] GO4: 2025-07-15 - 2025-07-17 (2 gün)
2025-07-17 10:48:49,598 - INFO - [MISSING] GO6: 2025-07-15 - 2025-07-17 (2 gün)
2025-07-17 10:48:49,598 - INFO - [MISSING] GO9: 2025-07-15 - 2025-07-17 (2 gün)
2025-07-17 10:48:49,598 - INFO - [MISSING] GOH: 2025-07-15 - 2025-07-17 (2 gün)
2025-07-17 10:48:49,598 - INFO - [MISSING] GOL: 2025-07-15 - 2025-07-17 (2 gün)
2025-07-17 10:48:49,598 - INFO - [MISSING] GPA: 2025-07-15 - 2025-07-17 (2 gün)
2025-07-17 10:48:49,599 - INFO - [MISSING] GPB: 2025-07-15 - 2025-07-17 (2 gün)
2025-07-17 10:48:49,599 - INFO - [MISSING] GPC: 2025-07-15 - 2025-07-17 (2 gün)
2025-07-17 10:48:49,599 - INFO - [MISSING] GPF: 2025-07-15 - 2025-07-17 (2 gün)
2025-07-17 10:48:49,599 - INFO - [MISSING] GPG: 2025-07-15 - 2025-07-17 (2 gün)
2025-07-17 10:48:49,599 - INFO - [MISSING] GPI: 2025-07-15 - 2025-07-17 (2 gün)
2025-07-17 10:48:49,599 - INFO - [MISSING] GPL: 2025-07-15 - 2025-07-17 (2 gün)
2025-07-17 10:48:49,600 - INFO - [MISSING] GPT: 2025-07-15 - 2025-07-17 (2 gün)
2025-07-17 10:48:49,600 - INFO - [MISSING] GPU: 2025-07-15 - 2025-07-17 (2 gün)
2025-07-17 10:48:49,600 - INFO - [MISSING] GPZ: 2025-07-15 - 2025-07-17 (2 gün)
2025-07-17 10:48:49,600 - INFO - [MISSING] GRL: 2025-07-15 - 2025-07-17 (2 gün)
2025-07-17 10:48:49,600 - INFO - [MISSING] GRO: 2025-07-15 - 2025-07-17 (2 gün)
2025-07-17 10:48:49,600 - INFO - [MISSING] GRT: 2025-07-15 - 2025-07-17 (2 gün)
2025-07-17 10:48:49,600 - INFO - [MISSING] GSP: 2025-07-15 - 2025-07-17 (2 gün)
2025-07-17 10:48:49,600 - INFO - [MISSING] GTA: 2025-07-15 - 2025-07-17 (2 gün)
2025-07-17 10:48:49,600 - INFO - [MISSING] GTF: 2025-07-15 - 2025-07-17 (2 gün)
2025-07-17 10:48:49,601 - INFO - [MISSING] GTH: 2025-07-15 - 2025-07-17 (2 gün)
2025-07-17 10:48:49,601 - INFO - [MISSING] GTM: 2025-07-15 - 2025-07-17 (2 gün)
2025-07-17 10:48:49,601 - INFO - [MISSING] GTY: 2025-07-15 - 2025-07-17 (2 gün)
2025-07-17 10:48:49,601 - INFO - [MISSING] GTZ: 2025-07-15 - 2025-07-17 (2 gün)
2025-07-17 10:48:49,601 - INFO - [MISSING] GUB: 2025-07-15 - 2025-07-17 (2 gün)
2025-07-17 10:48:49,601 - INFO - [MISSING] GUH: 2025-07-15 - 2025-07-17 (2 gün)
2025-07-17 10:48:49,601 - INFO - [MISSING] GUM: 2025-07-15 - 2025-07-17 (2 gün)
2025-07-17 10:48:49,602 - INFO - [MISSING] GUV: 2025-07-15 - 2025-07-17 (2 gün)
2025-07-17 10:48:49,602 - INFO - [MISSING] GVA: 2025-07-15 - 2025-07-17 (2 gün)
2025-07-17 10:48:49,602 - INFO - [MISSING] GVI: 2025-07-15 - 2025-07-17 (2 gün)
2025-07-17 10:48:49,602 - INFO - [MISSING] GYK: 2025-07-15 - 2025-07-17 (2 gün)
2025-07-17 10:48:49,602 - INFO - [MISSING] GZE: 2025-07-15 - 2025-07-17 (2 gün)
2025-07-17 10:48:49,603 - INFO - [MISSING] GZG: 2025-07-15 - 2025-07-17 (2 gün)
2025-07-17 10:48:49,603 - INFO - [MISSING] GZH: 2025-07-15 - 2025-07-17 (2 gün)
2025-07-17 10:48:49,603 - INFO - [MISSING] GZJ: 2025-07-15 - 2025-07-17 (2 gün)
2025-07-17 10:48:49,603 - INFO - [MISSING] GZL: 2025-07-15 - 2025-07-17 (2 gün)
2025-07-17 10:48:49,603 - INFO - [MISSING] GZM: 2025-07-15 - 2025-07-17 (2 gün)
2025-07-17 10:48:49,603 - INFO - [MISSING] GZN: 2025-07-15 - 2025-07-17 (2 gün)
2025-07-17 10:48:49,603 - INFO - [MISSING] GZP: 2025-07-15 - 2025-07-17 (2 gün)
2025-07-17 10:48:49,604 - INFO - [MISSING] GZR: 2025-07-15 - 2025-07-17 (2 gün)
2025-07-17 10:48:49,604 - INFO - [MISSING] GZV: 2025-07-15 - 2025-07-17 (2 gün)
2025-07-17 10:48:49,604 - INFO - [MISSING] GZY: 2025-07-15 - 2025-07-17 (2 gün)
2025-07-17 10:48:49,604 - INFO - [MISSING] GZZ: 2025-07-15 - 2025-07-17 (2 gün)
2025-07-17 10:48:49,604 - INFO - [MISSING] HAM: 2025-07-15 - 2025-07-17 (2 gün)
2025-07-17 10:48:49,604 - INFO - [MISSING] HAT: 2025-07-15 - 2025-07-17 (2 gün)
2025-07-17 10:48:49,604 - INFO - [MISSING] HBF: 2025-07-15 - 2025-07-17 (2 gün)
2025-07-17 10:48:49,605 - INFO - [MISSING] HBN: 2025-07-15 - 2025-07-17 (2 gün)
2025-07-17 10:48:49,605 - INFO - [MISSING] HBU: 2025-07-15 - 2025-07-17 (2 gün)
2025-07-17 10:48:49,605 - INFO - [MISSING] HDA: 2025-07-15 - 2025-07-17 (2 gün)
2025-07-17 10:48:49,605 - INFO - [MISSING] HDK: 2025-07-15 - 2025-07-17 (2 gün)
2025-07-17 10:48:49,605 - INFO - [MISSING] HEH: 2025-07-15 - 2025-07-17 (2 gün)
2025-07-17 10:48:49,605 - INFO - [MISSING] HFI: 2025-07-15 - 2025-07-17 (2 gün)
2025-07-17 10:48:49,605 - INFO - [MISSING] HGM: 2025-07-15 - 2025-07-17 (2 gün)
2025-07-17 10:48:49,606 - INFO - [MISSING] HGV: 2025-07-15 - 2025-07-17 (2 gün)
2025-07-17 10:48:49,606 - INFO - [MISSING] HIA: 2025-07-15 - 2025-07-17 (2 gün)
2025-07-17 10:48:49,606 - INFO - [MISSING] HIH: 2025-07-15 - 2025-07-17 (2 gün)
2025-07-17 10:48:49,606 - INFO - [MISSING] HIM: 2025-07-15 - 2025-07-17 (2 gün)
2025-07-17 10:48:49,606 - INFO - [MISSING] HIZ: 2025-07-15 - 2025-07-17 (2 gün)
2025-07-17 10:48:49,606 - INFO - [MISSING] HJB: 2025-07-15 - 2025-07-17 (2 gün)
2025-07-17 10:48:49,606 - INFO - [MISSING] HKG: 2025-07-15 - 2025-07-17 (2 gün)
2025-07-17 10:48:49,606 - INFO - [MISSING] HKH: 2025-07-15 - 2025-07-17 (2 gün)
2025-07-17 10:48:49,607 - INFO - [MISSING] HKM: 2025-07-15 - 2025-07-17 (2 gün)
2025-07-17 10:48:49,607 - INFO - [MISSING] HKR: 2025-07-15 - 2025-07-17 (2 gün)
2025-07-17 10:48:49,607 - INFO - [MISSING] HMC: 2025-07-15 - 2025-07-17 (2 gün)
2025-07-17 10:48:49,607 - INFO - [MISSING] HMG: 2025-07-15 - 2025-07-17 (2 gün)
2025-07-17 10:48:49,607 - INFO - [MISSING] HML: 2025-07-15 - 2025-07-17 (2 gün)
2025-07-17 10:48:49,607 - INFO - [MISSING] HMS: 2025-07-15 - 2025-07-17 (2 gün)
2025-07-17 10:48:49,607 - INFO - [MISSING] HNC: 2025-07-15 - 2025-07-17 (2 gün)
2025-07-17 10:48:49,607 - INFO - [MISSING] HOA: 2025-07-15 - 2025-07-17 (2 gün)
2025-07-17 10:48:49,607 - INFO - [MISSING] HOY: 2025-07-15 - 2025-07-17 (2 gün)
2025-07-17 10:48:49,608 - INFO - [MISSING] HP3: 2025-07-15 - 2025-07-17 (2 gün)
2025-07-17 10:48:49,608 - INFO - [MISSING] HPD: 2025-07-15 - 2025-07-17 (2 gün)
2025-07-17 10:48:49,608 - INFO - [MISSING] HPH: 2025-07-15 - 2025-07-17 (2 gün)
2025-07-17 10:48:49,608 - INFO - [MISSING] HPO: 2025-07-15 - 2025-07-17 (2 gün)
2025-07-17 10:48:49,608 - INFO - [MISSING] HPT: 2025-07-15 - 2025-07-17 (2 gün)
2025-07-17 10:48:49,608 - INFO - [MISSING] HRZ: 2025-07-15 - 2025-07-17 (2 gün)
2025-07-17 10:48:49,608 - INFO - [MISSING] HSA: 2025-07-15 - 2025-07-17 (2 gün)
2025-07-17 10:48:49,608 - INFO - [MISSING] HSL: 2025-07-15 - 2025-07-17 (2 gün)
2025-07-17 10:48:49,608 - INFO - [MISSING] HST: 2025-07-15 - 2025-07-17 (2 gün)
2025-07-17 10:48:49,608 - INFO - [MISSING] HTJ: 2025-07-15 - 2025-07-17 (2 gün)
2025-07-17 10:48:49,609 - INFO - [MISSING] HVK: 2025-07-15 - 2025-07-17 (2 gün)
2025-07-17 10:48:49,609 - INFO - [MISSING] HVS: 2025-07-15 - 2025-07-17 (2 gün)
2025-07-17 10:48:49,609 - INFO - [MISSING] HVT: 2025-07-15 - 2025-07-17 (2 gün)
2025-07-17 10:48:49,609 - INFO - [MISSING] HVU: 2025-07-15 - 2025-07-17 (2 gün)
2025-07-17 10:48:49,609 - INFO - [MISSING] HVZ: 2025-07-15 - 2025-07-17 (2 gün)
2025-07-17 10:48:49,609 - INFO - [MISSING] HYP: 2025-07-15 - 2025-07-17 (2 gün)
2025-07-17 10:48:49,609 - INFO - [MISSING] HYU: 2025-07-15 - 2025-07-17 (2 gün)
2025-07-17 10:48:49,610 - INFO - [MISSING] HYV: 2025-07-15 - 2025-07-17 (2 gün)
2025-07-17 10:48:49,610 - INFO - [MISSING] IAE: 2025-07-15 - 2025-07-17 (2 gün)
2025-07-17 10:48:49,610 - INFO - [MISSING] IAM: 2025-07-15 - 2025-07-17 (2 gün)
2025-07-17 10:48:49,610 - INFO - [MISSING] IAT: 2025-07-15 - 2025-07-17 (2 gün)
2025-07-17 10:48:49,610 - INFO - [MISSING] IAU: 2025-07-15 - 2025-07-17 (2 gün)
2025-07-17 10:48:49,610 - INFO - [MISSING] IAY: 2025-07-15 - 2025-07-17 (2 gün)
2025-07-17 10:48:49,610 - INFO - [MISSING] IBB: 2025-07-15 - 2025-07-17 (2 gün)
2025-07-17 10:48:49,610 - INFO - [MISSING] ICA: 2025-07-15 - 2025-07-17 (2 gün)
2025-07-17 10:48:49,611 - INFO - [MISSING] ICC: 2025-07-15 - 2025-07-17 (2 gün)
2025-07-17 10:48:49,611 - INFO - [MISSING] ICD: 2025-07-15 - 2025-07-17 (2 gün)
2025-07-17 10:48:49,611 - INFO - [MISSING] ICE: 2025-07-15 - 2025-07-17 (2 gün)
2025-07-17 10:48:49,611 - INFO - [MISSING] ICF: 2025-07-15 - 2025-07-17 (2 gün)
2025-07-17 10:48:49,611 - INFO - [MISSING] ICH: 2025-07-15 - 2025-07-17 (2 gün)
2025-07-17 10:48:49,611 - INFO - [MISSING] ICS: 2025-07-15 - 2025-07-17 (2 gün)
2025-07-17 10:48:49,611 - INFO - [MISSING] ICV: 2025-07-15 - 2025-07-17 (2 gün)
2025-07-17 10:48:49,612 - INFO - [MISSING] ICZ: 2025-07-15 - 2025-07-17 (2 gün)
2025-07-17 10:48:49,612 - INFO - [MISSING] IDD: 2025-07-15 - 2025-07-17 (2 gün)
2025-07-17 10:48:49,612 - INFO - [MISSING] IDF: 2025-07-15 - 2025-07-17 (2 gün)
2025-07-17 10:48:49,612 - INFO - [MISSING] IDH: 2025-07-15 - 2025-07-17 (2 gün)
2025-07-17 10:48:49,612 - INFO - [MISSING] IDI: 2025-07-15 - 2025-07-17 (2 gün)
2025-07-17 10:48:49,612 - INFO - [MISSING] IDL: 2025-07-15 - 2025-07-17 (2 gün)
2025-07-17 10:48:49,612 - INFO - [MISSING] IDO: 2025-07-15 - 2025-07-17 (2 gün)
2025-07-17 10:48:49,612 - INFO - [MISSING] IDY: 2025-07-15 - 2025-07-17 (2 gün)
2025-07-17 10:48:49,613 - INFO - [MISSING] IEV: 2025-07-15 - 2025-07-17 (2 gün)
2025-07-17 10:48:49,613 - INFO - [MISSING] IFN: 2025-07-15 - 2025-07-17 (2 gün)
2025-07-17 10:48:49,613 - INFO - [MISSING] IFV: 2025-07-15 - 2025-07-17 (2 gün)
2025-07-17 10:48:49,613 - INFO - [MISSING] IHA: 2025-07-15 - 2025-07-17 (2 gün)
2025-07-17 10:48:49,613 - INFO - [MISSING] IHC: 2025-07-15 - 2025-07-17 (2 gün)
2025-07-17 10:48:49,613 - INFO - [MISSING] IHK: 2025-07-15 - 2025-07-17 (2 gün)
2025-07-17 10:48:49,613 - INFO - [MISSING] IHP: 2025-07-15 - 2025-07-17 (2 gün)
2025-07-17 10:48:49,614 - INFO - [MISSING] IHT: 2025-07-15 - 2025-07-17 (2 gün)
2025-07-17 10:48:49,614 - INFO - [MISSING] IHZ: 2025-07-15 - 2025-07-17 (2 gün)
2025-07-17 10:48:49,614 - INFO - [MISSING] IIE: 2025-07-15 - 2025-07-17 (2 gün)
2025-07-17 10:48:49,614 - INFO - [MISSING] IIH: 2025-07-15 - 2025-07-17 (2 gün)
2025-07-17 10:48:49,614 - INFO - [MISSING] IJA: 2025-07-15 - 2025-07-17 (2 gün)
2025-07-17 10:48:49,614 - INFO - [MISSING] IJB: 2025-07-15 - 2025-07-17 (2 gün)
2025-07-17 10:48:49,614 - INFO - [MISSING] IJC: 2025-07-15 - 2025-07-17 (2 gün)
2025-07-17 10:48:49,615 - INFO - [MISSING] IJH: 2025-07-15 - 2025-07-17 (2 gün)
2025-07-17 10:48:49,615 - INFO - [MISSING] IJP: 2025-07-15 - 2025-07-17 (2 gün)
2025-07-17 10:48:49,615 - INFO - [MISSING] IJT: 2025-07-15 - 2025-07-17 (2 gün)
2025-07-17 10:48:49,615 - INFO - [MISSING] IJV: 2025-07-15 - 2025-07-17 (2 gün)
2025-07-17 10:48:49,615 - INFO - [MISSING] IJZ: 2025-07-15 - 2025-07-17 (2 gün)
2025-07-17 10:48:49,615 - INFO - [MISSING] IKL: 2025-07-15 - 2025-07-17 (2 gün)
2025-07-17 10:48:49,615 - INFO - [MISSING] IKP: 2025-07-15 - 2025-07-17 (2 gün)
2025-07-17 10:48:49,615 - INFO - [MISSING] IKV: 2025-07-15 - 2025-07-17 (2 gün)
2025-07-17 10:48:49,615 - INFO - [MISSING] ILZ: 2025-07-15 - 2025-07-17 (2 gün)
2025-07-17 10:48:49,616 - INFO - [MISSING] IMB: 2025-07-15 - 2025-07-17 (2 gün)
2025-07-17 10:48:49,616 - INFO - [MISSING] IMF: 2025-07-15 - 2025-07-17 (2 gün)
2025-07-17 10:48:49,616 - INFO - [MISSING] IML: 2025-07-15 - 2025-07-17 (2 gün)
2025-07-17 10:48:49,616 - INFO - [MISSING] IOG: 2025-07-15 - 2025-07-17 (2 gün)
2025-07-17 10:48:49,616 - INFO - [MISSING] IOO: 2025-07-15 - 2025-07-17 (2 gün)
2025-07-17 10:48:49,616 - INFO - [MISSING] IPB: 2025-07-15 - 2025-07-17 (2 gün)
2025-07-17 10:48:49,616 - INFO - [MISSING] IPG: 2025-07-15 - 2025-07-17 (2 gün)
2025-07-17 10:48:49,616 - INFO - [MISSING] IPJ: 2025-07-15 - 2025-07-17 (2 gün)
2025-07-17 10:48:49,616 - INFO - [MISSING] IPV: 2025-07-15 - 2025-07-17 (2 gün)
2025-07-17 10:48:49,617 - INFO - [MISSING] IRF: 2025-07-15 - 2025-07-17 (2 gün)
2025-07-17 10:48:49,617 - INFO - [MISSING] IRO: 2025-07-15 - 2025-07-17 (2 gün)
2025-07-17 10:48:49,617 - INFO - [MISSING] IRT: 2025-07-15 - 2025-07-17 (2 gün)
2025-07-17 10:48:49,617 - INFO - [MISSING] IRV: 2025-07-15 - 2025-07-17 (2 gün)
2025-07-17 10:48:49,617 - INFO - [MISSING] IRY: 2025-07-15 - 2025-07-17 (2 gün)
2025-07-17 10:48:49,617 - INFO - [MISSING] IST: 2025-07-15 - 2025-07-17 (2 gün)
2025-07-17 10:48:49,617 - INFO - [MISSING] ITP: 2025-07-15 - 2025-07-17 (2 gün)
2025-07-17 10:48:49,617 - INFO - [MISSING] IUF: 2025-07-15 - 2025-07-17 (2 gün)
2025-07-17 10:48:49,617 - INFO - [MISSING] IUH: 2025-07-15 - 2025-07-17 (2 gün)
2025-07-17 10:48:49,618 - INFO - [MISSING] IUV: 2025-07-15 - 2025-07-17 (2 gün)
2025-07-17 10:48:49,618 - INFO - [MISSING] IV8: 2025-07-15 - 2025-07-17 (2 gün)
2025-07-17 10:48:49,618 - INFO - [MISSING] IVF: 2025-07-15 - 2025-07-17 (2 gün)
2025-07-17 10:48:49,618 - INFO - [MISSING] IVY: 2025-07-15 - 2025-07-17 (2 gün)
2025-07-17 10:48:49,618 - INFO - [MISSING] IYB: 2025-07-15 - 2025-07-17 (2 gün)
2025-07-17 10:48:49,618 - INFO - [MISSING] IZB: 2025-07-15 - 2025-07-17 (2 gün)
2025-07-17 10:48:49,619 - INFO - [MISSING] IZF: 2025-07-15 - 2025-07-17 (2 gün)
2025-07-17 10:48:49,619 - INFO - [MISSING] IZS: 2025-07-15 - 2025-07-17 (2 gün)
2025-07-17 10:48:49,619 - INFO - [MISSING] JET: 2025-07-15 - 2025-07-17 (2 gün)
2025-07-17 10:48:49,619 - INFO - [MISSING] JUP: 2025-07-15 - 2025-07-17 (2 gün)
2025-07-17 10:48:49,619 - INFO - [MISSING] KAV: 2025-07-15 - 2025-07-17 (2 gün)
2025-07-17 10:48:49,619 - INFO - [MISSING] KCL: 2025-07-15 - 2025-07-17 (2 gün)
2025-07-17 10:48:49,619 - INFO - [MISSING] KCV: 2025-07-15 - 2025-07-17 (2 gün)
2025-07-17 10:48:49,620 - INFO - [MISSING] KDE: 2025-07-15 - 2025-07-17 (2 gün)
2025-07-17 10:48:49,620 - INFO - [MISSING] KDL: 2025-07-15 - 2025-07-17 (2 gün)
2025-07-17 10:48:49,620 - INFO - [MISSING] KDT: 2025-07-15 - 2025-07-17 (2 gün)
2025-07-17 10:48:49,620 - INFO - [MISSING] KGM: 2025-07-15 - 2025-07-17 (2 gün)
2025-07-17 10:48:49,620 - INFO - [MISSING] KHA: 2025-07-15 - 2025-07-17 (2 gün)
2025-07-17 10:48:49,620 - INFO - [MISSING] KHB: 2025-07-15 - 2025-07-17 (2 gün)
2025-07-17 10:48:49,620 - INFO - [MISSING] KHC: 2025-07-15 - 2025-07-17 (2 gün)
2025-07-17 10:48:49,620 - INFO - [MISSING] KHJ: 2025-07-15 - 2025-07-17 (2 gün)
2025-07-17 10:48:49,621 - INFO - [MISSING] KHT: 2025-07-15 - 2025-07-17 (2 gün)
2025-07-17 10:48:49,621 - INFO - [MISSING] KIA: 2025-07-15 - 2025-07-17 (2 gün)
2025-07-17 10:48:49,621 - INFO - [MISSING] KIB: 2025-07-15 - 2025-07-17 (2 gün)
2025-07-17 10:48:49,621 - INFO - [MISSING] KID: 2025-07-15 - 2025-07-17 (2 gün)
2025-07-17 10:48:49,621 - INFO - [MISSING] KIE: 2025-07-15 - 2025-07-17 (2 gün)
2025-07-17 10:48:49,621 - INFO - [MISSING] KIF: 2025-07-15 - 2025-07-17 (2 gün)
2025-07-17 10:48:49,621 - INFO - [MISSING] KIH: 2025-07-15 - 2025-07-17 (2 gün)
2025-07-17 10:48:49,621 - INFO - [MISSING] KIS: 2025-07-15 - 2025-07-17 (2 gün)
2025-07-17 10:48:49,622 - INFO - [MISSING] KKC: 2025-07-15 - 2025-07-17 (2 gün)
2025-07-17 10:48:49,622 - INFO - [MISSING] KKH: 2025-07-15 - 2025-07-17 (2 gün)
2025-07-17 10:48:49,622 - INFO - [MISSING] KKL: 2025-07-15 - 2025-07-17 (2 gün)
2025-07-17 10:48:49,622 - INFO - [MISSING] KLH: 2025-07-15 - 2025-07-17 (2 gün)
2025-07-17 10:48:49,622 - INFO - [MISSING] KLS: 2025-07-15 - 2025-07-17 (2 gün)
2025-07-17 10:48:49,622 - INFO - [MISSING] KLU: 2025-07-15 - 2025-07-17 (2 gün)
2025-07-17 10:48:49,623 - INFO - [MISSING] KME: 2025-07-15 - 2025-07-17 (2 gün)
2025-07-17 10:48:49,623 - INFO - [MISSING] KMF: 2025-07-15 - 2025-07-17 (2 gün)
2025-07-17 10:48:49,623 - INFO - [MISSING] KNJ: 2025-07-15 - 2025-07-17 (2 gün)
2025-07-17 10:48:49,623 - INFO - [MISSING] KOT: 2025-07-15 - 2025-07-17 (2 gün)
2025-07-17 10:48:49,623 - INFO - [MISSING] KP3: 2025-07-15 - 2025-07-17 (2 gün)
2025-07-17 10:48:49,623 - INFO - [MISSING] KPA: 2025-07-15 - 2025-07-17 (2 gün)
2025-07-17 10:48:49,623 - INFO - [MISSING] KPC: 2025-07-15 - 2025-07-17 (2 gün)
2025-07-17 10:48:49,623 - INFO - [MISSING] KPD: 2025-07-15 - 2025-07-17 (2 gün)
2025-07-17 10:48:49,624 - INFO - [MISSING] KPF: 2025-07-15 - 2025-07-17 (2 gün)
2025-07-17 10:48:49,624 - INFO - [MISSING] KPH: 2025-07-15 - 2025-07-17 (2 gün)
2025-07-17 10:48:49,624 - INFO - [MISSING] KPP: 2025-07-15 - 2025-07-17 (2 gün)
2025-07-17 10:48:49,624 - INFO - [MISSING] KPU: 2025-07-15 - 2025-07-17 (2 gün)
2025-07-17 10:48:49,624 - INFO - [MISSING] KRA: 2025-07-15 - 2025-07-17 (2 gün)
2025-07-17 10:48:49,624 - INFO - [MISSING] KRC: 2025-07-15 - 2025-07-17 (2 gün)
2025-07-17 10:48:49,624 - INFO - [MISSING] KRF: 2025-07-15 - 2025-07-17 (2 gün)
2025-07-17 10:48:49,624 - INFO - [MISSING] KRS: 2025-07-15 - 2025-07-17 (2 gün)
2025-07-17 10:48:49,625 - INFO - [MISSING] KRT: 2025-07-15 - 2025-07-17 (2 gün)
2025-07-17 10:48:49,625 - INFO - [MISSING] KSA: 2025-07-15 - 2025-07-17 (2 gün)
2025-07-17 10:48:49,625 - INFO - [MISSING] KSK: 2025-07-15 - 2025-07-17 (2 gün)
2025-07-17 10:48:49,625 - INFO - [MISSING] KSR: 2025-07-15 - 2025-07-17 (2 gün)
2025-07-17 10:48:49,625 - INFO - [MISSING] KST: 2025-07-15 - 2025-07-17 (2 gün)
2025-07-17 10:48:49,625 - INFO - [MISSING] KSV: 2025-07-15 - 2025-07-17 (2 gün)
2025-07-17 10:48:49,625 - INFO - [MISSING] KTI: 2025-07-15 - 2025-07-17 (2 gün)
2025-07-17 10:48:49,625 - INFO - [MISSING] KTJ: 2025-07-15 - 2025-07-17 (2 gün)
2025-07-17 10:48:49,625 - INFO - [MISSING] KTM: 2025-07-15 - 2025-07-17 (2 gün)
2025-07-17 10:48:49,625 - INFO - [MISSING] KTN: 2025-07-15 - 2025-07-17 (2 gün)
2025-07-17 10:48:49,626 - INFO - [MISSING] KTR: 2025-07-15 - 2025-07-17 (2 gün)
2025-07-17 10:48:49,626 - INFO - [MISSING] KTS: 2025-07-15 - 2025-07-17 (2 gün)
2025-07-17 10:48:49,626 - INFO - [MISSING] KTT: 2025-07-15 - 2025-07-17 (2 gün)
2025-07-17 10:48:49,626 - INFO - [MISSING] KTV: 2025-07-15 - 2025-07-17 (2 gün)
2025-07-17 10:48:49,626 - INFO - [MISSING] KUA: 2025-07-15 - 2025-07-17 (2 gün)
2025-07-17 10:48:49,626 - INFO - [MISSING] KUB: 2025-07-15 - 2025-07-17 (2 gün)
2025-07-17 10:48:49,627 - INFO - [MISSING] KUD: 2025-07-15 - 2025-07-17 (2 gün)
2025-07-17 10:48:49,627 - INFO - [MISSING] KUT: 2025-07-15 - 2025-07-17 (2 gün)
2025-07-17 10:48:49,627 - INFO - [MISSING] KVS: 2025-07-15 - 2025-07-17 (2 gün)
2025-07-17 10:48:49,627 - INFO - [MISSING] KVT: 2025-07-15 - 2025-07-17 (2 gün)
2025-07-17 10:48:49,627 - INFO - [MISSING] KYA: 2025-07-15 - 2025-07-17 (2 gün)
2025-07-17 10:48:49,627 - INFO - [MISSING] KYS: 2025-07-15 - 2025-07-17 (2 gün)
2025-07-17 10:48:49,627 - INFO - [MISSING] KZL: 2025-07-15 - 2025-07-17 (2 gün)
2025-07-17 10:48:49,628 - INFO - [MISSING] KZU: 2025-07-15 - 2025-07-17 (2 gün)
2025-07-17 10:48:49,628 - INFO - [MISSING] LID: 2025-07-15 - 2025-07-17 (2 gün)
2025-07-17 10:48:49,628 - INFO - [MISSING] LLA: 2025-07-15 - 2025-07-17 (2 gün)
2025-07-17 10:48:49,628 - INFO - [MISSING] LPH: 2025-07-15 - 2025-07-17 (2 gün)
2025-07-17 10:48:49,628 - INFO - [MISSING] MAC: 2025-07-15 - 2025-07-17 (2 gün)
2025-07-17 10:48:49,628 - INFO - [MISSING] MAD: 2025-07-15 - 2025-07-17 (2 gün)
2025-07-17 10:48:49,628 - INFO - [MISSING] MBL: 2025-07-15 - 2025-07-17 (2 gün)
2025-07-17 10:48:49,628 - INFO - [MISSING] MBR: 2025-07-15 - 2025-07-17 (2 gün)
2025-07-17 10:48:49,628 - INFO - [MISSING] MD1: 2025-07-15 - 2025-07-17 (2 gün)
2025-07-17 10:48:49,629 - INFO - [MISSING] MD2: 2025-07-15 - 2025-07-17 (2 gün)
2025-07-17 10:48:49,629 - INFO - [MISSING] MET: 2025-07-15 - 2025-07-17 (2 gün)
2025-07-17 10:48:49,629 - INFO - [MISSING] MGB: 2025-07-15 - 2025-07-17 (2 gün)
2025-07-17 10:48:49,629 - INFO - [MISSING] MGH: 2025-07-15 - 2025-07-17 (2 gün)
2025-07-17 10:48:49,629 - INFO - [MISSING] MHF: 2025-07-15 - 2025-07-17 (2 gün)
2025-07-17 10:48:49,629 - INFO - [MISSING] MJB: 2025-07-15 - 2025-07-17 (2 gün)
2025-07-17 10:48:49,629 - INFO - [MISSING] MJG: 2025-07-15 - 2025-07-17 (2 gün)
2025-07-17 10:48:49,629 - INFO - [MISSING] MJL: 2025-07-15 - 2025-07-17 (2 gün)
2025-07-17 10:48:49,629 - INFO - [MISSING] MKA: 2025-07-15 - 2025-07-17 (2 gün)
2025-07-17 10:48:49,629 - INFO - [MISSING] MKG: 2025-07-15 - 2025-07-17 (2 gün)
2025-07-17 10:48:49,630 - INFO - [MISSING] MMH: 2025-07-15 - 2025-07-17 (2 gün)
2025-07-17 10:48:49,630 - INFO - [MISSING] MPF: 2025-07-15 - 2025-07-17 (2 gün)
2025-07-17 10:48:49,630 - INFO - [MISSING] MPK: 2025-07-15 - 2025-07-17 (2 gün)
2025-07-17 10:48:49,630 - INFO - [MISSING] MPL: 2025-07-15 - 2025-07-17 (2 gün)
2025-07-17 10:48:49,630 - INFO - [MISSING] MPN: 2025-07-15 - 2025-07-17 (2 gün)
2025-07-17 10:48:49,630 - INFO - [MISSING] MPP: 2025-07-15 - 2025-07-17 (2 gün)
2025-07-17 10:48:49,630 - INFO - [MISSING] MPS: 2025-07-15 - 2025-07-17 (2 gün)
2025-07-17 10:48:49,630 - INFO - [MISSING] MRI: 2025-07-15 - 2025-07-17 (2 gün)
2025-07-17 10:48:49,631 - INFO - [MISSING] MT1: 2025-07-15 - 2025-07-17 (2 gün)
2025-07-17 10:48:49,631 - INFO - [MISSING] MTF: 2025-07-15 - 2025-07-17 (2 gün)
2025-07-17 10:48:49,631 - INFO - [MISSING] MTG: 2025-07-15 - 2025-07-17 (2 gün)
2025-07-17 10:48:49,631 - INFO - [MISSING] MTH: 2025-07-15 - 2025-07-17 (2 gün)
2025-07-17 10:48:49,631 - INFO - [MISSING] MTK: 2025-07-15 - 2025-07-17 (2 gün)
2025-07-17 10:48:49,631 - INFO - [MISSING] MTS: 2025-07-15 - 2025-07-17 (2 gün)
2025-07-17 10:48:49,632 - INFO - [MISSING] MTV: 2025-07-15 - 2025-07-17 (2 gün)
2025-07-17 10:48:49,632 - INFO - [MISSING] MTX: 2025-07-15 - 2025-07-17 (2 gün)
2025-07-17 10:48:49,632 - INFO - [MISSING] MUT: 2025-07-15 - 2025-07-17 (2 gün)
2025-07-17 10:48:49,632 - INFO - [MISSING] NAU: 2025-07-15 - 2025-07-17 (2 gün)
2025-07-17 10:48:49,632 - INFO - [MISSING] NBH: 2025-07-15 - 2025-07-17 (2 gün)
2025-07-17 10:48:49,632 - INFO - [MISSING] NBZ: 2025-07-15 - 2025-07-17 (2 gün)
2025-07-17 10:48:49,632 - INFO - [MISSING] NCS: 2025-07-15 - 2025-07-17 (2 gün)
2025-07-17 10:48:49,632 - INFO - [MISSING] NFF: 2025-07-15 - 2025-07-17 (2 gün)
2025-07-17 10:48:49,633 - INFO - [MISSING] NHP: 2025-07-15 - 2025-07-17 (2 gün)
2025-07-17 10:48:49,633 - INFO - [MISSING] NHY: 2025-07-15 - 2025-07-17 (2 gün)
2025-07-17 10:48:49,633 - INFO - [MISSING] NJF: 2025-07-15 - 2025-07-17 (2 gün)
2025-07-17 10:48:49,633 - INFO - [MISSING] NJR: 2025-07-15 - 2025-07-17 (2 gün)
2025-07-17 10:48:49,633 - INFO - [MISSING] NJY: 2025-07-15 - 2025-07-17 (2 gün)
2025-07-17 10:48:49,633 - INFO - [MISSING] NKA: 2025-07-15 - 2025-07-17 (2 gün)
2025-07-17 10:48:49,633 - INFO - [MISSING] NLE: 2025-07-15 - 2025-07-17 (2 gün)
2025-07-17 10:48:49,634 - INFO - [MISSING] NLK: 2025-07-15 - 2025-07-17 (2 gün)
2025-07-17 10:48:49,634 - INFO - [MISSING] NME: 2025-07-15 - 2025-07-17 (2 gün)
2025-07-17 10:48:49,634 - INFO - [MISSING] NNF: 2025-07-15 - 2025-07-17 (2 gün)
2025-07-17 10:48:49,634 - INFO - [MISSING] NPH: 2025-07-15 - 2025-07-17 (2 gün)
2025-07-17 10:48:49,634 - INFO - [MISSING] NRC: 2025-07-15 - 2025-07-17 (2 gün)
2025-07-17 10:48:49,634 - INFO - [MISSING] NRG: 2025-07-15 - 2025-07-17 (2 gün)
2025-07-17 10:48:49,634 - INFO - [MISSING] NSA: 2025-07-15 - 2025-07-17 (2 gün)
2025-07-17 10:48:49,634 - INFO - [MISSING] NSD: 2025-07-15 - 2025-07-17 (2 gün)
2025-07-17 10:48:49,634 - INFO - [MISSING] NSH: 2025-07-15 - 2025-07-17 (2 gün)
2025-07-17 10:48:49,635 - INFO - [MISSING] NSK: 2025-07-15 - 2025-07-17 (2 gün)
2025-07-17 10:48:49,635 - INFO - [MISSING] NSP: 2025-07-15 - 2025-07-17 (2 gün)
2025-07-17 10:48:49,635 - INFO - [MISSING] NUB: 2025-07-15 - 2025-07-17 (2 gün)
2025-07-17 10:48:49,635 - INFO - [MISSING] NVB: 2025-07-15 - 2025-07-17 (2 gün)
2025-07-17 10:48:49,635 - INFO - [MISSING] NVC: 2025-07-15 - 2025-07-17 (2 gün)
2025-07-17 10:48:49,635 - INFO - [MISSING] NVK: 2025-07-15 - 2025-07-17 (2 gün)
2025-07-17 10:48:49,635 - INFO - [MISSING] NVT: 2025-07-15 - 2025-07-17 (2 gün)
2025-07-17 10:48:49,636 - INFO - [MISSING] NVZ: 2025-07-15 - 2025-07-17 (2 gün)
2025-07-17 10:48:49,636 - INFO - [MISSING] NZH: 2025-07-15 - 2025-07-17 (2 gün)
2025-07-17 10:48:49,636 - INFO - [MISSING] NZT: 2025-07-15 - 2025-07-17 (2 gün)
2025-07-17 10:48:49,636 - INFO - [MISSING] NZU: 2025-07-15 - 2025-07-17 (2 gün)
2025-07-17 10:48:49,636 - INFO - [MISSING] OBI: 2025-07-15 - 2025-07-17 (2 gün)
2025-07-17 10:48:49,636 - INFO - [MISSING] OBP: 2025-07-15 - 2025-07-17 (2 gün)
2025-07-17 10:48:49,636 - INFO - [MISSING] ODD: 2025-07-15 - 2025-07-17 (2 gün)
2025-07-17 10:48:49,637 - INFO - [MISSING] ODP: 2025-07-15 - 2025-07-17 (2 gün)
2025-07-17 10:48:49,637 - INFO - [MISSING] ODS: 2025-07-15 - 2025-07-17 (2 gün)
2025-07-17 10:48:49,637 - INFO - [MISSING] ODV: 2025-07-15 - 2025-07-17 (2 gün)
2025-07-17 10:48:49,637 - INFO - [MISSING] OFI: 2025-07-15 - 2025-07-17 (2 gün)
2025-07-17 10:48:49,637 - INFO - [MISSING] OFS: 2025-07-15 - 2025-07-17 (2 gün)
2025-07-17 10:48:49,637 - INFO - [MISSING] OGD: 2025-07-15 - 2025-07-17 (2 gün)
2025-07-17 10:48:49,637 - INFO - [MISSING] OHB: 2025-07-15 - 2025-07-17 (2 gün)
2025-07-17 10:48:49,637 - INFO - [MISSING] OHK: 2025-07-15 - 2025-07-17 (2 gün)
2025-07-17 10:48:49,637 - INFO - [MISSING] OIL: 2025-07-15 - 2025-07-17 (2 gün)
2025-07-17 10:48:49,638 - INFO - [MISSING] OIR: 2025-07-15 - 2025-07-17 (2 gün)
2025-07-17 10:48:49,638 - INFO - [MISSING] OJB: 2025-07-15 - 2025-07-17 (2 gün)
2025-07-17 10:48:49,638 - INFO - [MISSING] OJK: 2025-07-15 - 2025-07-17 (2 gün)
2025-07-17 10:48:49,638 - INFO - [MISSING] OJT: 2025-07-15 - 2025-07-17 (2 gün)
2025-07-17 10:48:49,638 - INFO - [MISSING] OKD: 2025-07-15 - 2025-07-17 (2 gün)
2025-07-17 10:48:49,638 - INFO - [MISSING] OKP: 2025-07-15 - 2025-07-17 (2 gün)
2025-07-17 10:48:49,638 - INFO - [MISSING] OKT: 2025-07-15 - 2025-07-17 (2 gün)
2025-07-17 10:48:49,638 - INFO - [MISSING] OLA: 2025-07-15 - 2025-07-17 (2 gün)
2025-07-17 10:48:49,638 - INFO - [MISSING] OLD: 2025-07-15 - 2025-07-17 (2 gün)
2025-07-17 10:48:49,638 - INFO - [MISSING] OLE: 2025-07-15 - 2025-07-17 (2 gün)
2025-07-17 10:48:49,639 - INFO - [MISSING] OMG: 2025-07-15 - 2025-07-17 (2 gün)
2025-07-17 10:48:49,639 - INFO - [MISSING] ONE: 2025-07-15 - 2025-07-17 (2 gün)
2025-07-17 10:48:49,639 - INFO - [MISSING] ONK: 2025-07-15 - 2025-07-17 (2 gün)
2025-07-17 10:48:49,639 - INFO - [MISSING] ONN: 2025-07-15 - 2025-07-17 (2 gün)
2025-07-17 10:48:49,639 - INFO - [MISSING] ONS: 2025-07-15 - 2025-07-17 (2 gün)
2025-07-17 10:48:49,640 - INFO - [MISSING] OPB: 2025-07-15 - 2025-07-17 (2 gün)
2025-07-17 10:48:49,640 - INFO - [MISSING] OPD: 2025-07-15 - 2025-07-17 (2 gün)
2025-07-17 10:48:49,640 - INFO - [MISSING] OPF: 2025-07-15 - 2025-07-17 (2 gün)
2025-07-17 10:48:49,640 - INFO - [MISSING] OPH: 2025-07-15 - 2025-07-17 (2 gün)
2025-07-17 10:48:49,640 - INFO - [MISSING] OPI: 2025-07-15 - 2025-07-17 (2 gün)
2025-07-17 10:48:49,640 - INFO - [MISSING] OPL: 2025-07-15 - 2025-07-17 (2 gün)
2025-07-17 10:48:49,640 - INFO - [MISSING] ORC: 2025-07-15 - 2025-07-17 (2 gün)
2025-07-17 10:48:49,641 - INFO - [MISSING] OSD: 2025-07-15 - 2025-07-17 (2 gün)
2025-07-17 10:48:49,641 - INFO - [MISSING] OSL: 2025-07-15 - 2025-07-17 (2 gün)
2025-07-17 10:48:49,641 - INFO - [MISSING] OTJ: 2025-07-15 - 2025-07-17 (2 gün)
2025-07-17 10:48:49,641 - INFO - [MISSING] OTK: 2025-07-15 - 2025-07-17 (2 gün)
2025-07-17 10:48:49,641 - INFO - [MISSING] OTM: 2025-07-15 - 2025-07-17 (2 gün)
2025-07-17 10:48:49,641 - INFO - [MISSING] OUD: 2025-07-15 - 2025-07-17 (2 gün)
2025-07-17 10:48:49,641 - INFO - [MISSING] OVD: 2025-07-15 - 2025-07-17 (2 gün)
2025-07-17 10:48:49,641 - INFO - [MISSING] PAF: 2025-07-15 - 2025-07-17 (2 gün)
2025-07-17 10:48:49,642 - INFO - [MISSING] PAL: 2025-07-15 - 2025-07-17 (2 gün)
2025-07-17 10:48:49,642 - INFO - [MISSING] PAO: 2025-07-15 - 2025-07-17 (2 gün)
2025-07-17 10:48:49,642 - INFO - [MISSING] PBI: 2025-07-15 - 2025-07-17 (2 gün)
2025-07-17 10:48:49,642 - INFO - [MISSING] PBK: 2025-07-15 - 2025-07-17 (2 gün)
2025-07-17 10:48:49,642 - INFO - [MISSING] PBN: 2025-07-15 - 2025-07-17 (2 gün)
2025-07-17 10:48:49,642 - INFO - [MISSING] PBR: 2025-07-15 - 2025-07-17 (2 gün)
2025-07-17 10:48:49,643 - INFO - [MISSING] PDD: 2025-07-15 - 2025-07-17 (2 gün)
2025-07-17 10:48:49,643 - INFO - [MISSING] PDF: 2025-07-15 - 2025-07-17 (2 gün)
2025-07-17 10:48:49,643 - INFO - [MISSING] PEA: 2025-07-15 - 2025-07-17 (2 gün)
2025-07-17 10:48:49,643 - INFO - [MISSING] PFO: 2025-07-15 - 2025-07-17 (2 gün)
2025-07-17 10:48:49,643 - INFO - [MISSING] PFS: 2025-07-15 - 2025-07-17 (2 gün)
2025-07-17 10:48:49,643 - INFO - [MISSING] PGD: 2025-07-15 - 2025-07-17 (2 gün)
2025-07-17 10:48:49,643 - INFO - [MISSING] PGS: 2025-07-15 - 2025-07-17 (2 gün)
2025-07-17 10:48:49,644 - INFO - [MISSING] PHE: 2025-07-15 - 2025-07-17 (2 gün)
2025-07-17 10:48:49,644 - INFO - [MISSING] PHI: 2025-07-15 - 2025-07-17 (2 gün)
2025-07-17 10:48:49,644 - INFO - [MISSING] PHK: 2025-07-15 - 2025-07-17 (2 gün)
2025-07-17 10:48:49,644 - INFO - [MISSING] PID: 2025-07-15 - 2025-07-17 (2 gün)
2025-07-17 10:48:49,644 - INFO - [MISSING] PIL: 2025-07-15 - 2025-07-17 (2 gün)
2025-07-17 10:48:49,644 - INFO - [MISSING] PIP: 2025-07-15 - 2025-07-17 (2 gün)
2025-07-17 10:48:49,645 - INFO - [MISSING] PIR: 2025-07-15 - 2025-07-17 (2 gün)
2025-07-17 10:48:49,645 - INFO - [MISSING] PJL: 2025-07-15 - 2025-07-17 (2 gün)
2025-07-17 10:48:49,645 - INFO - [MISSING] PKD: 2025-07-15 - 2025-07-17 (2 gün)
2025-07-17 10:48:49,645 - INFO - [MISSING] PKF: 2025-07-15 - 2025-07-17 (2 gün)
2025-07-17 10:48:49,645 - INFO - [MISSING] PKR: 2025-07-15 - 2025-07-17 (2 gün)
2025-07-17 10:48:49,645 - INFO - [MISSING] PKT: 2025-07-15 - 2025-07-17 (2 gün)
2025-07-17 10:48:49,645 - INFO - [MISSING] PKV: 2025-07-15 - 2025-07-17 (2 gün)
2025-07-17 10:48:49,645 - INFO - [MISSING] PLR: 2025-07-15 - 2025-07-17 (2 gün)
2025-07-17 10:48:49,646 - INFO - [MISSING] PMP: 2025-07-15 - 2025-07-17 (2 gün)
2025-07-17 10:48:49,646 - INFO - [MISSING] POS: 2025-07-15 - 2025-07-17 (2 gün)
2025-07-17 10:48:49,646 - INFO - [MISSING] PP1: 2025-07-15 - 2025-07-17 (2 gün)
2025-07-17 10:48:49,646 - INFO - [MISSING] PPB: 2025-07-15 - 2025-07-17 (2 gün)
2025-07-17 10:48:49,646 - INFO - [MISSING] PPE: 2025-07-15 - 2025-07-17 (2 gün)
2025-07-17 10:48:49,646 - INFO - [MISSING] PPH: 2025-07-15 - 2025-07-17 (2 gün)
2025-07-17 10:48:49,646 - INFO - [MISSING] PPI: 2025-07-15 - 2025-07-17 (2 gün)
2025-07-17 10:48:49,646 - INFO - [MISSING] PPJ: 2025-07-15 - 2025-07-17 (2 gün)
2025-07-17 10:48:49,647 - INFO - [MISSING] PPK: 2025-07-15 - 2025-07-17 (2 gün)
2025-07-17 10:48:49,647 - INFO - [MISSING] PPM: 2025-07-15 - 2025-07-17 (2 gün)
2025-07-17 10:48:49,647 - INFO - [MISSING] PPN: 2025-07-15 - 2025-07-17 (2 gün)
2025-07-17 10:48:49,647 - INFO - [MISSING] PPP: 2025-07-15 - 2025-07-17 (2 gün)
2025-07-17 10:48:49,647 - INFO - [MISSING] PPS: 2025-07-15 - 2025-07-17 (2 gün)
2025-07-17 10:48:49,647 - INFO - [MISSING] PPT: 2025-07-15 - 2025-07-17 (2 gün)
2025-07-17 10:48:49,647 - INFO - [MISSING] PPZ: 2025-07-15 - 2025-07-17 (2 gün)
2025-07-17 10:48:49,648 - INFO - [MISSING] PRD: 2025-07-15 - 2025-07-17 (2 gün)
2025-07-17 10:48:49,648 - INFO - [MISSING] PRH: 2025-07-15 - 2025-07-17 (2 gün)
2025-07-17 10:48:49,648 - INFO - [MISSING] PRU: 2025-07-15 - 2025-07-17 (2 gün)
2025-07-17 10:48:49,648 - INFO - [MISSING] PRY: 2025-07-15 - 2025-07-17 (2 gün)
2025-07-17 10:48:49,648 - INFO - [MISSING] PSE: 2025-07-15 - 2025-07-17 (2 gün)
2025-07-17 10:48:49,649 - INFO - [MISSING] PSL: 2025-07-15 - 2025-07-17 (2 gün)
2025-07-17 10:48:49,649 - INFO - [MISSING] PTE: 2025-07-15 - 2025-07-17 (2 gün)
2025-07-17 10:48:49,649 - INFO - [MISSING] PTN: 2025-07-15 - 2025-07-17 (2 gün)
2025-07-17 10:48:49,649 - INFO - [MISSING] PTO: 2025-07-15 - 2025-07-17 (2 gün)
2025-07-17 10:48:49,649 - INFO - [MISSING] PTS: 2025-07-15 - 2025-07-17 (2 gün)
2025-07-17 10:48:49,649 - INFO - [MISSING] PUC: 2025-07-15 - 2025-07-17 (2 gün)
2025-07-17 10:48:49,649 - INFO - [MISSING] PVK: 2025-07-15 - 2025-07-17 (2 gün)
2025-07-17 10:48:49,650 - INFO - [MISSING] PYR: 2025-07-15 - 2025-07-17 (2 gün)
2025-07-17 10:48:49,650 - INFO - [MISSING] RBA: 2025-07-15 - 2025-07-17 (2 gün)
2025-07-17 10:48:49,650 - INFO - [MISSING] RBB: 2025-07-15 - 2025-07-17 (2 gün)
2025-07-17 10:48:49,650 - INFO - [MISSING] RBF: 2025-07-15 - 2025-07-17 (2 gün)
2025-07-17 10:48:49,650 - INFO - [MISSING] RBH: 2025-07-15 - 2025-07-17 (2 gün)
2025-07-17 10:48:49,650 - INFO - [MISSING] RBI: 2025-07-15 - 2025-07-17 (2 gün)
2025-07-17 10:48:49,650 - INFO - [MISSING] RBK: 2025-07-15 - 2025-07-17 (2 gün)
2025-07-17 10:48:49,650 - INFO - [MISSING] RBL: 2025-07-15 - 2025-07-17 (2 gün)
2025-07-17 10:48:49,650 - INFO - [MISSING] RBN: 2025-07-15 - 2025-07-17 (2 gün)
2025-07-17 10:48:49,651 - INFO - [MISSING] RBP: 2025-07-15 - 2025-07-17 (2 gün)
2025-07-17 10:48:49,651 - INFO - [MISSING] RBR: 2025-07-15 - 2025-07-17 (2 gün)
2025-07-17 10:48:49,651 - INFO - [MISSING] RBT: 2025-07-15 - 2025-07-17 (2 gün)
2025-07-17 10:48:49,651 - INFO - [MISSING] RBV: 2025-07-15 - 2025-07-17 (2 gün)
2025-07-17 10:48:49,651 - INFO - [MISSING] RCV: 2025-07-15 - 2025-07-17 (2 gün)
2025-07-17 10:48:49,651 - INFO - [MISSING] RD1: 2025-07-15 - 2025-07-17 (2 gün)
2025-07-17 10:48:49,652 - INFO - [MISSING] RDF: 2025-07-15 - 2025-07-17 (2 gün)
2025-07-17 10:48:49,652 - INFO - [MISSING] RHI: 2025-07-15 - 2025-07-17 (2 gün)
2025-07-17 10:48:49,652 - INFO - [MISSING] RHS: 2025-07-15 - 2025-07-17 (2 gün)
2025-07-17 10:48:49,652 - INFO - [MISSING] RIA: 2025-07-15 - 2025-07-17 (2 gün)
2025-07-17 10:48:49,652 - INFO - [MISSING] RIK: 2025-07-15 - 2025-07-17 (2 gün)
2025-07-17 10:48:49,652 - INFO - [MISSING] RJG: 2025-07-15 - 2025-07-17 (2 gün)
2025-07-17 10:48:49,653 - INFO - [MISSING] RKC: 2025-07-15 - 2025-07-17 (2 gün)
2025-07-17 10:48:49,653 - INFO - [MISSING] RKH: 2025-07-15 - 2025-07-17 (2 gün)
2025-07-17 10:48:49,653 - INFO - [MISSING] RKS: 2025-07-15 - 2025-07-17 (2 gün)
2025-07-17 10:48:49,653 - INFO - [MISSING] RKV: 2025-07-15 - 2025-07-17 (2 gün)
2025-07-17 10:48:49,653 - INFO - [MISSING] RPC: 2025-07-15 - 2025-07-17 (2 gün)
2025-07-17 10:48:49,653 - INFO - [MISSING] RPD: 2025-07-15 - 2025-07-17 (2 gün)
2025-07-17 10:48:49,653 - INFO - [MISSING] RPG: 2025-07-15 - 2025-07-17 (2 gün)
2025-07-17 10:48:49,654 - INFO - [MISSING] RPI: 2025-07-15 - 2025-07-17 (2 gün)
2025-07-17 10:48:49,654 - INFO - [MISSING] RPM: 2025-07-15 - 2025-07-17 (2 gün)
2025-07-17 10:48:49,654 - INFO - [MISSING] RPP: 2025-07-15 - 2025-07-17 (2 gün)
2025-07-17 10:48:49,654 - INFO - [MISSING] RPS: 2025-07-15 - 2025-07-17 (2 gün)
2025-07-17 10:48:49,654 - INFO - [MISSING] RPT: 2025-07-15 - 2025-07-17 (2 gün)
2025-07-17 10:48:49,654 - INFO - [MISSING] RPX: 2025-07-15 - 2025-07-17 (2 gün)
2025-07-17 10:48:49,654 - INFO - [MISSING] RRP: 2025-07-15 - 2025-07-17 (2 gün)
2025-07-17 10:48:49,654 - INFO - [MISSING] RS1: 2025-07-15 - 2025-07-17 (2 gün)
2025-07-17 10:48:49,655 - INFO - [MISSING] RTD: 2025-07-15 - 2025-07-17 (2 gün)
2025-07-17 10:48:49,655 - INFO - [MISSING] RTG: 2025-07-15 - 2025-07-17 (2 gün)
2025-07-17 10:48:49,655 - INFO - [MISSING] RTH: 2025-07-15 - 2025-07-17 (2 gün)
2025-07-17 10:48:49,655 - INFO - [MISSING] RTP: 2025-07-15 - 2025-07-17 (2 gün)
2025-07-17 10:48:49,655 - INFO - [MISSING] RUT: 2025-07-15 - 2025-07-17 (2 gün)
2025-07-17 10:48:49,655 - INFO - [MISSING] SAS: 2025-07-15 - 2025-07-17 (2 gün)
2025-07-17 10:48:49,655 - INFO - [MISSING] SBH: 2025-07-15 - 2025-07-17 (2 gün)
2025-07-17 10:48:49,656 - INFO - [MISSING] SGT: 2025-07-15 - 2025-07-17 (2 gün)
2025-07-17 10:48:49,656 - INFO - [MISSING] SHE: 2025-07-15 - 2025-07-17 (2 gün)
2025-07-17 10:48:49,656 - INFO - [MISSING] SNY: 2025-07-15 - 2025-07-17 (2 gün)
2025-07-17 10:48:49,656 - INFO - [MISSING] SOS: 2025-07-15 - 2025-07-17 (2 gün)
2025-07-17 10:48:49,656 - INFO - [MISSING] SPE: 2025-07-15 - 2025-07-17 (2 gün)
2025-07-17 10:48:49,656 - INFO - [MISSING] SPN: 2025-07-15 - 2025-07-17 (2 gün)
2025-07-17 10:48:49,656 - INFO - [MISSING] SPP: 2025-07-15 - 2025-07-17 (2 gün)
2025-07-17 10:48:49,657 - INFO - [MISSING] SPR: 2025-07-15 - 2025-07-17 (2 gün)
2025-07-17 10:48:49,657 - INFO - [MISSING] SPT: 2025-07-15 - 2025-07-17 (2 gün)
2025-07-17 10:48:49,657 - INFO - [MISSING] SRL: 2025-07-15 - 2025-07-17 (2 gün)
2025-07-17 10:48:49,657 - INFO - [MISSING] SSK: 2025-07-15 - 2025-07-17 (2 gün)
2025-07-17 10:48:49,657 - INFO - [MISSING] SSS: 2025-07-15 - 2025-07-17 (2 gün)
2025-07-17 10:48:49,657 - INFO - [MISSING] ST1: 2025-07-15 - 2025-07-17 (2 gün)
2025-07-17 10:48:49,657 - INFO - [MISSING] STI: 2025-07-15 - 2025-07-17 (2 gün)
2025-07-17 10:48:49,658 - INFO - [MISSING] SUA: 2025-07-15 - 2025-07-17 (2 gün)
2025-07-17 10:48:49,658 - INFO - [MISSING] SUB: 2025-07-15 - 2025-07-17 (2 gün)
2025-07-17 10:48:49,658 - INFO - [MISSING] SUC: 2025-07-15 - 2025-07-17 (2 gün)
2025-07-17 10:48:49,658 - INFO - [MISSING] SVB: 2025-07-15 - 2025-07-17 (2 gün)
2025-07-17 10:48:49,658 - INFO - [MISSING] TAL: 2025-07-15 - 2025-07-17 (2 gün)
2025-07-17 10:48:49,658 - INFO - [MISSING] TAR: 2025-07-15 - 2025-07-17 (2 gün)
2025-07-17 10:48:49,658 - INFO - [MISSING] TAU: 2025-07-15 - 2025-07-17 (2 gün)
2025-07-17 10:48:49,658 - INFO - [MISSING] TBT: 2025-07-15 - 2025-07-17 (2 gün)
2025-07-17 10:48:49,658 - INFO - [MISSING] TBV: 2025-07-15 - 2025-07-17 (2 gün)
2025-07-17 10:48:49,658 - INFO - [MISSING] TCA: 2025-07-15 - 2025-07-17 (2 gün)
2025-07-17 10:48:49,659 - INFO - [MISSING] TCB: 2025-07-15 - 2025-07-17 (2 gün)
2025-07-17 10:48:49,659 - INFO - [MISSING] TCC: 2025-07-15 - 2025-07-17 (2 gün)
2025-07-17 10:48:49,659 - INFO - [MISSING] TCD: 2025-07-15 - 2025-07-17 (2 gün)
2025-07-17 10:48:49,659 - INFO - [MISSING] TCF: 2025-07-15 - 2025-07-17 (2 gün)
2025-07-17 10:48:49,659 - INFO - [MISSING] TDG: 2025-07-15 - 2025-07-17 (2 gün)
2025-07-17 10:48:49,659 - INFO - [MISSING] TE3: 2025-07-15 - 2025-07-17 (2 gün)
2025-07-17 10:48:49,659 - INFO - [MISSING] TE4: 2025-07-15 - 2025-07-17 (2 gün)
2025-07-17 10:48:49,659 - INFO - [MISSING] TEJ: 2025-07-15 - 2025-07-17 (2 gün)
2025-07-17 10:48:49,659 - INFO - [MISSING] TFF: 2025-07-15 - 2025-07-17 (2 gün)
2025-07-17 10:48:49,660 - INFO - [MISSING] TGA: 2025-07-15 - 2025-07-17 (2 gün)
2025-07-17 10:48:49,660 - INFO - [MISSING] TGE: 2025-07-15 - 2025-07-17 (2 gün)
2025-07-17 10:48:49,660 - INFO - [MISSING] TGR: 2025-07-15 - 2025-07-17 (2 gün)
2025-07-17 10:48:49,660 - INFO - [MISSING] THD: 2025-07-15 - 2025-07-17 (2 gün)
2025-07-17 10:48:49,660 - INFO - [MISSING] THF: 2025-07-15 - 2025-07-17 (2 gün)
2025-07-17 10:48:49,660 - INFO - [MISSING] THT: 2025-07-15 - 2025-07-17 (2 gün)
2025-07-17 10:48:49,661 - INFO - [MISSING] THV: 2025-07-15 - 2025-07-17 (2 gün)
2025-07-17 10:48:49,661 - INFO - [MISSING] TI2: 2025-07-15 - 2025-07-17 (2 gün)
2025-07-17 10:48:49,661 - INFO - [MISSING] TI3: 2025-07-15 - 2025-07-17 (2 gün)
2025-07-17 10:48:49,661 - INFO - [MISSING] TI4: 2025-07-15 - 2025-07-17 (2 gün)
2025-07-17 10:48:49,661 - INFO - [MISSING] TI6: 2025-07-15 - 2025-07-17 (2 gün)
2025-07-17 10:48:49,661 - INFO - [MISSING] TI7: 2025-07-15 - 2025-07-17 (2 gün)
2025-07-17 10:48:49,661 - INFO - [MISSING] TIE: 2025-07-15 - 2025-07-17 (2 gün)
2025-07-17 10:48:49,662 - INFO - [MISSING] TJF: 2025-07-15 - 2025-07-17 (2 gün)
2025-07-17 10:48:49,662 - INFO - [MISSING] TJI: 2025-07-15 - 2025-07-17 (2 gün)
2025-07-17 10:48:49,662 - INFO - [MISSING] TJT: 2025-07-15 - 2025-07-17 (2 gün)
2025-07-17 10:48:49,662 - INFO - [MISSING] TKF: 2025-07-15 - 2025-07-17 (2 gün)
2025-07-17 10:48:49,662 - INFO - [MISSING] TLE: 2025-07-15 - 2025-07-17 (2 gün)
2025-07-17 10:48:49,662 - INFO - [MISSING] TLH: 2025-07-15 - 2025-07-17 (2 gün)
2025-07-17 10:48:49,662 - INFO - [MISSING] TLK: 2025-07-15 - 2025-07-17 (2 gün)
2025-07-17 10:48:49,662 - INFO - [MISSING] TLY: 2025-07-15 - 2025-07-17 (2 gün)
2025-07-17 10:48:49,663 - INFO - [MISSING] TLZ: 2025-07-15 - 2025-07-17 (2 gün)
2025-07-17 10:48:49,663 - INFO - [MISSING] TMC: 2025-07-15 - 2025-07-17 (2 gün)
2025-07-17 10:48:49,663 - INFO - [MISSING] TMG: 2025-07-15 - 2025-07-17 (2 gün)
2025-07-17 10:48:49,663 - INFO - [MISSING] TMM: 2025-07-15 - 2025-07-17 (2 gün)
2025-07-17 10:48:49,663 - INFO - [MISSING] TMZ: 2025-07-15 - 2025-07-17 (2 gün)
2025-07-17 10:48:49,663 - INFO - [MISSING] TOT: 2025-07-15 - 2025-07-17 (2 gün)
2025-07-17 10:48:49,663 - INFO - [MISSING] TP2: 2025-07-15 - 2025-07-17 (2 gün)
2025-07-17 10:48:49,663 - INFO - [MISSING] TPC: 2025-07-15 - 2025-07-17 (2 gün)
2025-07-17 10:48:49,663 - INFO - [MISSING] TPF: 2025-07-15 - 2025-07-17 (2 gün)
2025-07-17 10:48:49,664 - INFO - [MISSING] TPJ: 2025-07-15 - 2025-07-17 (2 gün)
2025-07-17 10:48:49,664 - INFO - [MISSING] TPL: 2025-07-15 - 2025-07-17 (2 gün)
2025-07-17 10:48:49,664 - INFO - [MISSING] TPP: 2025-07-15 - 2025-07-17 (2 gün)
2025-07-17 10:48:49,664 - INFO - [MISSING] TPV: 2025-07-15 - 2025-07-17 (2 gün)
2025-07-17 10:48:49,664 - INFO - [MISSING] TPZ: 2025-07-15 - 2025-07-17 (2 gün)
2025-07-17 10:48:49,664 - INFO - [MISSING] TRJ: 2025-07-15 - 2025-07-17 (2 gün)
2025-07-17 10:48:49,664 - INFO - [MISSING] TRO: 2025-07-15 - 2025-07-17 (2 gün)
2025-07-17 10:48:49,664 - INFO - [MISSING] TRU: 2025-07-15 - 2025-07-17 (2 gün)
2025-07-17 10:48:49,665 - INFO - [MISSING] TTA: 2025-07-15 - 2025-07-17 (2 gün)
2025-07-17 10:48:49,665 - INFO - [MISSING] TTE: 2025-07-15 - 2025-07-17 (2 gün)
2025-07-17 10:48:49,665 - INFO - [MISSING] TTL: 2025-07-15 - 2025-07-17 (2 gün)
2025-07-17 10:48:49,665 - INFO - [MISSING] TUA: 2025-07-15 - 2025-07-17 (2 gün)
2025-07-17 10:48:49,665 - INFO - [MISSING] TVN: 2025-07-15 - 2025-07-17 (2 gün)
2025-07-17 10:48:49,665 - INFO - [MISSING] TYH: 2025-07-15 - 2025-07-17 (2 gün)
2025-07-17 10:48:49,665 - INFO - [MISSING] TZD: 2025-07-15 - 2025-07-17 (2 gün)
2025-07-17 10:48:49,666 - INFO - [MISSING] TZT: 2025-07-15 - 2025-07-17 (2 gün)
2025-07-17 10:48:49,666 - INFO - [MISSING] UNT: 2025-07-15 - 2025-07-17 (2 gün)
2025-07-17 10:48:49,666 - INFO - [MISSING] UP1: 2025-07-15 - 2025-07-17 (2 gün)
2025-07-17 10:48:49,666 - INFO - [MISSING] UP2: 2025-07-15 - 2025-07-17 (2 gün)
2025-07-17 10:48:49,666 - INFO - [MISSING] UPD: 2025-07-15 - 2025-07-17 (2 gün)
2025-07-17 10:48:49,666 - INFO - [MISSING] UPH: 2025-07-15 - 2025-07-17 (2 gün)
2025-07-17 10:48:49,666 - INFO - [MISSING] UPP: 2025-07-15 - 2025-07-17 (2 gün)
2025-07-17 10:48:49,666 - INFO - [MISSING] URA: 2025-07-15 - 2025-07-17 (2 gün)
2025-07-17 10:48:49,666 - INFO - [MISSING] USY: 2025-07-15 - 2025-07-17 (2 gün)
2025-07-17 10:48:49,667 - INFO - [MISSING] VAY: 2025-07-15 - 2025-07-17 (2 gün)
2025-07-17 10:48:49,667 - INFO - [MISSING] VCY: 2025-07-15 - 2025-07-17 (2 gün)
2025-07-17 10:48:49,667 - INFO - [MISSING] VFK: 2025-07-15 - 2025-07-17 (2 gün)
2025-07-17 10:48:49,667 - INFO - [MISSING] VMV: 2025-07-15 - 2025-07-17 (2 gün)
2025-07-17 10:48:49,667 - INFO - [MISSING] VNK: 2025-07-15 - 2025-07-17 (2 gün)
2025-07-17 10:48:49,667 - INFO - [MISSING] YAC: 2025-07-15 - 2025-07-17 (2 gün)
2025-07-17 10:48:49,667 - INFO - [MISSING] YAK: 2025-07-15 - 2025-07-17 (2 gün)
2025-07-17 10:48:49,667 - INFO - [MISSING] YAN: 2025-07-15 - 2025-07-17 (2 gün)
2025-07-17 10:48:49,668 - INFO - [MISSING] YAS: 2025-07-15 - 2025-07-17 (2 gün)
2025-07-17 10:48:49,668 - INFO - [MISSING] YAY: 2025-07-15 - 2025-07-17 (2 gün)
2025-07-17 10:48:49,668 - INFO - [MISSING] YBE: 2025-07-15 - 2025-07-17 (2 gün)
2025-07-17 10:48:49,668 - INFO - [MISSING] YBH: 2025-07-15 - 2025-07-17 (2 gün)
2025-07-17 10:48:49,668 - INFO - [MISSING] YBR: 2025-07-15 - 2025-07-17 (2 gün)
2025-07-17 10:48:49,668 - INFO - [MISSING] YBS: 2025-07-15 - 2025-07-17 (2 gün)
2025-07-17 10:48:49,668 - INFO - [MISSING] YCK: 2025-07-15 - 2025-07-17 (2 gün)
2025-07-17 10:48:49,669 - INFO - [MISSING] YCP: 2025-07-15 - 2025-07-17 (2 gün)
2025-07-17 10:48:49,669 - INFO - [MISSING] YCY: 2025-07-15 - 2025-07-17 (2 gün)
2025-07-17 10:48:49,669 - INFO - [MISSING] YDI: 2025-07-15 - 2025-07-17 (2 gün)
2025-07-17 10:48:49,669 - INFO - [MISSING] YDP: 2025-07-15 - 2025-07-17 (2 gün)
2025-07-17 10:48:49,669 - INFO - [MISSING] YEF: 2025-07-15 - 2025-07-17 (2 gün)
2025-07-17 10:48:49,669 - INFO - [MISSING] YFV: 2025-07-15 - 2025-07-17 (2 gün)
2025-07-17 10:48:49,669 - INFO - [MISSING] YGM: 2025-07-15 - 2025-07-17 (2 gün)
2025-07-17 10:48:49,669 - INFO - [MISSING] YHB: 2025-07-15 - 2025-07-17 (2 gün)
2025-07-17 10:48:49,670 - INFO - [MISSING] YHI: 2025-07-15 - 2025-07-17 (2 gün)
2025-07-17 10:48:49,670 - INFO - [MISSING] YHK: 2025-07-15 - 2025-07-17 (2 gün)
2025-07-17 10:48:49,670 - INFO - [MISSING] YHS: 2025-07-15 - 2025-07-17 (2 gün)
2025-07-17 10:48:49,670 - INFO - [MISSING] YHZ: 2025-07-15 - 2025-07-17 (2 gün)
2025-07-17 10:48:49,670 - INFO - [MISSING] YIT: 2025-07-15 - 2025-07-17 (2 gün)
2025-07-17 10:48:49,670 - INFO - [MISSING] YJH: 2025-07-15 - 2025-07-17 (2 gün)
2025-07-17 10:48:49,670 - INFO - [MISSING] YJK: 2025-07-15 - 2025-07-17 (2 gün)
2025-07-17 10:48:49,670 - INFO - [MISSING] YJY: 2025-07-15 - 2025-07-17 (2 gün)
2025-07-17 10:48:49,670 - INFO - [MISSING] YKS: 2025-07-15 - 2025-07-17 (2 gün)
2025-07-17 10:48:49,670 - INFO - [MISSING] YKT: 2025-07-15 - 2025-07-17 (2 gün)
2025-07-17 10:48:49,671 - INFO - [MISSING] YLC: 2025-07-15 - 2025-07-17 (2 gün)
2025-07-17 10:48:49,671 - INFO - [MISSING] YLE: 2025-07-15 - 2025-07-17 (2 gün)
2025-07-17 10:48:49,671 - INFO - [MISSING] YLO: 2025-07-15 - 2025-07-17 (2 gün)
2025-07-17 10:48:49,671 - INFO - [MISSING] YLY: 2025-07-15 - 2025-07-17 (2 gün)
2025-07-17 10:48:49,671 - INFO - [MISSING] YMD: 2025-07-15 - 2025-07-17 (2 gün)
2025-07-17 10:48:49,671 - INFO - [MISSING] YMH: 2025-07-15 - 2025-07-17 (2 gün)
2025-07-17 10:48:49,671 - INFO - [MISSING] YNK: 2025-07-15 - 2025-07-17 (2 gün)
2025-07-17 10:48:49,671 - INFO - [MISSING] YOT: 2025-07-15 - 2025-07-17 (2 gün)
2025-07-17 10:48:49,671 - INFO - [MISSING] YP4: 2025-07-15 - 2025-07-17 (2 gün)
2025-07-17 10:48:49,672 - INFO - [MISSING] YPC: 2025-07-15 - 2025-07-17 (2 gün)
2025-07-17 10:48:49,672 - INFO - [MISSING] YPK: 2025-07-15 - 2025-07-17 (2 gün)
2025-07-17 10:48:49,672 - INFO - [MISSING] YPL: 2025-07-15 - 2025-07-17 (2 gün)
2025-07-17 10:48:49,672 - INFO - [MISSING] YPR: 2025-07-15 - 2025-07-17 (2 gün)
2025-07-17 10:48:49,672 - INFO - [MISSING] YPV: 2025-07-15 - 2025-07-17 (2 gün)
2025-07-17 10:48:49,673 - INFO - [MISSING] YSL: 2025-07-15 - 2025-07-17 (2 gün)
2025-07-17 10:48:49,673 - INFO - [MISSING] YSO: 2025-07-15 - 2025-07-17 (2 gün)
2025-07-17 10:48:49,673 - INFO - [MISSING] YSU: 2025-07-15 - 2025-07-17 (2 gün)
2025-07-17 10:48:49,673 - INFO - [MISSING] YTD: 2025-07-15 - 2025-07-17 (2 gün)
2025-07-17 10:48:49,673 - INFO - [MISSING] YTV: 2025-07-15 - 2025-07-17 (2 gün)
2025-07-17 10:48:49,673 - INFO - [MISSING] YTY: 2025-07-15 - 2025-07-17 (2 gün)
2025-07-17 10:48:49,673 - INFO - [MISSING] YUB: 2025-07-15 - 2025-07-17 (2 gün)
2025-07-17 10:48:49,673 - INFO - [MISSING] YUN: 2025-07-15 - 2025-07-17 (2 gün)
2025-07-17 10:48:49,674 - INFO - [MISSING] YVB: 2025-07-15 - 2025-07-17 (2 gün)
2025-07-17 10:48:49,674 - INFO - [MISSING] YVG: 2025-07-15 - 2025-07-17 (2 gün)
2025-07-17 10:48:49,674 - INFO - [MISSING] YZC: 2025-07-15 - 2025-07-17 (2 gün)
2025-07-17 10:48:49,674 - INFO - [MISSING] YZG: 2025-07-15 - 2025-07-17 (2 gün)
2025-07-17 10:48:49,674 - INFO - [MISSING] YZH: 2025-07-15 - 2025-07-17 (2 gün)
2025-07-17 10:48:49,674 - INFO - [MISSING] YZK: 2025-07-15 - 2025-07-17 (2 gün)
2025-07-17 10:48:49,674 - INFO - [MISSING] ZBD: 2025-07-15 - 2025-07-17 (2 gün)
2025-07-17 10:48:49,674 - INFO - [MISSING] ZBI: 2025-07-15 - 2025-07-17 (2 gün)
2025-07-17 10:48:49,674 - INFO - [MISSING] ZBJ: 2025-07-15 - 2025-07-17 (2 gün)
2025-07-17 10:48:49,675 - INFO - [MISSING] ZBO: 2025-07-15 - 2025-07-17 (2 gün)
2025-07-17 10:48:49,675 - INFO - [MISSING] ZCD: 2025-07-15 - 2025-07-17 (2 gün)
2025-07-17 10:48:49,675 - INFO - [MISSING] ZCK: 2025-07-15 - 2025-07-17 (2 gün)
2025-07-17 10:48:49,675 - INFO - [MISSING] ZCN: 2025-07-15 - 2025-07-17 (2 gün)
2025-07-17 10:48:49,675 - INFO - [MISSING] ZDD: 2025-07-15 - 2025-07-17 (2 gün)
2025-07-17 10:48:49,675 - INFO - [MISSING] ZDZ: 2025-07-15 - 2025-07-17 (2 gün)
2025-07-17 10:48:49,675 - INFO - [MISSING] ZFB: 2025-07-15 - 2025-07-17 (2 gün)
2025-07-17 10:48:49,675 - INFO - [MISSING] ZHH: 2025-07-15 - 2025-07-17 (2 gün)
2025-07-17 10:48:49,675 - INFO - [MISSING] ZJB: 2025-07-15 - 2025-07-17 (2 gün)
2025-07-17 10:48:49,675 - INFO - [MISSING] ZJI: 2025-07-15 - 2025-07-17 (2 gün)
2025-07-17 10:48:49,675 - INFO - [MISSING] ZJL: 2025-07-15 - 2025-07-17 (2 gün)
2025-07-17 10:48:49,676 - INFO - [MISSING] ZJV: 2025-07-15 - 2025-07-17 (2 gün)
2025-07-17 10:48:49,676 - INFO - [MISSING] ZLH: 2025-07-15 - 2025-07-17 (2 gün)
2025-07-17 10:48:49,676 - INFO - [MISSING] ZMT: 2025-07-15 - 2025-07-17 (2 gün)
2025-07-17 10:48:49,676 - INFO - [MISSING] ZMY: 2025-07-15 - 2025-07-17 (2 gün)
2025-07-17 10:48:49,676 - INFO - [MISSING] ZP6: 2025-07-15 - 2025-07-17 (2 gün)
2025-07-17 10:48:49,676 - INFO - [MISSING] ZP8: 2025-07-15 - 2025-07-17 (2 gün)
2025-07-17 10:48:49,677 - INFO - [MISSING] ZP9: 2025-07-15 - 2025-07-17 (2 gün)
2025-07-17 10:48:49,677 - INFO - [MISSING] ZPA: 2025-07-15 - 2025-07-17 (2 gün)
2025-07-17 10:48:49,677 - INFO - [MISSING] ZPC: 2025-07-15 - 2025-07-17 (2 gün)
2025-07-17 10:48:49,677 - INFO - [MISSING] ZPE: 2025-07-15 - 2025-07-17 (2 gün)
2025-07-17 10:48:49,677 - INFO - [MISSING] ZPF: 2025-07-15 - 2025-07-17 (2 gün)
2025-07-17 10:48:49,677 - INFO - [MISSING] ZPG: 2025-07-15 - 2025-07-17 (2 gün)
2025-07-17 10:48:49,677 - INFO - [MISSING] ZSF: 2025-07-15 - 2025-07-17 (2 gün)
2025-07-17 10:48:49,678 - INFO - [MISSING] ZSG: 2025-07-15 - 2025-07-17 (2 gün)
2025-07-17 10:48:49,678 - INFO - [MISSING] ZVO: 2025-07-15 - 2025-07-17 (2 gün)
2025-07-17 10:48:49,678 - INFO - [ANALYSIS] 850 fonun 850 fondan eksik verisi var
2025-07-17 10:48:49,678 - INFO - [STATS] Toplam fon sayısı: 850
2025-07-17 10:48:49,678 - INFO - [STATS] Güncel fon sayısı: 0
2025-07-17 10:48:49,679 - INFO - [REPAIR] 850 fon için eksik veri indiriliyor...
2025-07-17 10:48:49,680 - INFO - [REPAIR] Seri mod
2025-07-17 10:48:49,680 - INFO - [REPAIR] AAK: 2025-07-15 00:00:00 - 2025-07-17 00:00:00
2025-07-17 10:48:49,730 - WARNING - Session başlatma deneme 1/3: ('Connection aborted.', ConnectionResetError(10054, 'An existing connection was forcibly closed by the remote host', None, 10054, None))
2025-07-17 10:48:52,659 - ERROR - Error getting fund detail (alternative) for AAK: Expecting value: line 1 column 1 (char 0)
2025-07-17 10:48:52,660 - INFO - AAK: Fon adından tahmin edilen kategori: Diğer Şemsiye Fonu
2025-07-17 10:48:52,660 - INFO - [REPAIR OK] AAK: 2 yeni kayıt
2025-07-17 10:48:52,660 - INFO - [REPAIR] AAL: 2025-07-15 00:00:00 - 2025-07-17 00:00:00
2025-07-17 10:48:54,790 - ERROR - Error getting fund detail (alternative) for AAL: Expecting value: line 1 column 1 (char 0)
2025-07-17 10:48:54,791 - INFO - AAL: Fon adından tahmin edilen kategori: Diğer Şemsiye Fonu
2025-07-17 10:48:54,791 - INFO - [REPAIR OK] AAL: 2 yeni kayıt
2025-07-17 10:48:54,791 - INFO - [REPAIR] AAS: 2025-07-15 00:00:00 - 2025-07-17 00:00:00
2025-07-17 10:48:57,263 - ERROR - Error getting fund detail (alternative) for AAS: Expecting value: line 1 column 1 (char 0)
2025-07-17 10:48:57,263 - INFO - AAS: Fon adından tahmin edilen kategori: Diğer Şemsiye Fonu
2025-07-17 10:48:57,263 - INFO - [REPAIR OK] AAS: 2 yeni kayıt
2025-07-17 10:48:57,264 - INFO - [REPAIR] AAV: 2025-07-15 00:00:00 - 2025-07-17 00:00:00
2025-07-17 10:48:58,964 - ERROR - Error getting fund detail (alternative) for AAV: Expecting value: line 1 column 1 (char 0)
2025-07-17 10:48:58,965 - INFO - AAV: Fon adından tahmin edilen kategori: Diğer Şemsiye Fonu
2025-07-17 10:48:58,965 - INFO - [REPAIR OK] AAV: 2 yeni kayıt
2025-07-17 10:48:58,965 - INFO - [REPAIR] AC1: 2025-07-15 00:00:00 - 2025-07-17 00:00:00
2025-07-17 10:49:00,786 - ERROR - Error getting fund detail (alternative) for AC1: Expecting value: line 1 column 1 (char 0)
2025-07-17 10:49:00,786 - INFO - AC1: Fon adından tahmin edilen kategori: Diğer Şemsiye Fonu
2025-07-17 10:49:00,787 - INFO - [REPAIR OK] AC1: 2 yeni kayıt
2025-07-17 10:49:00,787 - INFO - [REPAIR] AC4: 2025-07-15 00:00:00 - 2025-07-17 00:00:00
2025-07-17 10:49:03,056 - ERROR - Error getting fund detail (alternative) for AC4: Expecting value: line 1 column 1 (char 0)
2025-07-17 10:49:03,057 - INFO - AC4: Fon adından tahmin edilen kategori: Diğer Şemsiye Fonu
2025-07-17 10:49:03,057 - INFO - [REPAIR OK] AC4: 2 yeni kayıt
2025-07-17 10:49:03,057 - INFO - [REPAIR] AC5: 2025-07-15 00:00:00 - 2025-07-17 00:00:00
2025-07-17 10:49:04,548 - ERROR - Error getting fund detail (alternative) for AC5: Expecting value: line 1 column 1 (char 0)
2025-07-17 10:49:04,549 - INFO - AC5: Fon adından tahmin edilen kategori: Diğer Şemsiye Fonu
2025-07-17 10:49:04,549 - INFO - [REPAIR OK] AC5: 2 yeni kayıt
2025-07-17 10:49:04,549 - INFO - [REPAIR] AC6: 2025-07-15 00:00:00 - 2025-07-17 00:00:00
2025-07-17 10:49:06,425 - ERROR - Error getting fund detail (alternative) for AC6: Expecting value: line 1 column 1 (char 0)
2025-07-17 10:49:06,425 - INFO - AC6: Fon adından tahmin edilen kategori: Diğer Şemsiye Fonu
2025-07-17 10:49:06,425 - INFO - [REPAIR OK] AC6: 2 yeni kayıt
2025-07-17 10:49:06,426 - INFO - [REPAIR] ACC: 2025-07-15 00:00:00 - 2025-07-17 00:00:00
2025-07-17 10:49:08,411 - ERROR - Error getting fund detail (alternative) for ACC: Expecting value: line 1 column 1 (char 0)
2025-07-17 10:49:08,412 - INFO - ACC: Fon adından tahmin edilen kategori: Diğer Şemsiye Fonu
2025-07-17 10:49:08,412 - INFO - [REPAIR OK] ACC: 2 yeni kayıt
2025-07-17 10:49:08,412 - INFO - [REPAIR] ACD: 2025-07-15 00:00:00 - 2025-07-17 00:00:00
2025-07-17 10:49:10,729 - ERROR - Error getting fund detail (alternative) for ACD: Expecting value: line 1 column 1 (char 0)
2025-07-17 10:49:10,730 - INFO - ACD: Fon adından tahmin edilen kategori: Diğer Şemsiye Fonu
2025-07-17 10:49:10,730 - INFO - [REPAIR OK] ACD: 2 yeni kayıt
2025-07-17 10:49:10,730 - INFO - [REPAIR] ACU: 2025-07-15 00:00:00 - 2025-07-17 00:00:00
2025-07-17 10:49:11,888 - INFO - [STOP] Kullanıcı tarafından durduruldu
2025-07-17 10:49:11,888 - INFO - [MERGE] 20 yeni kayıt mevcut veriye ekleniyor...
2025-07-17 10:49:11,943 - INFO - [MERGE] Mevcut kayıt sayısı: 336037
2025-07-17 10:49:12,285 - INFO - [MERGE SUCCESS] Veri birleştirme tamamlandı!
2025-07-17 10:49:12,285 - INFO - [FILE] Dosya: data\tefas_full_2yrs.parquet
2025-07-17 10:49:12,285 - INFO - [STATS] Toplam kayıt: 336,057 (+20 yeni)
2025-07-17 10:49:12,285 - INFO - [FUNDS] Fon sayısı: 850
2025-07-17 10:49:12,285 - INFO - [DATE] Tarih aralığı: 2023-07-14 - 2025-07-17
2025-07-17 10:49:12,289 - INFO - [REPAIR COMPLETE] 10 fon başarıyla güncellendi
2025-07-17 10:49:12,290 - INFO - [REPAIR STATS] 20 yeni kayıt eklendi
