2025-07-17 10:58:42,016 - INFO - CMD: tefas_download_data_merged.py --repair --input data/tefas_full_2yrs.parquet --workers 2
2025-07-17 10:58:42,102 - INFO - ============================================================
2025-07-17 10:58:42,103 - INFO - TEFAS Fon Verisi İndirme Script'i (Merged)
2025-07-17 10:58:42,103 - INFO - ============================================================
2025-07-17 10:58:42,103 - INFO - Mod: Repair - Paralel (2 worker)
2025-07-17 10:58:42,103 - INFO - Input dosya: data/tefas_full_2yrs.parquet
2025-07-17 10:58:42,103 - INFO - ============================================================
2025-07-17 10:58:42,204 - INFO - [REPAIR MODE] Eksik veri tamamlama başlıyor...
2025-07-17 10:58:42,204 - INFO - [REPAIR] Mevcut veri analiz ediliyor: data\tefas_full_2yrs.parquet
2025-07-17 10:58:42,305 - INFO - [MISSING] AYA: 2025-07-15 - 2025-07-17 (2 gün)
2025-07-17 10:58:42,305 - INFO - [MISSING] AYR: 2025-07-15 - 2025-07-17 (2 gün)
2025-07-17 10:58:42,305 - INFO - [MISSING] BBF: 2025-07-15 - 2025-07-17 (2 gün)
2025-07-17 10:58:42,305 - INFO - [MISSING] BBP: 2025-07-15 - 2025-07-17 (2 gün)
2025-07-17 10:58:42,306 - INFO - [MISSING] BCK: 2025-07-15 - 2025-07-17 (2 gün)
2025-07-17 10:58:42,306 - INFO - [MISSING] BCO: 2025-07-15 - 2025-07-17 (2 gün)
2025-07-17 10:58:42,306 - INFO - [MISSING] BDS: 2025-07-15 - 2025-07-17 (2 gün)
2025-07-17 10:58:42,306 - INFO - [MISSING] BDY: 2025-07-15 - 2025-07-17 (2 gün)
2025-07-17 10:58:42,306 - INFO - [MISSING] BFE: 2025-07-15 - 2025-07-17 (2 gün)
2025-07-17 10:58:42,306 - INFO - [MISSING] BFT: 2025-07-15 - 2025-07-17 (2 gün)
2025-07-17 10:58:42,307 - INFO - [MISSING] BGP: 2025-07-15 - 2025-07-17 (2 gün)
2025-07-17 10:58:42,307 - INFO - [MISSING] BHA: 2025-07-15 - 2025-07-17 (2 gün)
2025-07-17 10:58:42,307 - INFO - [MISSING] BHF: 2025-07-15 - 2025-07-17 (2 gün)
2025-07-17 10:58:42,307 - INFO - [MISSING] BHI: 2025-07-15 - 2025-07-17 (2 gün)
2025-07-17 10:58:42,307 - INFO - [MISSING] BHL: 2025-07-15 - 2025-07-17 (2 gün)
2025-07-17 10:58:42,307 - INFO - [MISSING] BID: 2025-07-15 - 2025-07-17 (2 gün)
2025-07-17 10:58:42,308 - INFO - [MISSING] BIG: 2025-07-15 - 2025-07-17 (2 gün)
2025-07-17 10:58:42,308 - INFO - [MISSING] BIH: 2025-07-15 - 2025-07-17 (2 gün)
2025-07-17 10:58:42,308 - INFO - [MISSING] BIO: 2025-07-15 - 2025-07-17 (2 gün)
2025-07-17 10:58:42,308 - INFO - [MISSING] BIP: 2025-07-15 - 2025-07-17 (2 gün)
2025-07-17 10:58:42,308 - INFO - [MISSING] BIS: 2025-07-15 - 2025-07-17 (2 gün)
2025-07-17 10:58:42,308 - INFO - [MISSING] BLD: 2025-07-15 - 2025-07-17 (2 gün)
2025-07-17 10:58:42,308 - INFO - [MISSING] BLT: 2025-07-15 - 2025-07-17 (2 gün)
2025-07-17 10:58:42,309 - INFO - [MISSING] BNC: 2025-07-15 - 2025-07-17 (2 gün)
2025-07-17 10:58:42,309 - INFO - [MISSING] BNH: 2025-07-15 - 2025-07-17 (2 gün)
2025-07-17 10:58:42,309 - INFO - [MISSING] BOL: 2025-07-15 - 2025-07-17 (2 gün)
2025-07-17 10:58:42,309 - INFO - [MISSING] BPZ: 2025-07-15 - 2025-07-17 (2 gün)
2025-07-17 10:58:42,309 - INFO - [MISSING] BRF: 2025-07-15 - 2025-07-17 (2 gün)
2025-07-17 10:58:42,309 - INFO - [MISSING] BRR: 2025-07-15 - 2025-07-17 (2 gün)
2025-07-17 10:58:42,310 - INFO - [MISSING] BRT: 2025-07-15 - 2025-07-17 (2 gün)
2025-07-17 10:58:42,310 - INFO - [MISSING] BSH: 2025-07-15 - 2025-07-17 (2 gün)
2025-07-17 10:58:42,310 - INFO - [MISSING] BST: 2025-07-15 - 2025-07-17 (2 gün)
2025-07-17 10:58:42,310 - INFO - [MISSING] BTE: 2025-07-15 - 2025-07-17 (2 gün)
2025-07-17 10:58:42,310 - INFO - [MISSING] BTZ: 2025-07-15 - 2025-07-17 (2 gün)
2025-07-17 10:58:42,310 - INFO - [MISSING] BUL: 2025-07-15 - 2025-07-17 (2 gün)
2025-07-17 10:58:42,311 - INFO - [MISSING] BUV: 2025-07-15 - 2025-07-17 (2 gün)
2025-07-17 10:58:42,311 - INFO - [MISSING] BUY: 2025-07-15 - 2025-07-17 (2 gün)
2025-07-17 10:58:42,311 - INFO - [MISSING] BV1: 2025-07-15 - 2025-07-17 (2 gün)
2025-07-17 10:58:42,311 - INFO - [MISSING] BVM: 2025-07-15 - 2025-07-17 (2 gün)
2025-07-17 10:58:42,311 - INFO - [MISSING] BVV: 2025-07-15 - 2025-07-17 (2 gün)
2025-07-17 10:58:42,311 - INFO - [MISSING] BVZ: 2025-07-15 - 2025-07-17 (2 gün)
2025-07-17 10:58:42,311 - INFO - [MISSING] CFO: 2025-07-15 - 2025-07-17 (2 gün)
2025-07-17 10:58:42,312 - INFO - [MISSING] CIN: 2025-07-15 - 2025-07-17 (2 gün)
2025-07-17 10:58:42,312 - INFO - [MISSING] CKF: 2025-07-15 - 2025-07-17 (2 gün)
2025-07-17 10:58:42,312 - INFO - [MISSING] CKL: 2025-07-15 - 2025-07-17 (2 gün)
2025-07-17 10:58:42,312 - INFO - [MISSING] CKS: 2025-07-15 - 2025-07-17 (2 gün)
2025-07-17 10:58:42,312 - INFO - [MISSING] CPT: 2025-07-15 - 2025-07-17 (2 gün)
2025-07-17 10:58:42,312 - INFO - [MISSING] CPU: 2025-07-15 - 2025-07-17 (2 gün)
2025-07-17 10:58:42,313 - INFO - [MISSING] CVK: 2025-07-15 - 2025-07-17 (2 gün)
2025-07-17 10:58:42,313 - INFO - [MISSING] DAH: 2025-07-15 - 2025-07-17 (2 gün)
2025-07-17 10:58:42,313 - INFO - [MISSING] DAS: 2025-07-15 - 2025-07-17 (2 gün)
2025-07-17 10:58:42,313 - INFO - [MISSING] DBA: 2025-07-15 - 2025-07-17 (2 gün)
2025-07-17 10:58:42,313 - INFO - [MISSING] DBB: 2025-07-15 - 2025-07-17 (2 gün)
2025-07-17 10:58:42,313 - INFO - [MISSING] DBH: 2025-07-15 - 2025-07-17 (2 gün)
2025-07-17 10:58:42,313 - INFO - [MISSING] DBK: 2025-07-15 - 2025-07-17 (2 gün)
2025-07-17 10:58:42,314 - INFO - [MISSING] DBP: 2025-07-15 - 2025-07-17 (2 gün)
2025-07-17 10:58:42,314 - INFO - [MISSING] DBZ: 2025-07-15 - 2025-07-17 (2 gün)
2025-07-17 10:58:42,314 - INFO - [MISSING] DCB: 2025-07-15 - 2025-07-17 (2 gün)
2025-07-17 10:58:42,314 - INFO - [MISSING] DDA: 2025-07-15 - 2025-07-17 (2 gün)
2025-07-17 10:58:42,314 - INFO - [MISSING] DDF: 2025-07-15 - 2025-07-17 (2 gün)
2025-07-17 10:58:42,314 - INFO - [MISSING] DEF: 2025-07-15 - 2025-07-17 (2 gün)
2025-07-17 10:58:42,314 - INFO - [MISSING] DFC: 2025-07-15 - 2025-07-17 (2 gün)
2025-07-17 10:58:42,315 - INFO - [MISSING] DFD: 2025-07-15 - 2025-07-17 (2 gün)
2025-07-17 10:58:42,315 - INFO - [MISSING] DFI: 2025-07-15 - 2025-07-17 (2 gün)
2025-07-17 10:58:42,315 - INFO - [MISSING] DGH: 2025-07-15 - 2025-07-17 (2 gün)
2025-07-17 10:58:42,315 - INFO - [MISSING] DHJ: 2025-07-15 - 2025-07-17 (2 gün)
2025-07-17 10:58:42,315 - INFO - [MISSING] DHM: 2025-07-15 - 2025-07-17 (2 gün)
2025-07-17 10:58:42,315 - INFO - [MISSING] DID: 2025-07-15 - 2025-07-17 (2 gün)
2025-07-17 10:58:42,316 - INFO - [MISSING] DIP: 2025-07-15 - 2025-07-17 (2 gün)
2025-07-17 10:58:42,316 - INFO - [MISSING] DKH: 2025-07-15 - 2025-07-17 (2 gün)
2025-07-17 10:58:42,316 - INFO - [MISSING] DKL: 2025-07-15 - 2025-07-17 (2 gün)
2025-07-17 10:58:42,316 - INFO - [MISSING] DKR: 2025-07-15 - 2025-07-17 (2 gün)
2025-07-17 10:58:42,316 - INFO - [MISSING] DL2: 2025-07-15 - 2025-07-17 (2 gün)
2025-07-17 10:58:42,316 - INFO - [MISSING] DLD: 2025-07-15 - 2025-07-17 (2 gün)
2025-07-17 10:58:42,317 - INFO - [MISSING] DLY: 2025-07-15 - 2025-07-17 (2 gün)
2025-07-17 10:58:42,317 - INFO - [MISSING] DMG: 2025-07-15 - 2025-07-17 (2 gün)
2025-07-17 10:58:42,317 - INFO - [MISSING] DNK: 2025-07-15 - 2025-07-17 (2 gün)
2025-07-17 10:58:42,317 - INFO - [MISSING] DNM: 2025-07-15 - 2025-07-17 (2 gün)
2025-07-17 10:58:42,317 - INFO - [MISSING] DOH: 2025-07-15 - 2025-07-17 (2 gün)
2025-07-17 10:58:42,318 - INFO - [MISSING] DOL: 2025-07-15 - 2025-07-17 (2 gün)
2025-07-17 10:58:42,318 - INFO - [MISSING] DOV: 2025-07-15 - 2025-07-17 (2 gün)
2025-07-17 10:58:42,318 - INFO - [MISSING] DPB: 2025-07-15 - 2025-07-17 (2 gün)
2025-07-17 10:58:42,318 - INFO - [MISSING] DPK: 2025-07-15 - 2025-07-17 (2 gün)
2025-07-17 10:58:42,318 - INFO - [MISSING] DPT: 2025-07-15 - 2025-07-17 (2 gün)
2025-07-17 10:58:42,318 - INFO - [MISSING] DSD: 2025-07-15 - 2025-07-17 (2 gün)
2025-07-17 10:58:42,319 - INFO - [MISSING] DSP: 2025-07-15 - 2025-07-17 (2 gün)
2025-07-17 10:58:42,319 - INFO - [MISSING] DTL: 2025-07-15 - 2025-07-17 (2 gün)
2025-07-17 10:58:42,319 - INFO - [MISSING] DTM: 2025-07-15 - 2025-07-17 (2 gün)
2025-07-17 10:58:42,319 - INFO - [MISSING] DTZ: 2025-07-15 - 2025-07-17 (2 gün)
2025-07-17 10:58:42,319 - INFO - [MISSING] DUH: 2025-07-15 - 2025-07-17 (2 gün)
2025-07-17 10:58:42,319 - INFO - [MISSING] DUV: 2025-07-15 - 2025-07-17 (2 gün)
2025-07-17 10:58:42,319 - INFO - [MISSING] DVS: 2025-07-15 - 2025-07-17 (2 gün)
2025-07-17 10:58:42,320 - INFO - [MISSING] DVT: 2025-07-15 - 2025-07-17 (2 gün)
2025-07-17 10:58:42,320 - INFO - [MISSING] DXP: 2025-07-15 - 2025-07-17 (2 gün)
2025-07-17 10:58:42,320 - INFO - [MISSING] DYN: 2025-07-15 - 2025-07-17 (2 gün)
2025-07-17 10:58:42,320 - INFO - [MISSING] DZE: 2025-07-15 - 2025-07-17 (2 gün)
2025-07-17 10:58:42,320 - INFO - [MISSING] DZM: 2025-07-15 - 2025-07-17 (2 gün)
2025-07-17 10:58:42,320 - INFO - [MISSING] EBD: 2025-07-15 - 2025-07-17 (2 gün)
2025-07-17 10:58:42,320 - INFO - [MISSING] EC2: 2025-07-15 - 2025-07-17 (2 gün)
2025-07-17 10:58:42,321 - INFO - [MISSING] ECA: 2025-07-15 - 2025-07-17 (2 gün)
2025-07-17 10:58:42,321 - INFO - [MISSING] EDT: 2025-07-15 - 2025-07-17 (2 gün)
2025-07-17 10:58:42,321 - INFO - [MISSING] EDU: 2025-07-15 - 2025-07-17 (2 gün)
2025-07-17 10:58:42,321 - INFO - [MISSING] EIB: 2025-07-15 - 2025-07-17 (2 gün)
2025-07-17 10:58:42,321 - INFO - [MISSING] EIC: 2025-07-15 - 2025-07-17 (2 gün)
2025-07-17 10:58:42,321 - INFO - [MISSING] EID: 2025-07-15 - 2025-07-17 (2 gün)
2025-07-17 10:58:42,321 - INFO - [MISSING] EIL: 2025-07-15 - 2025-07-17 (2 gün)
2025-07-17 10:58:42,321 - INFO - [MISSING] EKF: 2025-07-15 - 2025-07-17 (2 gün)
2025-07-17 10:58:42,322 - INFO - [MISSING] ELZ: 2025-07-15 - 2025-07-17 (2 gün)
2025-07-17 10:58:42,322 - INFO - [MISSING] ENJ: 2025-07-15 - 2025-07-17 (2 gün)
2025-07-17 10:58:42,322 - INFO - [MISSING] ESG: 2025-07-15 - 2025-07-17 (2 gün)
2025-07-17 10:58:42,322 - INFO - [MISSING] ESP: 2025-07-15 - 2025-07-17 (2 gün)
2025-07-17 10:58:42,322 - INFO - [MISSING] EUN: 2025-07-15 - 2025-07-17 (2 gün)
2025-07-17 10:58:42,323 - INFO - [MISSING] EUZ: 2025-07-15 - 2025-07-17 (2 gün)
2025-07-17 10:58:42,323 - INFO - [MISSING] EYT: 2025-07-15 - 2025-07-17 (2 gün)
2025-07-17 10:58:42,323 - INFO - [MISSING] FBC: 2025-07-15 - 2025-07-17 (2 gün)
2025-07-17 10:58:42,323 - INFO - [MISSING] FBI: 2025-07-15 - 2025-07-17 (2 gün)
2025-07-17 10:58:42,323 - INFO - [MISSING] FBV: 2025-07-15 - 2025-07-17 (2 gün)
2025-07-17 10:58:42,323 - INFO - [MISSING] FBZ: 2025-07-15 - 2025-07-17 (2 gün)
2025-07-17 10:58:42,324 - INFO - [MISSING] FCK: 2025-07-15 - 2025-07-17 (2 gün)
2025-07-17 10:58:42,324 - INFO - [MISSING] FD1: 2025-07-15 - 2025-07-17 (2 gün)
2025-07-17 10:58:42,324 - INFO - [MISSING] FDG: 2025-07-15 - 2025-07-17 (2 gün)
2025-07-17 10:58:42,324 - INFO - [MISSING] FFH: 2025-07-15 - 2025-07-17 (2 gün)
2025-07-17 10:58:42,324 - INFO - [MISSING] FFP: 2025-07-15 - 2025-07-17 (2 gün)
2025-07-17 10:58:42,324 - INFO - [MISSING] FI3: 2025-07-15 - 2025-07-17 (2 gün)
2025-07-17 10:58:42,324 - INFO - [MISSING] FIB: 2025-07-15 - 2025-07-17 (2 gün)
2025-07-17 10:58:42,325 - INFO - [MISSING] FID: 2025-07-15 - 2025-07-17 (2 gün)
2025-07-17 10:58:42,325 - INFO - [MISSING] FIL: 2025-07-15 - 2025-07-17 (2 gün)
2025-07-17 10:58:42,325 - INFO - [MISSING] FIT: 2025-07-15 - 2025-07-17 (2 gün)
2025-07-17 10:58:42,325 - INFO - [MISSING] FJB: 2025-07-15 - 2025-07-17 (2 gün)
2025-07-17 10:58:42,325 - INFO - [MISSING] FJZ: 2025-07-15 - 2025-07-17 (2 gün)
2025-07-17 10:58:42,325 - INFO - [MISSING] FKE: 2025-07-15 - 2025-07-17 (2 gün)
2025-07-17 10:58:42,325 - INFO - [MISSING] FLS: 2025-07-15 - 2025-07-17 (2 gün)
2025-07-17 10:58:42,325 - INFO - [MISSING] FLY: 2025-07-15 - 2025-07-17 (2 gün)
2025-07-17 10:58:42,326 - INFO - [MISSING] FMG: 2025-07-15 - 2025-07-17 (2 gün)
2025-07-17 10:58:42,326 - INFO - [MISSING] FNO: 2025-07-15 - 2025-07-17 (2 gün)
2025-07-17 10:58:42,326 - INFO - [MISSING] FNT: 2025-07-15 - 2025-07-17 (2 gün)
2025-07-17 10:58:42,326 - INFO - [MISSING] FPE: 2025-07-15 - 2025-07-17 (2 gün)
2025-07-17 10:58:42,326 - INFO - [MISSING] FPG: 2025-07-15 - 2025-07-17 (2 gün)
2025-07-17 10:58:42,327 - INFO - [MISSING] FPH: 2025-07-15 - 2025-07-17 (2 gün)
2025-07-17 10:58:42,327 - INFO - [MISSING] FPI: 2025-07-15 - 2025-07-17 (2 gün)
2025-07-17 10:58:42,327 - INFO - [MISSING] FPK: 2025-07-15 - 2025-07-17 (2 gün)
2025-07-17 10:58:42,327 - INFO - [MISSING] FPZ: 2025-07-15 - 2025-07-17 (2 gün)
2025-07-17 10:58:42,327 - INFO - [MISSING] FRC: 2025-07-15 - 2025-07-17 (2 gün)
2025-07-17 10:58:42,327 - INFO - [MISSING] FS5: 2025-07-15 - 2025-07-17 (2 gün)
2025-07-17 10:58:42,328 - INFO - [MISSING] FS6: 2025-07-15 - 2025-07-17 (2 gün)
2025-07-17 10:58:42,328 - INFO - [MISSING] FSF: 2025-07-15 - 2025-07-17 (2 gün)
2025-07-17 10:58:42,328 - INFO - [MISSING] FSG: 2025-07-15 - 2025-07-17 (2 gün)
2025-07-17 10:58:42,328 - INFO - [MISSING] FSH: 2025-07-15 - 2025-07-17 (2 gün)
2025-07-17 10:58:42,328 - INFO - [MISSING] FSK: 2025-07-15 - 2025-07-17 (2 gün)
2025-07-17 10:58:42,328 - INFO - [MISSING] FSR: 2025-07-15 - 2025-07-17 (2 gün)
2025-07-17 10:58:42,328 - INFO - [MISSING] FTL: 2025-07-15 - 2025-07-17 (2 gün)
2025-07-17 10:58:42,328 - INFO - [MISSING] FUA: 2025-07-15 - 2025-07-17 (2 gün)
2025-07-17 10:58:42,329 - INFO - [MISSING] FUB: 2025-07-15 - 2025-07-17 (2 gün)
2025-07-17 10:58:42,329 - INFO - [MISSING] FYD: 2025-07-15 - 2025-07-17 (2 gün)
2025-07-17 10:58:42,329 - INFO - [MISSING] FYI: 2025-07-15 - 2025-07-17 (2 gün)
2025-07-17 10:58:42,329 - INFO - [MISSING] FYO: 2025-07-15 - 2025-07-17 (2 gün)
2025-07-17 10:58:42,329 - INFO - [MISSING] FZJ: 2025-07-15 - 2025-07-17 (2 gün)
2025-07-17 10:58:42,329 - INFO - [MISSING] FZP: 2025-07-15 - 2025-07-17 (2 gün)
2025-07-17 10:58:42,329 - INFO - [MISSING] GA1: 2025-07-15 - 2025-07-17 (2 gün)
2025-07-17 10:58:42,329 - INFO - [MISSING] GAE: 2025-07-15 - 2025-07-17 (2 gün)
2025-07-17 10:58:42,330 - INFO - [MISSING] GAF: 2025-07-15 - 2025-07-17 (2 gün)
2025-07-17 10:58:42,330 - INFO - [MISSING] GAG: 2025-07-15 - 2025-07-17 (2 gün)
2025-07-17 10:58:42,330 - INFO - [MISSING] GAH: 2025-07-15 - 2025-07-17 (2 gün)
2025-07-17 10:58:42,330 - INFO - [MISSING] GAS: 2025-07-15 - 2025-07-17 (2 gün)
2025-07-17 10:58:42,330 - INFO - [MISSING] GBC: 2025-07-15 - 2025-07-17 (2 gün)
2025-07-17 10:58:42,330 - INFO - [MISSING] GBG: 2025-07-15 - 2025-07-17 (2 gün)
2025-07-17 10:58:42,330 - INFO - [MISSING] GBH: 2025-07-15 - 2025-07-17 (2 gün)
2025-07-17 10:58:42,331 - INFO - [MISSING] GBJ: 2025-07-15 - 2025-07-17 (2 gün)
2025-07-17 10:58:42,331 - INFO - [MISSING] GBL: 2025-07-15 - 2025-07-17 (2 gün)
2025-07-17 10:58:42,331 - INFO - [MISSING] GBN: 2025-07-15 - 2025-07-17 (2 gün)
2025-07-17 10:58:42,331 - INFO - [MISSING] GBV: 2025-07-15 - 2025-07-17 (2 gün)
2025-07-17 10:58:42,331 - INFO - [MISSING] GBZ: 2025-07-15 - 2025-07-17 (2 gün)
2025-07-17 10:58:42,331 - INFO - [MISSING] GGK: 2025-07-15 - 2025-07-17 (2 gün)
2025-07-17 10:58:42,331 - INFO - [MISSING] GHS: 2025-07-15 - 2025-07-17 (2 gün)
2025-07-17 10:58:42,332 - INFO - [MISSING] GID: 2025-07-15 - 2025-07-17 (2 gün)
2025-07-17 10:58:42,332 - INFO - [MISSING] GIE: 2025-07-15 - 2025-07-17 (2 gün)
2025-07-17 10:58:42,332 - INFO - [MISSING] GIH: 2025-07-15 - 2025-07-17 (2 gün)
2025-07-17 10:58:42,332 - INFO - [MISSING] GJB: 2025-07-15 - 2025-07-17 (2 gün)
2025-07-17 10:58:42,332 - INFO - [MISSING] GKF: 2025-07-15 - 2025-07-17 (2 gün)
2025-07-17 10:58:42,332 - INFO - [MISSING] GKG: 2025-07-15 - 2025-07-17 (2 gün)
2025-07-17 10:58:42,332 - INFO - [MISSING] GKH: 2025-07-15 - 2025-07-17 (2 gün)
2025-07-17 10:58:42,333 - INFO - [MISSING] GKV: 2025-07-15 - 2025-07-17 (2 gün)
2025-07-17 10:58:42,333 - INFO - [MISSING] GL1: 2025-07-15 - 2025-07-17 (2 gün)
2025-07-17 10:58:42,333 - INFO - [MISSING] GLC: 2025-07-15 - 2025-07-17 (2 gün)
2025-07-17 10:58:42,333 - INFO - [MISSING] GLG: 2025-07-15 - 2025-07-17 (2 gün)
2025-07-17 10:58:42,333 - INFO - [MISSING] GLS: 2025-07-15 - 2025-07-17 (2 gün)
2025-07-17 10:58:42,333 - INFO - [MISSING] GMA: 2025-07-15 - 2025-07-17 (2 gün)
2025-07-17 10:58:42,333 - INFO - [MISSING] GMC: 2025-07-15 - 2025-07-17 (2 gün)
2025-07-17 10:58:42,333 - INFO - [MISSING] GMD: 2025-07-15 - 2025-07-17 (2 gün)
2025-07-17 10:58:42,333 - INFO - [MISSING] GMR: 2025-07-15 - 2025-07-17 (2 gün)
2025-07-17 10:58:42,333 - INFO - [MISSING] GNH: 2025-07-15 - 2025-07-17 (2 gün)
2025-07-17 10:58:42,334 - INFO - [MISSING] GNS: 2025-07-15 - 2025-07-17 (2 gün)
2025-07-17 10:58:42,334 - INFO - [MISSING] GO1: 2025-07-15 - 2025-07-17 (2 gün)
2025-07-17 10:58:42,334 - INFO - [MISSING] GO2: 2025-07-15 - 2025-07-17 (2 gün)
2025-07-17 10:58:42,334 - INFO - [MISSING] GO3: 2025-07-15 - 2025-07-17 (2 gün)
2025-07-17 10:58:42,334 - INFO - [MISSING] GO4: 2025-07-15 - 2025-07-17 (2 gün)
2025-07-17 10:58:42,334 - INFO - [MISSING] GO6: 2025-07-15 - 2025-07-17 (2 gün)
2025-07-17 10:58:42,335 - INFO - [MISSING] GO9: 2025-07-15 - 2025-07-17 (2 gün)
2025-07-17 10:58:42,335 - INFO - [MISSING] GOH: 2025-07-15 - 2025-07-17 (2 gün)
2025-07-17 10:58:42,335 - INFO - [MISSING] GOL: 2025-07-15 - 2025-07-17 (2 gün)
2025-07-17 10:58:42,335 - INFO - [MISSING] GPA: 2025-07-15 - 2025-07-17 (2 gün)
2025-07-17 10:58:42,335 - INFO - [MISSING] GPB: 2025-07-15 - 2025-07-17 (2 gün)
2025-07-17 10:58:42,335 - INFO - [MISSING] GPC: 2025-07-15 - 2025-07-17 (2 gün)
2025-07-17 10:58:42,336 - INFO - [MISSING] GPF: 2025-07-15 - 2025-07-17 (2 gün)
2025-07-17 10:58:42,336 - INFO - [MISSING] GPG: 2025-07-15 - 2025-07-17 (2 gün)
2025-07-17 10:58:42,336 - INFO - [MISSING] GPI: 2025-07-15 - 2025-07-17 (2 gün)
2025-07-17 10:58:42,336 - INFO - [MISSING] GPL: 2025-07-15 - 2025-07-17 (2 gün)
2025-07-17 10:58:42,336 - INFO - [MISSING] GPT: 2025-07-15 - 2025-07-17 (2 gün)
2025-07-17 10:58:42,336 - INFO - [MISSING] GPU: 2025-07-15 - 2025-07-17 (2 gün)
2025-07-17 10:58:42,336 - INFO - [MISSING] GPZ: 2025-07-15 - 2025-07-17 (2 gün)
2025-07-17 10:58:42,336 - INFO - [MISSING] GRL: 2025-07-15 - 2025-07-17 (2 gün)
2025-07-17 10:58:42,337 - INFO - [MISSING] GRO: 2025-07-15 - 2025-07-17 (2 gün)
2025-07-17 10:58:42,337 - INFO - [MISSING] GRT: 2025-07-15 - 2025-07-17 (2 gün)
2025-07-17 10:58:42,337 - INFO - [MISSING] GSP: 2025-07-15 - 2025-07-17 (2 gün)
2025-07-17 10:58:42,337 - INFO - [MISSING] GTA: 2025-07-15 - 2025-07-17 (2 gün)
2025-07-17 10:58:42,337 - INFO - [MISSING] GTF: 2025-07-15 - 2025-07-17 (2 gün)
2025-07-17 10:58:42,337 - INFO - [MISSING] GTH: 2025-07-15 - 2025-07-17 (2 gün)
2025-07-17 10:58:42,337 - INFO - [MISSING] GTM: 2025-07-15 - 2025-07-17 (2 gün)
2025-07-17 10:58:42,337 - INFO - [MISSING] GTY: 2025-07-15 - 2025-07-17 (2 gün)
2025-07-17 10:58:42,338 - INFO - [MISSING] GTZ: 2025-07-15 - 2025-07-17 (2 gün)
2025-07-17 10:58:42,338 - INFO - [MISSING] GUB: 2025-07-15 - 2025-07-17 (2 gün)
2025-07-17 10:58:42,338 - INFO - [MISSING] GUH: 2025-07-15 - 2025-07-17 (2 gün)
2025-07-17 10:58:42,338 - INFO - [MISSING] GUM: 2025-07-15 - 2025-07-17 (2 gün)
2025-07-17 10:58:42,338 - INFO - [MISSING] GUV: 2025-07-15 - 2025-07-17 (2 gün)
2025-07-17 10:58:42,338 - INFO - [MISSING] GVA: 2025-07-15 - 2025-07-17 (2 gün)
2025-07-17 10:58:42,338 - INFO - [MISSING] GVI: 2025-07-15 - 2025-07-17 (2 gün)
2025-07-17 10:58:42,339 - INFO - [MISSING] GYK: 2025-07-15 - 2025-07-17 (2 gün)
2025-07-17 10:58:42,339 - INFO - [MISSING] GZE: 2025-07-15 - 2025-07-17 (2 gün)
2025-07-17 10:58:42,339 - INFO - [MISSING] GZG: 2025-07-15 - 2025-07-17 (2 gün)
2025-07-17 10:58:42,339 - INFO - [MISSING] GZH: 2025-07-15 - 2025-07-17 (2 gün)
2025-07-17 10:58:42,339 - INFO - [MISSING] GZJ: 2025-07-15 - 2025-07-17 (2 gün)
2025-07-17 10:58:42,339 - INFO - [MISSING] GZL: 2025-07-15 - 2025-07-17 (2 gün)
2025-07-17 10:58:42,340 - INFO - [MISSING] GZM: 2025-07-15 - 2025-07-17 (2 gün)
2025-07-17 10:58:42,340 - INFO - [MISSING] GZN: 2025-07-15 - 2025-07-17 (2 gün)
2025-07-17 10:58:42,340 - INFO - [MISSING] GZP: 2025-07-15 - 2025-07-17 (2 gün)
2025-07-17 10:58:42,340 - INFO - [MISSING] GZR: 2025-07-15 - 2025-07-17 (2 gün)
2025-07-17 10:58:42,340 - INFO - [MISSING] GZV: 2025-07-15 - 2025-07-17 (2 gün)
2025-07-17 10:58:42,340 - INFO - [MISSING] GZY: 2025-07-15 - 2025-07-17 (2 gün)
2025-07-17 10:58:42,340 - INFO - [MISSING] GZZ: 2025-07-15 - 2025-07-17 (2 gün)
2025-07-17 10:58:42,341 - INFO - [MISSING] HAM: 2025-07-15 - 2025-07-17 (2 gün)
2025-07-17 10:58:42,341 - INFO - [MISSING] HAT: 2025-07-15 - 2025-07-17 (2 gün)
2025-07-17 10:58:42,341 - INFO - [MISSING] HBF: 2025-07-15 - 2025-07-17 (2 gün)
2025-07-17 10:58:42,341 - INFO - [MISSING] HBN: 2025-07-15 - 2025-07-17 (2 gün)
2025-07-17 10:58:42,341 - INFO - [MISSING] HBU: 2025-07-15 - 2025-07-17 (2 gün)
2025-07-17 10:58:42,341 - INFO - [MISSING] HDA: 2025-07-15 - 2025-07-17 (2 gün)
2025-07-17 10:58:42,341 - INFO - [MISSING] HDK: 2025-07-15 - 2025-07-17 (2 gün)
2025-07-17 10:58:42,341 - INFO - [MISSING] HEH: 2025-07-15 - 2025-07-17 (2 gün)
2025-07-17 10:58:42,342 - INFO - [MISSING] HFI: 2025-07-15 - 2025-07-17 (2 gün)
2025-07-17 10:58:42,342 - INFO - [MISSING] HGM: 2025-07-15 - 2025-07-17 (2 gün)
2025-07-17 10:58:42,342 - INFO - [MISSING] HGV: 2025-07-15 - 2025-07-17 (2 gün)
2025-07-17 10:58:42,342 - INFO - [MISSING] HIA: 2025-07-15 - 2025-07-17 (2 gün)
2025-07-17 10:58:42,342 - INFO - [MISSING] HIH: 2025-07-15 - 2025-07-17 (2 gün)
2025-07-17 10:58:42,342 - INFO - [MISSING] HIM: 2025-07-15 - 2025-07-17 (2 gün)
2025-07-17 10:58:42,342 - INFO - [MISSING] HIZ: 2025-07-15 - 2025-07-17 (2 gün)
2025-07-17 10:58:42,343 - INFO - [MISSING] HJB: 2025-07-15 - 2025-07-17 (2 gün)
2025-07-17 10:58:42,343 - INFO - [MISSING] HKG: 2025-07-15 - 2025-07-17 (2 gün)
2025-07-17 10:58:42,343 - INFO - [MISSING] HKH: 2025-07-15 - 2025-07-17 (2 gün)
2025-07-17 10:58:42,343 - INFO - [MISSING] HKM: 2025-07-15 - 2025-07-17 (2 gün)
2025-07-17 10:58:42,343 - INFO - [MISSING] HKR: 2025-07-15 - 2025-07-17 (2 gün)
2025-07-17 10:58:42,344 - INFO - [MISSING] HMC: 2025-07-15 - 2025-07-17 (2 gün)
2025-07-17 10:58:42,344 - INFO - [MISSING] HMG: 2025-07-15 - 2025-07-17 (2 gün)
2025-07-17 10:58:42,344 - INFO - [MISSING] HML: 2025-07-15 - 2025-07-17 (2 gün)
2025-07-17 10:58:42,344 - INFO - [MISSING] HMS: 2025-07-15 - 2025-07-17 (2 gün)
2025-07-17 10:58:42,344 - INFO - [MISSING] HNC: 2025-07-15 - 2025-07-17 (2 gün)
2025-07-17 10:58:42,344 - INFO - [MISSING] HOA: 2025-07-15 - 2025-07-17 (2 gün)
2025-07-17 10:58:42,345 - INFO - [MISSING] HOY: 2025-07-15 - 2025-07-17 (2 gün)
2025-07-17 10:58:42,345 - INFO - [MISSING] HP3: 2025-07-15 - 2025-07-17 (2 gün)
2025-07-17 10:58:42,345 - INFO - [MISSING] HPD: 2025-07-15 - 2025-07-17 (2 gün)
2025-07-17 10:58:42,345 - INFO - [MISSING] HPH: 2025-07-15 - 2025-07-17 (2 gün)
2025-07-17 10:58:42,345 - INFO - [MISSING] HPO: 2025-07-15 - 2025-07-17 (2 gün)
2025-07-17 10:58:42,345 - INFO - [MISSING] HPT: 2025-07-15 - 2025-07-17 (2 gün)
2025-07-17 10:58:42,345 - INFO - [MISSING] HRZ: 2025-07-15 - 2025-07-17 (2 gün)
2025-07-17 10:58:42,346 - INFO - [MISSING] HSA: 2025-07-15 - 2025-07-17 (2 gün)
2025-07-17 10:58:42,346 - INFO - [MISSING] HSL: 2025-07-15 - 2025-07-17 (2 gün)
2025-07-17 10:58:42,346 - INFO - [MISSING] HST: 2025-07-15 - 2025-07-17 (2 gün)
2025-07-17 10:58:42,346 - INFO - [MISSING] HTJ: 2025-07-15 - 2025-07-17 (2 gün)
2025-07-17 10:58:42,346 - INFO - [MISSING] HVK: 2025-07-15 - 2025-07-17 (2 gün)
2025-07-17 10:58:42,346 - INFO - [MISSING] HVS: 2025-07-15 - 2025-07-17 (2 gün)
2025-07-17 10:58:42,346 - INFO - [MISSING] HVT: 2025-07-15 - 2025-07-17 (2 gün)
2025-07-17 10:58:42,346 - INFO - [MISSING] HVU: 2025-07-15 - 2025-07-17 (2 gün)
2025-07-17 10:58:42,347 - INFO - [MISSING] HVZ: 2025-07-15 - 2025-07-17 (2 gün)
2025-07-17 10:58:42,347 - INFO - [MISSING] HYP: 2025-07-15 - 2025-07-17 (2 gün)
2025-07-17 10:58:42,347 - INFO - [MISSING] HYU: 2025-07-15 - 2025-07-17 (2 gün)
2025-07-17 10:58:42,347 - INFO - [MISSING] HYV: 2025-07-15 - 2025-07-17 (2 gün)
2025-07-17 10:58:42,347 - INFO - [MISSING] IAE: 2025-07-15 - 2025-07-17 (2 gün)
2025-07-17 10:58:42,348 - INFO - [MISSING] IAM: 2025-07-15 - 2025-07-17 (2 gün)
2025-07-17 10:58:42,348 - INFO - [MISSING] IAT: 2025-07-15 - 2025-07-17 (2 gün)
2025-07-17 10:58:42,348 - INFO - [MISSING] IAU: 2025-07-15 - 2025-07-17 (2 gün)
2025-07-17 10:58:42,348 - INFO - [MISSING] IAY: 2025-07-15 - 2025-07-17 (2 gün)
2025-07-17 10:58:42,348 - INFO - [MISSING] IBB: 2025-07-15 - 2025-07-17 (2 gün)
2025-07-17 10:58:42,348 - INFO - [MISSING] ICA: 2025-07-15 - 2025-07-17 (2 gün)
2025-07-17 10:58:42,348 - INFO - [MISSING] ICC: 2025-07-15 - 2025-07-17 (2 gün)
2025-07-17 10:58:42,349 - INFO - [MISSING] ICD: 2025-07-15 - 2025-07-17 (2 gün)
2025-07-17 10:58:42,349 - INFO - [MISSING] ICE: 2025-07-15 - 2025-07-17 (2 gün)
2025-07-17 10:58:42,349 - INFO - [MISSING] ICF: 2025-07-15 - 2025-07-17 (2 gün)
2025-07-17 10:58:42,349 - INFO - [MISSING] ICH: 2025-07-15 - 2025-07-17 (2 gün)
2025-07-17 10:58:42,349 - INFO - [MISSING] ICS: 2025-07-15 - 2025-07-17 (2 gün)
2025-07-17 10:58:42,349 - INFO - [MISSING] ICV: 2025-07-15 - 2025-07-17 (2 gün)
2025-07-17 10:58:42,350 - INFO - [MISSING] ICZ: 2025-07-15 - 2025-07-17 (2 gün)
2025-07-17 10:58:42,350 - INFO - [MISSING] IDD: 2025-07-15 - 2025-07-17 (2 gün)
2025-07-17 10:58:42,350 - INFO - [MISSING] IDF: 2025-07-15 - 2025-07-17 (2 gün)
2025-07-17 10:58:42,350 - INFO - [MISSING] IDH: 2025-07-15 - 2025-07-17 (2 gün)
2025-07-17 10:58:42,350 - INFO - [MISSING] IDI: 2025-07-15 - 2025-07-17 (2 gün)
2025-07-17 10:58:42,350 - INFO - [MISSING] IDL: 2025-07-15 - 2025-07-17 (2 gün)
2025-07-17 10:58:42,351 - INFO - [MISSING] IDO: 2025-07-15 - 2025-07-17 (2 gün)
2025-07-17 10:58:42,351 - INFO - [MISSING] IDY: 2025-07-15 - 2025-07-17 (2 gün)
2025-07-17 10:58:42,351 - INFO - [MISSING] IEV: 2025-07-15 - 2025-07-17 (2 gün)
2025-07-17 10:58:42,351 - INFO - [MISSING] IFN: 2025-07-15 - 2025-07-17 (2 gün)
2025-07-17 10:58:42,351 - INFO - [MISSING] IFV: 2025-07-15 - 2025-07-17 (2 gün)
2025-07-17 10:58:42,352 - INFO - [MISSING] IHA: 2025-07-15 - 2025-07-17 (2 gün)
2025-07-17 10:58:42,352 - INFO - [MISSING] IHC: 2025-07-15 - 2025-07-17 (2 gün)
2025-07-17 10:58:42,352 - INFO - [MISSING] IHK: 2025-07-15 - 2025-07-17 (2 gün)
2025-07-17 10:58:42,352 - INFO - [MISSING] IHP: 2025-07-15 - 2025-07-17 (2 gün)
2025-07-17 10:58:42,352 - INFO - [MISSING] IHT: 2025-07-15 - 2025-07-17 (2 gün)
2025-07-17 10:58:42,352 - INFO - [MISSING] IHZ: 2025-07-15 - 2025-07-17 (2 gün)
2025-07-17 10:58:42,352 - INFO - [MISSING] IIE: 2025-07-15 - 2025-07-17 (2 gün)
2025-07-17 10:58:42,353 - INFO - [MISSING] IIH: 2025-07-15 - 2025-07-17 (2 gün)
2025-07-17 10:58:42,353 - INFO - [MISSING] IJA: 2025-07-15 - 2025-07-17 (2 gün)
2025-07-17 10:58:42,353 - INFO - [MISSING] IJB: 2025-07-15 - 2025-07-17 (2 gün)
2025-07-17 10:58:42,353 - INFO - [MISSING] IJC: 2025-07-15 - 2025-07-17 (2 gün)
2025-07-17 10:58:42,353 - INFO - [MISSING] IJH: 2025-07-15 - 2025-07-17 (2 gün)
2025-07-17 10:58:42,353 - INFO - [MISSING] IJP: 2025-07-15 - 2025-07-17 (2 gün)
2025-07-17 10:58:42,354 - INFO - [MISSING] IJT: 2025-07-15 - 2025-07-17 (2 gün)
2025-07-17 10:58:42,354 - INFO - [MISSING] IJV: 2025-07-15 - 2025-07-17 (2 gün)
2025-07-17 10:58:42,354 - INFO - [MISSING] IJZ: 2025-07-15 - 2025-07-17 (2 gün)
2025-07-17 10:58:42,354 - INFO - [MISSING] IKL: 2025-07-15 - 2025-07-17 (2 gün)
2025-07-17 10:58:42,354 - INFO - [MISSING] IKP: 2025-07-15 - 2025-07-17 (2 gün)
2025-07-17 10:58:42,354 - INFO - [MISSING] IKV: 2025-07-15 - 2025-07-17 (2 gün)
2025-07-17 10:58:42,354 - INFO - [MISSING] ILZ: 2025-07-15 - 2025-07-17 (2 gün)
2025-07-17 10:58:42,354 - INFO - [MISSING] IMB: 2025-07-15 - 2025-07-17 (2 gün)
2025-07-17 10:58:42,355 - INFO - [MISSING] IMF: 2025-07-15 - 2025-07-17 (2 gün)
2025-07-17 10:58:42,355 - INFO - [MISSING] IML: 2025-07-15 - 2025-07-17 (2 gün)
2025-07-17 10:58:42,355 - INFO - [MISSING] IOG: 2025-07-15 - 2025-07-17 (2 gün)
2025-07-17 10:58:42,355 - INFO - [MISSING] IOO: 2025-07-15 - 2025-07-17 (2 gün)
2025-07-17 10:58:42,355 - INFO - [MISSING] IPB: 2025-07-15 - 2025-07-17 (2 gün)
2025-07-17 10:58:42,356 - INFO - [MISSING] IPG: 2025-07-15 - 2025-07-17 (2 gün)
2025-07-17 10:58:42,356 - INFO - [MISSING] IPJ: 2025-07-15 - 2025-07-17 (2 gün)
2025-07-17 10:58:42,356 - INFO - [MISSING] IPV: 2025-07-15 - 2025-07-17 (2 gün)
2025-07-17 10:58:42,356 - INFO - [MISSING] IRF: 2025-07-15 - 2025-07-17 (2 gün)
2025-07-17 10:58:42,356 - INFO - [MISSING] IRO: 2025-07-15 - 2025-07-17 (2 gün)
2025-07-17 10:58:42,356 - INFO - [MISSING] IRT: 2025-07-15 - 2025-07-17 (2 gün)
2025-07-17 10:58:42,357 - INFO - [MISSING] IRV: 2025-07-15 - 2025-07-17 (2 gün)
2025-07-17 10:58:42,357 - INFO - [MISSING] IRY: 2025-07-15 - 2025-07-17 (2 gün)
2025-07-17 10:58:42,357 - INFO - [MISSING] IST: 2025-07-15 - 2025-07-17 (2 gün)
2025-07-17 10:58:42,357 - INFO - [MISSING] ITP: 2025-07-15 - 2025-07-17 (2 gün)
2025-07-17 10:58:42,357 - INFO - [MISSING] IUF: 2025-07-15 - 2025-07-17 (2 gün)
2025-07-17 10:58:42,357 - INFO - [MISSING] IUH: 2025-07-15 - 2025-07-17 (2 gün)
2025-07-17 10:58:42,357 - INFO - [MISSING] IUV: 2025-07-15 - 2025-07-17 (2 gün)
2025-07-17 10:58:42,358 - INFO - [MISSING] IV8: 2025-07-15 - 2025-07-17 (2 gün)
2025-07-17 10:58:42,358 - INFO - [MISSING] IVF: 2025-07-15 - 2025-07-17 (2 gün)
2025-07-17 10:58:42,358 - INFO - [MISSING] IVY: 2025-07-15 - 2025-07-17 (2 gün)
2025-07-17 10:58:42,358 - INFO - [MISSING] IYB: 2025-07-15 - 2025-07-17 (2 gün)
2025-07-17 10:58:42,358 - INFO - [MISSING] IZB: 2025-07-15 - 2025-07-17 (2 gün)
2025-07-17 10:58:42,358 - INFO - [MISSING] IZF: 2025-07-15 - 2025-07-17 (2 gün)
2025-07-17 10:58:42,358 - INFO - [MISSING] IZS: 2025-07-15 - 2025-07-17 (2 gün)
2025-07-17 10:58:42,358 - INFO - [MISSING] JET: 2025-07-15 - 2025-07-17 (2 gün)
2025-07-17 10:58:42,358 - INFO - [MISSING] JUP: 2025-07-15 - 2025-07-17 (2 gün)
2025-07-17 10:58:42,359 - INFO - [MISSING] KAV: 2025-07-15 - 2025-07-17 (2 gün)
2025-07-17 10:58:42,359 - INFO - [MISSING] KCL: 2025-07-15 - 2025-07-17 (2 gün)
2025-07-17 10:58:42,359 - INFO - [MISSING] KCV: 2025-07-15 - 2025-07-17 (2 gün)
2025-07-17 10:58:42,359 - INFO - [MISSING] KDE: 2025-07-15 - 2025-07-17 (2 gün)
2025-07-17 10:58:42,359 - INFO - [MISSING] KDL: 2025-07-15 - 2025-07-17 (2 gün)
2025-07-17 10:58:42,359 - INFO - [MISSING] KDT: 2025-07-15 - 2025-07-17 (2 gün)
2025-07-17 10:58:42,360 - INFO - [MISSING] KGM: 2025-07-15 - 2025-07-17 (2 gün)
2025-07-17 10:58:42,360 - INFO - [MISSING] KHA: 2025-07-15 - 2025-07-17 (2 gün)
2025-07-17 10:58:42,360 - INFO - [MISSING] KHB: 2025-07-15 - 2025-07-17 (2 gün)
2025-07-17 10:58:42,360 - INFO - [MISSING] KHC: 2025-07-15 - 2025-07-17 (2 gün)
2025-07-17 10:58:42,360 - INFO - [MISSING] KHJ: 2025-07-15 - 2025-07-17 (2 gün)
2025-07-17 10:58:42,361 - INFO - [MISSING] KHT: 2025-07-15 - 2025-07-17 (2 gün)
2025-07-17 10:58:42,361 - INFO - [MISSING] KIA: 2025-07-15 - 2025-07-17 (2 gün)
2025-07-17 10:58:42,361 - INFO - [MISSING] KIB: 2025-07-15 - 2025-07-17 (2 gün)
2025-07-17 10:58:42,361 - INFO - [MISSING] KID: 2025-07-15 - 2025-07-17 (2 gün)
2025-07-17 10:58:42,361 - INFO - [MISSING] KIE: 2025-07-15 - 2025-07-17 (2 gün)
2025-07-17 10:58:42,361 - INFO - [MISSING] KIF: 2025-07-15 - 2025-07-17 (2 gün)
2025-07-17 10:58:42,361 - INFO - [MISSING] KIH: 2025-07-15 - 2025-07-17 (2 gün)
2025-07-17 10:58:42,361 - INFO - [MISSING] KIS: 2025-07-15 - 2025-07-17 (2 gün)
2025-07-17 10:58:42,362 - INFO - [MISSING] KKC: 2025-07-15 - 2025-07-17 (2 gün)
2025-07-17 10:58:42,362 - INFO - [MISSING] KKH: 2025-07-15 - 2025-07-17 (2 gün)
2025-07-17 10:58:42,362 - INFO - [MISSING] KKL: 2025-07-15 - 2025-07-17 (2 gün)
2025-07-17 10:58:42,362 - INFO - [MISSING] KLH: 2025-07-15 - 2025-07-17 (2 gün)
2025-07-17 10:58:42,362 - INFO - [MISSING] KLS: 2025-07-15 - 2025-07-17 (2 gün)
2025-07-17 10:58:42,362 - INFO - [MISSING] KLU: 2025-07-15 - 2025-07-17 (2 gün)
2025-07-17 10:58:42,362 - INFO - [MISSING] KME: 2025-07-15 - 2025-07-17 (2 gün)
2025-07-17 10:58:42,362 - INFO - [MISSING] KMF: 2025-07-15 - 2025-07-17 (2 gün)
2025-07-17 10:58:42,363 - INFO - [MISSING] KNJ: 2025-07-15 - 2025-07-17 (2 gün)
2025-07-17 10:58:42,363 - INFO - [MISSING] KOT: 2025-07-15 - 2025-07-17 (2 gün)
2025-07-17 10:58:42,363 - INFO - [MISSING] KP3: 2025-07-15 - 2025-07-17 (2 gün)
2025-07-17 10:58:42,363 - INFO - [MISSING] KPA: 2025-07-15 - 2025-07-17 (2 gün)
2025-07-17 10:58:42,363 - INFO - [MISSING] KPC: 2025-07-15 - 2025-07-17 (2 gün)
2025-07-17 10:58:42,363 - INFO - [MISSING] KPD: 2025-07-15 - 2025-07-17 (2 gün)
2025-07-17 10:58:42,363 - INFO - [MISSING] KPF: 2025-07-15 - 2025-07-17 (2 gün)
2025-07-17 10:58:42,364 - INFO - [MISSING] KPH: 2025-07-15 - 2025-07-17 (2 gün)
2025-07-17 10:58:42,364 - INFO - [MISSING] KPP: 2025-07-15 - 2025-07-17 (2 gün)
2025-07-17 10:58:42,364 - INFO - [MISSING] KPU: 2025-07-15 - 2025-07-17 (2 gün)
2025-07-17 10:58:42,364 - INFO - [MISSING] KRA: 2025-07-15 - 2025-07-17 (2 gün)
2025-07-17 10:58:42,364 - INFO - [MISSING] KRC: 2025-07-15 - 2025-07-17 (2 gün)
2025-07-17 10:58:42,364 - INFO - [MISSING] KRF: 2025-07-15 - 2025-07-17 (2 gün)
2025-07-17 10:58:42,365 - INFO - [MISSING] KRS: 2025-07-15 - 2025-07-17 (2 gün)
2025-07-17 10:58:42,365 - INFO - [MISSING] KRT: 2025-07-15 - 2025-07-17 (2 gün)
2025-07-17 10:58:42,365 - INFO - [MISSING] KSA: 2025-07-15 - 2025-07-17 (2 gün)
2025-07-17 10:58:42,365 - INFO - [MISSING] KSK: 2025-07-15 - 2025-07-17 (2 gün)
2025-07-17 10:58:42,365 - INFO - [MISSING] KSR: 2025-07-15 - 2025-07-17 (2 gün)
2025-07-17 10:58:42,365 - INFO - [MISSING] KST: 2025-07-15 - 2025-07-17 (2 gün)
2025-07-17 10:58:42,366 - INFO - [MISSING] KSV: 2025-07-15 - 2025-07-17 (2 gün)
2025-07-17 10:58:42,366 - INFO - [MISSING] KTI: 2025-07-15 - 2025-07-17 (2 gün)
2025-07-17 10:58:42,366 - INFO - [MISSING] KTJ: 2025-07-15 - 2025-07-17 (2 gün)
2025-07-17 10:58:42,366 - INFO - [MISSING] KTM: 2025-07-15 - 2025-07-17 (2 gün)
2025-07-17 10:58:42,366 - INFO - [MISSING] KTN: 2025-07-15 - 2025-07-17 (2 gün)
2025-07-17 10:58:42,366 - INFO - [MISSING] KTR: 2025-07-15 - 2025-07-17 (2 gün)
2025-07-17 10:58:42,366 - INFO - [MISSING] KTS: 2025-07-15 - 2025-07-17 (2 gün)
2025-07-17 10:58:42,366 - INFO - [MISSING] KTT: 2025-07-15 - 2025-07-17 (2 gün)
2025-07-17 10:58:42,367 - INFO - [MISSING] KTV: 2025-07-15 - 2025-07-17 (2 gün)
2025-07-17 10:58:42,367 - INFO - [MISSING] KUA: 2025-07-15 - 2025-07-17 (2 gün)
2025-07-17 10:58:42,367 - INFO - [MISSING] KUB: 2025-07-15 - 2025-07-17 (2 gün)
2025-07-17 10:58:42,367 - INFO - [MISSING] KUD: 2025-07-15 - 2025-07-17 (2 gün)
2025-07-17 10:58:42,367 - INFO - [MISSING] KUT: 2025-07-15 - 2025-07-17 (2 gün)
2025-07-17 10:58:42,367 - INFO - [MISSING] KVS: 2025-07-15 - 2025-07-17 (2 gün)
2025-07-17 10:58:42,367 - INFO - [MISSING] KVT: 2025-07-15 - 2025-07-17 (2 gün)
2025-07-17 10:58:42,367 - INFO - [MISSING] KYA: 2025-07-15 - 2025-07-17 (2 gün)
2025-07-17 10:58:42,368 - INFO - [MISSING] KYS: 2025-07-15 - 2025-07-17 (2 gün)
2025-07-17 10:58:42,368 - INFO - [MISSING] KZL: 2025-07-15 - 2025-07-17 (2 gün)
2025-07-17 10:58:42,368 - INFO - [MISSING] KZU: 2025-07-15 - 2025-07-17 (2 gün)
2025-07-17 10:58:42,368 - INFO - [MISSING] LID: 2025-07-15 - 2025-07-17 (2 gün)
2025-07-17 10:58:42,368 - INFO - [MISSING] LLA: 2025-07-15 - 2025-07-17 (2 gün)
2025-07-17 10:58:42,368 - INFO - [MISSING] LPH: 2025-07-15 - 2025-07-17 (2 gün)
2025-07-17 10:58:42,369 - INFO - [MISSING] MAC: 2025-07-15 - 2025-07-17 (2 gün)
2025-07-17 10:58:42,369 - INFO - [MISSING] MAD: 2025-07-15 - 2025-07-17 (2 gün)
2025-07-17 10:58:42,369 - INFO - [MISSING] MBL: 2025-07-15 - 2025-07-17 (2 gün)
2025-07-17 10:58:42,369 - INFO - [MISSING] MBR: 2025-07-15 - 2025-07-17 (2 gün)
2025-07-17 10:58:42,369 - INFO - [MISSING] MD1: 2025-07-15 - 2025-07-17 (2 gün)
2025-07-17 10:58:42,369 - INFO - [MISSING] MD2: 2025-07-15 - 2025-07-17 (2 gün)
2025-07-17 10:58:42,369 - INFO - [MISSING] MET: 2025-07-15 - 2025-07-17 (2 gün)
2025-07-17 10:58:42,370 - INFO - [MISSING] MGB: 2025-07-15 - 2025-07-17 (2 gün)
2025-07-17 10:58:42,370 - INFO - [MISSING] MGH: 2025-07-15 - 2025-07-17 (2 gün)
2025-07-17 10:58:42,370 - INFO - [MISSING] MHF: 2025-07-15 - 2025-07-17 (2 gün)
2025-07-17 10:58:42,370 - INFO - [MISSING] MJB: 2025-07-15 - 2025-07-17 (2 gün)
2025-07-17 10:58:42,370 - INFO - [MISSING] MJG: 2025-07-15 - 2025-07-17 (2 gün)
2025-07-17 10:58:42,370 - INFO - [MISSING] MJL: 2025-07-15 - 2025-07-17 (2 gün)
2025-07-17 10:58:42,370 - INFO - [MISSING] MKA: 2025-07-15 - 2025-07-17 (2 gün)
2025-07-17 10:58:42,370 - INFO - [MISSING] MKG: 2025-07-15 - 2025-07-17 (2 gün)
2025-07-17 10:58:42,371 - INFO - [MISSING] MMH: 2025-07-15 - 2025-07-17 (2 gün)
2025-07-17 10:58:42,371 - INFO - [MISSING] MPF: 2025-07-15 - 2025-07-17 (2 gün)
2025-07-17 10:58:42,371 - INFO - [MISSING] MPK: 2025-07-15 - 2025-07-17 (2 gün)
2025-07-17 10:58:42,371 - INFO - [MISSING] MPL: 2025-07-15 - 2025-07-17 (2 gün)
2025-07-17 10:58:42,371 - INFO - [MISSING] MPN: 2025-07-15 - 2025-07-17 (2 gün)
2025-07-17 10:58:42,371 - INFO - [MISSING] MPP: 2025-07-15 - 2025-07-17 (2 gün)
2025-07-17 10:58:42,371 - INFO - [MISSING] MPS: 2025-07-15 - 2025-07-17 (2 gün)
2025-07-17 10:58:42,371 - INFO - [MISSING] MRI: 2025-07-15 - 2025-07-17 (2 gün)
2025-07-17 10:58:42,371 - INFO - [MISSING] MT1: 2025-07-15 - 2025-07-17 (2 gün)
2025-07-17 10:58:42,371 - INFO - [MISSING] MTF: 2025-07-15 - 2025-07-17 (2 gün)
2025-07-17 10:58:42,372 - INFO - [MISSING] MTG: 2025-07-15 - 2025-07-17 (2 gün)
2025-07-17 10:58:42,372 - INFO - [MISSING] MTH: 2025-07-15 - 2025-07-17 (2 gün)
2025-07-17 10:58:42,372 - INFO - [MISSING] MTK: 2025-07-15 - 2025-07-17 (2 gün)
2025-07-17 10:58:42,372 - INFO - [MISSING] MTS: 2025-07-15 - 2025-07-17 (2 gün)
2025-07-17 10:58:42,372 - INFO - [MISSING] MTV: 2025-07-15 - 2025-07-17 (2 gün)
2025-07-17 10:58:42,373 - INFO - [MISSING] MTX: 2025-07-15 - 2025-07-17 (2 gün)
2025-07-17 10:58:42,373 - INFO - [MISSING] MUT: 2025-07-15 - 2025-07-17 (2 gün)
2025-07-17 10:58:42,373 - INFO - [MISSING] NAU: 2025-07-15 - 2025-07-17 (2 gün)
2025-07-17 10:58:42,373 - INFO - [MISSING] NBH: 2025-07-15 - 2025-07-17 (2 gün)
2025-07-17 10:58:42,373 - INFO - [MISSING] NBZ: 2025-07-15 - 2025-07-17 (2 gün)
2025-07-17 10:58:42,373 - INFO - [MISSING] NCS: 2025-07-15 - 2025-07-17 (2 gün)
2025-07-17 10:58:42,373 - INFO - [MISSING] NFF: 2025-07-15 - 2025-07-17 (2 gün)
2025-07-17 10:58:42,374 - INFO - [MISSING] NHP: 2025-07-15 - 2025-07-17 (2 gün)
2025-07-17 10:58:42,374 - INFO - [MISSING] NHY: 2025-07-15 - 2025-07-17 (2 gün)
2025-07-17 10:58:42,374 - INFO - [MISSING] NJF: 2025-07-15 - 2025-07-17 (2 gün)
2025-07-17 10:58:42,374 - INFO - [MISSING] NJR: 2025-07-15 - 2025-07-17 (2 gün)
2025-07-17 10:58:42,374 - INFO - [MISSING] NJY: 2025-07-15 - 2025-07-17 (2 gün)
2025-07-17 10:58:42,374 - INFO - [MISSING] NKA: 2025-07-15 - 2025-07-17 (2 gün)
2025-07-17 10:58:42,374 - INFO - [MISSING] NLE: 2025-07-15 - 2025-07-17 (2 gün)
2025-07-17 10:58:42,374 - INFO - [MISSING] NLK: 2025-07-15 - 2025-07-17 (2 gün)
2025-07-17 10:58:42,375 - INFO - [MISSING] NME: 2025-07-15 - 2025-07-17 (2 gün)
2025-07-17 10:58:42,375 - INFO - [MISSING] NNF: 2025-07-15 - 2025-07-17 (2 gün)
2025-07-17 10:58:42,375 - INFO - [MISSING] NPH: 2025-07-15 - 2025-07-17 (2 gün)
2025-07-17 10:58:42,375 - INFO - [MISSING] NRC: 2025-07-15 - 2025-07-17 (2 gün)
2025-07-17 10:58:42,375 - INFO - [MISSING] NRG: 2025-07-15 - 2025-07-17 (2 gün)
2025-07-17 10:58:42,375 - INFO - [MISSING] NSA: 2025-07-15 - 2025-07-17 (2 gün)
2025-07-17 10:58:42,375 - INFO - [MISSING] NSD: 2025-07-15 - 2025-07-17 (2 gün)
2025-07-17 10:58:42,376 - INFO - [MISSING] NSH: 2025-07-15 - 2025-07-17 (2 gün)
2025-07-17 10:58:42,376 - INFO - [MISSING] NSK: 2025-07-15 - 2025-07-17 (2 gün)
2025-07-17 10:58:42,376 - INFO - [MISSING] NSP: 2025-07-15 - 2025-07-17 (2 gün)
2025-07-17 10:58:42,376 - INFO - [MISSING] NUB: 2025-07-15 - 2025-07-17 (2 gün)
2025-07-17 10:58:42,376 - INFO - [MISSING] NVB: 2025-07-15 - 2025-07-17 (2 gün)
2025-07-17 10:58:42,377 - INFO - [MISSING] NVC: 2025-07-15 - 2025-07-17 (2 gün)
2025-07-17 10:58:42,377 - INFO - [MISSING] NVK: 2025-07-15 - 2025-07-17 (2 gün)
2025-07-17 10:58:42,377 - INFO - [MISSING] NVT: 2025-07-15 - 2025-07-17 (2 gün)
2025-07-17 10:58:42,377 - INFO - [MISSING] NVZ: 2025-07-15 - 2025-07-17 (2 gün)
2025-07-17 10:58:42,377 - INFO - [MISSING] NZH: 2025-07-15 - 2025-07-17 (2 gün)
2025-07-17 10:58:42,377 - INFO - [MISSING] NZT: 2025-07-15 - 2025-07-17 (2 gün)
2025-07-17 10:58:42,377 - INFO - [MISSING] NZU: 2025-07-15 - 2025-07-17 (2 gün)
2025-07-17 10:58:42,378 - INFO - [MISSING] OBI: 2025-07-15 - 2025-07-17 (2 gün)
2025-07-17 10:58:42,378 - INFO - [MISSING] OBP: 2025-07-15 - 2025-07-17 (2 gün)
2025-07-17 10:58:42,378 - INFO - [MISSING] ODD: 2025-07-15 - 2025-07-17 (2 gün)
2025-07-17 10:58:42,378 - INFO - [MISSING] ODP: 2025-07-15 - 2025-07-17 (2 gün)
2025-07-17 10:58:42,378 - INFO - [MISSING] ODS: 2025-07-15 - 2025-07-17 (2 gün)
2025-07-17 10:58:42,378 - INFO - [MISSING] ODV: 2025-07-15 - 2025-07-17 (2 gün)
2025-07-17 10:58:42,378 - INFO - [MISSING] OFI: 2025-07-15 - 2025-07-17 (2 gün)
2025-07-17 10:58:42,378 - INFO - [MISSING] OFS: 2025-07-15 - 2025-07-17 (2 gün)
2025-07-17 10:58:42,378 - INFO - [MISSING] OGD: 2025-07-15 - 2025-07-17 (2 gün)
2025-07-17 10:58:42,379 - INFO - [MISSING] OHB: 2025-07-15 - 2025-07-17 (2 gün)
2025-07-17 10:58:42,379 - INFO - [MISSING] OHK: 2025-07-15 - 2025-07-17 (2 gün)
2025-07-17 10:58:42,379 - INFO - [MISSING] OIL: 2025-07-15 - 2025-07-17 (2 gün)
2025-07-17 10:58:42,379 - INFO - [MISSING] OIR: 2025-07-15 - 2025-07-17 (2 gün)
2025-07-17 10:58:42,379 - INFO - [MISSING] OJB: 2025-07-15 - 2025-07-17 (2 gün)
2025-07-17 10:58:42,379 - INFO - [MISSING] OJK: 2025-07-15 - 2025-07-17 (2 gün)
2025-07-17 10:58:42,379 - INFO - [MISSING] OJT: 2025-07-15 - 2025-07-17 (2 gün)
2025-07-17 10:58:42,379 - INFO - [MISSING] OKD: 2025-07-15 - 2025-07-17 (2 gün)
2025-07-17 10:58:42,379 - INFO - [MISSING] OKP: 2025-07-15 - 2025-07-17 (2 gün)
2025-07-17 10:58:42,380 - INFO - [MISSING] OKT: 2025-07-15 - 2025-07-17 (2 gün)
2025-07-17 10:58:42,380 - INFO - [MISSING] OLA: 2025-07-15 - 2025-07-17 (2 gün)
2025-07-17 10:58:42,380 - INFO - [MISSING] OLD: 2025-07-15 - 2025-07-17 (2 gün)
2025-07-17 10:58:42,380 - INFO - [MISSING] OLE: 2025-07-15 - 2025-07-17 (2 gün)
2025-07-17 10:58:42,380 - INFO - [MISSING] OMG: 2025-07-15 - 2025-07-17 (2 gün)
2025-07-17 10:58:42,381 - INFO - [MISSING] ONE: 2025-07-15 - 2025-07-17 (2 gün)
2025-07-17 10:58:42,381 - INFO - [MISSING] ONK: 2025-07-15 - 2025-07-17 (2 gün)
2025-07-17 10:58:42,381 - INFO - [MISSING] ONN: 2025-07-15 - 2025-07-17 (2 gün)
2025-07-17 10:58:42,381 - INFO - [MISSING] ONS: 2025-07-15 - 2025-07-17 (2 gün)
2025-07-17 10:58:42,381 - INFO - [MISSING] OPB: 2025-07-15 - 2025-07-17 (2 gün)
2025-07-17 10:58:42,381 - INFO - [MISSING] OPD: 2025-07-15 - 2025-07-17 (2 gün)
2025-07-17 10:58:42,381 - INFO - [MISSING] OPF: 2025-07-15 - 2025-07-17 (2 gün)
2025-07-17 10:58:42,382 - INFO - [MISSING] OPH: 2025-07-15 - 2025-07-17 (2 gün)
2025-07-17 10:58:42,382 - INFO - [MISSING] OPI: 2025-07-15 - 2025-07-17 (2 gün)
2025-07-17 10:58:42,382 - INFO - [MISSING] OPL: 2025-07-15 - 2025-07-17 (2 gün)
2025-07-17 10:58:42,382 - INFO - [MISSING] ORC: 2025-07-15 - 2025-07-17 (2 gün)
2025-07-17 10:58:42,382 - INFO - [MISSING] OSD: 2025-07-15 - 2025-07-17 (2 gün)
2025-07-17 10:58:42,382 - INFO - [MISSING] OSL: 2025-07-15 - 2025-07-17 (2 gün)
2025-07-17 10:58:42,382 - INFO - [MISSING] OTJ: 2025-07-15 - 2025-07-17 (2 gün)
2025-07-17 10:58:42,382 - INFO - [MISSING] OTK: 2025-07-15 - 2025-07-17 (2 gün)
2025-07-17 10:58:42,382 - INFO - [MISSING] OTM: 2025-07-15 - 2025-07-17 (2 gün)
2025-07-17 10:58:42,383 - INFO - [MISSING] OUD: 2025-07-15 - 2025-07-17 (2 gün)
2025-07-17 10:58:42,383 - INFO - [MISSING] OVD: 2025-07-15 - 2025-07-17 (2 gün)
2025-07-17 10:58:42,383 - INFO - [MISSING] PAF: 2025-07-15 - 2025-07-17 (2 gün)
2025-07-17 10:58:42,383 - INFO - [MISSING] PAL: 2025-07-15 - 2025-07-17 (2 gün)
2025-07-17 10:58:42,383 - INFO - [MISSING] PAO: 2025-07-15 - 2025-07-17 (2 gün)
2025-07-17 10:58:42,383 - INFO - [MISSING] PBI: 2025-07-15 - 2025-07-17 (2 gün)
2025-07-17 10:58:42,383 - INFO - [MISSING] PBK: 2025-07-15 - 2025-07-17 (2 gün)
2025-07-17 10:58:42,383 - INFO - [MISSING] PBN: 2025-07-15 - 2025-07-17 (2 gün)
2025-07-17 10:58:42,384 - INFO - [MISSING] PBR: 2025-07-15 - 2025-07-17 (2 gün)
2025-07-17 10:58:42,384 - INFO - [MISSING] PDD: 2025-07-15 - 2025-07-17 (2 gün)
2025-07-17 10:58:42,384 - INFO - [MISSING] PDF: 2025-07-15 - 2025-07-17 (2 gün)
2025-07-17 10:58:42,384 - INFO - [MISSING] PEA: 2025-07-15 - 2025-07-17 (2 gün)
2025-07-17 10:58:42,384 - INFO - [MISSING] PFO: 2025-07-15 - 2025-07-17 (2 gün)
2025-07-17 10:58:42,384 - INFO - [MISSING] PFS: 2025-07-15 - 2025-07-17 (2 gün)
2025-07-17 10:58:42,384 - INFO - [MISSING] PGD: 2025-07-15 - 2025-07-17 (2 gün)
2025-07-17 10:58:42,385 - INFO - [MISSING] PGS: 2025-07-15 - 2025-07-17 (2 gün)
2025-07-17 10:58:42,385 - INFO - [MISSING] PHE: 2025-07-15 - 2025-07-17 (2 gün)
2025-07-17 10:58:42,385 - INFO - [MISSING] PHI: 2025-07-15 - 2025-07-17 (2 gün)
2025-07-17 10:58:42,385 - INFO - [MISSING] PHK: 2025-07-15 - 2025-07-17 (2 gün)
2025-07-17 10:58:42,385 - INFO - [MISSING] PID: 2025-07-15 - 2025-07-17 (2 gün)
2025-07-17 10:58:42,386 - INFO - [MISSING] PIL: 2025-07-15 - 2025-07-17 (2 gün)
2025-07-17 10:58:42,386 - INFO - [MISSING] PIP: 2025-07-15 - 2025-07-17 (2 gün)
2025-07-17 10:58:42,386 - INFO - [MISSING] PIR: 2025-07-15 - 2025-07-17 (2 gün)
2025-07-17 10:58:42,386 - INFO - [MISSING] PJL: 2025-07-15 - 2025-07-17 (2 gün)
2025-07-17 10:58:42,386 - INFO - [MISSING] PKD: 2025-07-15 - 2025-07-17 (2 gün)
2025-07-17 10:58:42,386 - INFO - [MISSING] PKF: 2025-07-15 - 2025-07-17 (2 gün)
2025-07-17 10:58:42,386 - INFO - [MISSING] PKR: 2025-07-15 - 2025-07-17 (2 gün)
2025-07-17 10:58:42,386 - INFO - [MISSING] PKT: 2025-07-15 - 2025-07-17 (2 gün)
2025-07-17 10:58:42,387 - INFO - [MISSING] PKV: 2025-07-15 - 2025-07-17 (2 gün)
2025-07-17 10:58:42,387 - INFO - [MISSING] PLR: 2025-07-15 - 2025-07-17 (2 gün)
2025-07-17 10:58:42,387 - INFO - [MISSING] PMP: 2025-07-15 - 2025-07-17 (2 gün)
2025-07-17 10:58:42,387 - INFO - [MISSING] POS: 2025-07-15 - 2025-07-17 (2 gün)
2025-07-17 10:58:42,387 - INFO - [MISSING] PP1: 2025-07-15 - 2025-07-17 (2 gün)
2025-07-17 10:58:42,387 - INFO - [MISSING] PPB: 2025-07-15 - 2025-07-17 (2 gün)
2025-07-17 10:58:42,387 - INFO - [MISSING] PPE: 2025-07-15 - 2025-07-17 (2 gün)
2025-07-17 10:58:42,387 - INFO - [MISSING] PPH: 2025-07-15 - 2025-07-17 (2 gün)
2025-07-17 10:58:42,387 - INFO - [MISSING] PPI: 2025-07-15 - 2025-07-17 (2 gün)
2025-07-17 10:58:42,388 - INFO - [MISSING] PPJ: 2025-07-15 - 2025-07-17 (2 gün)
2025-07-17 10:58:42,388 - INFO - [MISSING] PPK: 2025-07-15 - 2025-07-17 (2 gün)
2025-07-17 10:58:42,388 - INFO - [MISSING] PPM: 2025-07-15 - 2025-07-17 (2 gün)
2025-07-17 10:58:42,388 - INFO - [MISSING] PPN: 2025-07-15 - 2025-07-17 (2 gün)
2025-07-17 10:58:42,388 - INFO - [MISSING] PPP: 2025-07-15 - 2025-07-17 (2 gün)
2025-07-17 10:58:42,388 - INFO - [MISSING] PPS: 2025-07-15 - 2025-07-17 (2 gün)
2025-07-17 10:58:42,388 - INFO - [MISSING] PPT: 2025-07-15 - 2025-07-17 (2 gün)
2025-07-17 10:58:42,388 - INFO - [MISSING] PPZ: 2025-07-15 - 2025-07-17 (2 gün)
2025-07-17 10:58:42,388 - INFO - [MISSING] PRD: 2025-07-15 - 2025-07-17 (2 gün)
2025-07-17 10:58:42,388 - INFO - [MISSING] PRH: 2025-07-15 - 2025-07-17 (2 gün)
2025-07-17 10:58:42,389 - INFO - [MISSING] PRU: 2025-07-15 - 2025-07-17 (2 gün)
2025-07-17 10:58:42,389 - INFO - [MISSING] PRY: 2025-07-15 - 2025-07-17 (2 gün)
2025-07-17 10:58:42,389 - INFO - [MISSING] PSE: 2025-07-15 - 2025-07-17 (2 gün)
2025-07-17 10:58:42,389 - INFO - [MISSING] PSL: 2025-07-15 - 2025-07-17 (2 gün)
2025-07-17 10:58:42,389 - INFO - [MISSING] PTE: 2025-07-15 - 2025-07-17 (2 gün)
2025-07-17 10:58:42,390 - INFO - [MISSING] PTN: 2025-07-15 - 2025-07-17 (2 gün)
2025-07-17 10:58:42,390 - INFO - [MISSING] PTO: 2025-07-15 - 2025-07-17 (2 gün)
2025-07-17 10:58:42,390 - INFO - [MISSING] PTS: 2025-07-15 - 2025-07-17 (2 gün)
2025-07-17 10:58:42,390 - INFO - [MISSING] PUC: 2025-07-15 - 2025-07-17 (2 gün)
2025-07-17 10:58:42,390 - INFO - [MISSING] PVK: 2025-07-15 - 2025-07-17 (2 gün)
2025-07-17 10:58:42,390 - INFO - [MISSING] PYR: 2025-07-15 - 2025-07-17 (2 gün)
2025-07-17 10:58:42,390 - INFO - [MISSING] RBA: 2025-07-15 - 2025-07-17 (2 gün)
2025-07-17 10:58:42,391 - INFO - [MISSING] RBB: 2025-07-15 - 2025-07-17 (2 gün)
2025-07-17 10:58:42,391 - INFO - [MISSING] RBF: 2025-07-15 - 2025-07-17 (2 gün)
2025-07-17 10:58:42,391 - INFO - [MISSING] RBH: 2025-07-15 - 2025-07-17 (2 gün)
2025-07-17 10:58:42,391 - INFO - [MISSING] RBI: 2025-07-15 - 2025-07-17 (2 gün)
2025-07-17 10:58:42,391 - INFO - [MISSING] RBK: 2025-07-15 - 2025-07-17 (2 gün)
2025-07-17 10:58:42,391 - INFO - [MISSING] RBL: 2025-07-15 - 2025-07-17 (2 gün)
2025-07-17 10:58:42,391 - INFO - [MISSING] RBN: 2025-07-15 - 2025-07-17 (2 gün)
2025-07-17 10:58:42,391 - INFO - [MISSING] RBP: 2025-07-15 - 2025-07-17 (2 gün)
2025-07-17 10:58:42,391 - INFO - [MISSING] RBR: 2025-07-15 - 2025-07-17 (2 gün)
2025-07-17 10:58:42,392 - INFO - [MISSING] RBT: 2025-07-15 - 2025-07-17 (2 gün)
2025-07-17 10:58:42,392 - INFO - [MISSING] RBV: 2025-07-15 - 2025-07-17 (2 gün)
2025-07-17 10:58:42,392 - INFO - [MISSING] RCV: 2025-07-15 - 2025-07-17 (2 gün)
2025-07-17 10:58:42,392 - INFO - [MISSING] RD1: 2025-07-15 - 2025-07-17 (2 gün)
2025-07-17 10:58:42,392 - INFO - [MISSING] RDF: 2025-07-15 - 2025-07-17 (2 gün)
2025-07-17 10:58:42,392 - INFO - [MISSING] RHI: 2025-07-15 - 2025-07-17 (2 gün)
2025-07-17 10:58:42,392 - INFO - [MISSING] RHS: 2025-07-15 - 2025-07-17 (2 gün)
2025-07-17 10:58:42,392 - INFO - [MISSING] RIA: 2025-07-15 - 2025-07-17 (2 gün)
2025-07-17 10:58:42,393 - INFO - [MISSING] RIK: 2025-07-15 - 2025-07-17 (2 gün)
2025-07-17 10:58:42,393 - INFO - [MISSING] RJG: 2025-07-15 - 2025-07-17 (2 gün)
2025-07-17 10:58:42,393 - INFO - [MISSING] RKC: 2025-07-15 - 2025-07-17 (2 gün)
2025-07-17 10:58:42,393 - INFO - [MISSING] RKH: 2025-07-15 - 2025-07-17 (2 gün)
2025-07-17 10:58:42,393 - INFO - [MISSING] RKS: 2025-07-15 - 2025-07-17 (2 gün)
2025-07-17 10:58:42,393 - INFO - [MISSING] RKV: 2025-07-15 - 2025-07-17 (2 gün)
2025-07-17 10:58:42,394 - INFO - [MISSING] RPC: 2025-07-15 - 2025-07-17 (2 gün)
2025-07-17 10:58:42,394 - INFO - [MISSING] RPD: 2025-07-15 - 2025-07-17 (2 gün)
2025-07-17 10:58:42,394 - INFO - [MISSING] RPG: 2025-07-15 - 2025-07-17 (2 gün)
2025-07-17 10:58:42,394 - INFO - [MISSING] RPI: 2025-07-15 - 2025-07-17 (2 gün)
2025-07-17 10:58:42,394 - INFO - [MISSING] RPM: 2025-07-15 - 2025-07-17 (2 gün)
2025-07-17 10:58:42,394 - INFO - [MISSING] RPP: 2025-07-15 - 2025-07-17 (2 gün)
2025-07-17 10:58:42,395 - INFO - [MISSING] RPS: 2025-07-15 - 2025-07-17 (2 gün)
2025-07-17 10:58:42,395 - INFO - [MISSING] RPT: 2025-07-15 - 2025-07-17 (2 gün)
2025-07-17 10:58:42,395 - INFO - [MISSING] RPX: 2025-07-15 - 2025-07-17 (2 gün)
2025-07-17 10:58:42,395 - INFO - [MISSING] RRP: 2025-07-15 - 2025-07-17 (2 gün)
2025-07-17 10:58:42,395 - INFO - [MISSING] RS1: 2025-07-15 - 2025-07-17 (2 gün)
2025-07-17 10:58:42,395 - INFO - [MISSING] RTD: 2025-07-15 - 2025-07-17 (2 gün)
2025-07-17 10:58:42,395 - INFO - [MISSING] RTG: 2025-07-15 - 2025-07-17 (2 gün)
2025-07-17 10:58:42,395 - INFO - [MISSING] RTH: 2025-07-15 - 2025-07-17 (2 gün)
2025-07-17 10:58:42,396 - INFO - [MISSING] RTP: 2025-07-15 - 2025-07-17 (2 gün)
2025-07-17 10:58:42,396 - INFO - [MISSING] RUT: 2025-07-15 - 2025-07-17 (2 gün)
2025-07-17 10:58:42,396 - INFO - [MISSING] SAS: 2025-07-15 - 2025-07-17 (2 gün)
2025-07-17 10:58:42,396 - INFO - [MISSING] SBH: 2025-07-15 - 2025-07-17 (2 gün)
2025-07-17 10:58:42,396 - INFO - [MISSING] SGT: 2025-07-15 - 2025-07-17 (2 gün)
2025-07-17 10:58:42,396 - INFO - [MISSING] SHE: 2025-07-15 - 2025-07-17 (2 gün)
2025-07-17 10:58:42,396 - INFO - [MISSING] SNY: 2025-07-15 - 2025-07-17 (2 gün)
2025-07-17 10:58:42,396 - INFO - [MISSING] SOS: 2025-07-15 - 2025-07-17 (2 gün)
2025-07-17 10:58:42,397 - INFO - [MISSING] SPE: 2025-07-15 - 2025-07-17 (2 gün)
2025-07-17 10:58:42,397 - INFO - [MISSING] SPN: 2025-07-15 - 2025-07-17 (2 gün)
2025-07-17 10:58:42,397 - INFO - [MISSING] SPP: 2025-07-15 - 2025-07-17 (2 gün)
2025-07-17 10:58:42,397 - INFO - [MISSING] SPR: 2025-07-15 - 2025-07-17 (2 gün)
2025-07-17 10:58:42,397 - INFO - [MISSING] SPT: 2025-07-15 - 2025-07-17 (2 gün)
2025-07-17 10:58:42,397 - INFO - [MISSING] SRL: 2025-07-15 - 2025-07-17 (2 gün)
2025-07-17 10:58:42,397 - INFO - [MISSING] SSK: 2025-07-15 - 2025-07-17 (2 gün)
2025-07-17 10:58:42,398 - INFO - [MISSING] SSS: 2025-07-15 - 2025-07-17 (2 gün)
2025-07-17 10:58:42,398 - INFO - [MISSING] ST1: 2025-07-15 - 2025-07-17 (2 gün)
2025-07-17 10:58:42,398 - INFO - [MISSING] STI: 2025-07-15 - 2025-07-17 (2 gün)
2025-07-17 10:58:42,398 - INFO - [MISSING] SUA: 2025-07-15 - 2025-07-17 (2 gün)
2025-07-17 10:58:42,398 - INFO - [MISSING] SUB: 2025-07-15 - 2025-07-17 (2 gün)
2025-07-17 10:58:42,398 - INFO - [MISSING] SUC: 2025-07-15 - 2025-07-17 (2 gün)
2025-07-17 10:58:42,398 - INFO - [MISSING] SVB: 2025-07-15 - 2025-07-17 (2 gün)
2025-07-17 10:58:42,399 - INFO - [MISSING] TAL: 2025-07-15 - 2025-07-17 (2 gün)
2025-07-17 10:58:42,399 - INFO - [MISSING] TAR: 2025-07-15 - 2025-07-17 (2 gün)
2025-07-17 10:58:42,399 - INFO - [MISSING] TAU: 2025-07-15 - 2025-07-17 (2 gün)
2025-07-17 10:58:42,399 - INFO - [MISSING] TBT: 2025-07-15 - 2025-07-17 (2 gün)
2025-07-17 10:58:42,399 - INFO - [MISSING] TBV: 2025-07-15 - 2025-07-17 (2 gün)
2025-07-17 10:58:42,399 - INFO - [MISSING] TCA: 2025-07-15 - 2025-07-17 (2 gün)
2025-07-17 10:58:42,399 - INFO - [MISSING] TCB: 2025-07-15 - 2025-07-17 (2 gün)
2025-07-17 10:58:42,399 - INFO - [MISSING] TCC: 2025-07-15 - 2025-07-17 (2 gün)
2025-07-17 10:58:42,400 - INFO - [MISSING] TCD: 2025-07-15 - 2025-07-17 (2 gün)
2025-07-17 10:58:42,400 - INFO - [MISSING] TCF: 2025-07-15 - 2025-07-17 (2 gün)
2025-07-17 10:58:42,400 - INFO - [MISSING] TDG: 2025-07-15 - 2025-07-17 (2 gün)
2025-07-17 10:58:42,400 - INFO - [MISSING] TE3: 2025-07-15 - 2025-07-17 (2 gün)
2025-07-17 10:58:42,400 - INFO - [MISSING] TE4: 2025-07-15 - 2025-07-17 (2 gün)
2025-07-17 10:58:42,400 - INFO - [MISSING] TEJ: 2025-07-15 - 2025-07-17 (2 gün)
2025-07-17 10:58:42,400 - INFO - [MISSING] TFF: 2025-07-15 - 2025-07-17 (2 gün)
2025-07-17 10:58:42,400 - INFO - [MISSING] TGA: 2025-07-15 - 2025-07-17 (2 gün)
2025-07-17 10:58:42,401 - INFO - [MISSING] TGE: 2025-07-15 - 2025-07-17 (2 gün)
2025-07-17 10:58:42,401 - INFO - [MISSING] TGR: 2025-07-15 - 2025-07-17 (2 gün)
2025-07-17 10:58:42,401 - INFO - [MISSING] THD: 2025-07-15 - 2025-07-17 (2 gün)
2025-07-17 10:58:42,401 - INFO - [MISSING] THF: 2025-07-15 - 2025-07-17 (2 gün)
2025-07-17 10:58:42,401 - INFO - [MISSING] THT: 2025-07-15 - 2025-07-17 (2 gün)
2025-07-17 10:58:42,401 - INFO - [MISSING] THV: 2025-07-15 - 2025-07-17 (2 gün)
2025-07-17 10:58:42,401 - INFO - [MISSING] TI2: 2025-07-15 - 2025-07-17 (2 gün)
2025-07-17 10:58:42,401 - INFO - [MISSING] TI3: 2025-07-15 - 2025-07-17 (2 gün)
2025-07-17 10:58:42,402 - INFO - [MISSING] TI4: 2025-07-15 - 2025-07-17 (2 gün)
2025-07-17 10:58:42,402 - INFO - [MISSING] TI6: 2025-07-15 - 2025-07-17 (2 gün)
2025-07-17 10:58:42,402 - INFO - [MISSING] TI7: 2025-07-15 - 2025-07-17 (2 gün)
2025-07-17 10:58:42,402 - INFO - [MISSING] TIE: 2025-07-15 - 2025-07-17 (2 gün)
2025-07-17 10:58:42,402 - INFO - [MISSING] TJF: 2025-07-15 - 2025-07-17 (2 gün)
2025-07-17 10:58:42,402 - INFO - [MISSING] TJI: 2025-07-15 - 2025-07-17 (2 gün)
2025-07-17 10:58:42,403 - INFO - [MISSING] TJT: 2025-07-15 - 2025-07-17 (2 gün)
2025-07-17 10:58:42,403 - INFO - [MISSING] TKF: 2025-07-15 - 2025-07-17 (2 gün)
2025-07-17 10:58:42,403 - INFO - [MISSING] TLE: 2025-07-15 - 2025-07-17 (2 gün)
2025-07-17 10:58:42,403 - INFO - [MISSING] TLH: 2025-07-15 - 2025-07-17 (2 gün)
2025-07-17 10:58:42,403 - INFO - [MISSING] TLK: 2025-07-15 - 2025-07-17 (2 gün)
2025-07-17 10:58:42,403 - INFO - [MISSING] TLY: 2025-07-15 - 2025-07-17 (2 gün)
2025-07-17 10:58:42,403 - INFO - [MISSING] TLZ: 2025-07-15 - 2025-07-17 (2 gün)
2025-07-17 10:58:42,403 - INFO - [MISSING] TMC: 2025-07-15 - 2025-07-17 (2 gün)
2025-07-17 10:58:42,404 - INFO - [MISSING] TMG: 2025-07-15 - 2025-07-17 (2 gün)
2025-07-17 10:58:42,404 - INFO - [MISSING] TMM: 2025-07-15 - 2025-07-17 (2 gün)
2025-07-17 10:58:42,404 - INFO - [MISSING] TMZ: 2025-07-15 - 2025-07-17 (2 gün)
2025-07-17 10:58:42,404 - INFO - [MISSING] TOT: 2025-07-15 - 2025-07-17 (2 gün)
2025-07-17 10:58:42,404 - INFO - [MISSING] TP2: 2025-07-15 - 2025-07-17 (2 gün)
2025-07-17 10:58:42,404 - INFO - [MISSING] TPC: 2025-07-15 - 2025-07-17 (2 gün)
2025-07-17 10:58:42,404 - INFO - [MISSING] TPF: 2025-07-15 - 2025-07-17 (2 gün)
2025-07-17 10:58:42,405 - INFO - [MISSING] TPJ: 2025-07-15 - 2025-07-17 (2 gün)
2025-07-17 10:58:42,405 - INFO - [MISSING] TPL: 2025-07-15 - 2025-07-17 (2 gün)
2025-07-17 10:58:42,405 - INFO - [MISSING] TPP: 2025-07-15 - 2025-07-17 (2 gün)
2025-07-17 10:58:42,405 - INFO - [MISSING] TPV: 2025-07-15 - 2025-07-17 (2 gün)
2025-07-17 10:58:42,405 - INFO - [MISSING] TPZ: 2025-07-15 - 2025-07-17 (2 gün)
2025-07-17 10:58:42,405 - INFO - [MISSING] TRJ: 2025-07-15 - 2025-07-17 (2 gün)
2025-07-17 10:58:42,406 - INFO - [MISSING] TRO: 2025-07-15 - 2025-07-17 (2 gün)
2025-07-17 10:58:42,406 - INFO - [MISSING] TRU: 2025-07-15 - 2025-07-17 (2 gün)
2025-07-17 10:58:42,406 - INFO - [MISSING] TTA: 2025-07-15 - 2025-07-17 (2 gün)
2025-07-17 10:58:42,406 - INFO - [MISSING] TTE: 2025-07-15 - 2025-07-17 (2 gün)
2025-07-17 10:58:42,406 - INFO - [MISSING] TTL: 2025-07-15 - 2025-07-17 (2 gün)
2025-07-17 10:58:42,407 - INFO - [MISSING] TUA: 2025-07-15 - 2025-07-17 (2 gün)
2025-07-17 10:58:42,407 - INFO - [MISSING] TVN: 2025-07-15 - 2025-07-17 (2 gün)
2025-07-17 10:58:42,407 - INFO - [MISSING] TYH: 2025-07-15 - 2025-07-17 (2 gün)
2025-07-17 10:58:42,407 - INFO - [MISSING] TZD: 2025-07-15 - 2025-07-17 (2 gün)
2025-07-17 10:58:42,407 - INFO - [MISSING] TZT: 2025-07-15 - 2025-07-17 (2 gün)
2025-07-17 10:58:42,407 - INFO - [MISSING] UNT: 2025-07-15 - 2025-07-17 (2 gün)
2025-07-17 10:58:42,407 - INFO - [MISSING] UP1: 2025-07-15 - 2025-07-17 (2 gün)
2025-07-17 10:58:42,407 - INFO - [MISSING] UP2: 2025-07-15 - 2025-07-17 (2 gün)
2025-07-17 10:58:42,407 - INFO - [MISSING] UPD: 2025-07-15 - 2025-07-17 (2 gün)
2025-07-17 10:58:42,408 - INFO - [MISSING] UPH: 2025-07-15 - 2025-07-17 (2 gün)
2025-07-17 10:58:42,408 - INFO - [MISSING] UPP: 2025-07-15 - 2025-07-17 (2 gün)
2025-07-17 10:58:42,408 - INFO - [MISSING] URA: 2025-07-15 - 2025-07-17 (2 gün)
2025-07-17 10:58:42,408 - INFO - [MISSING] USY: 2025-07-15 - 2025-07-17 (2 gün)
2025-07-17 10:58:42,408 - INFO - [MISSING] VAY: 2025-07-15 - 2025-07-17 (2 gün)
2025-07-17 10:58:42,408 - INFO - [MISSING] VCY: 2025-07-15 - 2025-07-17 (2 gün)
2025-07-17 10:58:42,408 - INFO - [MISSING] VFK: 2025-07-15 - 2025-07-17 (2 gün)
2025-07-17 10:58:42,408 - INFO - [MISSING] VMV: 2025-07-15 - 2025-07-17 (2 gün)
2025-07-17 10:58:42,408 - INFO - [MISSING] VNK: 2025-07-15 - 2025-07-17 (2 gün)
2025-07-17 10:58:42,408 - INFO - [MISSING] YAC: 2025-07-15 - 2025-07-17 (2 gün)
2025-07-17 10:58:42,409 - INFO - [MISSING] YAK: 2025-07-15 - 2025-07-17 (2 gün)
2025-07-17 10:58:42,409 - INFO - [MISSING] YAN: 2025-07-15 - 2025-07-17 (2 gün)
2025-07-17 10:58:42,409 - INFO - [MISSING] YAS: 2025-07-15 - 2025-07-17 (2 gün)
2025-07-17 10:58:42,409 - INFO - [MISSING] YAY: 2025-07-15 - 2025-07-17 (2 gün)
2025-07-17 10:58:42,409 - INFO - [MISSING] YBE: 2025-07-15 - 2025-07-17 (2 gün)
2025-07-17 10:58:42,409 - INFO - [MISSING] YBH: 2025-07-15 - 2025-07-17 (2 gün)
2025-07-17 10:58:42,409 - INFO - [MISSING] YBR: 2025-07-15 - 2025-07-17 (2 gün)
2025-07-17 10:58:42,409 - INFO - [MISSING] YBS: 2025-07-15 - 2025-07-17 (2 gün)
2025-07-17 10:58:42,410 - INFO - [MISSING] YCK: 2025-07-15 - 2025-07-17 (2 gün)
2025-07-17 10:58:42,410 - INFO - [MISSING] YCP: 2025-07-15 - 2025-07-17 (2 gün)
2025-07-17 10:58:42,410 - INFO - [MISSING] YCY: 2025-07-15 - 2025-07-17 (2 gün)
2025-07-17 10:58:42,410 - INFO - [MISSING] YDI: 2025-07-15 - 2025-07-17 (2 gün)
2025-07-17 10:58:42,410 - INFO - [MISSING] YDP: 2025-07-15 - 2025-07-17 (2 gün)
2025-07-17 10:58:42,410 - INFO - [MISSING] YEF: 2025-07-15 - 2025-07-17 (2 gün)
2025-07-17 10:58:42,411 - INFO - [MISSING] YFV: 2025-07-15 - 2025-07-17 (2 gün)
2025-07-17 10:58:42,411 - INFO - [MISSING] YGM: 2025-07-15 - 2025-07-17 (2 gün)
2025-07-17 10:58:42,411 - INFO - [MISSING] YHB: 2025-07-15 - 2025-07-17 (2 gün)
2025-07-17 10:58:42,411 - INFO - [MISSING] YHI: 2025-07-15 - 2025-07-17 (2 gün)
2025-07-17 10:58:42,411 - INFO - [MISSING] YHK: 2025-07-15 - 2025-07-17 (2 gün)
2025-07-17 10:58:42,411 - INFO - [MISSING] YHS: 2025-07-15 - 2025-07-17 (2 gün)
2025-07-17 10:58:42,411 - INFO - [MISSING] YHZ: 2025-07-15 - 2025-07-17 (2 gün)
2025-07-17 10:58:42,411 - INFO - [MISSING] YIT: 2025-07-15 - 2025-07-17 (2 gün)
2025-07-17 10:58:42,412 - INFO - [MISSING] YJH: 2025-07-15 - 2025-07-17 (2 gün)
2025-07-17 10:58:42,412 - INFO - [MISSING] YJK: 2025-07-15 - 2025-07-17 (2 gün)
2025-07-17 10:58:42,412 - INFO - [MISSING] YJY: 2025-07-15 - 2025-07-17 (2 gün)
2025-07-17 10:58:42,412 - INFO - [MISSING] YKS: 2025-07-15 - 2025-07-17 (2 gün)
2025-07-17 10:58:42,412 - INFO - [MISSING] YKT: 2025-07-15 - 2025-07-17 (2 gün)
2025-07-17 10:58:42,412 - INFO - [MISSING] YLC: 2025-07-15 - 2025-07-17 (2 gün)
2025-07-17 10:58:42,412 - INFO - [MISSING] YLE: 2025-07-15 - 2025-07-17 (2 gün)
2025-07-17 10:58:42,412 - INFO - [MISSING] YLO: 2025-07-15 - 2025-07-17 (2 gün)
2025-07-17 10:58:42,412 - INFO - [MISSING] YLY: 2025-07-15 - 2025-07-17 (2 gün)
2025-07-17 10:58:42,413 - INFO - [MISSING] YMD: 2025-07-15 - 2025-07-17 (2 gün)
2025-07-17 10:58:42,413 - INFO - [MISSING] YMH: 2025-07-15 - 2025-07-17 (2 gün)
2025-07-17 10:58:42,413 - INFO - [MISSING] YNK: 2025-07-15 - 2025-07-17 (2 gün)
2025-07-17 10:58:42,413 - INFO - [MISSING] YOT: 2025-07-15 - 2025-07-17 (2 gün)
2025-07-17 10:58:42,413 - INFO - [MISSING] YP4: 2025-07-15 - 2025-07-17 (2 gün)
2025-07-17 10:58:42,413 - INFO - [MISSING] YPC: 2025-07-15 - 2025-07-17 (2 gün)
2025-07-17 10:58:42,413 - INFO - [MISSING] YPK: 2025-07-15 - 2025-07-17 (2 gün)
2025-07-17 10:58:42,413 - INFO - [MISSING] YPL: 2025-07-15 - 2025-07-17 (2 gün)
2025-07-17 10:58:42,413 - INFO - [MISSING] YPR: 2025-07-15 - 2025-07-17 (2 gün)
2025-07-17 10:58:42,414 - INFO - [MISSING] YPV: 2025-07-15 - 2025-07-17 (2 gün)
2025-07-17 10:58:42,414 - INFO - [MISSING] YSL: 2025-07-15 - 2025-07-17 (2 gün)
2025-07-17 10:58:42,414 - INFO - [MISSING] YSO: 2025-07-15 - 2025-07-17 (2 gün)
2025-07-17 10:58:42,414 - INFO - [MISSING] YSU: 2025-07-15 - 2025-07-17 (2 gün)
2025-07-17 10:58:42,414 - INFO - [MISSING] YTD: 2025-07-15 - 2025-07-17 (2 gün)
2025-07-17 10:58:42,414 - INFO - [MISSING] YTV: 2025-07-15 - 2025-07-17 (2 gün)
2025-07-17 10:58:42,415 - INFO - [MISSING] YTY: 2025-07-15 - 2025-07-17 (2 gün)
2025-07-17 10:58:42,415 - INFO - [MISSING] YUB: 2025-07-15 - 2025-07-17 (2 gün)
2025-07-17 10:58:42,415 - INFO - [MISSING] YUN: 2025-07-15 - 2025-07-17 (2 gün)
2025-07-17 10:58:42,415 - INFO - [MISSING] YVB: 2025-07-15 - 2025-07-17 (2 gün)
2025-07-17 10:58:42,415 - INFO - [MISSING] YVG: 2025-07-15 - 2025-07-17 (2 gün)
2025-07-17 10:58:42,415 - INFO - [MISSING] YZC: 2025-07-15 - 2025-07-17 (2 gün)
2025-07-17 10:58:42,415 - INFO - [MISSING] YZG: 2025-07-15 - 2025-07-17 (2 gün)
2025-07-17 10:58:42,416 - INFO - [MISSING] YZH: 2025-07-15 - 2025-07-17 (2 gün)
2025-07-17 10:58:42,416 - INFO - [MISSING] YZK: 2025-07-15 - 2025-07-17 (2 gün)
2025-07-17 10:58:42,416 - INFO - [MISSING] ZBD: 2025-07-15 - 2025-07-17 (2 gün)
2025-07-17 10:58:42,416 - INFO - [MISSING] ZBI: 2025-07-15 - 2025-07-17 (2 gün)
2025-07-17 10:58:42,416 - INFO - [MISSING] ZBJ: 2025-07-15 - 2025-07-17 (2 gün)
2025-07-17 10:58:42,416 - INFO - [MISSING] ZBO: 2025-07-15 - 2025-07-17 (2 gün)
2025-07-17 10:58:42,416 - INFO - [MISSING] ZCD: 2025-07-15 - 2025-07-17 (2 gün)
2025-07-17 10:58:42,416 - INFO - [MISSING] ZCK: 2025-07-15 - 2025-07-17 (2 gün)
2025-07-17 10:58:42,417 - INFO - [MISSING] ZCN: 2025-07-15 - 2025-07-17 (2 gün)
2025-07-17 10:58:42,417 - INFO - [MISSING] ZDD: 2025-07-15 - 2025-07-17 (2 gün)
2025-07-17 10:58:42,417 - INFO - [MISSING] ZDZ: 2025-07-15 - 2025-07-17 (2 gün)
2025-07-17 10:58:42,417 - INFO - [MISSING] ZFB: 2025-07-15 - 2025-07-17 (2 gün)
2025-07-17 10:58:42,417 - INFO - [MISSING] ZHH: 2025-07-15 - 2025-07-17 (2 gün)
2025-07-17 10:58:42,417 - INFO - [MISSING] ZJB: 2025-07-15 - 2025-07-17 (2 gün)
2025-07-17 10:58:42,417 - INFO - [MISSING] ZJI: 2025-07-15 - 2025-07-17 (2 gün)
2025-07-17 10:58:42,417 - INFO - [MISSING] ZJL: 2025-07-15 - 2025-07-17 (2 gün)
2025-07-17 10:58:42,417 - INFO - [MISSING] ZJV: 2025-07-15 - 2025-07-17 (2 gün)
2025-07-17 10:58:42,417 - INFO - [MISSING] ZLH: 2025-07-15 - 2025-07-17 (2 gün)
2025-07-17 10:58:42,418 - INFO - [MISSING] ZMT: 2025-07-15 - 2025-07-17 (2 gün)
2025-07-17 10:58:42,418 - INFO - [MISSING] ZMY: 2025-07-15 - 2025-07-17 (2 gün)
2025-07-17 10:58:42,418 - INFO - [MISSING] ZP6: 2025-07-15 - 2025-07-17 (2 gün)
2025-07-17 10:58:42,418 - INFO - [MISSING] ZP8: 2025-07-15 - 2025-07-17 (2 gün)
2025-07-17 10:58:42,418 - INFO - [MISSING] ZP9: 2025-07-15 - 2025-07-17 (2 gün)
2025-07-17 10:58:42,419 - INFO - [MISSING] ZPA: 2025-07-15 - 2025-07-17 (2 gün)
2025-07-17 10:58:42,419 - INFO - [MISSING] ZPC: 2025-07-15 - 2025-07-17 (2 gün)
2025-07-17 10:58:42,419 - INFO - [MISSING] ZPE: 2025-07-15 - 2025-07-17 (2 gün)
2025-07-17 10:58:42,419 - INFO - [MISSING] ZPF: 2025-07-15 - 2025-07-17 (2 gün)
2025-07-17 10:58:42,419 - INFO - [MISSING] ZPG: 2025-07-15 - 2025-07-17 (2 gün)
2025-07-17 10:58:42,419 - INFO - [MISSING] ZSF: 2025-07-15 - 2025-07-17 (2 gün)
2025-07-17 10:58:42,420 - INFO - [MISSING] ZSG: 2025-07-15 - 2025-07-17 (2 gün)
2025-07-17 10:58:42,420 - INFO - [MISSING] ZVO: 2025-07-15 - 2025-07-17 (2 gün)
2025-07-17 10:58:42,420 - INFO - [ANALYSIS] 805 fonun 850 fondan eksik verisi var
2025-07-17 10:58:42,420 - INFO - [STATS] Toplam fon sayısı: 850
2025-07-17 10:58:42,420 - INFO - [STATS] Güncel fon sayısı: 45
2025-07-17 10:58:42,421 - INFO - [REPAIR] 805 fon için eksik veri indiriliyor...
2025-07-17 10:58:42,422 - INFO - [REPAIR] Paralel mod - 2 worker
2025-07-17 10:58:43,992 - ERROR - Error getting performance for AYA: ('Connection aborted.', ConnectionResetError(10054, 'An existing connection was forcibly closed by the remote host', None, 10054, None))
2025-07-17 10:58:43,993 - WARNING - AYA: API hatası: ('Connection aborted.', ConnectionResetError(10054, 'An existing connection was forcibly closed by the remote host', None, 10054, None))
2025-07-17 10:58:43,993 - WARNING - AYA: Bağlantı kesildi, session tamamen yenileniyor...
2025-07-17 10:58:44,087 - WARNING - [RETRY 1/3] AYA: ('Connection aborted.', ConnectionResetError(10054, 'An existing connection was forcibly closed by the remote host', None, 10054, None))
2025-07-17 10:58:44,689 - ERROR - Error getting performance for AYR: ('Connection aborted.', ConnectionResetError(10054, 'An existing connection was forcibly closed by the remote host', None, 10054, None))
2025-07-17 10:58:44,690 - WARNING - AYR: API hatası: ('Connection aborted.', ConnectionResetError(10054, 'An existing connection was forcibly closed by the remote host', None, 10054, None))
2025-07-17 10:58:44,690 - WARNING - AYR: Bağlantı kesildi, session tamamen yenileniyor...
2025-07-17 10:58:44,741 - WARNING - Session başlatma deneme 1/3: ('Connection aborted.', ConnectionResetError(10054, 'An existing connection was forcibly closed by the remote host', None, 10054, None))
2025-07-17 10:58:45,848 - WARNING - [RETRY 1/3] AYR: ('Connection aborted.', ConnectionResetError(10054, 'An existing connection was forcibly closed by the remote host', None, 10054, None))
2025-07-17 10:58:47,709 - ERROR - Error getting performance for AYA: Expecting value: line 1 column 1 (char 0)
2025-07-17 10:58:47,709 - WARNING - AYA: API hatası: Expecting value: line 1 column 1 (char 0)
2025-07-17 10:58:47,710 - WARNING - [RETRY 2/3] AYA: Expecting value: line 1 column 1 (char 0)
2025-07-17 10:58:50,791 - ERROR - Error getting performance for AYR: ('Connection aborted.', ConnectionResetError(10054, 'An existing connection was forcibly closed by the remote host', None, 10054, None))
2025-07-17 10:58:50,792 - WARNING - AYR: API hatası: ('Connection aborted.', ConnectionResetError(10054, 'An existing connection was forcibly closed by the remote host', None, 10054, None))
2025-07-17 10:58:50,792 - WARNING - AYR: Bağlantı kesildi, session tamamen yenileniyor...
2025-07-17 10:58:50,883 - WARNING - [RETRY 2/3] AYR: ('Connection aborted.', ConnectionResetError(10054, 'An existing connection was forcibly closed by the remote host', None, 10054, None))
2025-07-17 10:58:52,692 - ERROR - Error getting performance for AYA: Expecting value: line 1 column 1 (char 0)
2025-07-17 10:58:52,693 - WARNING - AYA: API hatası: Expecting value: line 1 column 1 (char 0)
2025-07-17 10:58:52,693 - ERROR - [CHUNK FAIL] AYA: Expecting value: line 1 column 1 (char 0)
2025-07-17 10:58:52,693 - WARNING - [REPAIR EMPTY] AYA: Yeni veri bulunamadı
2025-07-17 10:58:54,746 - ERROR - Error getting performance for BBF: Expecting value: line 1 column 1 (char 0)
2025-07-17 10:58:54,747 - WARNING - BBF: API hatası: Expecting value: line 1 column 1 (char 0)
2025-07-17 10:58:54,747 - WARNING - [RETRY 1/3] BBF: Expecting value: line 1 column 1 (char 0)
2025-07-17 10:58:55,310 - ERROR - Error getting performance for AYR: Expecting value: line 1 column 1 (char 0)
2025-07-17 10:58:55,310 - WARNING - AYR: API hatası: Expecting value: line 1 column 1 (char 0)
2025-07-17 10:58:55,310 - ERROR - [CHUNK FAIL] AYR: Expecting value: line 1 column 1 (char 0)
2025-07-17 10:58:55,310 - WARNING - [REPAIR EMPTY] AYR: Yeni veri bulunamadı
2025-07-17 10:58:56,979 - ERROR - Error getting performance for BBP: Expecting value: line 1 column 1 (char 0)
2025-07-17 10:58:56,980 - WARNING - BBP: API hatası: Expecting value: line 1 column 1 (char 0)
2025-07-17 10:58:56,980 - WARNING - [RETRY 1/3] BBP: Expecting value: line 1 column 1 (char 0)
2025-07-17 10:58:59,300 - ERROR - Error getting performance for BBF: Expecting value: line 1 column 1 (char 0)
2025-07-17 10:58:59,301 - WARNING - BBF: API hatası: Expecting value: line 1 column 1 (char 0)
2025-07-17 10:58:59,301 - WARNING - [RETRY 2/3] BBF: Expecting value: line 1 column 1 (char 0)
2025-07-17 10:59:01,389 - ERROR - Error getting performance for BBP: Expecting value: line 1 column 1 (char 0)
2025-07-17 10:59:01,390 - WARNING - BBP: API hatası: Expecting value: line 1 column 1 (char 0)
2025-07-17 10:59:01,390 - WARNING - [RETRY 2/3] BBP: Expecting value: line 1 column 1 (char 0)
