2025-07-17 11:48:15,947 - INFO - CMD: tefas_download_data_merged.py --repair --input data/tefas_full_2yrs.parquet --workers 1
2025-07-17 11:48:16,033 - INFO - ============================================================
2025-07-17 11:48:16,033 - INFO - TEFAS Fon Verisi İndirme Script'i (Merged)
2025-07-17 11:48:16,033 - INFO - ============================================================
2025-07-17 11:48:16,033 - INFO - Mod: Repair - Seri
2025-07-17 11:48:16,033 - INFO - Input dosya: data/tefas_full_2yrs.parquet
2025-07-17 11:48:16,033 - INFO - ============================================================
2025-07-17 11:48:16,208 - INFO - [REPAIR MODE] Eksik veri tamamlama başlıyor...
2025-07-17 11:48:16,208 - INFO - [REPAIR] Mevcut veri analiz ediliyor: data\tefas_full_2yrs.parquet
2025-07-17 11:48:16,303 - INFO - [MISSING] GBL: 2025-07-15 - 2025-07-17 (2 gün)
2025-07-17 11:48:16,303 - INFO - [MISSING] GBN: 2025-07-15 - 2025-07-17 (2 gün)
2025-07-17 11:48:16,303 - INFO - [MISSING] GBV: 2025-07-15 - 2025-07-17 (2 gün)
2025-07-17 11:48:16,303 - INFO - [MISSING] GBZ: 2025-07-15 - 2025-07-17 (2 gün)
2025-07-17 11:48:16,303 - INFO - [MISSING] GGK: 2025-07-15 - 2025-07-17 (2 gün)
2025-07-17 11:48:16,303 - INFO - [MISSING] GHS: 2025-07-15 - 2025-07-17 (2 gün)
2025-07-17 11:48:16,304 - INFO - [MISSING] GID: 2025-07-15 - 2025-07-17 (2 gün)
2025-07-17 11:48:16,304 - INFO - [MISSING] GIE: 2025-07-15 - 2025-07-17 (2 gün)
2025-07-17 11:48:16,304 - INFO - [MISSING] GIH: 2025-07-15 - 2025-07-17 (2 gün)
2025-07-17 11:48:16,304 - INFO - [MISSING] GJB: 2025-07-15 - 2025-07-17 (2 gün)
2025-07-17 11:48:16,304 - INFO - [MISSING] GKF: 2025-07-15 - 2025-07-17 (2 gün)
2025-07-17 11:48:16,304 - INFO - [MISSING] GKG: 2025-07-15 - 2025-07-17 (2 gün)
2025-07-17 11:48:16,304 - INFO - [MISSING] GKH: 2025-07-15 - 2025-07-17 (2 gün)
2025-07-17 11:48:16,305 - INFO - [MISSING] GKV: 2025-07-15 - 2025-07-17 (2 gün)
2025-07-17 11:48:16,305 - INFO - [MISSING] GL1: 2025-07-15 - 2025-07-17 (2 gün)
2025-07-17 11:48:16,305 - INFO - [MISSING] GLC: 2025-07-15 - 2025-07-17 (2 gün)
2025-07-17 11:48:16,305 - INFO - [MISSING] GLG: 2025-07-15 - 2025-07-17 (2 gün)
2025-07-17 11:48:16,305 - INFO - [MISSING] GLS: 2025-07-15 - 2025-07-17 (2 gün)
2025-07-17 11:48:16,305 - INFO - [MISSING] GMA: 2025-07-15 - 2025-07-17 (2 gün)
2025-07-17 11:48:16,305 - INFO - [MISSING] GMC: 2025-07-15 - 2025-07-17 (2 gün)
2025-07-17 11:48:16,305 - INFO - [MISSING] GMD: 2025-07-15 - 2025-07-17 (2 gün)
2025-07-17 11:48:16,305 - INFO - [MISSING] GMR: 2025-07-15 - 2025-07-17 (2 gün)
2025-07-17 11:48:16,306 - INFO - [MISSING] GNH: 2025-07-15 - 2025-07-17 (2 gün)
2025-07-17 11:48:16,306 - INFO - [MISSING] GNS: 2025-07-15 - 2025-07-17 (2 gün)
2025-07-17 11:48:16,306 - INFO - [MISSING] GO1: 2025-07-15 - 2025-07-17 (2 gün)
2025-07-17 11:48:16,306 - INFO - [MISSING] GO2: 2025-07-15 - 2025-07-17 (2 gün)
2025-07-17 11:48:16,306 - INFO - [MISSING] GO3: 2025-07-15 - 2025-07-17 (2 gün)
2025-07-17 11:48:16,306 - INFO - [MISSING] GO4: 2025-07-15 - 2025-07-17 (2 gün)
2025-07-17 11:48:16,306 - INFO - [MISSING] GO6: 2025-07-15 - 2025-07-17 (2 gün)
2025-07-17 11:48:16,306 - INFO - [MISSING] GO9: 2025-07-15 - 2025-07-17 (2 gün)
2025-07-17 11:48:16,306 - INFO - [MISSING] GOH: 2025-07-15 - 2025-07-17 (2 gün)
2025-07-17 11:48:16,307 - INFO - [MISSING] GOL: 2025-07-15 - 2025-07-17 (2 gün)
2025-07-17 11:48:16,307 - INFO - [MISSING] GPA: 2025-07-15 - 2025-07-17 (2 gün)
2025-07-17 11:48:16,307 - INFO - [MISSING] GPB: 2025-07-15 - 2025-07-17 (2 gün)
2025-07-17 11:48:16,307 - INFO - [MISSING] GPC: 2025-07-15 - 2025-07-17 (2 gün)
2025-07-17 11:48:16,307 - INFO - [MISSING] GPF: 2025-07-15 - 2025-07-17 (2 gün)
2025-07-17 11:48:16,307 - INFO - [MISSING] GPG: 2025-07-15 - 2025-07-17 (2 gün)
2025-07-17 11:48:16,307 - INFO - [MISSING] GPI: 2025-07-15 - 2025-07-17 (2 gün)
2025-07-17 11:48:16,308 - INFO - [MISSING] GPL: 2025-07-15 - 2025-07-17 (2 gün)
2025-07-17 11:48:16,308 - INFO - [MISSING] GPT: 2025-07-15 - 2025-07-17 (2 gün)
2025-07-17 11:48:16,308 - INFO - [MISSING] GPU: 2025-07-15 - 2025-07-17 (2 gün)
2025-07-17 11:48:16,308 - INFO - [MISSING] GPZ: 2025-07-15 - 2025-07-17 (2 gün)
2025-07-17 11:48:16,308 - INFO - [MISSING] GRL: 2025-07-15 - 2025-07-17 (2 gün)
2025-07-17 11:48:16,308 - INFO - [MISSING] GRO: 2025-07-15 - 2025-07-17 (2 gün)
2025-07-17 11:48:16,309 - INFO - [MISSING] GRT: 2025-07-15 - 2025-07-17 (2 gün)
2025-07-17 11:48:16,309 - INFO - [MISSING] GSP: 2025-07-15 - 2025-07-17 (2 gün)
2025-07-17 11:48:16,309 - INFO - [MISSING] GTA: 2025-07-15 - 2025-07-17 (2 gün)
2025-07-17 11:48:16,309 - INFO - [MISSING] GTF: 2025-07-15 - 2025-07-17 (2 gün)
2025-07-17 11:48:16,309 - INFO - [MISSING] GTH: 2025-07-15 - 2025-07-17 (2 gün)
2025-07-17 11:48:16,309 - INFO - [MISSING] GTM: 2025-07-15 - 2025-07-17 (2 gün)
2025-07-17 11:48:16,309 - INFO - [MISSING] GTY: 2025-07-15 - 2025-07-17 (2 gün)
2025-07-17 11:48:16,309 - INFO - [MISSING] GTZ: 2025-07-15 - 2025-07-17 (2 gün)
2025-07-17 11:48:16,309 - INFO - [MISSING] GUB: 2025-07-15 - 2025-07-17 (2 gün)
2025-07-17 11:48:16,310 - INFO - [MISSING] GUH: 2025-07-15 - 2025-07-17 (2 gün)
2025-07-17 11:48:16,310 - INFO - [MISSING] GUM: 2025-07-15 - 2025-07-17 (2 gün)
2025-07-17 11:48:16,310 - INFO - [MISSING] GUV: 2025-07-15 - 2025-07-17 (2 gün)
2025-07-17 11:48:16,310 - INFO - [MISSING] GVA: 2025-07-15 - 2025-07-17 (2 gün)
2025-07-17 11:48:16,310 - INFO - [MISSING] GVI: 2025-07-15 - 2025-07-17 (2 gün)
2025-07-17 11:48:16,310 - INFO - [MISSING] GYK: 2025-07-15 - 2025-07-17 (2 gün)
2025-07-17 11:48:16,310 - INFO - [MISSING] GZE: 2025-07-15 - 2025-07-17 (2 gün)
2025-07-17 11:48:16,310 - INFO - [MISSING] GZG: 2025-07-15 - 2025-07-17 (2 gün)
2025-07-17 11:48:16,311 - INFO - [MISSING] GZH: 2025-07-15 - 2025-07-17 (2 gün)
2025-07-17 11:48:16,311 - INFO - [MISSING] GZJ: 2025-07-15 - 2025-07-17 (2 gün)
2025-07-17 11:48:16,311 - INFO - [MISSING] GZL: 2025-07-15 - 2025-07-17 (2 gün)
2025-07-17 11:48:16,311 - INFO - [MISSING] GZM: 2025-07-15 - 2025-07-17 (2 gün)
2025-07-17 11:48:16,311 - INFO - [MISSING] GZN: 2025-07-15 - 2025-07-17 (2 gün)
2025-07-17 11:48:16,311 - INFO - [MISSING] GZP: 2025-07-15 - 2025-07-17 (2 gün)
2025-07-17 11:48:16,311 - INFO - [MISSING] GZR: 2025-07-15 - 2025-07-17 (2 gün)
2025-07-17 11:48:16,312 - INFO - [MISSING] GZV: 2025-07-15 - 2025-07-17 (2 gün)
2025-07-17 11:48:16,312 - INFO - [MISSING] GZY: 2025-07-15 - 2025-07-17 (2 gün)
2025-07-17 11:48:16,312 - INFO - [MISSING] GZZ: 2025-07-15 - 2025-07-17 (2 gün)
2025-07-17 11:48:16,312 - INFO - [MISSING] HAM: 2025-07-15 - 2025-07-17 (2 gün)
2025-07-17 11:48:16,312 - INFO - [MISSING] HAT: 2025-07-15 - 2025-07-17 (2 gün)
2025-07-17 11:48:16,312 - INFO - [MISSING] HBF: 2025-07-15 - 2025-07-17 (2 gün)
2025-07-17 11:48:16,313 - INFO - [MISSING] HBN: 2025-07-15 - 2025-07-17 (2 gün)
2025-07-17 11:48:16,313 - INFO - [MISSING] HBU: 2025-07-15 - 2025-07-17 (2 gün)
2025-07-17 11:48:16,313 - INFO - [MISSING] HDA: 2025-07-15 - 2025-07-17 (2 gün)
2025-07-17 11:48:16,313 - INFO - [MISSING] HDK: 2025-07-15 - 2025-07-17 (2 gün)
2025-07-17 11:48:16,313 - INFO - [MISSING] HEH: 2025-07-15 - 2025-07-17 (2 gün)
2025-07-17 11:48:16,313 - INFO - [MISSING] HFI: 2025-07-15 - 2025-07-17 (2 gün)
2025-07-17 11:48:16,313 - INFO - [MISSING] HGM: 2025-07-15 - 2025-07-17 (2 gün)
2025-07-17 11:48:16,313 - INFO - [MISSING] HGV: 2025-07-15 - 2025-07-17 (2 gün)
2025-07-17 11:48:16,314 - INFO - [MISSING] HIA: 2025-07-15 - 2025-07-17 (2 gün)
2025-07-17 11:48:16,314 - INFO - [MISSING] HIH: 2025-07-15 - 2025-07-17 (2 gün)
2025-07-17 11:48:16,314 - INFO - [MISSING] HIM: 2025-07-15 - 2025-07-17 (2 gün)
2025-07-17 11:48:16,314 - INFO - [MISSING] HIZ: 2025-07-15 - 2025-07-17 (2 gün)
2025-07-17 11:48:16,314 - INFO - [MISSING] HJB: 2025-07-15 - 2025-07-17 (2 gün)
2025-07-17 11:48:16,314 - INFO - [MISSING] HKG: 2025-07-15 - 2025-07-17 (2 gün)
2025-07-17 11:48:16,315 - INFO - [MISSING] HKH: 2025-07-15 - 2025-07-17 (2 gün)
2025-07-17 11:48:16,315 - INFO - [MISSING] HKM: 2025-07-15 - 2025-07-17 (2 gün)
2025-07-17 11:48:16,315 - INFO - [MISSING] HKR: 2025-07-15 - 2025-07-17 (2 gün)
2025-07-17 11:48:16,315 - INFO - [MISSING] HMC: 2025-07-15 - 2025-07-17 (2 gün)
2025-07-17 11:48:16,315 - INFO - [MISSING] HMG: 2025-07-15 - 2025-07-17 (2 gün)
2025-07-17 11:48:16,315 - INFO - [MISSING] HML: 2025-07-15 - 2025-07-17 (2 gün)
2025-07-17 11:48:16,315 - INFO - [MISSING] HMS: 2025-07-15 - 2025-07-17 (2 gün)
2025-07-17 11:48:16,316 - INFO - [MISSING] HNC: 2025-07-15 - 2025-07-17 (2 gün)
2025-07-17 11:48:16,316 - INFO - [MISSING] HOA: 2025-07-15 - 2025-07-17 (2 gün)
2025-07-17 11:48:16,316 - INFO - [MISSING] HOY: 2025-07-15 - 2025-07-17 (2 gün)
2025-07-17 11:48:16,316 - INFO - [MISSING] HP3: 2025-07-15 - 2025-07-17 (2 gün)
2025-07-17 11:48:16,316 - INFO - [MISSING] HPD: 2025-07-15 - 2025-07-17 (2 gün)
2025-07-17 11:48:16,316 - INFO - [MISSING] HPH: 2025-07-15 - 2025-07-17 (2 gün)
2025-07-17 11:48:16,317 - INFO - [MISSING] HPO: 2025-07-15 - 2025-07-17 (2 gün)
2025-07-17 11:48:16,317 - INFO - [MISSING] HPT: 2025-07-15 - 2025-07-17 (2 gün)
2025-07-17 11:48:16,317 - INFO - [MISSING] HRZ: 2025-07-15 - 2025-07-17 (2 gün)
2025-07-17 11:48:16,317 - INFO - [MISSING] HSA: 2025-07-15 - 2025-07-17 (2 gün)
2025-07-17 11:48:16,317 - INFO - [MISSING] HSL: 2025-07-15 - 2025-07-17 (2 gün)
2025-07-17 11:48:16,317 - INFO - [MISSING] HST: 2025-07-15 - 2025-07-17 (2 gün)
2025-07-17 11:48:16,317 - INFO - [MISSING] HTJ: 2025-07-15 - 2025-07-17 (2 gün)
2025-07-17 11:48:16,318 - INFO - [MISSING] HVK: 2025-07-15 - 2025-07-17 (2 gün)
2025-07-17 11:48:16,318 - INFO - [MISSING] HVS: 2025-07-15 - 2025-07-17 (2 gün)
2025-07-17 11:48:16,318 - INFO - [MISSING] HVT: 2025-07-15 - 2025-07-17 (2 gün)
2025-07-17 11:48:16,318 - INFO - [MISSING] HVU: 2025-07-15 - 2025-07-17 (2 gün)
2025-07-17 11:48:16,318 - INFO - [MISSING] HVZ: 2025-07-15 - 2025-07-17 (2 gün)
2025-07-17 11:48:16,318 - INFO - [MISSING] HYP: 2025-07-15 - 2025-07-17 (2 gün)
2025-07-17 11:48:16,318 - INFO - [MISSING] HYU: 2025-07-15 - 2025-07-17 (2 gün)
2025-07-17 11:48:16,318 - INFO - [MISSING] HYV: 2025-07-15 - 2025-07-17 (2 gün)
2025-07-17 11:48:16,318 - INFO - [MISSING] IAE: 2025-07-15 - 2025-07-17 (2 gün)
2025-07-17 11:48:16,319 - INFO - [MISSING] IAM: 2025-07-15 - 2025-07-17 (2 gün)
2025-07-17 11:48:16,319 - INFO - [MISSING] IAT: 2025-07-15 - 2025-07-17 (2 gün)
2025-07-17 11:48:16,319 - INFO - [MISSING] IAU: 2025-07-15 - 2025-07-17 (2 gün)
2025-07-17 11:48:16,319 - INFO - [MISSING] IAY: 2025-07-15 - 2025-07-17 (2 gün)
2025-07-17 11:48:16,319 - INFO - [MISSING] IBB: 2025-07-15 - 2025-07-17 (2 gün)
2025-07-17 11:48:16,319 - INFO - [MISSING] ICA: 2025-07-15 - 2025-07-17 (2 gün)
2025-07-17 11:48:16,319 - INFO - [MISSING] ICC: 2025-07-15 - 2025-07-17 (2 gün)
2025-07-17 11:48:16,319 - INFO - [MISSING] ICD: 2025-07-15 - 2025-07-17 (2 gün)
2025-07-17 11:48:16,319 - INFO - [MISSING] ICE: 2025-07-15 - 2025-07-17 (2 gün)
2025-07-17 11:48:16,319 - INFO - [MISSING] ICF: 2025-07-15 - 2025-07-17 (2 gün)
2025-07-17 11:48:16,320 - INFO - [MISSING] ICH: 2025-07-15 - 2025-07-17 (2 gün)
2025-07-17 11:48:16,320 - INFO - [MISSING] ICS: 2025-07-15 - 2025-07-17 (2 gün)
2025-07-17 11:48:16,320 - INFO - [MISSING] ICV: 2025-07-15 - 2025-07-17 (2 gün)
2025-07-17 11:48:16,320 - INFO - [MISSING] ICZ: 2025-07-15 - 2025-07-17 (2 gün)
2025-07-17 11:48:16,320 - INFO - [MISSING] IDD: 2025-07-15 - 2025-07-17 (2 gün)
2025-07-17 11:48:16,320 - INFO - [MISSING] IDF: 2025-07-15 - 2025-07-17 (2 gün)
2025-07-17 11:48:16,320 - INFO - [MISSING] IDH: 2025-07-15 - 2025-07-17 (2 gün)
2025-07-17 11:48:16,321 - INFO - [MISSING] IDI: 2025-07-15 - 2025-07-17 (2 gün)
2025-07-17 11:48:16,321 - INFO - [MISSING] IDL: 2025-07-15 - 2025-07-17 (2 gün)
2025-07-17 11:48:16,321 - INFO - [MISSING] IDO: 2025-07-15 - 2025-07-17 (2 gün)
2025-07-17 11:48:16,321 - INFO - [MISSING] IDY: 2025-07-15 - 2025-07-17 (2 gün)
2025-07-17 11:48:16,321 - INFO - [MISSING] IEV: 2025-07-15 - 2025-07-17 (2 gün)
2025-07-17 11:48:16,321 - INFO - [MISSING] IFN: 2025-07-15 - 2025-07-17 (2 gün)
2025-07-17 11:48:16,321 - INFO - [MISSING] IFV: 2025-07-15 - 2025-07-17 (2 gün)
2025-07-17 11:48:16,321 - INFO - [MISSING] IHA: 2025-07-15 - 2025-07-17 (2 gün)
2025-07-17 11:48:16,322 - INFO - [MISSING] IHC: 2025-07-15 - 2025-07-17 (2 gün)
2025-07-17 11:48:16,322 - INFO - [MISSING] IHK: 2025-07-15 - 2025-07-17 (2 gün)
2025-07-17 11:48:16,322 - INFO - [MISSING] IHP: 2025-07-15 - 2025-07-17 (2 gün)
2025-07-17 11:48:16,322 - INFO - [MISSING] IHT: 2025-07-15 - 2025-07-17 (2 gün)
2025-07-17 11:48:16,322 - INFO - [MISSING] IHZ: 2025-07-15 - 2025-07-17 (2 gün)
2025-07-17 11:48:16,322 - INFO - [MISSING] IIE: 2025-07-15 - 2025-07-17 (2 gün)
2025-07-17 11:48:16,322 - INFO - [MISSING] IIH: 2025-07-15 - 2025-07-17 (2 gün)
2025-07-17 11:48:16,322 - INFO - [MISSING] IJA: 2025-07-15 - 2025-07-17 (2 gün)
2025-07-17 11:48:16,322 - INFO - [MISSING] IJB: 2025-07-15 - 2025-07-17 (2 gün)
2025-07-17 11:48:16,323 - INFO - [MISSING] IJC: 2025-07-15 - 2025-07-17 (2 gün)
2025-07-17 11:48:16,323 - INFO - [MISSING] IJH: 2025-07-15 - 2025-07-17 (2 gün)
2025-07-17 11:48:16,323 - INFO - [MISSING] IJP: 2025-07-15 - 2025-07-17 (2 gün)
2025-07-17 11:48:16,323 - INFO - [MISSING] IJT: 2025-07-15 - 2025-07-17 (2 gün)
2025-07-17 11:48:16,323 - INFO - [MISSING] IJV: 2025-07-15 - 2025-07-17 (2 gün)
2025-07-17 11:48:16,323 - INFO - [MISSING] IJZ: 2025-07-15 - 2025-07-17 (2 gün)
2025-07-17 11:48:16,323 - INFO - [MISSING] IKL: 2025-07-15 - 2025-07-17 (2 gün)
2025-07-17 11:48:16,323 - INFO - [MISSING] IKP: 2025-07-15 - 2025-07-17 (2 gün)
2025-07-17 11:48:16,323 - INFO - [MISSING] IKV: 2025-07-15 - 2025-07-17 (2 gün)
2025-07-17 11:48:16,323 - INFO - [MISSING] ILZ: 2025-07-15 - 2025-07-17 (2 gün)
2025-07-17 11:48:16,324 - INFO - [MISSING] IMB: 2025-07-15 - 2025-07-17 (2 gün)
2025-07-17 11:48:16,324 - INFO - [MISSING] IMF: 2025-07-15 - 2025-07-17 (2 gün)
2025-07-17 11:48:16,324 - INFO - [MISSING] IML: 2025-07-15 - 2025-07-17 (2 gün)
2025-07-17 11:48:16,324 - INFO - [MISSING] IOG: 2025-07-15 - 2025-07-17 (2 gün)
2025-07-17 11:48:16,324 - INFO - [MISSING] IOO: 2025-07-15 - 2025-07-17 (2 gün)
2025-07-17 11:48:16,324 - INFO - [MISSING] IPB: 2025-07-15 - 2025-07-17 (2 gün)
2025-07-17 11:48:16,324 - INFO - [MISSING] IPG: 2025-07-15 - 2025-07-17 (2 gün)
2025-07-17 11:48:16,325 - INFO - [MISSING] IPJ: 2025-07-15 - 2025-07-17 (2 gün)
2025-07-17 11:48:16,325 - INFO - [MISSING] IPV: 2025-07-15 - 2025-07-17 (2 gün)
2025-07-17 11:48:16,325 - INFO - [MISSING] IRF: 2025-07-15 - 2025-07-17 (2 gün)
2025-07-17 11:48:16,325 - INFO - [MISSING] IRO: 2025-07-15 - 2025-07-17 (2 gün)
2025-07-17 11:48:16,325 - INFO - [MISSING] IRT: 2025-07-15 - 2025-07-17 (2 gün)
2025-07-17 11:48:16,325 - INFO - [MISSING] IRV: 2025-07-15 - 2025-07-17 (2 gün)
2025-07-17 11:48:16,325 - INFO - [MISSING] IRY: 2025-07-15 - 2025-07-17 (2 gün)
2025-07-17 11:48:16,326 - INFO - [MISSING] IST: 2025-07-15 - 2025-07-17 (2 gün)
2025-07-17 11:48:16,326 - INFO - [MISSING] ITP: 2025-07-15 - 2025-07-17 (2 gün)
2025-07-17 11:48:16,326 - INFO - [MISSING] IUF: 2025-07-15 - 2025-07-17 (2 gün)
2025-07-17 11:48:16,326 - INFO - [MISSING] IUH: 2025-07-15 - 2025-07-17 (2 gün)
2025-07-17 11:48:16,326 - INFO - [MISSING] IUV: 2025-07-15 - 2025-07-17 (2 gün)
2025-07-17 11:48:16,326 - INFO - [MISSING] IV8: 2025-07-15 - 2025-07-17 (2 gün)
2025-07-17 11:48:16,326 - INFO - [MISSING] IVF: 2025-07-15 - 2025-07-17 (2 gün)
2025-07-17 11:48:16,326 - INFO - [MISSING] IVY: 2025-07-15 - 2025-07-17 (2 gün)
2025-07-17 11:48:16,326 - INFO - [MISSING] IYB: 2025-07-15 - 2025-07-17 (2 gün)
2025-07-17 11:48:16,327 - INFO - [MISSING] IZB: 2025-07-15 - 2025-07-17 (2 gün)
2025-07-17 11:48:16,327 - INFO - [MISSING] IZF: 2025-07-15 - 2025-07-17 (2 gün)
2025-07-17 11:48:16,327 - INFO - [MISSING] IZS: 2025-07-15 - 2025-07-17 (2 gün)
2025-07-17 11:48:16,327 - INFO - [MISSING] JET: 2025-07-15 - 2025-07-17 (2 gün)
2025-07-17 11:48:16,327 - INFO - [MISSING] JUP: 2025-07-15 - 2025-07-17 (2 gün)
2025-07-17 11:48:16,327 - INFO - [MISSING] KAV: 2025-07-15 - 2025-07-17 (2 gün)
2025-07-17 11:48:16,327 - INFO - [MISSING] KCL: 2025-07-15 - 2025-07-17 (2 gün)
2025-07-17 11:48:16,327 - INFO - [MISSING] KCV: 2025-07-15 - 2025-07-17 (2 gün)
2025-07-17 11:48:16,328 - INFO - [MISSING] KDE: 2025-07-15 - 2025-07-17 (2 gün)
2025-07-17 11:48:16,328 - INFO - [MISSING] KDL: 2025-07-15 - 2025-07-17 (2 gün)
2025-07-17 11:48:16,328 - INFO - [MISSING] KDT: 2025-07-15 - 2025-07-17 (2 gün)
2025-07-17 11:48:16,328 - INFO - [MISSING] KGM: 2025-07-15 - 2025-07-17 (2 gün)
2025-07-17 11:48:16,328 - INFO - [MISSING] KHA: 2025-07-15 - 2025-07-17 (2 gün)
2025-07-17 11:48:16,328 - INFO - [MISSING] KHB: 2025-07-15 - 2025-07-17 (2 gün)
2025-07-17 11:48:16,328 - INFO - [MISSING] KHC: 2025-07-15 - 2025-07-17 (2 gün)
2025-07-17 11:48:16,329 - INFO - [MISSING] KHJ: 2025-07-15 - 2025-07-17 (2 gün)
2025-07-17 11:48:16,329 - INFO - [MISSING] KHT: 2025-07-15 - 2025-07-17 (2 gün)
2025-07-17 11:48:16,329 - INFO - [MISSING] KIA: 2025-07-15 - 2025-07-17 (2 gün)
2025-07-17 11:48:16,329 - INFO - [MISSING] KIB: 2025-07-15 - 2025-07-17 (2 gün)
2025-07-17 11:48:16,329 - INFO - [MISSING] KID: 2025-07-15 - 2025-07-17 (2 gün)
2025-07-17 11:48:16,329 - INFO - [MISSING] KIE: 2025-07-15 - 2025-07-17 (2 gün)
2025-07-17 11:48:16,329 - INFO - [MISSING] KIF: 2025-07-15 - 2025-07-17 (2 gün)
2025-07-17 11:48:16,330 - INFO - [MISSING] KIH: 2025-07-15 - 2025-07-17 (2 gün)
2025-07-17 11:48:16,330 - INFO - [MISSING] KIS: 2025-07-15 - 2025-07-17 (2 gün)
2025-07-17 11:48:16,330 - INFO - [MISSING] KKC: 2025-07-15 - 2025-07-17 (2 gün)
2025-07-17 11:48:16,330 - INFO - [MISSING] KKH: 2025-07-15 - 2025-07-17 (2 gün)
2025-07-17 11:48:16,330 - INFO - [MISSING] KKL: 2025-07-15 - 2025-07-17 (2 gün)
2025-07-17 11:48:16,330 - INFO - [MISSING] KLH: 2025-07-15 - 2025-07-17 (2 gün)
2025-07-17 11:48:16,330 - INFO - [MISSING] KLS: 2025-07-15 - 2025-07-17 (2 gün)
2025-07-17 11:48:16,330 - INFO - [MISSING] KLU: 2025-07-15 - 2025-07-17 (2 gün)
2025-07-17 11:48:16,330 - INFO - [MISSING] KME: 2025-07-15 - 2025-07-17 (2 gün)
2025-07-17 11:48:16,331 - INFO - [MISSING] KMF: 2025-07-15 - 2025-07-17 (2 gün)
2025-07-17 11:48:16,331 - INFO - [MISSING] KNJ: 2025-07-15 - 2025-07-17 (2 gün)
2025-07-17 11:48:16,331 - INFO - [MISSING] KOT: 2025-07-15 - 2025-07-17 (2 gün)
2025-07-17 11:48:16,331 - INFO - [MISSING] KP3: 2025-07-15 - 2025-07-17 (2 gün)
2025-07-17 11:48:16,331 - INFO - [MISSING] KPA: 2025-07-15 - 2025-07-17 (2 gün)
2025-07-17 11:48:16,331 - INFO - [MISSING] KPC: 2025-07-15 - 2025-07-17 (2 gün)
2025-07-17 11:48:16,331 - INFO - [MISSING] KPD: 2025-07-15 - 2025-07-17 (2 gün)
2025-07-17 11:48:16,331 - INFO - [MISSING] KPF: 2025-07-15 - 2025-07-17 (2 gün)
2025-07-17 11:48:16,331 - INFO - [MISSING] KPH: 2025-07-15 - 2025-07-17 (2 gün)
2025-07-17 11:48:16,331 - INFO - [MISSING] KPP: 2025-07-15 - 2025-07-17 (2 gün)
2025-07-17 11:48:16,332 - INFO - [MISSING] KPU: 2025-07-15 - 2025-07-17 (2 gün)
2025-07-17 11:48:16,332 - INFO - [MISSING] KRA: 2025-07-15 - 2025-07-17 (2 gün)
2025-07-17 11:48:16,332 - INFO - [MISSING] KRC: 2025-07-15 - 2025-07-17 (2 gün)
2025-07-17 11:48:16,332 - INFO - [MISSING] KRF: 2025-07-15 - 2025-07-17 (2 gün)
2025-07-17 11:48:16,332 - INFO - [MISSING] KRS: 2025-07-15 - 2025-07-17 (2 gün)
2025-07-17 11:48:16,332 - INFO - [MISSING] KRT: 2025-07-15 - 2025-07-17 (2 gün)
2025-07-17 11:48:16,332 - INFO - [MISSING] KSA: 2025-07-15 - 2025-07-17 (2 gün)
2025-07-17 11:48:16,332 - INFO - [MISSING] KSK: 2025-07-15 - 2025-07-17 (2 gün)
2025-07-17 11:48:16,332 - INFO - [MISSING] KSR: 2025-07-15 - 2025-07-17 (2 gün)
2025-07-17 11:48:16,333 - INFO - [MISSING] KST: 2025-07-15 - 2025-07-17 (2 gün)
2025-07-17 11:48:16,333 - INFO - [MISSING] KSV: 2025-07-15 - 2025-07-17 (2 gün)
2025-07-17 11:48:16,333 - INFO - [MISSING] KTI: 2025-07-15 - 2025-07-17 (2 gün)
2025-07-17 11:48:16,333 - INFO - [MISSING] KTJ: 2025-07-15 - 2025-07-17 (2 gün)
2025-07-17 11:48:16,333 - INFO - [MISSING] KTM: 2025-07-15 - 2025-07-17 (2 gün)
2025-07-17 11:48:16,333 - INFO - [MISSING] KTN: 2025-07-15 - 2025-07-17 (2 gün)
2025-07-17 11:48:16,334 - INFO - [MISSING] KTR: 2025-07-15 - 2025-07-17 (2 gün)
2025-07-17 11:48:16,334 - INFO - [MISSING] KTS: 2025-07-15 - 2025-07-17 (2 gün)
2025-07-17 11:48:16,334 - INFO - [MISSING] KTT: 2025-07-15 - 2025-07-17 (2 gün)
2025-07-17 11:48:16,334 - INFO - [MISSING] KTV: 2025-07-15 - 2025-07-17 (2 gün)
2025-07-17 11:48:16,334 - INFO - [MISSING] KUA: 2025-07-15 - 2025-07-17 (2 gün)
2025-07-17 11:48:16,334 - INFO - [MISSING] KUB: 2025-07-15 - 2025-07-17 (2 gün)
2025-07-17 11:48:16,334 - INFO - [MISSING] KUD: 2025-07-15 - 2025-07-17 (2 gün)
2025-07-17 11:48:16,334 - INFO - [MISSING] KUT: 2025-07-15 - 2025-07-17 (2 gün)
2025-07-17 11:48:16,335 - INFO - [MISSING] KVS: 2025-07-15 - 2025-07-17 (2 gün)
2025-07-17 11:48:16,335 - INFO - [MISSING] KVT: 2025-07-15 - 2025-07-17 (2 gün)
2025-07-17 11:48:16,335 - INFO - [MISSING] KYA: 2025-07-15 - 2025-07-17 (2 gün)
2025-07-17 11:48:16,335 - INFO - [MISSING] KYS: 2025-07-15 - 2025-07-17 (2 gün)
2025-07-17 11:48:16,335 - INFO - [MISSING] KZL: 2025-07-15 - 2025-07-17 (2 gün)
2025-07-17 11:48:16,335 - INFO - [MISSING] KZU: 2025-07-15 - 2025-07-17 (2 gün)
2025-07-17 11:48:16,335 - INFO - [MISSING] LID: 2025-07-15 - 2025-07-17 (2 gün)
2025-07-17 11:48:16,335 - INFO - [MISSING] LLA: 2025-07-15 - 2025-07-17 (2 gün)
2025-07-17 11:48:16,335 - INFO - [MISSING] LPH: 2025-07-15 - 2025-07-17 (2 gün)
2025-07-17 11:48:16,335 - INFO - [MISSING] MAC: 2025-07-15 - 2025-07-17 (2 gün)
2025-07-17 11:48:16,335 - INFO - [MISSING] MAD: 2025-07-15 - 2025-07-17 (2 gün)
2025-07-17 11:48:16,336 - INFO - [MISSING] MBL: 2025-07-15 - 2025-07-17 (2 gün)
2025-07-17 11:48:16,336 - INFO - [MISSING] MBR: 2025-07-15 - 2025-07-17 (2 gün)
2025-07-17 11:48:16,336 - INFO - [MISSING] MD1: 2025-07-15 - 2025-07-17 (2 gün)
2025-07-17 11:48:16,336 - INFO - [MISSING] MD2: 2025-07-15 - 2025-07-17 (2 gün)
2025-07-17 11:48:16,336 - INFO - [MISSING] MET: 2025-07-15 - 2025-07-17 (2 gün)
2025-07-17 11:48:16,336 - INFO - [MISSING] MGB: 2025-07-15 - 2025-07-17 (2 gün)
2025-07-17 11:48:16,336 - INFO - [MISSING] MGH: 2025-07-15 - 2025-07-17 (2 gün)
2025-07-17 11:48:16,336 - INFO - [MISSING] MHF: 2025-07-15 - 2025-07-17 (2 gün)
2025-07-17 11:48:16,336 - INFO - [MISSING] MJB: 2025-07-15 - 2025-07-17 (2 gün)
2025-07-17 11:48:16,337 - INFO - [MISSING] MJG: 2025-07-15 - 2025-07-17 (2 gün)
2025-07-17 11:48:16,337 - INFO - [MISSING] MJL: 2025-07-15 - 2025-07-17 (2 gün)
2025-07-17 11:48:16,337 - INFO - [MISSING] MKA: 2025-07-15 - 2025-07-17 (2 gün)
2025-07-17 11:48:16,337 - INFO - [MISSING] MKG: 2025-07-15 - 2025-07-17 (2 gün)
2025-07-17 11:48:16,337 - INFO - [MISSING] MMH: 2025-07-15 - 2025-07-17 (2 gün)
2025-07-17 11:48:16,337 - INFO - [MISSING] MPF: 2025-07-15 - 2025-07-17 (2 gün)
2025-07-17 11:48:16,338 - INFO - [MISSING] MPK: 2025-07-15 - 2025-07-17 (2 gün)
2025-07-17 11:48:16,338 - INFO - [MISSING] MPL: 2025-07-15 - 2025-07-17 (2 gün)
2025-07-17 11:48:16,338 - INFO - [MISSING] MPN: 2025-07-15 - 2025-07-17 (2 gün)
2025-07-17 11:48:16,338 - INFO - [MISSING] MPP: 2025-07-15 - 2025-07-17 (2 gün)
2025-07-17 11:48:16,338 - INFO - [MISSING] MPS: 2025-07-15 - 2025-07-17 (2 gün)
2025-07-17 11:48:16,338 - INFO - [MISSING] MRI: 2025-07-15 - 2025-07-17 (2 gün)
2025-07-17 11:48:16,338 - INFO - [MISSING] MT1: 2025-07-15 - 2025-07-17 (2 gün)
2025-07-17 11:48:16,339 - INFO - [MISSING] MTF: 2025-07-15 - 2025-07-17 (2 gün)
2025-07-17 11:48:16,339 - INFO - [MISSING] MTG: 2025-07-15 - 2025-07-17 (2 gün)
2025-07-17 11:48:16,339 - INFO - [MISSING] MTH: 2025-07-15 - 2025-07-17 (2 gün)
2025-07-17 11:48:16,339 - INFO - [MISSING] MTK: 2025-07-15 - 2025-07-17 (2 gün)
2025-07-17 11:48:16,339 - INFO - [MISSING] MTS: 2025-07-15 - 2025-07-17 (2 gün)
2025-07-17 11:48:16,339 - INFO - [MISSING] MTV: 2025-07-15 - 2025-07-17 (2 gün)
2025-07-17 11:48:16,339 - INFO - [MISSING] MTX: 2025-07-15 - 2025-07-17 (2 gün)
2025-07-17 11:48:16,339 - INFO - [MISSING] MUT: 2025-07-15 - 2025-07-17 (2 gün)
2025-07-17 11:48:16,339 - INFO - [MISSING] NAU: 2025-07-15 - 2025-07-17 (2 gün)
2025-07-17 11:48:16,340 - INFO - [MISSING] NBH: 2025-07-15 - 2025-07-17 (2 gün)
2025-07-17 11:48:16,340 - INFO - [MISSING] NBZ: 2025-07-15 - 2025-07-17 (2 gün)
2025-07-17 11:48:16,340 - INFO - [MISSING] NCS: 2025-07-15 - 2025-07-17 (2 gün)
2025-07-17 11:48:16,340 - INFO - [MISSING] NFF: 2025-07-15 - 2025-07-17 (2 gün)
2025-07-17 11:48:16,340 - INFO - [MISSING] NHP: 2025-07-15 - 2025-07-17 (2 gün)
2025-07-17 11:48:16,340 - INFO - [MISSING] NHY: 2025-07-15 - 2025-07-17 (2 gün)
2025-07-17 11:48:16,340 - INFO - [MISSING] NJF: 2025-07-15 - 2025-07-17 (2 gün)
2025-07-17 11:48:16,340 - INFO - [MISSING] NJR: 2025-07-15 - 2025-07-17 (2 gün)
2025-07-17 11:48:16,340 - INFO - [MISSING] NJY: 2025-07-15 - 2025-07-17 (2 gün)
2025-07-17 11:48:16,340 - INFO - [MISSING] NKA: 2025-07-15 - 2025-07-17 (2 gün)
2025-07-17 11:48:16,341 - INFO - [MISSING] NLE: 2025-07-15 - 2025-07-17 (2 gün)
2025-07-17 11:48:16,341 - INFO - [MISSING] NLK: 2025-07-15 - 2025-07-17 (2 gün)
2025-07-17 11:48:16,341 - INFO - [MISSING] NME: 2025-07-15 - 2025-07-17 (2 gün)
2025-07-17 11:48:16,341 - INFO - [MISSING] NNF: 2025-07-15 - 2025-07-17 (2 gün)
2025-07-17 11:48:16,341 - INFO - [MISSING] NPH: 2025-07-15 - 2025-07-17 (2 gün)
2025-07-17 11:48:16,342 - INFO - [MISSING] NRC: 2025-07-15 - 2025-07-17 (2 gün)
2025-07-17 11:48:16,342 - INFO - [MISSING] NRG: 2025-07-15 - 2025-07-17 (2 gün)
2025-07-17 11:48:16,342 - INFO - [MISSING] NSA: 2025-07-15 - 2025-07-17 (2 gün)
2025-07-17 11:48:16,342 - INFO - [MISSING] NSD: 2025-07-15 - 2025-07-17 (2 gün)
2025-07-17 11:48:16,342 - INFO - [MISSING] NSH: 2025-07-15 - 2025-07-17 (2 gün)
2025-07-17 11:48:16,342 - INFO - [MISSING] NSK: 2025-07-15 - 2025-07-17 (2 gün)
2025-07-17 11:48:16,343 - INFO - [MISSING] NSP: 2025-07-15 - 2025-07-17 (2 gün)
2025-07-17 11:48:16,343 - INFO - [MISSING] NUB: 2025-07-15 - 2025-07-17 (2 gün)
2025-07-17 11:48:16,343 - INFO - [MISSING] NVB: 2025-07-15 - 2025-07-17 (2 gün)
2025-07-17 11:48:16,343 - INFO - [MISSING] NVC: 2025-07-15 - 2025-07-17 (2 gün)
2025-07-17 11:48:16,343 - INFO - [MISSING] NVK: 2025-07-15 - 2025-07-17 (2 gün)
2025-07-17 11:48:16,343 - INFO - [MISSING] NVT: 2025-07-15 - 2025-07-17 (2 gün)
2025-07-17 11:48:16,343 - INFO - [MISSING] NVZ: 2025-07-15 - 2025-07-17 (2 gün)
2025-07-17 11:48:16,343 - INFO - [MISSING] NZH: 2025-07-15 - 2025-07-17 (2 gün)
2025-07-17 11:48:16,343 - INFO - [MISSING] NZT: 2025-07-15 - 2025-07-17 (2 gün)
2025-07-17 11:48:16,344 - INFO - [MISSING] NZU: 2025-07-15 - 2025-07-17 (2 gün)
2025-07-17 11:48:16,344 - INFO - [MISSING] OBI: 2025-07-15 - 2025-07-17 (2 gün)
2025-07-17 11:48:16,344 - INFO - [MISSING] OBP: 2025-07-15 - 2025-07-17 (2 gün)
2025-07-17 11:48:16,344 - INFO - [MISSING] ODD: 2025-07-15 - 2025-07-17 (2 gün)
2025-07-17 11:48:16,344 - INFO - [MISSING] ODP: 2025-07-15 - 2025-07-17 (2 gün)
2025-07-17 11:48:16,344 - INFO - [MISSING] ODS: 2025-07-15 - 2025-07-17 (2 gün)
2025-07-17 11:48:16,344 - INFO - [MISSING] ODV: 2025-07-15 - 2025-07-17 (2 gün)
2025-07-17 11:48:16,344 - INFO - [MISSING] OFI: 2025-07-15 - 2025-07-17 (2 gün)
2025-07-17 11:48:16,344 - INFO - [MISSING] OFS: 2025-07-15 - 2025-07-17 (2 gün)
2025-07-17 11:48:16,344 - INFO - [MISSING] OGD: 2025-07-15 - 2025-07-17 (2 gün)
2025-07-17 11:48:16,345 - INFO - [MISSING] OHB: 2025-07-15 - 2025-07-17 (2 gün)
2025-07-17 11:48:16,345 - INFO - [MISSING] OHK: 2025-07-15 - 2025-07-17 (2 gün)
2025-07-17 11:48:16,345 - INFO - [MISSING] OIL: 2025-07-15 - 2025-07-17 (2 gün)
2025-07-17 11:48:16,345 - INFO - [MISSING] OIR: 2025-07-15 - 2025-07-17 (2 gün)
2025-07-17 11:48:16,345 - INFO - [MISSING] OJB: 2025-07-15 - 2025-07-17 (2 gün)
2025-07-17 11:48:16,345 - INFO - [MISSING] OJK: 2025-07-15 - 2025-07-17 (2 gün)
2025-07-17 11:48:16,346 - INFO - [MISSING] OJT: 2025-07-15 - 2025-07-17 (2 gün)
2025-07-17 11:48:16,346 - INFO - [MISSING] OKD: 2025-07-15 - 2025-07-17 (2 gün)
2025-07-17 11:48:16,346 - INFO - [MISSING] OKP: 2025-07-15 - 2025-07-17 (2 gün)
2025-07-17 11:48:16,346 - INFO - [MISSING] OKT: 2025-07-15 - 2025-07-17 (2 gün)
2025-07-17 11:48:16,346 - INFO - [MISSING] OLA: 2025-07-15 - 2025-07-17 (2 gün)
2025-07-17 11:48:16,346 - INFO - [MISSING] OLD: 2025-07-15 - 2025-07-17 (2 gün)
2025-07-17 11:48:16,347 - INFO - [MISSING] OLE: 2025-07-15 - 2025-07-17 (2 gün)
2025-07-17 11:48:16,347 - INFO - [MISSING] OMG: 2025-07-15 - 2025-07-17 (2 gün)
2025-07-17 11:48:16,347 - INFO - [MISSING] ONE: 2025-07-15 - 2025-07-17 (2 gün)
2025-07-17 11:48:16,347 - INFO - [MISSING] ONK: 2025-07-15 - 2025-07-17 (2 gün)
2025-07-17 11:48:16,347 - INFO - [MISSING] ONN: 2025-07-15 - 2025-07-17 (2 gün)
2025-07-17 11:48:16,347 - INFO - [MISSING] ONS: 2025-07-15 - 2025-07-17 (2 gün)
2025-07-17 11:48:16,347 - INFO - [MISSING] OPB: 2025-07-15 - 2025-07-17 (2 gün)
2025-07-17 11:48:16,347 - INFO - [MISSING] OPD: 2025-07-15 - 2025-07-17 (2 gün)
2025-07-17 11:48:16,348 - INFO - [MISSING] OPF: 2025-07-15 - 2025-07-17 (2 gün)
2025-07-17 11:48:16,348 - INFO - [MISSING] OPH: 2025-07-15 - 2025-07-17 (2 gün)
2025-07-17 11:48:16,348 - INFO - [MISSING] OPI: 2025-07-15 - 2025-07-17 (2 gün)
2025-07-17 11:48:16,348 - INFO - [MISSING] OPL: 2025-07-15 - 2025-07-17 (2 gün)
2025-07-17 11:48:16,348 - INFO - [MISSING] ORC: 2025-07-15 - 2025-07-17 (2 gün)
2025-07-17 11:48:16,348 - INFO - [MISSING] OSD: 2025-07-15 - 2025-07-17 (2 gün)
2025-07-17 11:48:16,348 - INFO - [MISSING] OSL: 2025-07-15 - 2025-07-17 (2 gün)
2025-07-17 11:48:16,348 - INFO - [MISSING] OTJ: 2025-07-15 - 2025-07-17 (2 gün)
2025-07-17 11:48:16,348 - INFO - [MISSING] OTK: 2025-07-15 - 2025-07-17 (2 gün)
2025-07-17 11:48:16,349 - INFO - [MISSING] OTM: 2025-07-15 - 2025-07-17 (2 gün)
2025-07-17 11:48:16,349 - INFO - [MISSING] OUD: 2025-07-15 - 2025-07-17 (2 gün)
2025-07-17 11:48:16,349 - INFO - [MISSING] OVD: 2025-07-15 - 2025-07-17 (2 gün)
2025-07-17 11:48:16,349 - INFO - [MISSING] PAF: 2025-07-15 - 2025-07-17 (2 gün)
2025-07-17 11:48:16,349 - INFO - [MISSING] PAL: 2025-07-15 - 2025-07-17 (2 gün)
2025-07-17 11:48:16,349 - INFO - [MISSING] PAO: 2025-07-15 - 2025-07-17 (2 gün)
2025-07-17 11:48:16,349 - INFO - [MISSING] PBI: 2025-07-15 - 2025-07-17 (2 gün)
2025-07-17 11:48:16,350 - INFO - [MISSING] PBK: 2025-07-15 - 2025-07-17 (2 gün)
2025-07-17 11:48:16,350 - INFO - [MISSING] PBN: 2025-07-15 - 2025-07-17 (2 gün)
2025-07-17 11:48:16,350 - INFO - [MISSING] PBR: 2025-07-15 - 2025-07-17 (2 gün)
2025-07-17 11:48:16,350 - INFO - [MISSING] PDD: 2025-07-15 - 2025-07-17 (2 gün)
2025-07-17 11:48:16,350 - INFO - [MISSING] PDF: 2025-07-15 - 2025-07-17 (2 gün)
2025-07-17 11:48:16,350 - INFO - [MISSING] PEA: 2025-07-15 - 2025-07-17 (2 gün)
2025-07-17 11:48:16,350 - INFO - [MISSING] PFO: 2025-07-15 - 2025-07-17 (2 gün)
2025-07-17 11:48:16,351 - INFO - [MISSING] PFS: 2025-07-15 - 2025-07-17 (2 gün)
2025-07-17 11:48:16,351 - INFO - [MISSING] PGD: 2025-07-15 - 2025-07-17 (2 gün)
2025-07-17 11:48:16,351 - INFO - [MISSING] PGS: 2025-07-15 - 2025-07-17 (2 gün)
2025-07-17 11:48:16,351 - INFO - [MISSING] PHE: 2025-07-15 - 2025-07-17 (2 gün)
2025-07-17 11:48:16,351 - INFO - [MISSING] PHI: 2025-07-15 - 2025-07-17 (2 gün)
2025-07-17 11:48:16,351 - INFO - [MISSING] PHK: 2025-07-15 - 2025-07-17 (2 gün)
2025-07-17 11:48:16,351 - INFO - [MISSING] PID: 2025-07-15 - 2025-07-17 (2 gün)
2025-07-17 11:48:16,351 - INFO - [MISSING] PIL: 2025-07-15 - 2025-07-17 (2 gün)
2025-07-17 11:48:16,351 - INFO - [MISSING] PIP: 2025-07-15 - 2025-07-17 (2 gün)
2025-07-17 11:48:16,352 - INFO - [MISSING] PIR: 2025-07-15 - 2025-07-17 (2 gün)
2025-07-17 11:48:16,352 - INFO - [MISSING] PJL: 2025-07-15 - 2025-07-17 (2 gün)
2025-07-17 11:48:16,352 - INFO - [MISSING] PKD: 2025-07-15 - 2025-07-17 (2 gün)
2025-07-17 11:48:16,352 - INFO - [MISSING] PKF: 2025-07-15 - 2025-07-17 (2 gün)
2025-07-17 11:48:16,352 - INFO - [MISSING] PKR: 2025-07-15 - 2025-07-17 (2 gün)
2025-07-17 11:48:16,352 - INFO - [MISSING] PKT: 2025-07-15 - 2025-07-17 (2 gün)
2025-07-17 11:48:16,352 - INFO - [MISSING] PKV: 2025-07-15 - 2025-07-17 (2 gün)
2025-07-17 11:48:16,352 - INFO - [MISSING] PLR: 2025-07-15 - 2025-07-17 (2 gün)
2025-07-17 11:48:16,352 - INFO - [MISSING] PMP: 2025-07-15 - 2025-07-17 (2 gün)
2025-07-17 11:48:16,353 - INFO - [MISSING] POS: 2025-07-15 - 2025-07-17 (2 gün)
2025-07-17 11:48:16,353 - INFO - [MISSING] PP1: 2025-07-15 - 2025-07-17 (2 gün)
2025-07-17 11:48:16,353 - INFO - [MISSING] PPB: 2025-07-15 - 2025-07-17 (2 gün)
2025-07-17 11:48:16,353 - INFO - [MISSING] PPE: 2025-07-15 - 2025-07-17 (2 gün)
2025-07-17 11:48:16,353 - INFO - [MISSING] PPH: 2025-07-15 - 2025-07-17 (2 gün)
2025-07-17 11:48:16,353 - INFO - [MISSING] PPI: 2025-07-15 - 2025-07-17 (2 gün)
2025-07-17 11:48:16,353 - INFO - [MISSING] PPJ: 2025-07-15 - 2025-07-17 (2 gün)
2025-07-17 11:48:16,353 - INFO - [MISSING] PPK: 2025-07-15 - 2025-07-17 (2 gün)
2025-07-17 11:48:16,354 - INFO - [MISSING] PPM: 2025-07-15 - 2025-07-17 (2 gün)
2025-07-17 11:48:16,354 - INFO - [MISSING] PPN: 2025-07-15 - 2025-07-17 (2 gün)
2025-07-17 11:48:16,354 - INFO - [MISSING] PPP: 2025-07-15 - 2025-07-17 (2 gün)
2025-07-17 11:48:16,354 - INFO - [MISSING] PPS: 2025-07-15 - 2025-07-17 (2 gün)
2025-07-17 11:48:16,354 - INFO - [MISSING] PPT: 2025-07-15 - 2025-07-17 (2 gün)
2025-07-17 11:48:16,354 - INFO - [MISSING] PPZ: 2025-07-15 - 2025-07-17 (2 gün)
2025-07-17 11:48:16,355 - INFO - [MISSING] PRD: 2025-07-15 - 2025-07-17 (2 gün)
2025-07-17 11:48:16,355 - INFO - [MISSING] PRH: 2025-07-15 - 2025-07-17 (2 gün)
2025-07-17 11:48:16,355 - INFO - [MISSING] PRU: 2025-07-15 - 2025-07-17 (2 gün)
2025-07-17 11:48:16,355 - INFO - [MISSING] PRY: 2025-07-15 - 2025-07-17 (2 gün)
2025-07-17 11:48:16,355 - INFO - [MISSING] PSE: 2025-07-15 - 2025-07-17 (2 gün)
2025-07-17 11:48:16,355 - INFO - [MISSING] PSL: 2025-07-15 - 2025-07-17 (2 gün)
2025-07-17 11:48:16,355 - INFO - [MISSING] PTE: 2025-07-15 - 2025-07-17 (2 gün)
2025-07-17 11:48:16,355 - INFO - [MISSING] PTN: 2025-07-15 - 2025-07-17 (2 gün)
2025-07-17 11:48:16,355 - INFO - [MISSING] PTO: 2025-07-15 - 2025-07-17 (2 gün)
2025-07-17 11:48:16,356 - INFO - [MISSING] PTS: 2025-07-15 - 2025-07-17 (2 gün)
2025-07-17 11:48:16,356 - INFO - [MISSING] PUC: 2025-07-15 - 2025-07-17 (2 gün)
2025-07-17 11:48:16,356 - INFO - [MISSING] PVK: 2025-07-15 - 2025-07-17 (2 gün)
2025-07-17 11:48:16,356 - INFO - [MISSING] PYR: 2025-07-15 - 2025-07-17 (2 gün)
2025-07-17 11:48:16,356 - INFO - [MISSING] RBA: 2025-07-15 - 2025-07-17 (2 gün)
2025-07-17 11:48:16,356 - INFO - [MISSING] RBB: 2025-07-15 - 2025-07-17 (2 gün)
2025-07-17 11:48:16,356 - INFO - [MISSING] RBF: 2025-07-15 - 2025-07-17 (2 gün)
2025-07-17 11:48:16,356 - INFO - [MISSING] RBH: 2025-07-15 - 2025-07-17 (2 gün)
2025-07-17 11:48:16,356 - INFO - [MISSING] RBI: 2025-07-15 - 2025-07-17 (2 gün)
2025-07-17 11:48:16,356 - INFO - [MISSING] RBK: 2025-07-15 - 2025-07-17 (2 gün)
2025-07-17 11:48:16,357 - INFO - [MISSING] RBL: 2025-07-15 - 2025-07-17 (2 gün)
2025-07-17 11:48:16,357 - INFO - [MISSING] RBN: 2025-07-15 - 2025-07-17 (2 gün)
2025-07-17 11:48:16,357 - INFO - [MISSING] RBP: 2025-07-15 - 2025-07-17 (2 gün)
2025-07-17 11:48:16,357 - INFO - [MISSING] RBR: 2025-07-15 - 2025-07-17 (2 gün)
2025-07-17 11:48:16,357 - INFO - [MISSING] RBT: 2025-07-15 - 2025-07-17 (2 gün)
2025-07-17 11:48:16,357 - INFO - [MISSING] RBV: 2025-07-15 - 2025-07-17 (2 gün)
2025-07-17 11:48:16,357 - INFO - [MISSING] RCV: 2025-07-15 - 2025-07-17 (2 gün)
2025-07-17 11:48:16,357 - INFO - [MISSING] RD1: 2025-07-15 - 2025-07-17 (2 gün)
2025-07-17 11:48:16,358 - INFO - [MISSING] RDF: 2025-07-15 - 2025-07-17 (2 gün)
2025-07-17 11:48:16,358 - INFO - [MISSING] RHI: 2025-07-15 - 2025-07-17 (2 gün)
2025-07-17 11:48:16,358 - INFO - [MISSING] RHS: 2025-07-15 - 2025-07-17 (2 gün)
2025-07-17 11:48:16,358 - INFO - [MISSING] RIA: 2025-07-15 - 2025-07-17 (2 gün)
2025-07-17 11:48:16,358 - INFO - [MISSING] RIK: 2025-07-15 - 2025-07-17 (2 gün)
2025-07-17 11:48:16,358 - INFO - [MISSING] RJG: 2025-07-15 - 2025-07-17 (2 gün)
2025-07-17 11:48:16,359 - INFO - [MISSING] RKC: 2025-07-15 - 2025-07-17 (2 gün)
2025-07-17 11:48:16,359 - INFO - [MISSING] RKH: 2025-07-15 - 2025-07-17 (2 gün)
2025-07-17 11:48:16,359 - INFO - [MISSING] RKS: 2025-07-15 - 2025-07-17 (2 gün)
2025-07-17 11:48:16,359 - INFO - [MISSING] RKV: 2025-07-15 - 2025-07-17 (2 gün)
2025-07-17 11:48:16,359 - INFO - [MISSING] RPC: 2025-07-15 - 2025-07-17 (2 gün)
2025-07-17 11:48:16,359 - INFO - [MISSING] RPD: 2025-07-15 - 2025-07-17 (2 gün)
2025-07-17 11:48:16,359 - INFO - [MISSING] RPG: 2025-07-15 - 2025-07-17 (2 gün)
2025-07-17 11:48:16,359 - INFO - [MISSING] RPI: 2025-07-15 - 2025-07-17 (2 gün)
2025-07-17 11:48:16,359 - INFO - [MISSING] RPM: 2025-07-15 - 2025-07-17 (2 gün)
2025-07-17 11:48:16,360 - INFO - [MISSING] RPP: 2025-07-15 - 2025-07-17 (2 gün)
2025-07-17 11:48:16,360 - INFO - [MISSING] RPS: 2025-07-15 - 2025-07-17 (2 gün)
2025-07-17 11:48:16,360 - INFO - [MISSING] RPT: 2025-07-15 - 2025-07-17 (2 gün)
2025-07-17 11:48:16,360 - INFO - [MISSING] RPX: 2025-07-15 - 2025-07-17 (2 gün)
2025-07-17 11:48:16,360 - INFO - [MISSING] RRP: 2025-07-15 - 2025-07-17 (2 gün)
2025-07-17 11:48:16,360 - INFO - [MISSING] RS1: 2025-07-15 - 2025-07-17 (2 gün)
2025-07-17 11:48:16,360 - INFO - [MISSING] RTD: 2025-07-15 - 2025-07-17 (2 gün)
2025-07-17 11:48:16,360 - INFO - [MISSING] RTG: 2025-07-15 - 2025-07-17 (2 gün)
2025-07-17 11:48:16,360 - INFO - [MISSING] RTH: 2025-07-15 - 2025-07-17 (2 gün)
2025-07-17 11:48:16,360 - INFO - [MISSING] RTP: 2025-07-15 - 2025-07-17 (2 gün)
2025-07-17 11:48:16,360 - INFO - [MISSING] RUT: 2025-07-15 - 2025-07-17 (2 gün)
2025-07-17 11:48:16,361 - INFO - [MISSING] SAS: 2025-07-15 - 2025-07-17 (2 gün)
2025-07-17 11:48:16,361 - INFO - [MISSING] SBH: 2025-07-15 - 2025-07-17 (2 gün)
2025-07-17 11:48:16,361 - INFO - [MISSING] SGT: 2025-07-15 - 2025-07-17 (2 gün)
2025-07-17 11:48:16,361 - INFO - [MISSING] SHE: 2025-07-15 - 2025-07-17 (2 gün)
2025-07-17 11:48:16,361 - INFO - [MISSING] SNY: 2025-07-15 - 2025-07-17 (2 gün)
2025-07-17 11:48:16,361 - INFO - [MISSING] SOS: 2025-07-15 - 2025-07-17 (2 gün)
2025-07-17 11:48:16,361 - INFO - [MISSING] SPE: 2025-07-15 - 2025-07-17 (2 gün)
2025-07-17 11:48:16,361 - INFO - [MISSING] SPN: 2025-07-15 - 2025-07-17 (2 gün)
2025-07-17 11:48:16,361 - INFO - [MISSING] SPP: 2025-07-15 - 2025-07-17 (2 gün)
2025-07-17 11:48:16,362 - INFO - [MISSING] SPR: 2025-07-15 - 2025-07-17 (2 gün)
2025-07-17 11:48:16,362 - INFO - [MISSING] SPT: 2025-07-15 - 2025-07-17 (2 gün)
2025-07-17 11:48:16,362 - INFO - [MISSING] SRL: 2025-07-15 - 2025-07-17 (2 gün)
2025-07-17 11:48:16,362 - INFO - [MISSING] SSK: 2025-07-15 - 2025-07-17 (2 gün)
2025-07-17 11:48:16,362 - INFO - [MISSING] SSS: 2025-07-15 - 2025-07-17 (2 gün)
2025-07-17 11:48:16,363 - INFO - [MISSING] ST1: 2025-07-15 - 2025-07-17 (2 gün)
2025-07-17 11:48:16,363 - INFO - [MISSING] STI: 2025-07-15 - 2025-07-17 (2 gün)
2025-07-17 11:48:16,363 - INFO - [MISSING] SUA: 2025-07-15 - 2025-07-17 (2 gün)
2025-07-17 11:48:16,363 - INFO - [MISSING] SUB: 2025-07-15 - 2025-07-17 (2 gün)
2025-07-17 11:48:16,363 - INFO - [MISSING] SUC: 2025-07-15 - 2025-07-17 (2 gün)
2025-07-17 11:48:16,363 - INFO - [MISSING] SVB: 2025-07-15 - 2025-07-17 (2 gün)
2025-07-17 11:48:16,363 - INFO - [MISSING] TAL: 2025-07-15 - 2025-07-17 (2 gün)
2025-07-17 11:48:16,364 - INFO - [MISSING] TAR: 2025-07-15 - 2025-07-17 (2 gün)
2025-07-17 11:48:16,364 - INFO - [MISSING] TAU: 2025-07-15 - 2025-07-17 (2 gün)
2025-07-17 11:48:16,364 - INFO - [MISSING] TBT: 2025-07-15 - 2025-07-17 (2 gün)
2025-07-17 11:48:16,364 - INFO - [MISSING] TBV: 2025-07-15 - 2025-07-17 (2 gün)
2025-07-17 11:48:16,364 - INFO - [MISSING] TCA: 2025-07-15 - 2025-07-17 (2 gün)
2025-07-17 11:48:16,364 - INFO - [MISSING] TCB: 2025-07-15 - 2025-07-17 (2 gün)
2025-07-17 11:48:16,364 - INFO - [MISSING] TCC: 2025-07-15 - 2025-07-17 (2 gün)
2025-07-17 11:48:16,364 - INFO - [MISSING] TCD: 2025-07-15 - 2025-07-17 (2 gün)
2025-07-17 11:48:16,364 - INFO - [MISSING] TCF: 2025-07-15 - 2025-07-17 (2 gün)
2025-07-17 11:48:16,365 - INFO - [MISSING] TDG: 2025-07-15 - 2025-07-17 (2 gün)
2025-07-17 11:48:16,365 - INFO - [MISSING] TE3: 2025-07-15 - 2025-07-17 (2 gün)
2025-07-17 11:48:16,365 - INFO - [MISSING] TE4: 2025-07-15 - 2025-07-17 (2 gün)
2025-07-17 11:48:16,365 - INFO - [MISSING] TEJ: 2025-07-15 - 2025-07-17 (2 gün)
2025-07-17 11:48:16,365 - INFO - [MISSING] TFF: 2025-07-15 - 2025-07-17 (2 gün)
2025-07-17 11:48:16,365 - INFO - [MISSING] TGA: 2025-07-15 - 2025-07-17 (2 gün)
2025-07-17 11:48:16,365 - INFO - [MISSING] TGE: 2025-07-15 - 2025-07-17 (2 gün)
2025-07-17 11:48:16,365 - INFO - [MISSING] TGR: 2025-07-15 - 2025-07-17 (2 gün)
2025-07-17 11:48:16,365 - INFO - [MISSING] THD: 2025-07-15 - 2025-07-17 (2 gün)
2025-07-17 11:48:16,365 - INFO - [MISSING] THF: 2025-07-15 - 2025-07-17 (2 gün)
2025-07-17 11:48:16,366 - INFO - [MISSING] THT: 2025-07-15 - 2025-07-17 (2 gün)
2025-07-17 11:48:16,366 - INFO - [MISSING] THV: 2025-07-15 - 2025-07-17 (2 gün)
2025-07-17 11:48:16,366 - INFO - [MISSING] TI2: 2025-07-15 - 2025-07-17 (2 gün)
2025-07-17 11:48:16,366 - INFO - [MISSING] TI3: 2025-07-15 - 2025-07-17 (2 gün)
2025-07-17 11:48:16,366 - INFO - [MISSING] TI4: 2025-07-15 - 2025-07-17 (2 gün)
2025-07-17 11:48:16,366 - INFO - [MISSING] TI6: 2025-07-15 - 2025-07-17 (2 gün)
2025-07-17 11:48:16,366 - INFO - [MISSING] TI7: 2025-07-15 - 2025-07-17 (2 gün)
2025-07-17 11:48:16,367 - INFO - [MISSING] TIE: 2025-07-15 - 2025-07-17 (2 gün)
2025-07-17 11:48:16,367 - INFO - [MISSING] TJF: 2025-07-15 - 2025-07-17 (2 gün)
2025-07-17 11:48:16,367 - INFO - [MISSING] TJI: 2025-07-15 - 2025-07-17 (2 gün)
2025-07-17 11:48:16,367 - INFO - [MISSING] TJT: 2025-07-15 - 2025-07-17 (2 gün)
2025-07-17 11:48:16,367 - INFO - [MISSING] TKF: 2025-07-15 - 2025-07-17 (2 gün)
2025-07-17 11:48:16,367 - INFO - [MISSING] TLE: 2025-07-15 - 2025-07-17 (2 gün)
2025-07-17 11:48:16,367 - INFO - [MISSING] TLH: 2025-07-15 - 2025-07-17 (2 gün)
2025-07-17 11:48:16,368 - INFO - [MISSING] TLK: 2025-07-15 - 2025-07-17 (2 gün)
2025-07-17 11:48:16,368 - INFO - [MISSING] TLY: 2025-07-15 - 2025-07-17 (2 gün)
2025-07-17 11:48:16,368 - INFO - [MISSING] TLZ: 2025-07-15 - 2025-07-17 (2 gün)
2025-07-17 11:48:16,368 - INFO - [MISSING] TMC: 2025-07-15 - 2025-07-17 (2 gün)
2025-07-17 11:48:16,368 - INFO - [MISSING] TMG: 2025-07-15 - 2025-07-17 (2 gün)
2025-07-17 11:48:16,368 - INFO - [MISSING] TMM: 2025-07-15 - 2025-07-17 (2 gün)
2025-07-17 11:48:16,368 - INFO - [MISSING] TMZ: 2025-07-15 - 2025-07-17 (2 gün)
2025-07-17 11:48:16,368 - INFO - [MISSING] TOT: 2025-07-15 - 2025-07-17 (2 gün)
2025-07-17 11:48:16,368 - INFO - [MISSING] TP2: 2025-07-15 - 2025-07-17 (2 gün)
2025-07-17 11:48:16,369 - INFO - [MISSING] TPC: 2025-07-15 - 2025-07-17 (2 gün)
2025-07-17 11:48:16,369 - INFO - [MISSING] TPF: 2025-07-15 - 2025-07-17 (2 gün)
2025-07-17 11:48:16,369 - INFO - [MISSING] TPJ: 2025-07-15 - 2025-07-17 (2 gün)
2025-07-17 11:48:16,369 - INFO - [MISSING] TPL: 2025-07-15 - 2025-07-17 (2 gün)
2025-07-17 11:48:16,369 - INFO - [MISSING] TPP: 2025-07-15 - 2025-07-17 (2 gün)
2025-07-17 11:48:16,369 - INFO - [MISSING] TPV: 2025-07-15 - 2025-07-17 (2 gün)
2025-07-17 11:48:16,369 - INFO - [MISSING] TPZ: 2025-07-15 - 2025-07-17 (2 gün)
2025-07-17 11:48:16,369 - INFO - [MISSING] TRJ: 2025-07-15 - 2025-07-17 (2 gün)
2025-07-17 11:48:16,369 - INFO - [MISSING] TRO: 2025-07-15 - 2025-07-17 (2 gün)
2025-07-17 11:48:16,369 - INFO - [MISSING] TRU: 2025-07-15 - 2025-07-17 (2 gün)
2025-07-17 11:48:16,369 - INFO - [MISSING] TTA: 2025-07-15 - 2025-07-17 (2 gün)
2025-07-17 11:48:16,370 - INFO - [MISSING] TTE: 2025-07-15 - 2025-07-17 (2 gün)
2025-07-17 11:48:16,370 - INFO - [MISSING] TTL: 2025-07-15 - 2025-07-17 (2 gün)
2025-07-17 11:48:16,370 - INFO - [MISSING] TUA: 2025-07-15 - 2025-07-17 (2 gün)
2025-07-17 11:48:16,370 - INFO - [MISSING] TVN: 2025-07-15 - 2025-07-17 (2 gün)
2025-07-17 11:48:16,370 - INFO - [MISSING] TYH: 2025-07-15 - 2025-07-17 (2 gün)
2025-07-17 11:48:16,370 - INFO - [MISSING] TZD: 2025-07-15 - 2025-07-17 (2 gün)
2025-07-17 11:48:16,371 - INFO - [MISSING] TZT: 2025-07-15 - 2025-07-17 (2 gün)
2025-07-17 11:48:16,371 - INFO - [MISSING] UNT: 2025-07-15 - 2025-07-17 (2 gün)
2025-07-17 11:48:16,371 - INFO - [MISSING] UP1: 2025-07-15 - 2025-07-17 (2 gün)
2025-07-17 11:48:16,371 - INFO - [MISSING] UP2: 2025-07-15 - 2025-07-17 (2 gün)
2025-07-17 11:48:16,371 - INFO - [MISSING] UPD: 2025-07-15 - 2025-07-17 (2 gün)
2025-07-17 11:48:16,371 - INFO - [MISSING] UPH: 2025-07-15 - 2025-07-17 (2 gün)
2025-07-17 11:48:16,372 - INFO - [MISSING] UPP: 2025-07-15 - 2025-07-17 (2 gün)
2025-07-17 11:48:16,372 - INFO - [MISSING] URA: 2025-07-15 - 2025-07-17 (2 gün)
2025-07-17 11:48:16,372 - INFO - [MISSING] USY: 2025-07-15 - 2025-07-17 (2 gün)
2025-07-17 11:48:16,372 - INFO - [MISSING] VAY: 2025-07-15 - 2025-07-17 (2 gün)
2025-07-17 11:48:16,372 - INFO - [MISSING] VCY: 2025-07-15 - 2025-07-17 (2 gün)
2025-07-17 11:48:16,372 - INFO - [MISSING] VFK: 2025-07-15 - 2025-07-17 (2 gün)
2025-07-17 11:48:16,372 - INFO - [MISSING] VMV: 2025-07-15 - 2025-07-17 (2 gün)
2025-07-17 11:48:16,372 - INFO - [MISSING] VNK: 2025-07-15 - 2025-07-17 (2 gün)
2025-07-17 11:48:16,372 - INFO - [MISSING] YAC: 2025-07-15 - 2025-07-17 (2 gün)
2025-07-17 11:48:16,373 - INFO - [MISSING] YAK: 2025-07-15 - 2025-07-17 (2 gün)
2025-07-17 11:48:16,373 - INFO - [MISSING] YAN: 2025-07-15 - 2025-07-17 (2 gün)
2025-07-17 11:48:16,373 - INFO - [MISSING] YAS: 2025-07-15 - 2025-07-17 (2 gün)
2025-07-17 11:48:16,373 - INFO - [MISSING] YAY: 2025-07-15 - 2025-07-17 (2 gün)
2025-07-17 11:48:16,373 - INFO - [MISSING] YBE: 2025-07-15 - 2025-07-17 (2 gün)
2025-07-17 11:48:16,373 - INFO - [MISSING] YBH: 2025-07-15 - 2025-07-17 (2 gün)
2025-07-17 11:48:16,373 - INFO - [MISSING] YBR: 2025-07-15 - 2025-07-17 (2 gün)
2025-07-17 11:48:16,373 - INFO - [MISSING] YBS: 2025-07-15 - 2025-07-17 (2 gün)
2025-07-17 11:48:16,374 - INFO - [MISSING] YCK: 2025-07-15 - 2025-07-17 (2 gün)
2025-07-17 11:48:16,374 - INFO - [MISSING] YCP: 2025-07-15 - 2025-07-17 (2 gün)
2025-07-17 11:48:16,374 - INFO - [MISSING] YCY: 2025-07-15 - 2025-07-17 (2 gün)
2025-07-17 11:48:16,374 - INFO - [MISSING] YDI: 2025-07-15 - 2025-07-17 (2 gün)
2025-07-17 11:48:16,374 - INFO - [MISSING] YDP: 2025-07-15 - 2025-07-17 (2 gün)
2025-07-17 11:48:16,374 - INFO - [MISSING] YEF: 2025-07-15 - 2025-07-17 (2 gün)
2025-07-17 11:48:16,374 - INFO - [MISSING] YFV: 2025-07-15 - 2025-07-17 (2 gün)
2025-07-17 11:48:16,375 - INFO - [MISSING] YGM: 2025-07-15 - 2025-07-17 (2 gün)
2025-07-17 11:48:16,375 - INFO - [MISSING] YHB: 2025-07-15 - 2025-07-17 (2 gün)
2025-07-17 11:48:16,375 - INFO - [MISSING] YHI: 2025-07-15 - 2025-07-17 (2 gün)
2025-07-17 11:48:16,375 - INFO - [MISSING] YHK: 2025-07-15 - 2025-07-17 (2 gün)
2025-07-17 11:48:16,375 - INFO - [MISSING] YHS: 2025-07-15 - 2025-07-17 (2 gün)
2025-07-17 11:48:16,375 - INFO - [MISSING] YHZ: 2025-07-15 - 2025-07-17 (2 gün)
2025-07-17 11:48:16,375 - INFO - [MISSING] YIT: 2025-07-15 - 2025-07-17 (2 gün)
2025-07-17 11:48:16,376 - INFO - [MISSING] YJH: 2025-07-15 - 2025-07-17 (2 gün)
2025-07-17 11:48:16,376 - INFO - [MISSING] YJK: 2025-07-15 - 2025-07-17 (2 gün)
2025-07-17 11:48:16,376 - INFO - [MISSING] YJY: 2025-07-15 - 2025-07-17 (2 gün)
2025-07-17 11:48:16,376 - INFO - [MISSING] YKS: 2025-07-15 - 2025-07-17 (2 gün)
2025-07-17 11:48:16,376 - INFO - [MISSING] YKT: 2025-07-15 - 2025-07-17 (2 gün)
2025-07-17 11:48:16,376 - INFO - [MISSING] YLC: 2025-07-15 - 2025-07-17 (2 gün)
2025-07-17 11:48:16,376 - INFO - [MISSING] YLE: 2025-07-15 - 2025-07-17 (2 gün)
2025-07-17 11:48:16,376 - INFO - [MISSING] YLO: 2025-07-15 - 2025-07-17 (2 gün)
2025-07-17 11:48:16,376 - INFO - [MISSING] YLY: 2025-07-15 - 2025-07-17 (2 gün)
2025-07-17 11:48:16,376 - INFO - [MISSING] YMD: 2025-07-15 - 2025-07-17 (2 gün)
2025-07-17 11:48:16,377 - INFO - [MISSING] YMH: 2025-07-15 - 2025-07-17 (2 gün)
2025-07-17 11:48:16,377 - INFO - [MISSING] YNK: 2025-07-15 - 2025-07-17 (2 gün)
2025-07-17 11:48:16,377 - INFO - [MISSING] YOT: 2025-07-15 - 2025-07-17 (2 gün)
2025-07-17 11:48:16,377 - INFO - [MISSING] YP4: 2025-07-15 - 2025-07-17 (2 gün)
2025-07-17 11:48:16,377 - INFO - [MISSING] YPC: 2025-07-15 - 2025-07-17 (2 gün)
2025-07-17 11:48:16,377 - INFO - [MISSING] YPK: 2025-07-15 - 2025-07-17 (2 gün)
2025-07-17 11:48:16,377 - INFO - [MISSING] YPL: 2025-07-15 - 2025-07-17 (2 gün)
2025-07-17 11:48:16,377 - INFO - [MISSING] YPR: 2025-07-15 - 2025-07-17 (2 gün)
2025-07-17 11:48:16,377 - INFO - [MISSING] YPV: 2025-07-15 - 2025-07-17 (2 gün)
2025-07-17 11:48:16,378 - INFO - [MISSING] YSL: 2025-07-15 - 2025-07-17 (2 gün)
2025-07-17 11:48:16,378 - INFO - [MISSING] YSO: 2025-07-15 - 2025-07-17 (2 gün)
2025-07-17 11:48:16,378 - INFO - [MISSING] YSU: 2025-07-15 - 2025-07-17 (2 gün)
2025-07-17 11:48:16,378 - INFO - [MISSING] YTD: 2025-07-15 - 2025-07-17 (2 gün)
2025-07-17 11:48:16,378 - INFO - [MISSING] YTV: 2025-07-15 - 2025-07-17 (2 gün)
2025-07-17 11:48:16,378 - INFO - [MISSING] YTY: 2025-07-15 - 2025-07-17 (2 gün)
2025-07-17 11:48:16,379 - INFO - [MISSING] YUB: 2025-07-15 - 2025-07-17 (2 gün)
2025-07-17 11:48:16,379 - INFO - [MISSING] YUN: 2025-07-15 - 2025-07-17 (2 gün)
2025-07-17 11:48:16,379 - INFO - [MISSING] YVB: 2025-07-15 - 2025-07-17 (2 gün)
2025-07-17 11:48:16,379 - INFO - [MISSING] YVG: 2025-07-15 - 2025-07-17 (2 gün)
2025-07-17 11:48:16,379 - INFO - [MISSING] YZC: 2025-07-15 - 2025-07-17 (2 gün)
2025-07-17 11:48:16,379 - INFO - [MISSING] YZG: 2025-07-15 - 2025-07-17 (2 gün)
2025-07-17 11:48:16,379 - INFO - [MISSING] YZH: 2025-07-15 - 2025-07-17 (2 gün)
2025-07-17 11:48:16,380 - INFO - [MISSING] YZK: 2025-07-15 - 2025-07-17 (2 gün)
2025-07-17 11:48:16,380 - INFO - [MISSING] ZBD: 2025-07-15 - 2025-07-17 (2 gün)
2025-07-17 11:48:16,380 - INFO - [MISSING] ZBI: 2025-07-15 - 2025-07-17 (2 gün)
2025-07-17 11:48:16,380 - INFO - [MISSING] ZBJ: 2025-07-15 - 2025-07-17 (2 gün)
2025-07-17 11:48:16,380 - INFO - [MISSING] ZBO: 2025-07-15 - 2025-07-17 (2 gün)
2025-07-17 11:48:16,380 - INFO - [MISSING] ZCD: 2025-07-15 - 2025-07-17 (2 gün)
2025-07-17 11:48:16,380 - INFO - [MISSING] ZCK: 2025-07-15 - 2025-07-17 (2 gün)
2025-07-17 11:48:16,380 - INFO - [MISSING] ZCN: 2025-07-15 - 2025-07-17 (2 gün)
2025-07-17 11:48:16,380 - INFO - [MISSING] ZDD: 2025-07-15 - 2025-07-17 (2 gün)
2025-07-17 11:48:16,380 - INFO - [MISSING] ZDZ: 2025-07-15 - 2025-07-17 (2 gün)
2025-07-17 11:48:16,381 - INFO - [MISSING] ZFB: 2025-07-15 - 2025-07-17 (2 gün)
2025-07-17 11:48:16,381 - INFO - [MISSING] ZHH: 2025-07-15 - 2025-07-17 (2 gün)
2025-07-17 11:48:16,381 - INFO - [MISSING] ZJB: 2025-07-15 - 2025-07-17 (2 gün)
2025-07-17 11:48:16,381 - INFO - [MISSING] ZJI: 2025-07-15 - 2025-07-17 (2 gün)
2025-07-17 11:48:16,381 - INFO - [MISSING] ZJL: 2025-07-15 - 2025-07-17 (2 gün)
2025-07-17 11:48:16,381 - INFO - [MISSING] ZJV: 2025-07-15 - 2025-07-17 (2 gün)
2025-07-17 11:48:16,381 - INFO - [MISSING] ZLH: 2025-07-15 - 2025-07-17 (2 gün)
2025-07-17 11:48:16,381 - INFO - [MISSING] ZMT: 2025-07-15 - 2025-07-17 (2 gün)
2025-07-17 11:48:16,381 - INFO - [MISSING] ZMY: 2025-07-15 - 2025-07-17 (2 gün)
2025-07-17 11:48:16,381 - INFO - [MISSING] ZP6: 2025-07-15 - 2025-07-17 (2 gün)
2025-07-17 11:48:16,382 - INFO - [MISSING] ZP8: 2025-07-15 - 2025-07-17 (2 gün)
2025-07-17 11:48:16,382 - INFO - [MISSING] ZP9: 2025-07-15 - 2025-07-17 (2 gün)
2025-07-17 11:48:16,382 - INFO - [MISSING] ZPA: 2025-07-15 - 2025-07-17 (2 gün)
2025-07-17 11:48:16,382 - INFO - [MISSING] ZPC: 2025-07-15 - 2025-07-17 (2 gün)
2025-07-17 11:48:16,382 - INFO - [MISSING] ZPE: 2025-07-15 - 2025-07-17 (2 gün)
2025-07-17 11:48:16,382 - INFO - [MISSING] ZPF: 2025-07-15 - 2025-07-17 (2 gün)
2025-07-17 11:48:16,382 - INFO - [MISSING] ZPG: 2025-07-15 - 2025-07-17 (2 gün)
2025-07-17 11:48:16,382 - INFO - [MISSING] ZSF: 2025-07-15 - 2025-07-17 (2 gün)
2025-07-17 11:48:16,382 - INFO - [MISSING] ZSG: 2025-07-15 - 2025-07-17 (2 gün)
2025-07-17 11:48:16,383 - INFO - [MISSING] ZVO: 2025-07-15 - 2025-07-17 (2 gün)
2025-07-17 11:48:16,383 - INFO - [ANALYSIS] 637 tane fon eksik verili. 213/850 tamamlanmış.
2025-07-17 11:48:16,385 - INFO - [REPAIR] 637 fon için eksik veri indiriliyor...
2025-07-17 11:48:16,385 - INFO - [REPAIR] Seri mod
2025-07-17 11:48:16,385 - INFO - [REPAIR] GBL: 2025-07-15 00:00:00 - 2025-07-17 00:00:00
2025-07-17 11:48:17,891 - ERROR - Error getting fund detail (alternative) for GBL: Expecting value: line 1 column 1 (char 0)
2025-07-17 11:48:17,891 - INFO - GBL: Fon adından tahmin edilen kategori: Diğer Şemsiye Fonu
2025-07-17 11:48:17,892 - INFO - [REPAIR OK] GBL: 2 yeni kayıt
2025-07-17 11:48:17,892 - INFO - [REPAIR] GBN: 2025-07-15 00:00:00 - 2025-07-17 00:00:00
2025-07-17 11:48:19,793 - ERROR - Error getting fund detail (alternative) for GBN: Expecting value: line 1 column 1 (char 0)
2025-07-17 11:48:19,793 - INFO - GBN: Fon adından tahmin edilen kategori: Diğer Şemsiye Fonu
2025-07-17 11:48:19,793 - INFO - [REPAIR OK] GBN: 2 yeni kayıt
2025-07-17 11:48:19,794 - INFO - [REPAIR] GBV: 2025-07-15 00:00:00 - 2025-07-17 00:00:00
2025-07-17 11:48:21,385 - ERROR - Error getting fund detail (alternative) for GBV: Expecting value: line 1 column 1 (char 0)
2025-07-17 11:48:21,386 - INFO - GBV: Fon adından tahmin edilen kategori: Diğer Şemsiye Fonu
2025-07-17 11:48:21,386 - INFO - [REPAIR OK] GBV: 2 yeni kayıt
2025-07-17 11:48:21,386 - INFO - [REPAIR] GBZ: 2025-07-15 00:00:00 - 2025-07-17 00:00:00
2025-07-17 11:48:23,230 - ERROR - Error getting fund detail (alternative) for GBZ: Expecting value: line 1 column 1 (char 0)
2025-07-17 11:48:23,230 - INFO - GBZ: Fon adından tahmin edilen kategori: Diğer Şemsiye Fonu
2025-07-17 11:48:23,230 - INFO - [REPAIR OK] GBZ: 2 yeni kayıt
2025-07-17 11:48:23,231 - INFO - [REPAIR] GGK: 2025-07-15 00:00:00 - 2025-07-17 00:00:00
2025-07-17 11:48:25,259 - ERROR - Error getting fund detail (alternative) for GGK: Expecting value: line 1 column 1 (char 0)
2025-07-17 11:48:25,259 - INFO - GGK: Fon adından tahmin edilen kategori: Diğer Şemsiye Fonu
2025-07-17 11:48:25,259 - INFO - [REPAIR OK] GGK: 2 yeni kayıt
2025-07-17 11:48:25,260 - INFO - [REPAIR] GHS: 2025-07-15 00:00:00 - 2025-07-17 00:00:00
2025-07-17 11:48:26,733 - ERROR - Error getting fund detail (alternative) for GHS: Expecting value: line 1 column 1 (char 0)
2025-07-17 11:48:26,733 - INFO - GHS: Fon adından tahmin edilen kategori: Diğer Şemsiye Fonu
2025-07-17 11:48:26,733 - INFO - [REPAIR OK] GHS: 2 yeni kayıt
2025-07-17 11:48:26,733 - INFO - [REPAIR] GID: 2025-07-15 00:00:00 - 2025-07-17 00:00:00
2025-07-17 11:48:28,311 - ERROR - Error getting fund detail (alternative) for GID: Expecting value: line 1 column 1 (char 0)
2025-07-17 11:48:28,311 - INFO - GID: Fon adından tahmin edilen kategori: Diğer Şemsiye Fonu
2025-07-17 11:48:28,311 - INFO - [REPAIR OK] GID: 2 yeni kayıt
2025-07-17 11:48:28,312 - INFO - [REPAIR] GIE: 2025-07-15 00:00:00 - 2025-07-17 00:00:00
2025-07-17 11:48:29,975 - ERROR - Error getting fund detail (alternative) for GIE: Expecting value: line 1 column 1 (char 0)
2025-07-17 11:48:29,975 - INFO - GIE: Fon adından tahmin edilen kategori: Diğer Şemsiye Fonu
2025-07-17 11:48:29,975 - INFO - [REPAIR OK] GIE: 2 yeni kayıt
2025-07-17 11:48:29,976 - INFO - [REPAIR] GIH: 2025-07-15 00:00:00 - 2025-07-17 00:00:00
2025-07-17 11:48:31,402 - ERROR - Error getting fund detail (alternative) for GIH: Expecting value: line 1 column 1 (char 0)
2025-07-17 11:48:31,403 - INFO - GIH: Fon adından tahmin edilen kategori: Diğer Şemsiye Fonu
2025-07-17 11:48:31,403 - INFO - [REPAIR OK] GIH: 2 yeni kayıt
2025-07-17 11:48:31,403 - INFO - [REPAIR] GJB: 2025-07-15 00:00:00 - 2025-07-17 00:00:00
2025-07-17 11:48:31,466 - WARNING - Session başlatma deneme 1/3: ('Connection aborted.', ConnectionResetError(10054, 'An existing connection was forcibly closed by the remote host', None, 10054, None))
2025-07-17 11:48:34,385 - ERROR - Error getting fund detail (alternative) for GJB: Expecting value: line 1 column 1 (char 0)
2025-07-17 11:48:34,385 - INFO - GJB: Fon adından tahmin edilen kategori: Diğer Şemsiye Fonu
2025-07-17 11:48:34,385 - INFO - [REPAIR OK] GJB: 2 yeni kayıt
2025-07-17 11:48:34,386 - INFO - [REPAIR] GKF: 2025-07-15 00:00:00 - 2025-07-17 00:00:00
2025-07-17 11:48:36,619 - ERROR - Error getting fund detail (alternative) for GKF: Expecting value: line 1 column 1 (char 0)
2025-07-17 11:48:36,619 - INFO - GKF: Fon adından tahmin edilen kategori: Diğer Şemsiye Fonu
2025-07-17 11:48:36,620 - INFO - [REPAIR OK] GKF: 2 yeni kayıt
2025-07-17 11:48:36,620 - INFO - [REPAIR] GKG: 2025-07-15 00:00:00 - 2025-07-17 00:00:00
2025-07-17 11:48:38,492 - ERROR - Error getting fund detail (alternative) for GKG: Expecting value: line 1 column 1 (char 0)
2025-07-17 11:48:38,493 - INFO - GKG: Fon adından tahmin edilen kategori: Diğer Şemsiye Fonu
2025-07-17 11:48:38,493 - INFO - [REPAIR OK] GKG: 2 yeni kayıt
2025-07-17 11:48:38,493 - INFO - [REPAIR] GKH: 2025-07-15 00:00:00 - 2025-07-17 00:00:00
2025-07-17 11:48:40,207 - ERROR - Error getting fund detail (alternative) for GKH: Expecting value: line 1 column 1 (char 0)
2025-07-17 11:48:40,207 - INFO - GKH: Fon adından tahmin edilen kategori: Diğer Şemsiye Fonu
2025-07-17 11:48:40,207 - INFO - [REPAIR OK] GKH: 2 yeni kayıt
2025-07-17 11:48:40,208 - INFO - [REPAIR] GKV: 2025-07-15 00:00:00 - 2025-07-17 00:00:00
2025-07-17 11:48:40,262 - WARNING - Session başlatma deneme 1/3: ('Connection aborted.', ConnectionResetError(10054, 'An existing connection was forcibly closed by the remote host', None, 10054, None))
2025-07-17 11:48:43,348 - ERROR - Error getting fund detail (alternative) for GKV: Expecting value: line 1 column 1 (char 0)
2025-07-17 11:48:43,349 - INFO - GKV: Fon adından tahmin edilen kategori: Diğer Şemsiye Fonu
2025-07-17 11:48:43,349 - INFO - [REPAIR OK] GKV: 2 yeni kayıt
2025-07-17 11:48:43,349 - INFO - [REPAIR] GL1: 2025-07-15 00:00:00 - 2025-07-17 00:00:00
2025-07-17 11:48:45,372 - ERROR - Error getting fund detail (alternative) for GL1: Expecting value: line 1 column 1 (char 0)
2025-07-17 11:48:45,372 - INFO - GL1: Fon adından tahmin edilen kategori: Diğer Şemsiye Fonu
2025-07-17 11:48:45,372 - INFO - [REPAIR OK] GL1: 2 yeni kayıt
2025-07-17 11:48:45,372 - INFO - [REPAIR] GLC: 2025-07-15 00:00:00 - 2025-07-17 00:00:00
2025-07-17 11:48:47,993 - ERROR - Error getting fund detail (alternative) for GLC: Expecting value: line 1 column 1 (char 0)
2025-07-17 11:48:47,993 - INFO - GLC: Fon adından tahmin edilen kategori: Diğer Şemsiye Fonu
2025-07-17 11:48:47,993 - INFO - [REPAIR OK] GLC: 2 yeni kayıt
2025-07-17 11:48:47,994 - INFO - [REPAIR] GLG: 2025-07-15 00:00:00 - 2025-07-17 00:00:00
2025-07-17 11:48:48,044 - WARNING - Session başlatma deneme 1/3: ('Connection aborted.', ConnectionResetError(10054, 'An existing connection was forcibly closed by the remote host', None, 10054, None))
2025-07-17 11:48:49,092 - WARNING - Session başlatma deneme 2/3: ('Connection aborted.', ConnectionResetError(10054, 'An existing connection was forcibly closed by the remote host', None, 10054, None))
2025-07-17 11:48:52,615 - ERROR - Error getting fund detail (alternative) for GLG: Expecting value: line 1 column 1 (char 0)
2025-07-17 11:48:52,615 - INFO - GLG: Fon adından tahmin edilen kategori: Diğer Şemsiye Fonu
2025-07-17 11:48:52,615 - INFO - [REPAIR OK] GLG: 2 yeni kayıt
2025-07-17 11:48:52,615 - INFO - [REPAIR] GLS: 2025-07-15 00:00:00 - 2025-07-17 00:00:00
2025-07-17 11:48:54,086 - ERROR - Error getting fund detail (alternative) for GLS: Expecting value: line 1 column 1 (char 0)
2025-07-17 11:48:54,086 - INFO - GLS: Fon adından tahmin edilen kategori: Diğer Şemsiye Fonu
2025-07-17 11:48:54,086 - INFO - [REPAIR OK] GLS: 2 yeni kayıt
2025-07-17 11:48:54,086 - INFO - [REPAIR] GMA: 2025-07-15 00:00:00 - 2025-07-17 00:00:00
2025-07-17 11:48:55,540 - ERROR - Error getting fund detail (alternative) for GMA: Expecting value: line 1 column 1 (char 0)
2025-07-17 11:48:55,541 - INFO - GMA: Fon adından tahmin edilen kategori: Diğer Şemsiye Fonu
2025-07-17 11:48:55,541 - INFO - [REPAIR OK] GMA: 2 yeni kayıt
2025-07-17 11:48:55,541 - INFO - [REPAIR] GMC: 2025-07-15 00:00:00 - 2025-07-17 00:00:00
2025-07-17 11:48:57,785 - ERROR - Error getting fund detail (alternative) for GMC: Expecting value: line 1 column 1 (char 0)
2025-07-17 11:48:57,786 - INFO - GMC: Fon adından tahmin edilen kategori: Diğer Şemsiye Fonu
2025-07-17 11:48:57,786 - INFO - [REPAIR OK] GMC: 2 yeni kayıt
2025-07-17 11:48:57,786 - INFO - [REPAIR] GMD: 2025-07-15 00:00:00 - 2025-07-17 00:00:00
2025-07-17 11:48:59,820 - ERROR - Error getting fund detail (alternative) for GMD: Expecting value: line 1 column 1 (char 0)
2025-07-17 11:48:59,820 - INFO - GMD: Fon adından tahmin edilen kategori: Diğer Şemsiye Fonu
2025-07-17 11:48:59,821 - INFO - [REPAIR OK] GMD: 2 yeni kayıt
2025-07-17 11:48:59,821 - INFO - [REPAIR] GMR: 2025-07-15 00:00:00 - 2025-07-17 00:00:00
2025-07-17 11:49:01,824 - ERROR - Error getting fund detail (alternative) for GMR: Expecting value: line 1 column 1 (char 0)
2025-07-17 11:49:01,825 - INFO - GMR: Fon adından tahmin edilen kategori: Diğer Şemsiye Fonu
2025-07-17 11:49:01,825 - INFO - [REPAIR OK] GMR: 2 yeni kayıt
2025-07-17 11:49:01,825 - INFO - [REPAIR] GNH: 2025-07-15 00:00:00 - 2025-07-17 00:00:00
2025-07-17 11:49:03,203 - ERROR - Error getting fund detail (alternative) for GNH: Expecting value: line 1 column 1 (char 0)
2025-07-17 11:49:03,204 - INFO - GNH: Fon adından tahmin edilen kategori: Diğer Şemsiye Fonu
2025-07-17 11:49:03,204 - INFO - [REPAIR OK] GNH: 2 yeni kayıt
2025-07-17 11:49:03,204 - INFO - [REPAIR] GNS: 2025-07-15 00:00:00 - 2025-07-17 00:00:00
2025-07-17 11:49:03,252 - WARNING - Session başlatma deneme 1/3: ('Connection aborted.', ConnectionResetError(10054, 'An existing connection was forcibly closed by the remote host', None, 10054, None))
2025-07-17 11:49:05,810 - ERROR - Error getting fund detail (alternative) for GNS: Expecting value: line 1 column 1 (char 0)
2025-07-17 11:49:05,810 - INFO - GNS: Fon adından tahmin edilen kategori: Diğer Şemsiye Fonu
2025-07-17 11:49:05,810 - INFO - [REPAIR OK] GNS: 2 yeni kayıt
2025-07-17 11:49:05,810 - INFO - [REPAIR] GO1: 2025-07-15 00:00:00 - 2025-07-17 00:00:00
2025-07-17 11:49:07,582 - ERROR - Error getting fund detail (alternative) for GO1: Expecting value: line 1 column 1 (char 0)
2025-07-17 11:49:07,582 - INFO - GO1: Fon adından tahmin edilen kategori: Diğer Şemsiye Fonu
2025-07-17 11:49:07,582 - INFO - [REPAIR OK] GO1: 2 yeni kayıt
2025-07-17 11:49:07,583 - INFO - [REPAIR] GO2: 2025-07-15 00:00:00 - 2025-07-17 00:00:00
2025-07-17 11:49:10,063 - ERROR - Error getting fund detail (alternative) for GO2: Expecting value: line 1 column 1 (char 0)
2025-07-17 11:49:10,063 - INFO - GO2: Fon adından tahmin edilen kategori: Diğer Şemsiye Fonu
2025-07-17 11:49:10,063 - INFO - [REPAIR OK] GO2: 2 yeni kayıt
2025-07-17 11:49:10,064 - INFO - [REPAIR] GO3: 2025-07-15 00:00:00 - 2025-07-17 00:00:00
2025-07-17 11:49:10,111 - WARNING - Session başlatma deneme 1/3: ('Connection aborted.', ConnectionResetError(10054, 'An existing connection was forcibly closed by the remote host', None, 10054, None))
2025-07-17 11:49:12,610 - ERROR - Error getting fund detail (alternative) for GO3: Expecting value: line 1 column 1 (char 0)
2025-07-17 11:49:12,610 - INFO - GO3: Fon adından tahmin edilen kategori: Diğer Şemsiye Fonu
2025-07-17 11:49:12,610 - INFO - [REPAIR OK] GO3: 2 yeni kayıt
2025-07-17 11:49:12,610 - INFO - [REPAIR] GO4: 2025-07-15 00:00:00 - 2025-07-17 00:00:00
2025-07-17 11:49:14,930 - ERROR - Error getting fund detail (alternative) for GO4: Expecting value: line 1 column 1 (char 0)
2025-07-17 11:49:14,931 - INFO - GO4: Fon adından tahmin edilen kategori: Diğer Şemsiye Fonu
2025-07-17 11:49:14,931 - INFO - [REPAIR OK] GO4: 2 yeni kayıt
2025-07-17 11:49:14,931 - INFO - [REPAIR] GO6: 2025-07-15 00:00:00 - 2025-07-17 00:00:00
2025-07-17 11:49:17,156 - ERROR - Error getting fund detail (alternative) for GO6: Expecting value: line 1 column 1 (char 0)
2025-07-17 11:49:17,157 - INFO - GO6: Fon adından tahmin edilen kategori: Diğer Şemsiye Fonu
2025-07-17 11:49:17,157 - INFO - [REPAIR OK] GO6: 2 yeni kayıt
2025-07-17 11:49:17,157 - INFO - [REPAIR] GO9: 2025-07-15 00:00:00 - 2025-07-17 00:00:00
2025-07-17 11:49:19,161 - ERROR - Error getting fund detail (alternative) for GO9: Expecting value: line 1 column 1 (char 0)
2025-07-17 11:49:19,161 - INFO - GO9: Fon adından tahmin edilen kategori: Diğer Şemsiye Fonu
2025-07-17 11:49:19,161 - INFO - [REPAIR OK] GO9: 2 yeni kayıt
2025-07-17 11:49:19,162 - INFO - [REPAIR] GOH: 2025-07-15 00:00:00 - 2025-07-17 00:00:00
2025-07-17 11:49:19,218 - WARNING - Session başlatma deneme 1/3: ('Connection aborted.', ConnectionResetError(10054, 'An existing connection was forcibly closed by the remote host', None, 10054, None))
2025-07-17 11:49:22,208 - ERROR - Error getting fund detail (alternative) for GOH: Expecting value: line 1 column 1 (char 0)
2025-07-17 11:49:22,208 - INFO - GOH: Fon adından tahmin edilen kategori: Diğer Şemsiye Fonu
2025-07-17 11:49:22,208 - INFO - [REPAIR OK] GOH: 2 yeni kayıt
2025-07-17 11:49:22,208 - INFO - [REPAIR] GOL: 2025-07-15 00:00:00 - 2025-07-17 00:00:00
2025-07-17 11:49:23,824 - ERROR - Error getting fund detail (alternative) for GOL: Expecting value: line 1 column 1 (char 0)
2025-07-17 11:49:23,824 - INFO - GOL: Fon adından tahmin edilen kategori: Diğer Şemsiye Fonu
2025-07-17 11:49:23,825 - INFO - [REPAIR OK] GOL: 2 yeni kayıt
2025-07-17 11:49:23,825 - INFO - [REPAIR] GPA: 2025-07-15 00:00:00 - 2025-07-17 00:00:00
2025-07-17 11:49:25,989 - ERROR - Error getting fund detail (alternative) for GPA: Expecting value: line 1 column 1 (char 0)
2025-07-17 11:49:25,990 - INFO - GPA: Fon adından tahmin edilen kategori: Diğer Şemsiye Fonu
2025-07-17 11:49:25,990 - INFO - [REPAIR OK] GPA: 2 yeni kayıt
2025-07-17 11:49:25,990 - INFO - [REPAIR] GPB: 2025-07-15 00:00:00 - 2025-07-17 00:00:00
2025-07-17 11:49:28,190 - ERROR - Error getting fund detail (alternative) for GPB: Expecting value: line 1 column 1 (char 0)
2025-07-17 11:49:28,191 - INFO - GPB: Fon adından tahmin edilen kategori: Diğer Şemsiye Fonu
2025-07-17 11:49:28,191 - INFO - [REPAIR OK] GPB: 2 yeni kayıt
2025-07-17 11:49:28,191 - INFO - [REPAIR] GPC: 2025-07-15 00:00:00 - 2025-07-17 00:00:00
2025-07-17 11:49:29,812 - ERROR - Error getting fund detail (alternative) for GPC: Expecting value: line 1 column 1 (char 0)
2025-07-17 11:49:29,813 - INFO - GPC: Fon adından tahmin edilen kategori: Diğer Şemsiye Fonu
2025-07-17 11:49:29,813 - INFO - [REPAIR OK] GPC: 2 yeni kayıt
2025-07-17 11:49:29,813 - INFO - [REPAIR] GPF: 2025-07-15 00:00:00 - 2025-07-17 00:00:00
2025-07-17 11:49:31,470 - ERROR - Error getting fund detail (alternative) for GPF: Expecting value: line 1 column 1 (char 0)
2025-07-17 11:49:31,470 - INFO - GPF: Fon adından tahmin edilen kategori: Diğer Şemsiye Fonu
2025-07-17 11:49:31,471 - INFO - [REPAIR OK] GPF: 2 yeni kayıt
2025-07-17 11:49:31,471 - INFO - [REPAIR] GPG: 2025-07-15 00:00:00 - 2025-07-17 00:00:00
2025-07-17 11:49:33,607 - ERROR - Error getting fund detail (alternative) for GPG: Expecting value: line 1 column 1 (char 0)
2025-07-17 11:49:33,608 - INFO - GPG: Fon adından tahmin edilen kategori: Diğer Şemsiye Fonu
2025-07-17 11:49:33,608 - INFO - [REPAIR OK] GPG: 2 yeni kayıt
2025-07-17 11:49:33,608 - INFO - [REPAIR] GPI: 2025-07-15 00:00:00 - 2025-07-17 00:00:00
2025-07-17 11:49:35,886 - ERROR - Error getting fund detail (alternative) for GPI: Expecting value: line 1 column 1 (char 0)
2025-07-17 11:49:35,886 - INFO - GPI: Fon adından tahmin edilen kategori: Diğer Şemsiye Fonu
2025-07-17 11:49:35,887 - INFO - [REPAIR OK] GPI: 2 yeni kayıt
2025-07-17 11:49:35,887 - INFO - [REPAIR] GPL: 2025-07-15 00:00:00 - 2025-07-17 00:00:00
2025-07-17 11:49:38,010 - ERROR - Error getting fund detail (alternative) for GPL: Expecting value: line 1 column 1 (char 0)
2025-07-17 11:49:38,010 - INFO - GPL: Fon adından tahmin edilen kategori: Diğer Şemsiye Fonu
2025-07-17 11:49:38,011 - INFO - [REPAIR OK] GPL: 2 yeni kayıt
2025-07-17 11:49:38,011 - INFO - [REPAIR] GPT: 2025-07-15 00:00:00 - 2025-07-17 00:00:00
2025-07-17 11:49:40,011 - ERROR - Error getting fund detail (alternative) for GPT: Expecting value: line 1 column 1 (char 0)
2025-07-17 11:49:40,012 - INFO - GPT: Fon adından tahmin edilen kategori: Diğer Şemsiye Fonu
2025-07-17 11:49:40,012 - INFO - [REPAIR OK] GPT: 2 yeni kayıt
2025-07-17 11:49:40,012 - INFO - [REPAIR] GPU: 2025-07-15 00:00:00 - 2025-07-17 00:00:00
2025-07-17 11:49:40,061 - WARNING - Session başlatma deneme 1/3: ('Connection aborted.', ConnectionResetError(10054, 'An existing connection was forcibly closed by the remote host', None, 10054, None))
2025-07-17 11:49:41,111 - WARNING - Session başlatma deneme 2/3: ('Connection aborted.', ConnectionResetError(10054, 'An existing connection was forcibly closed by the remote host', None, 10054, None))
2025-07-17 11:49:44,932 - ERROR - Error getting fund detail (alternative) for GPU: Expecting value: line 1 column 1 (char 0)
2025-07-17 11:49:44,932 - INFO - GPU: Fon adından tahmin edilen kategori: Diğer Şemsiye Fonu
2025-07-17 11:49:44,933 - INFO - [REPAIR OK] GPU: 2 yeni kayıt
2025-07-17 11:49:44,933 - INFO - [REPAIR] GPZ: 2025-07-15 00:00:00 - 2025-07-17 00:00:00
2025-07-17 11:49:47,093 - ERROR - Error getting fund detail (alternative) for GPZ: Expecting value: line 1 column 1 (char 0)
2025-07-17 11:49:47,094 - INFO - GPZ: Fon adından tahmin edilen kategori: Diğer Şemsiye Fonu
2025-07-17 11:49:47,094 - INFO - [REPAIR OK] GPZ: 2 yeni kayıt
2025-07-17 11:49:47,094 - INFO - [REPAIR] GRL: 2025-07-15 00:00:00 - 2025-07-17 00:00:00
2025-07-17 11:49:48,422 - ERROR - Error getting fund detail (alternative) for GRL: Expecting value: line 1 column 1 (char 0)
2025-07-17 11:49:48,422 - INFO - GRL: Fon adından tahmin edilen kategori: Diğer Şemsiye Fonu
2025-07-17 11:49:48,422 - INFO - [REPAIR OK] GRL: 2 yeni kayıt
2025-07-17 11:49:48,422 - INFO - [REPAIR] GRO: 2025-07-15 00:00:00 - 2025-07-17 00:00:00
2025-07-17 11:49:50,118 - ERROR - Error getting fund detail (alternative) for GRO: Expecting value: line 1 column 1 (char 0)
2025-07-17 11:49:50,119 - INFO - GRO: Fon adından tahmin edilen kategori: Diğer Şemsiye Fonu
2025-07-17 11:49:50,119 - INFO - [REPAIR OK] GRO: 2 yeni kayıt
2025-07-17 11:49:50,119 - INFO - [REPAIR] GRT: 2025-07-15 00:00:00 - 2025-07-17 00:00:00
2025-07-17 11:49:51,751 - ERROR - Error getting fund detail (alternative) for GRT: Expecting value: line 1 column 1 (char 0)
2025-07-17 11:49:51,752 - INFO - GRT: Fon adından tahmin edilen kategori: Diğer Şemsiye Fonu
2025-07-17 11:49:51,752 - INFO - [REPAIR OK] GRT: 2 yeni kayıt
2025-07-17 11:49:51,752 - INFO - [REPAIR] GSP: 2025-07-15 00:00:00 - 2025-07-17 00:00:00
2025-07-17 11:49:53,087 - ERROR - Error getting fund detail (alternative) for GSP: Expecting value: line 1 column 1 (char 0)
2025-07-17 11:49:53,087 - INFO - GSP: Fon adından tahmin edilen kategori: Diğer Şemsiye Fonu
2025-07-17 11:49:53,088 - INFO - [REPAIR OK] GSP: 2 yeni kayıt
2025-07-17 11:49:53,088 - INFO - [REPAIR] GTA: 2025-07-15 00:00:00 - 2025-07-17 00:00:00
2025-07-17 11:49:55,516 - ERROR - Error getting fund detail (alternative) for GTA: Expecting value: line 1 column 1 (char 0)
2025-07-17 11:49:55,517 - INFO - GTA: Fon adından tahmin edilen kategori: Diğer Şemsiye Fonu
2025-07-17 11:49:55,517 - INFO - [REPAIR OK] GTA: 2 yeni kayıt
2025-07-17 11:49:55,517 - INFO - [REPAIR] GTF: 2025-07-15 00:00:00 - 2025-07-17 00:00:00
2025-07-17 11:49:57,441 - ERROR - Error getting fund detail (alternative) for GTF: Expecting value: line 1 column 1 (char 0)
2025-07-17 11:49:57,442 - INFO - GTF: Fon adından tahmin edilen kategori: Diğer Şemsiye Fonu
2025-07-17 11:49:57,442 - INFO - [REPAIR OK] GTF: 2 yeni kayıt
2025-07-17 11:49:57,442 - INFO - [REPAIR] GTH: 2025-07-15 00:00:00 - 2025-07-17 00:00:00
2025-07-17 11:49:59,089 - ERROR - Error getting fund detail (alternative) for GTH: Expecting value: line 1 column 1 (char 0)
2025-07-17 11:49:59,090 - INFO - GTH: Fon adından tahmin edilen kategori: Diğer Şemsiye Fonu
2025-07-17 11:49:59,090 - INFO - [REPAIR OK] GTH: 2 yeni kayıt
2025-07-17 11:49:59,090 - INFO - [REPAIR] GTM: 2025-07-15 00:00:00 - 2025-07-17 00:00:00
2025-07-17 11:50:00,622 - ERROR - Error getting fund detail (alternative) for GTM: Expecting value: line 1 column 1 (char 0)
2025-07-17 11:50:00,622 - INFO - GTM: Fon adından tahmin edilen kategori: Diğer Şemsiye Fonu
2025-07-17 11:50:00,623 - INFO - [REPAIR OK] GTM: 2 yeni kayıt
2025-07-17 11:50:00,623 - INFO - [REPAIR] GTY: 2025-07-15 00:00:00 - 2025-07-17 00:00:00
2025-07-17 11:50:02,371 - ERROR - Error getting fund detail (alternative) for GTY: Expecting value: line 1 column 1 (char 0)
2025-07-17 11:50:02,372 - INFO - GTY: Fon adından tahmin edilen kategori: Diğer Şemsiye Fonu
2025-07-17 11:50:02,372 - INFO - [REPAIR OK] GTY: 2 yeni kayıt
2025-07-17 11:50:02,372 - INFO - [REPAIR] GTZ: 2025-07-15 00:00:00 - 2025-07-17 00:00:00
2025-07-17 11:50:04,098 - ERROR - Error getting fund detail (alternative) for GTZ: Expecting value: line 1 column 1 (char 0)
2025-07-17 11:50:04,099 - INFO - GTZ: Fon adından tahmin edilen kategori: Diğer Şemsiye Fonu
2025-07-17 11:50:04,099 - INFO - [REPAIR OK] GTZ: 2 yeni kayıt
2025-07-17 11:50:04,099 - INFO - [REPAIR] GUB: 2025-07-15 00:00:00 - 2025-07-17 00:00:00
2025-07-17 11:50:05,987 - ERROR - Error getting fund detail (alternative) for GUB: Expecting value: line 1 column 1 (char 0)
2025-07-17 11:50:05,988 - INFO - GUB: Fon adından tahmin edilen kategori: Diğer Şemsiye Fonu
2025-07-17 11:50:05,988 - INFO - [REPAIR OK] GUB: 2 yeni kayıt
2025-07-17 11:50:05,988 - INFO - [REPAIR] GUH: 2025-07-15 00:00:00 - 2025-07-17 00:00:00
2025-07-17 11:50:07,561 - ERROR - Error getting fund detail (alternative) for GUH: Expecting value: line 1 column 1 (char 0)
2025-07-17 11:50:07,562 - INFO - GUH: Fon adından tahmin edilen kategori: Diğer Şemsiye Fonu
2025-07-17 11:50:07,562 - INFO - [REPAIR OK] GUH: 2 yeni kayıt
2025-07-17 11:50:07,562 - INFO - [REPAIR] GUM: 2025-07-15 00:00:00 - 2025-07-17 00:00:00
2025-07-17 11:50:07,614 - WARNING - Session başlatma deneme 1/3: ('Connection aborted.', ConnectionResetError(10054, 'An existing connection was forcibly closed by the remote host', None, 10054, None))
2025-07-17 11:50:10,357 - ERROR - Error getting fund detail (alternative) for GUM: Expecting value: line 1 column 1 (char 0)
2025-07-17 11:50:10,357 - INFO - GUM: Fon adından tahmin edilen kategori: Diğer Şemsiye Fonu
2025-07-17 11:50:10,357 - INFO - [REPAIR OK] GUM: 2 yeni kayıt
2025-07-17 11:50:10,357 - INFO - [REPAIR] GUV: 2025-07-15 00:00:00 - 2025-07-17 00:00:00
2025-07-17 11:50:12,212 - ERROR - Error getting fund detail (alternative) for GUV: Expecting value: line 1 column 1 (char 0)
2025-07-17 11:50:12,213 - INFO - GUV: Fon adından tahmin edilen kategori: Diğer Şemsiye Fonu
2025-07-17 11:50:12,213 - INFO - [REPAIR OK] GUV: 2 yeni kayıt
2025-07-17 11:50:12,213 - INFO - [REPAIR] GVA: 2025-07-15 00:00:00 - 2025-07-17 00:00:00
2025-07-17 11:50:14,309 - ERROR - Error getting fund detail (alternative) for GVA: Expecting value: line 1 column 1 (char 0)
2025-07-17 11:50:14,310 - INFO - GVA: Fon adından tahmin edilen kategori: Diğer Şemsiye Fonu
2025-07-17 11:50:14,310 - INFO - [REPAIR OK] GVA: 2 yeni kayıt
2025-07-17 11:50:14,310 - INFO - [REPAIR] GVI: 2025-07-15 00:00:00 - 2025-07-17 00:00:00
2025-07-17 11:50:16,641 - ERROR - Error getting fund detail (alternative) for GVI: Expecting value: line 1 column 1 (char 0)
2025-07-17 11:50:16,641 - INFO - GVI: Fon adından tahmin edilen kategori: Diğer Şemsiye Fonu
2025-07-17 11:50:16,641 - INFO - [REPAIR OK] GVI: 2 yeni kayıt
2025-07-17 11:50:16,641 - INFO - [REPAIR] GYK: 2025-07-15 00:00:00 - 2025-07-17 00:00:00
2025-07-17 11:50:18,681 - ERROR - Error getting fund detail (alternative) for GYK: Expecting value: line 1 column 1 (char 0)
2025-07-17 11:50:18,682 - INFO - GYK: Fon adından tahmin edilen kategori: Diğer Şemsiye Fonu
2025-07-17 11:50:18,682 - INFO - [REPAIR OK] GYK: 2 yeni kayıt
2025-07-17 11:50:18,682 - INFO - [REPAIR] GZE: 2025-07-15 00:00:00 - 2025-07-17 00:00:00
2025-07-17 11:50:20,786 - ERROR - Error getting fund detail (alternative) for GZE: Expecting value: line 1 column 1 (char 0)
2025-07-17 11:50:20,786 - INFO - GZE: Fon adından tahmin edilen kategori: Diğer Şemsiye Fonu
2025-07-17 11:50:20,787 - INFO - [REPAIR OK] GZE: 2 yeni kayıt
2025-07-17 11:50:20,787 - INFO - [REPAIR] GZG: 2025-07-15 00:00:00 - 2025-07-17 00:00:00
2025-07-17 11:50:22,745 - ERROR - Error getting fund detail (alternative) for GZG: Expecting value: line 1 column 1 (char 0)
2025-07-17 11:50:22,746 - INFO - GZG: Fon adından tahmin edilen kategori: Diğer Şemsiye Fonu
2025-07-17 11:50:22,746 - INFO - [REPAIR OK] GZG: 2 yeni kayıt
2025-07-17 11:50:22,746 - INFO - [REPAIR] GZH: 2025-07-15 00:00:00 - 2025-07-17 00:00:00
2025-07-17 11:50:22,801 - WARNING - Session başlatma deneme 1/3: ('Connection aborted.', ConnectionResetError(10054, 'An existing connection was forcibly closed by the remote host', None, 10054, None))
2025-07-17 11:50:26,072 - ERROR - Error getting fund detail (alternative) for GZH: Expecting value: line 1 column 1 (char 0)
2025-07-17 11:50:26,072 - INFO - GZH: Fon adından tahmin edilen kategori: Diğer Şemsiye Fonu
2025-07-17 11:50:26,072 - INFO - [REPAIR OK] GZH: 2 yeni kayıt
2025-07-17 11:50:26,072 - INFO - [REPAIR] GZJ: 2025-07-15 00:00:00 - 2025-07-17 00:00:00
2025-07-17 11:50:27,822 - ERROR - Error getting fund detail (alternative) for GZJ: Expecting value: line 1 column 1 (char 0)
2025-07-17 11:50:27,823 - INFO - GZJ: Fon adından tahmin edilen kategori: Diğer Şemsiye Fonu
2025-07-17 11:50:27,823 - INFO - [REPAIR OK] GZJ: 2 yeni kayıt
2025-07-17 11:50:27,823 - INFO - [REPAIR] GZL: 2025-07-15 00:00:00 - 2025-07-17 00:00:00
2025-07-17 11:50:30,602 - ERROR - Error getting fund detail (alternative) for GZL: Expecting value: line 1 column 1 (char 0)
2025-07-17 11:50:30,602 - INFO - GZL: Fon adından tahmin edilen kategori: Diğer Şemsiye Fonu
2025-07-17 11:50:30,603 - INFO - [REPAIR OK] GZL: 2 yeni kayıt
2025-07-17 11:50:30,603 - INFO - [REPAIR] GZM: 2025-07-15 00:00:00 - 2025-07-17 00:00:00
2025-07-17 11:50:32,833 - ERROR - Error getting fund detail (alternative) for GZM: Expecting value: line 1 column 1 (char 0)
2025-07-17 11:50:32,834 - INFO - GZM: Fon adından tahmin edilen kategori: Diğer Şemsiye Fonu
2025-07-17 11:50:32,834 - INFO - [REPAIR OK] GZM: 2 yeni kayıt
2025-07-17 11:50:32,834 - INFO - [REPAIR] GZN: 2025-07-15 00:00:00 - 2025-07-17 00:00:00
2025-07-17 11:50:34,386 - ERROR - Error getting fund detail (alternative) for GZN: Expecting value: line 1 column 1 (char 0)
2025-07-17 11:50:34,387 - INFO - GZN: Fon adından tahmin edilen kategori: Diğer Şemsiye Fonu
2025-07-17 11:50:34,387 - INFO - [REPAIR OK] GZN: 2 yeni kayıt
2025-07-17 11:50:34,387 - INFO - [REPAIR] GZP: 2025-07-15 00:00:00 - 2025-07-17 00:00:00
2025-07-17 11:50:36,118 - ERROR - Error getting fund detail (alternative) for GZP: Expecting value: line 1 column 1 (char 0)
2025-07-17 11:50:36,119 - INFO - GZP: Fon adından tahmin edilen kategori: Diğer Şemsiye Fonu
2025-07-17 11:50:36,119 - INFO - [REPAIR OK] GZP: 2 yeni kayıt
2025-07-17 11:50:36,119 - INFO - [REPAIR] GZR: 2025-07-15 00:00:00 - 2025-07-17 00:00:00
2025-07-17 11:50:38,070 - ERROR - Error getting fund detail (alternative) for GZR: Expecting value: line 1 column 1 (char 0)
2025-07-17 11:50:38,071 - INFO - GZR: Fon adından tahmin edilen kategori: Diğer Şemsiye Fonu
2025-07-17 11:50:38,071 - INFO - [REPAIR OK] GZR: 2 yeni kayıt
2025-07-17 11:50:38,071 - INFO - [REPAIR] GZV: 2025-07-15 00:00:00 - 2025-07-17 00:00:00
2025-07-17 11:50:38,124 - WARNING - Session başlatma deneme 1/3: ('Connection aborted.', ConnectionResetError(10054, 'An existing connection was forcibly closed by the remote host', None, 10054, None))
2025-07-17 11:50:41,127 - ERROR - Error getting fund detail (alternative) for GZV: Expecting value: line 1 column 1 (char 0)
2025-07-17 11:50:41,127 - INFO - GZV: Fon adından tahmin edilen kategori: Diğer Şemsiye Fonu
2025-07-17 11:50:41,128 - INFO - [REPAIR OK] GZV: 2 yeni kayıt
2025-07-17 11:50:41,128 - INFO - [REPAIR] GZY: 2025-07-15 00:00:00 - 2025-07-17 00:00:00
2025-07-17 11:50:43,427 - ERROR - Error getting fund detail (alternative) for GZY: Expecting value: line 1 column 1 (char 0)
2025-07-17 11:50:43,427 - INFO - GZY: Fon adından tahmin edilen kategori: Diğer Şemsiye Fonu
2025-07-17 11:50:43,427 - INFO - [REPAIR OK] GZY: 2 yeni kayıt
2025-07-17 11:50:43,427 - INFO - [REPAIR] GZZ: 2025-07-15 00:00:00 - 2025-07-17 00:00:00
2025-07-17 11:50:45,333 - ERROR - Error getting fund detail (alternative) for GZZ: Expecting value: line 1 column 1 (char 0)
2025-07-17 11:50:45,334 - INFO - GZZ: Fon adından tahmin edilen kategori: Diğer Şemsiye Fonu
2025-07-17 11:50:45,334 - INFO - [REPAIR OK] GZZ: 2 yeni kayıt
2025-07-17 11:50:45,334 - INFO - [REPAIR] HAM: 2025-07-15 00:00:00 - 2025-07-17 00:00:00
2025-07-17 11:50:47,935 - ERROR - Error getting fund detail (alternative) for HAM: Expecting value: line 1 column 1 (char 0)
2025-07-17 11:50:47,936 - INFO - HAM: Fon adından tahmin edilen kategori: Diğer Şemsiye Fonu
2025-07-17 11:50:47,936 - INFO - [REPAIR OK] HAM: 2 yeni kayıt
2025-07-17 11:50:47,936 - INFO - [REPAIR] HAT: 2025-07-15 00:00:00 - 2025-07-17 00:00:00
2025-07-17 11:50:50,359 - ERROR - Error getting fund detail (alternative) for HAT: Expecting value: line 1 column 1 (char 0)
2025-07-17 11:50:50,359 - INFO - HAT: Fon adından tahmin edilen kategori: Diğer Şemsiye Fonu
2025-07-17 11:50:50,360 - INFO - [REPAIR OK] HAT: 2 yeni kayıt
2025-07-17 11:50:50,360 - INFO - [REPAIR] HBF: 2025-07-15 00:00:00 - 2025-07-17 00:00:00
2025-07-17 11:50:51,785 - ERROR - Error getting fund detail (alternative) for HBF: Expecting value: line 1 column 1 (char 0)
2025-07-17 11:50:51,786 - INFO - HBF: Fon adından tahmin edilen kategori: Diğer Şemsiye Fonu
2025-07-17 11:50:51,786 - INFO - [REPAIR OK] HBF: 2 yeni kayıt
2025-07-17 11:50:51,786 - INFO - [REPAIR] HBN: 2025-07-15 00:00:00 - 2025-07-17 00:00:00
2025-07-17 11:50:53,749 - ERROR - Error getting fund detail (alternative) for HBN: Expecting value: line 1 column 1 (char 0)
2025-07-17 11:50:53,749 - INFO - HBN: Fon adından tahmin edilen kategori: Diğer Şemsiye Fonu
2025-07-17 11:50:53,749 - INFO - [REPAIR OK] HBN: 2 yeni kayıt
2025-07-17 11:50:53,750 - INFO - [REPAIR] HBU: 2025-07-15 00:00:00 - 2025-07-17 00:00:00
2025-07-17 11:50:56,082 - ERROR - Error getting fund detail (alternative) for HBU: Expecting value: line 1 column 1 (char 0)
2025-07-17 11:50:56,082 - INFO - HBU: Fon adından tahmin edilen kategori: Diğer Şemsiye Fonu
2025-07-17 11:50:56,083 - INFO - [REPAIR OK] HBU: 2 yeni kayıt
2025-07-17 11:50:56,083 - INFO - [REPAIR] HDA: 2025-07-15 00:00:00 - 2025-07-17 00:00:00
2025-07-17 11:50:58,269 - ERROR - Error getting fund detail (alternative) for HDA: Expecting value: line 1 column 1 (char 0)
2025-07-17 11:50:58,270 - INFO - HDA: Fon adından tahmin edilen kategori: Diğer Şemsiye Fonu
2025-07-17 11:50:58,270 - INFO - [REPAIR OK] HDA: 2 yeni kayıt
2025-07-17 11:50:58,270 - INFO - [REPAIR] HDK: 2025-07-15 00:00:00 - 2025-07-17 00:00:00
2025-07-17 11:50:59,865 - ERROR - Error getting fund detail (alternative) for HDK: Expecting value: line 1 column 1 (char 0)
2025-07-17 11:50:59,865 - INFO - HDK: Fon adından tahmin edilen kategori: Diğer Şemsiye Fonu
2025-07-17 11:50:59,865 - INFO - [REPAIR OK] HDK: 2 yeni kayıt
2025-07-17 11:50:59,866 - INFO - [REPAIR] HEH: 2025-07-15 00:00:00 - 2025-07-17 00:00:00
2025-07-17 11:50:59,921 - WARNING - Session başlatma deneme 1/3: ('Connection aborted.', ConnectionResetError(10054, 'An existing connection was forcibly closed by the remote host', None, 10054, None))
2025-07-17 11:51:03,039 - ERROR - Error getting fund detail (alternative) for HEH: Expecting value: line 1 column 1 (char 0)
2025-07-17 11:51:03,039 - INFO - HEH: Fon adından tahmin edilen kategori: Diğer Şemsiye Fonu
2025-07-17 11:51:03,039 - INFO - [REPAIR OK] HEH: 2 yeni kayıt
2025-07-17 11:51:03,039 - INFO - [REPAIR] HFI: 2025-07-15 00:00:00 - 2025-07-17 00:00:00
2025-07-17 11:51:05,028 - ERROR - Error getting fund detail (alternative) for HFI: Expecting value: line 1 column 1 (char 0)
2025-07-17 11:51:05,028 - INFO - HFI: Fon adından tahmin edilen kategori: Diğer Şemsiye Fonu
2025-07-17 11:51:05,028 - INFO - [REPAIR OK] HFI: 2 yeni kayıt
2025-07-17 11:51:05,029 - INFO - [REPAIR] HGM: 2025-07-15 00:00:00 - 2025-07-17 00:00:00
2025-07-17 11:51:05,080 - WARNING - Session başlatma deneme 1/3: ('Connection aborted.', ConnectionResetError(10054, 'An existing connection was forcibly closed by the remote host', None, 10054, None))
2025-07-17 11:51:07,868 - ERROR - Error getting fund detail (alternative) for HGM: Expecting value: line 1 column 1 (char 0)
2025-07-17 11:51:07,868 - INFO - HGM: Fon adından tahmin edilen kategori: Diğer Şemsiye Fonu
2025-07-17 11:51:07,868 - INFO - [REPAIR OK] HGM: 2 yeni kayıt
2025-07-17 11:51:07,868 - INFO - [REPAIR] HGV: 2025-07-15 00:00:00 - 2025-07-17 00:00:00
2025-07-17 11:51:10,088 - ERROR - Error getting fund detail (alternative) for HGV: Expecting value: line 1 column 1 (char 0)
2025-07-17 11:51:10,089 - INFO - HGV: Fon adından tahmin edilen kategori: Diğer Şemsiye Fonu
2025-07-17 11:51:10,089 - INFO - [REPAIR OK] HGV: 2 yeni kayıt
2025-07-17 11:51:10,089 - INFO - [REPAIR] HIA: 2025-07-15 00:00:00 - 2025-07-17 00:00:00
2025-07-17 11:51:12,204 - ERROR - Error getting fund detail (alternative) for HIA: Expecting value: line 1 column 1 (char 0)
2025-07-17 11:51:12,205 - INFO - HIA: Fon adından tahmin edilen kategori: Diğer Şemsiye Fonu
2025-07-17 11:51:12,205 - INFO - [REPAIR OK] HIA: 2 yeni kayıt
2025-07-17 11:51:12,205 - INFO - [REPAIR] HIH: 2025-07-15 00:00:00 - 2025-07-17 00:00:00
2025-07-17 11:51:14,622 - ERROR - Error getting fund detail (alternative) for HIH: Expecting value: line 1 column 1 (char 0)
2025-07-17 11:51:14,623 - INFO - HIH: Fon adından tahmin edilen kategori: Diğer Şemsiye Fonu
2025-07-17 11:51:14,623 - INFO - [REPAIR OK] HIH: 2 yeni kayıt
2025-07-17 11:51:14,623 - INFO - [REPAIR] HIM: 2025-07-15 00:00:00 - 2025-07-17 00:00:00
2025-07-17 11:51:14,671 - WARNING - Session başlatma deneme 1/3: ('Connection aborted.', ConnectionResetError(10054, 'An existing connection was forcibly closed by the remote host', None, 10054, None))
2025-07-17 11:51:17,041 - INFO - [STOP] Kullanıcı tarafından durduruldu
2025-07-17 11:51:17,041 - INFO - [MERGE] 168 yeni kayıt mevcut veriye ekleniyor...
2025-07-17 11:51:17,097 - INFO - [MERGE] Mevcut kayıt sayısı: 336463
2025-07-17 11:51:17,420 - INFO - [MERGE SUCCESS] Veri birleştirme tamamlandı!
2025-07-17 11:51:17,420 - INFO - [FILE] Dosya: data\tefas_full_2yrs.parquet
2025-07-17 11:51:17,420 - INFO - [STATS] Toplam kayıt: 336,631 (+168 yeni)
2025-07-17 11:51:17,420 - INFO - [FUNDS] Fon sayısı: 850
2025-07-17 11:51:17,420 - INFO - [DATE] Tarih aralığı: 2023-07-14 - 2025-07-17
2025-07-17 11:51:17,424 - INFO - [REPAIR COMPLETE] 84 fon başarıyla güncellendi
2025-07-17 11:51:17,424 - INFO - [REPAIR STATS] 168 yeni kayıt eklendi
