2025-07-17 14:31:44,929 - INFO - CMD: tefas_download_data_merged.py --test --codes PPN,PRD,TLE --start-date 2025-01-01 --end-date 2025-07-01 --workers 4 --outfile data/tarih_test.parquet
2025-07-17 14:31:45,027 - INFO - ============================================================
2025-07-17 14:31:45,027 - INFO - TEFAS Fon Verisi İndirme Script'i (Merged)
2025-07-17 14:31:45,028 - INFO - ============================================================
2025-07-17 14:31:45,028 - INFO - Mod: Test - Paralel (4 worker)
2025-07-17 14:31:45,028 - INFO - Tarih aralığı: 2025-01-01 → 2025-07-01
2025-07-17 14:31:45,028 - INFO - ============================================================
2025-07-17 14:31:45,222 - INFO - [PARALEL MOD] Başlıyor...
2025-07-17 14:31:45,222 - INFO - Fon listesi alınıyor...
2025-07-17 14:31:45,222 - INFO - Fetching fresh fund list from TEFAS API
2025-07-17 14:31:45,542 - INFO - Successfully loaded 862 funds from TEFAS API
2025-07-17 14:31:45,542 - INFO - Toplam 862 fon bulundu
2025-07-17 14:31:45,542 - INFO - Filtreden 3 fon geçti
2025-07-17 14:31:45,543 - INFO - [START] 3 fon paralel indirme başlıyor...
2025-07-17 14:31:45,543 - INFO - Hedef dosya: data\tarih_test.parquet
2025-07-17 14:31:45,543 - INFO - Worker sayısı: 4
2025-07-17 14:31:45,543 - INFO - [BATCH 1] 3 fon işleniyor
2025-07-17 14:31:45,638 - WARNING - Session başlatma deneme 1/3: ('Connection aborted.', ConnectionResetError(10054, 'An existing connection was forcibly closed by the remote host', None, 10054, None))
2025-07-17 14:31:45,766 - INFO - [DEBUG] TLE: varsayılan 2 yıl, tarih aralığı: 2023-07-17 → 2025-07-17
2025-07-17 14:31:45,766 - INFO - [CHUNK] TLE: 731 günlük aralığı 3 aylık parçalara bölünüyor...
2025-07-17 14:31:45,767 - INFO - [CHUNK 1] TLE: 2023-07-17 → 2023-10-15
2025-07-17 14:31:45,772 - INFO - [DEBUG] PRD: varsayılan 2 yıl, tarih aralığı: 2023-07-17 → 2025-07-17
2025-07-17 14:31:45,772 - INFO - [CHUNK] PRD: 731 günlük aralığı 3 aylık parçalara bölünüyor...
2025-07-17 14:31:45,772 - INFO - [CHUNK 1] PRD: 2023-07-17 → 2023-10-15
2025-07-17 14:31:46,530 - WARNING - [CHUNK 1] PRD: Veri alınamadı
2025-07-17 14:31:46,607 - INFO - [CHUNK 1] TLE: 64 kayıt alındı
2025-07-17 14:31:46,861 - INFO - [DEBUG] PPN: varsayılan 2 yıl, tarih aralığı: 2023-07-17 → 2025-07-17
2025-07-17 14:31:46,861 - INFO - [CHUNK] PPN: 731 günlük aralığı 3 aylık parçalara bölünüyor...
2025-07-17 14:31:46,861 - INFO - [CHUNK 1] PPN: 2023-07-17 → 2023-10-15
2025-07-17 14:31:47,530 - INFO - [CHUNK 2] PRD: 2023-10-16 → 2024-01-14
2025-07-17 14:31:47,598 - INFO - [CHUNK 1] PPN: 64 kayıt alındı
2025-07-17 14:31:47,608 - INFO - [CHUNK 2] TLE: 2023-10-16 → 2024-01-14
2025-07-17 14:31:48,285 - INFO - [CHUNK 2] TLE: 64 kayıt alındı
2025-07-17 14:31:48,374 - WARNING - [CHUNK 2] PRD: Veri alınamadı
2025-07-17 14:31:48,598 - INFO - [CHUNK 2] PPN: 2023-10-16 → 2024-01-14
2025-07-17 14:31:49,285 - INFO - [CHUNK 2] PPN: 64 kayıt alındı
2025-07-17 14:31:49,285 - INFO - [CHUNK 3] TLE: 2024-01-15 → 2024-04-14
2025-07-17 14:31:49,375 - INFO - [CHUNK 3] PRD: 2024-01-15 → 2024-04-14
2025-07-17 14:31:49,977 - INFO - [CHUNK 3] TLE: 62 kayıt alındı
2025-07-17 14:31:50,126 - WARNING - [CHUNK 3] PRD: Veri alınamadı
2025-07-17 14:31:50,286 - INFO - [CHUNK 3] PPN: 2024-01-15 → 2024-04-14
2025-07-17 14:31:50,978 - INFO - [CHUNK 4] TLE: 2024-04-15 → 2024-07-14
2025-07-17 14:31:51,052 - INFO - [CHUNK 3] PPN: 62 kayıt alındı
2025-07-17 14:31:51,127 - INFO - [CHUNK 4] PRD: 2024-04-15 → 2024-07-14
2025-07-17 14:31:51,710 - INFO - [CHUNK 4] TLE: 60 kayıt alındı
2025-07-17 14:31:51,895 - WARNING - [CHUNK 4] PRD: Veri alınamadı
2025-07-17 14:31:52,053 - INFO - [CHUNK 4] PPN: 2024-04-15 → 2024-07-14
2025-07-17 14:31:52,711 - INFO - [CHUNK 5] TLE: 2024-07-15 → 2024-10-13
2025-07-17 14:31:52,734 - INFO - [CHUNK 4] PPN: 60 kayıt alındı
2025-07-17 14:31:52,896 - INFO - [CHUNK 5] PRD: 2024-07-15 → 2024-10-13
2025-07-17 14:31:53,534 - INFO - [CHUNK 5] TLE: 63 kayıt alındı
2025-07-17 14:31:53,627 - INFO - [CHUNK 5] PRD: 30 kayıt alındı
2025-07-17 14:31:53,735 - INFO - [CHUNK 5] PPN: 2024-07-15 → 2024-10-13
2025-07-17 14:31:54,426 - INFO - [CHUNK 5] PPN: 63 kayıt alındı
2025-07-17 14:31:54,535 - INFO - [CHUNK 6] TLE: 2024-10-14 → 2025-01-12
2025-07-17 14:31:54,628 - INFO - [CHUNK 6] PRD: 2024-10-14 → 2025-01-12
2025-07-17 14:31:55,251 - INFO - [CHUNK 6] TLE: 63 kayıt alındı
2025-07-17 14:31:55,426 - INFO - [CHUNK 6] PPN: 2024-10-14 → 2025-01-12
2025-07-17 14:31:55,479 - INFO - [CHUNK 6] PRD: 63 kayıt alındı
2025-07-17 14:31:56,205 - INFO - [CHUNK 6] PPN: 63 kayıt alındı
2025-07-17 14:31:56,251 - INFO - [CHUNK 7] TLE: 2025-01-13 → 2025-04-13
2025-07-17 14:31:56,479 - INFO - [CHUNK 7] PRD: 2025-01-13 → 2025-04-13
2025-07-17 14:31:57,074 - INFO - [CHUNK 7] TLE: 63 kayıt alındı
2025-07-17 14:31:57,205 - INFO - [CHUNK 7] PPN: 2025-01-13 → 2025-04-13
2025-07-17 14:31:57,299 - INFO - [CHUNK 7] PRD: 63 kayıt alındı
2025-07-17 14:31:58,032 - INFO - [CHUNK 7] PPN: 63 kayıt alındı
2025-07-17 14:31:58,074 - INFO - [CHUNK 8] TLE: 2025-04-14 → 2025-07-13
2025-07-17 14:31:58,300 - INFO - [CHUNK 8] PRD: 2025-04-14 → 2025-07-13
2025-07-17 14:31:58,862 - INFO - [CHUNK 8] TLE: 60 kayıt alındı
2025-07-17 14:31:59,032 - INFO - [CHUNK 8] PPN: 2025-04-14 → 2025-07-13
2025-07-17 14:31:59,153 - INFO - [CHUNK 8] PRD: 60 kayıt alındı
2025-07-17 14:31:59,862 - INFO - [CHUNK 9] TLE: 2025-07-14 → 2025-07-17
2025-07-17 14:31:59,881 - INFO - [CHUNK 8] PPN: 60 kayıt alındı
2025-07-17 14:32:00,153 - INFO - [CHUNK 9] PRD: 2025-07-14 → 2025-07-17
2025-07-17 14:32:00,599 - INFO - [CHUNK 9] TLE: 3 kayıt alındı
2025-07-17 14:32:00,865 - INFO - [CHUNK 9] PRD: 3 kayıt alındı
2025-07-17 14:32:00,881 - INFO - [CHUNK 9] PPN: 2025-07-14 → 2025-07-17
2025-07-17 14:32:01,582 - INFO - [CHUNK 9] PPN: 3 kayıt alındı
2025-07-17 14:32:01,599 - INFO - [CHUNK TOTAL] TLE: 502 toplam kayıt (9 parça)
2025-07-17 14:32:01,600 - INFO - [OK] TLE: 502 toplam kayıt alındı
2025-07-17 14:32:01,621 - ERROR - Error getting fund detail (alternative) for TLE: Expecting value: line 1 column 1 (char 0)
2025-07-17 14:32:01,622 - INFO - TLE: Fon adından tahmin edilen kategori: Eurobond Şemsiye Fonu
2025-07-17 14:32:01,622 - INFO - [OK] TLE (502 kayıt)
2025-07-17 14:32:01,866 - INFO - [CHUNK TOTAL] PRD: 219 toplam kayıt (9 parça)
2025-07-17 14:32:01,866 - INFO - [OK] PRD: 219 toplam kayıt alındı
2025-07-17 14:32:01,887 - ERROR - Error getting fund detail (alternative) for PRD: Expecting value: line 1 column 1 (char 0)
2025-07-17 14:32:01,888 - INFO - PRD: Fon adından tahmin edilen kategori: Para Piyasası Şemsiye Fonu
2025-07-17 14:32:01,888 - INFO - [OK] PRD (219 kayıt)
2025-07-17 14:32:02,582 - INFO - [CHUNK TOTAL] PPN: 502 toplam kayıt (9 parça)
2025-07-17 14:32:02,583 - INFO - [OK] PPN: 502 toplam kayıt alındı
2025-07-17 14:32:02,606 - ERROR - Error getting fund detail (alternative) for PPN: Expecting value: line 1 column 1 (char 0)
2025-07-17 14:32:02,607 - INFO - PPN: Fon adından tahmin edilen kategori: Para Piyasası Şemsiye Fonu
2025-07-17 14:32:02,607 - INFO - [OK] PPN (502 kayıt)
2025-07-17 14:32:02,607 - INFO - [BATCH 1/1 (%100.0)] Tamamlandı. Şu ana kadar başarı: 3, hata: 0
2025-07-17 14:32:04,608 - INFO - [SAVE] 1223 kayıt parquet dosyasına yazılıyor...
2025-07-17 14:32:04,627 - INFO - [SUCCESS] İNDİRME TAMAMLANDI!
2025-07-17 14:32:04,628 - INFO - [FILE] Dosya: data\tarih_test.parquet
2025-07-17 14:32:04,628 - INFO - [STATS] Kayıt sayısı: 1,223
2025-07-17 14:32:04,628 - INFO - [FUNDS] Fon sayısı: 3
2025-07-17 14:32:04,628 - INFO - [DATE] Tarih aralığı: 2023-07-17 - 2025-07-17
2025-07-17 14:32:04,628 - INFO - [OK] Başarılı fonlar: 3
2025-07-17 14:32:04,628 - INFO - [FAIL] Başarısız fonlar: 0
2025-07-17 14:32:04,628 - INFO - [CATEGORIES] Fon kategorileri:
2025-07-17 14:32:04,629 - INFO -   Para Piyasası Şemsiye Fonu: 2 fon
2025-07-17 14:32:04,629 - INFO -   Eurobond Şemsiye Fonu: 1 fon
