2025-07-14 19:45:56,980 - INFO - CMD: tefas_download_data_merged.py --test --codes BHI,BHL,BCK,BUL,BVM,BVV,CPT,CPU --months 2 --workers 4 --outfile kategori_test_2ay_sample.parquet
2025-07-14 19:45:57,688 - INFO - ============================================================
2025-07-14 19:45:57,688 - INFO - TEFAS Fon Verisi İndirme Script'i (Merged)
2025-07-14 19:45:57,689 - INFO - ============================================================
2025-07-14 19:45:57,689 - INFO - Mod: Test - Paralel (4 worker)
2025-07-14 19:45:57,689 - INFO - Tarih aralığı: Son 2 ay
2025-07-14 19:45:57,689 - INFO - ============================================================
2025-07-14 19:45:57,966 - WARNING - Session başlatma deneme 1/3: ('Connection aborted.', ConnectionResetError(10054, 'An existing connection was forcibly closed by the remote host', None, 10054, None))
2025-07-14 19:46:00,244 - WARNING - Session başlatma deneme 2/3: ('Connection aborted.', ConnectionResetError(10054, 'An existing connection was forcibly closed by the remote host', None, 10054, None))
2025-07-14 19:46:02,616 - INFO - [PARALEL MOD] Başlıyor...
2025-07-14 19:46:02,617 - INFO - Fon listesi alınıyor...
2025-07-14 19:46:02,617 - INFO - Fetching fresh fund list from Takasbank
2025-07-14 19:46:03,476 - INFO - Successfully loaded 853 funds from Takasbank
2025-07-14 19:46:03,476 - INFO - Toplam 853 fon bulundu
2025-07-14 19:46:03,476 - INFO - [LIST] BHI - Listeden seçildi
2025-07-14 19:46:03,476 - INFO - [LIST] BHL - Listeden seçildi
2025-07-14 19:46:03,476 - INFO - [LIST] BCK - Listeden seçildi
2025-07-14 19:46:03,476 - INFO - [LIST] BUL - Listeden seçildi
2025-07-14 19:46:03,476 - INFO - [LIST] BVM - Listeden seçildi
2025-07-14 19:46:03,477 - INFO - [LIST] BVV - Listeden seçildi
2025-07-14 19:46:03,477 - INFO - [LIST] CPT - Listeden seçildi
2025-07-14 19:46:03,477 - INFO - [LIST] CPU - Listeden seçildi
2025-07-14 19:46:03,477 - INFO - Test modu: 8 fon seçildi: BHI, BHL, BCK, BUL, BVM, BVV, CPT, CPU
2025-07-14 19:46:03,477 - INFO - [START] 8 fon paralel indirme başlıyor...
2025-07-14 19:46:03,477 - INFO - Hedef dosya: data\kategori_test_2ay_sample.parquet
2025-07-14 19:46:03,477 - INFO - Worker sayısı: 4
2025-07-14 19:46:03,477 - INFO - [BATCH 1] 4 fon işleniyor
2025-07-14 19:46:07,044 - INFO - [OK] BUL: 40 toplam kayıt alındı
2025-07-14 19:46:07,045 - INFO - [OK] BHL: 40 toplam kayıt alındı
2025-07-14 19:46:07,051 - INFO - [OK] BCK: 40 toplam kayıt alındı
2025-07-14 19:46:07,053 - INFO - [OK] BHI: 40 toplam kayıt alındı
2025-07-14 19:46:07,067 - ERROR - Error getting fund detail (alternative) for BUL: Expecting value: line 1 column 1 (char 0)
2025-07-14 19:46:07,067 - ERROR - Error getting fund detail (alternative) for BHL: Expecting value: line 1 column 1 (char 0)
2025-07-14 19:46:07,067 - INFO - BUL: Fon adından tahmin edilen kategori: Serbest Şemsiye Fonu
2025-07-14 19:46:07,067 - INFO - BHL: Fon adından tahmin edilen kategori: Serbest Şemsiye Fonu
2025-07-14 19:46:07,067 - INFO - [OK] BUL (40 kayıt)
2025-07-14 19:46:07,067 - INFO - [OK] BHL (40 kayıt)
2025-07-14 19:46:07,073 - ERROR - Error getting fund detail (alternative) for BCK: Expecting value: line 1 column 1 (char 0)
2025-07-14 19:46:07,074 - INFO - BCK: Fon adından tahmin edilen kategori: Değişken Şemsiye Fonu
2025-07-14 19:46:07,074 - INFO - [OK] BCK (40 kayıt)
2025-07-14 19:46:07,075 - ERROR - Error getting fund detail (alternative) for BHI: Expecting value: line 1 column 1 (char 0)
2025-07-14 19:46:07,075 - INFO - BHI: Fon adından tahmin edilen kategori: Serbest Şemsiye Fonu
2025-07-14 19:46:07,075 - INFO - [OK] BHI (40 kayıt)
2025-07-14 19:46:07,077 - INFO - [BATCH 1] Tamamlandı. Şu ana kadar başarı: 4, hata: 0
2025-07-14 19:46:09,078 - INFO - [BATCH 2] 4 fon işleniyor
2025-07-14 19:46:09,506 - WARNING - Session başlatma deneme 1/3: ('Connection aborted.', ConnectionResetError(10054, 'An existing connection was forcibly closed by the remote host', None, 10054, None))
2025-07-14 19:46:11,772 - WARNING - Session başlatma deneme 2/3: ('Connection aborted.', ConnectionResetError(10054, 'An existing connection was forcibly closed by the remote host', None, 10054, None))
2025-07-14 19:46:12,639 - INFO - [OK] BVV: 40 toplam kayıt alındı
2025-07-14 19:46:12,644 - INFO - [OK] BVM: 40 toplam kayıt alındı
2025-07-14 19:46:12,659 - ERROR - Error getting fund detail (alternative) for BVV: Expecting value: line 1 column 1 (char 0)
2025-07-14 19:46:12,659 - INFO - BVV: Fon adından tahmin edilen kategori: Değişken Şemsiye Fonu
2025-07-14 19:46:12,659 - INFO - [OK] BVV (40 kayıt)
2025-07-14 19:46:12,663 - INFO - [OK] CPT: 40 toplam kayıt alındı
2025-07-14 19:46:12,664 - ERROR - Error getting fund detail (alternative) for BVM: Expecting value: line 1 column 1 (char 0)
2025-07-14 19:46:12,664 - INFO - BVM: Fon adından tahmin edilen kategori: Serbest Şemsiye Fonu
2025-07-14 19:46:12,664 - INFO - [OK] BVM (40 kayıt)
2025-07-14 19:46:12,684 - ERROR - Error getting fund detail (alternative) for CPT: Expecting value: line 1 column 1 (char 0)
2025-07-14 19:46:12,684 - INFO - CPT: Fon adından tahmin edilen kategori: Değişken Şemsiye Fonu
2025-07-14 19:46:12,684 - INFO - [OK] CPT (40 kayıt)
2025-07-14 19:46:17,210 - INFO - [OK] CPU: 40 toplam kayıt alındı
2025-07-14 19:46:17,242 - ERROR - Error getting fund detail (alternative) for CPU: Expecting value: line 1 column 1 (char 0)
2025-07-14 19:46:17,242 - INFO - CPU: Fon adından tahmin edilen kategori: Katılım Şemsiye Fonu
2025-07-14 19:46:17,242 - INFO - [OK] CPU (40 kayıt)
2025-07-14 19:46:17,243 - INFO - [BATCH 2] Tamamlandı. Şu ana kadar başarı: 8, hata: 0
2025-07-14 19:46:19,243 - INFO - [SAVE] 320 kayıt parquet dosyasına yazılıyor...
2025-07-14 19:46:19,245 - INFO - borsa_bulten_fiyat sütunu kaldırıldı
2025-07-14 19:46:19,255 - INFO - [SUCCESS] İNDİRME TAMAMLANDI!
2025-07-14 19:46:19,255 - INFO - [FILE] Dosya: data\kategori_test_2ay_sample.parquet
2025-07-14 19:46:19,255 - INFO - [STATS] Kayıt sayısı: 320
2025-07-14 19:46:19,255 - INFO - [FUNDS] Fon sayısı: 8
2025-07-14 19:46:19,255 - INFO - [DATE] Tarih aralığı: 2025-05-14 - 2025-07-11
2025-07-14 19:46:19,255 - INFO - [OK] Başarılı fonlar: 8
2025-07-14 19:46:19,255 - INFO - [FAIL] Başarısız fonlar: 0
2025-07-14 19:46:19,255 - INFO - [CATEGORIES] Fon kategorileri:
2025-07-14 19:46:19,256 - INFO -   Serbest Şemsiye Fonu: 4 fon
2025-07-14 19:46:19,256 - INFO -   Değişken Şemsiye Fonu: 3 fon
2025-07-14 19:46:19,256 - INFO -   Katılım Şemsiye Fonu: 1 fon
