2025-07-17 10:52:01,237 - INFO - CMD: tefas_download_data_merged.py --repair --input data/tefas_full_2yrs.parquet --workers 2
2025-07-17 10:52:01,337 - INFO - ============================================================
2025-07-17 10:52:01,337 - INFO - TEFAS Fon Verisi İndirme Script'i (Merged)
2025-07-17 10:52:01,337 - INFO - ============================================================
2025-07-17 10:52:01,337 - INFO - Mod: Repair - Paralel (2 worker)
2025-07-17 10:52:01,337 - INFO - Input dosya: data/tefas_full_2yrs.parquet
2025-07-17 10:52:01,337 - INFO - ============================================================
2025-07-17 10:52:01,523 - INFO - [REPAIR MODE] Eksik veri tamamlama başlıyor...
2025-07-17 10:52:01,523 - INFO - [REPAIR] Mevcut veri analiz ediliyor: data\tefas_full_2yrs.parquet
2025-07-17 10:52:01,629 - INFO - [MISSING] AYA: 2025-07-15 - 2025-07-17 (2 gün)
2025-07-17 10:52:01,629 - INFO - [MISSING] AYR: 2025-07-15 - 2025-07-17 (2 gün)
2025-07-17 10:52:01,629 - INFO - [MISSING] BBF: 2025-07-15 - 2025-07-17 (2 gün)
2025-07-17 10:52:01,629 - INFO - [MISSING] BBP: 2025-07-15 - 2025-07-17 (2 gün)
2025-07-17 10:52:01,630 - INFO - [MISSING] BCK: 2025-07-15 - 2025-07-17 (2 gün)
2025-07-17 10:52:01,630 - INFO - [MISSING] BCO: 2025-07-15 - 2025-07-17 (2 gün)
2025-07-17 10:52:01,630 - INFO - [MISSING] BDS: 2025-07-15 - 2025-07-17 (2 gün)
2025-07-17 10:52:01,630 - INFO - [MISSING] BDY: 2025-07-15 - 2025-07-17 (2 gün)
2025-07-17 10:52:01,630 - INFO - [MISSING] BFE: 2025-07-15 - 2025-07-17 (2 gün)
2025-07-17 10:52:01,630 - INFO - [MISSING] BFT: 2025-07-15 - 2025-07-17 (2 gün)
2025-07-17 10:52:01,630 - INFO - [MISSING] BGP: 2025-07-15 - 2025-07-17 (2 gün)
2025-07-17 10:52:01,630 - INFO - [MISSING] BHA: 2025-07-15 - 2025-07-17 (2 gün)
2025-07-17 10:52:01,631 - INFO - [MISSING] BHF: 2025-07-15 - 2025-07-17 (2 gün)
2025-07-17 10:52:01,631 - INFO - [MISSING] BHI: 2025-07-15 - 2025-07-17 (2 gün)
2025-07-17 10:52:01,631 - INFO - [MISSING] BHL: 2025-07-15 - 2025-07-17 (2 gün)
2025-07-17 10:52:01,631 - INFO - [MISSING] BID: 2025-07-15 - 2025-07-17 (2 gün)
2025-07-17 10:52:01,631 - INFO - [MISSING] BIG: 2025-07-15 - 2025-07-17 (2 gün)
2025-07-17 10:52:01,631 - INFO - [MISSING] BIH: 2025-07-15 - 2025-07-17 (2 gün)
2025-07-17 10:52:01,631 - INFO - [MISSING] BIO: 2025-07-15 - 2025-07-17 (2 gün)
2025-07-17 10:52:01,631 - INFO - [MISSING] BIP: 2025-07-15 - 2025-07-17 (2 gün)
2025-07-17 10:52:01,632 - INFO - [MISSING] BIS: 2025-07-15 - 2025-07-17 (2 gün)
2025-07-17 10:52:01,632 - INFO - [MISSING] BLD: 2025-07-15 - 2025-07-17 (2 gün)
2025-07-17 10:52:01,632 - INFO - [MISSING] BLT: 2025-07-15 - 2025-07-17 (2 gün)
2025-07-17 10:52:01,632 - INFO - [MISSING] BNC: 2025-07-15 - 2025-07-17 (2 gün)
2025-07-17 10:52:01,632 - INFO - [MISSING] BNH: 2025-07-15 - 2025-07-17 (2 gün)
2025-07-17 10:52:01,632 - INFO - [MISSING] BOL: 2025-07-15 - 2025-07-17 (2 gün)
2025-07-17 10:52:01,632 - INFO - [MISSING] BPZ: 2025-07-15 - 2025-07-17 (2 gün)
2025-07-17 10:52:01,632 - INFO - [MISSING] BRF: 2025-07-15 - 2025-07-17 (2 gün)
2025-07-17 10:52:01,632 - INFO - [MISSING] BRR: 2025-07-15 - 2025-07-17 (2 gün)
2025-07-17 10:52:01,632 - INFO - [MISSING] BRT: 2025-07-15 - 2025-07-17 (2 gün)
2025-07-17 10:52:01,633 - INFO - [MISSING] BSH: 2025-07-15 - 2025-07-17 (2 gün)
2025-07-17 10:52:01,633 - INFO - [MISSING] BST: 2025-07-15 - 2025-07-17 (2 gün)
2025-07-17 10:52:01,633 - INFO - [MISSING] BTE: 2025-07-15 - 2025-07-17 (2 gün)
2025-07-17 10:52:01,633 - INFO - [MISSING] BTZ: 2025-07-15 - 2025-07-17 (2 gün)
2025-07-17 10:52:01,633 - INFO - [MISSING] BUL: 2025-07-15 - 2025-07-17 (2 gün)
2025-07-17 10:52:01,633 - INFO - [MISSING] BUV: 2025-07-15 - 2025-07-17 (2 gün)
2025-07-17 10:52:01,633 - INFO - [MISSING] BUY: 2025-07-15 - 2025-07-17 (2 gün)
2025-07-17 10:52:01,633 - INFO - [MISSING] BV1: 2025-07-15 - 2025-07-17 (2 gün)
2025-07-17 10:52:01,633 - INFO - [MISSING] BVM: 2025-07-15 - 2025-07-17 (2 gün)
2025-07-17 10:52:01,633 - INFO - [MISSING] BVV: 2025-07-15 - 2025-07-17 (2 gün)
2025-07-17 10:52:01,634 - INFO - [MISSING] BVZ: 2025-07-15 - 2025-07-17 (2 gün)
2025-07-17 10:52:01,634 - INFO - [MISSING] CFO: 2025-07-15 - 2025-07-17 (2 gün)
2025-07-17 10:52:01,634 - INFO - [MISSING] CIN: 2025-07-15 - 2025-07-17 (2 gün)
2025-07-17 10:52:01,634 - INFO - [MISSING] CKF: 2025-07-15 - 2025-07-17 (2 gün)
2025-07-17 10:52:01,634 - INFO - [MISSING] CKL: 2025-07-15 - 2025-07-17 (2 gün)
2025-07-17 10:52:01,634 - INFO - [MISSING] CKS: 2025-07-15 - 2025-07-17 (2 gün)
2025-07-17 10:52:01,634 - INFO - [MISSING] CPT: 2025-07-15 - 2025-07-17 (2 gün)
2025-07-17 10:52:01,634 - INFO - [MISSING] CPU: 2025-07-15 - 2025-07-17 (2 gün)
2025-07-17 10:52:01,635 - INFO - [MISSING] CVK: 2025-07-15 - 2025-07-17 (2 gün)
2025-07-17 10:52:01,635 - INFO - [MISSING] DAH: 2025-07-15 - 2025-07-17 (2 gün)
2025-07-17 10:52:01,635 - INFO - [MISSING] DAS: 2025-07-15 - 2025-07-17 (2 gün)
2025-07-17 10:52:01,635 - INFO - [MISSING] DBA: 2025-07-15 - 2025-07-17 (2 gün)
2025-07-17 10:52:01,635 - INFO - [MISSING] DBB: 2025-07-15 - 2025-07-17 (2 gün)
2025-07-17 10:52:01,635 - INFO - [MISSING] DBH: 2025-07-15 - 2025-07-17 (2 gün)
2025-07-17 10:52:01,636 - INFO - [MISSING] DBK: 2025-07-15 - 2025-07-17 (2 gün)
2025-07-17 10:52:01,636 - INFO - [MISSING] DBP: 2025-07-15 - 2025-07-17 (2 gün)
2025-07-17 10:52:01,636 - INFO - [MISSING] DBZ: 2025-07-15 - 2025-07-17 (2 gün)
2025-07-17 10:52:01,636 - INFO - [MISSING] DCB: 2025-07-15 - 2025-07-17 (2 gün)
2025-07-17 10:52:01,636 - INFO - [MISSING] DDA: 2025-07-15 - 2025-07-17 (2 gün)
2025-07-17 10:52:01,636 - INFO - [MISSING] DDF: 2025-07-15 - 2025-07-17 (2 gün)
2025-07-17 10:52:01,636 - INFO - [MISSING] DEF: 2025-07-15 - 2025-07-17 (2 gün)
2025-07-17 10:52:01,637 - INFO - [MISSING] DFC: 2025-07-15 - 2025-07-17 (2 gün)
2025-07-17 10:52:01,637 - INFO - [MISSING] DFD: 2025-07-15 - 2025-07-17 (2 gün)
2025-07-17 10:52:01,637 - INFO - [MISSING] DFI: 2025-07-15 - 2025-07-17 (2 gün)
2025-07-17 10:52:01,637 - INFO - [MISSING] DGH: 2025-07-15 - 2025-07-17 (2 gün)
2025-07-17 10:52:01,637 - INFO - [MISSING] DHJ: 2025-07-15 - 2025-07-17 (2 gün)
2025-07-17 10:52:01,637 - INFO - [MISSING] DHM: 2025-07-15 - 2025-07-17 (2 gün)
2025-07-17 10:52:01,637 - INFO - [MISSING] DID: 2025-07-15 - 2025-07-17 (2 gün)
2025-07-17 10:52:01,637 - INFO - [MISSING] DIP: 2025-07-15 - 2025-07-17 (2 gün)
2025-07-17 10:52:01,637 - INFO - [MISSING] DKH: 2025-07-15 - 2025-07-17 (2 gün)
2025-07-17 10:52:01,638 - INFO - [MISSING] DKL: 2025-07-15 - 2025-07-17 (2 gün)
2025-07-17 10:52:01,638 - INFO - [MISSING] DKR: 2025-07-15 - 2025-07-17 (2 gün)
2025-07-17 10:52:01,638 - INFO - [MISSING] DL2: 2025-07-15 - 2025-07-17 (2 gün)
2025-07-17 10:52:01,638 - INFO - [MISSING] DLD: 2025-07-15 - 2025-07-17 (2 gün)
2025-07-17 10:52:01,638 - INFO - [MISSING] DLY: 2025-07-15 - 2025-07-17 (2 gün)
2025-07-17 10:52:01,638 - INFO - [MISSING] DMG: 2025-07-15 - 2025-07-17 (2 gün)
2025-07-17 10:52:01,638 - INFO - [MISSING] DNK: 2025-07-15 - 2025-07-17 (2 gün)
2025-07-17 10:52:01,639 - INFO - [MISSING] DNM: 2025-07-15 - 2025-07-17 (2 gün)
2025-07-17 10:52:01,639 - INFO - [MISSING] DOH: 2025-07-15 - 2025-07-17 (2 gün)
2025-07-17 10:52:01,639 - INFO - [MISSING] DOL: 2025-07-15 - 2025-07-17 (2 gün)
2025-07-17 10:52:01,639 - INFO - [MISSING] DOV: 2025-07-15 - 2025-07-17 (2 gün)
2025-07-17 10:52:01,639 - INFO - [MISSING] DPB: 2025-07-15 - 2025-07-17 (2 gün)
2025-07-17 10:52:01,639 - INFO - [MISSING] DPK: 2025-07-15 - 2025-07-17 (2 gün)
2025-07-17 10:52:01,639 - INFO - [MISSING] DPT: 2025-07-15 - 2025-07-17 (2 gün)
2025-07-17 10:52:01,640 - INFO - [MISSING] DSD: 2025-07-15 - 2025-07-17 (2 gün)
2025-07-17 10:52:01,640 - INFO - [MISSING] DSP: 2025-07-15 - 2025-07-17 (2 gün)
2025-07-17 10:52:01,640 - INFO - [MISSING] DTL: 2025-07-15 - 2025-07-17 (2 gün)
2025-07-17 10:52:01,640 - INFO - [MISSING] DTM: 2025-07-15 - 2025-07-17 (2 gün)
2025-07-17 10:52:01,640 - INFO - [MISSING] DTZ: 2025-07-15 - 2025-07-17 (2 gün)
2025-07-17 10:52:01,640 - INFO - [MISSING] DUH: 2025-07-15 - 2025-07-17 (2 gün)
2025-07-17 10:52:01,640 - INFO - [MISSING] DUV: 2025-07-15 - 2025-07-17 (2 gün)
2025-07-17 10:52:01,641 - INFO - [MISSING] DVS: 2025-07-15 - 2025-07-17 (2 gün)
2025-07-17 10:52:01,641 - INFO - [MISSING] DVT: 2025-07-15 - 2025-07-17 (2 gün)
2025-07-17 10:52:01,641 - INFO - [MISSING] DXP: 2025-07-15 - 2025-07-17 (2 gün)
2025-07-17 10:52:01,641 - INFO - [MISSING] DYN: 2025-07-15 - 2025-07-17 (2 gün)
2025-07-17 10:52:01,641 - INFO - [MISSING] DZE: 2025-07-15 - 2025-07-17 (2 gün)
2025-07-17 10:52:01,641 - INFO - [MISSING] DZM: 2025-07-15 - 2025-07-17 (2 gün)
2025-07-17 10:52:01,641 - INFO - [MISSING] EBD: 2025-07-15 - 2025-07-17 (2 gün)
2025-07-17 10:52:01,642 - INFO - [MISSING] EC2: 2025-07-15 - 2025-07-17 (2 gün)
2025-07-17 10:52:01,642 - INFO - [MISSING] ECA: 2025-07-15 - 2025-07-17 (2 gün)
2025-07-17 10:52:01,642 - INFO - [MISSING] EDT: 2025-07-15 - 2025-07-17 (2 gün)
2025-07-17 10:52:01,642 - INFO - [MISSING] EDU: 2025-07-15 - 2025-07-17 (2 gün)
2025-07-17 10:52:01,642 - INFO - [MISSING] EIB: 2025-07-15 - 2025-07-17 (2 gün)
2025-07-17 10:52:01,642 - INFO - [MISSING] EIC: 2025-07-15 - 2025-07-17 (2 gün)
2025-07-17 10:52:01,642 - INFO - [MISSING] EID: 2025-07-15 - 2025-07-17 (2 gün)
2025-07-17 10:52:01,642 - INFO - [MISSING] EIL: 2025-07-15 - 2025-07-17 (2 gün)
2025-07-17 10:52:01,643 - INFO - [MISSING] EKF: 2025-07-15 - 2025-07-17 (2 gün)
2025-07-17 10:52:01,643 - INFO - [MISSING] ELZ: 2025-07-15 - 2025-07-17 (2 gün)
2025-07-17 10:52:01,643 - INFO - [MISSING] ENJ: 2025-07-15 - 2025-07-17 (2 gün)
2025-07-17 10:52:01,643 - INFO - [MISSING] ESG: 2025-07-15 - 2025-07-17 (2 gün)
2025-07-17 10:52:01,643 - INFO - [MISSING] ESP: 2025-07-15 - 2025-07-17 (2 gün)
2025-07-17 10:52:01,643 - INFO - [MISSING] EUN: 2025-07-15 - 2025-07-17 (2 gün)
2025-07-17 10:52:01,643 - INFO - [MISSING] EUZ: 2025-07-15 - 2025-07-17 (2 gün)
2025-07-17 10:52:01,644 - INFO - [MISSING] EYT: 2025-07-15 - 2025-07-17 (2 gün)
2025-07-17 10:52:01,644 - INFO - [MISSING] FBC: 2025-07-15 - 2025-07-17 (2 gün)
2025-07-17 10:52:01,644 - INFO - [MISSING] FBI: 2025-07-15 - 2025-07-17 (2 gün)
2025-07-17 10:52:01,644 - INFO - [MISSING] FBV: 2025-07-15 - 2025-07-17 (2 gün)
2025-07-17 10:52:01,644 - INFO - [MISSING] FBZ: 2025-07-15 - 2025-07-17 (2 gün)
2025-07-17 10:52:01,644 - INFO - [MISSING] FCK: 2025-07-15 - 2025-07-17 (2 gün)
2025-07-17 10:52:01,644 - INFO - [MISSING] FD1: 2025-07-15 - 2025-07-17 (2 gün)
2025-07-17 10:52:01,645 - INFO - [MISSING] FDG: 2025-07-15 - 2025-07-17 (2 gün)
2025-07-17 10:52:01,645 - INFO - [MISSING] FFH: 2025-07-15 - 2025-07-17 (2 gün)
2025-07-17 10:52:01,645 - INFO - [MISSING] FFP: 2025-07-15 - 2025-07-17 (2 gün)
2025-07-17 10:52:01,645 - INFO - [MISSING] FI3: 2025-07-15 - 2025-07-17 (2 gün)
2025-07-17 10:52:01,645 - INFO - [MISSING] FIB: 2025-07-15 - 2025-07-17 (2 gün)
2025-07-17 10:52:01,645 - INFO - [MISSING] FID: 2025-07-15 - 2025-07-17 (2 gün)
2025-07-17 10:52:01,645 - INFO - [MISSING] FIL: 2025-07-15 - 2025-07-17 (2 gün)
2025-07-17 10:52:01,645 - INFO - [MISSING] FIT: 2025-07-15 - 2025-07-17 (2 gün)
2025-07-17 10:52:01,646 - INFO - [MISSING] FJB: 2025-07-15 - 2025-07-17 (2 gün)
2025-07-17 10:52:01,646 - INFO - [MISSING] FJZ: 2025-07-15 - 2025-07-17 (2 gün)
2025-07-17 10:52:01,646 - INFO - [MISSING] FKE: 2025-07-15 - 2025-07-17 (2 gün)
2025-07-17 10:52:01,646 - INFO - [MISSING] FLS: 2025-07-15 - 2025-07-17 (2 gün)
2025-07-17 10:52:01,646 - INFO - [MISSING] FLY: 2025-07-15 - 2025-07-17 (2 gün)
2025-07-17 10:52:01,646 - INFO - [MISSING] FMG: 2025-07-15 - 2025-07-17 (2 gün)
2025-07-17 10:52:01,646 - INFO - [MISSING] FNO: 2025-07-15 - 2025-07-17 (2 gün)
2025-07-17 10:52:01,646 - INFO - [MISSING] FNT: 2025-07-15 - 2025-07-17 (2 gün)
2025-07-17 10:52:01,646 - INFO - [MISSING] FPE: 2025-07-15 - 2025-07-17 (2 gün)
2025-07-17 10:52:01,646 - INFO - [MISSING] FPG: 2025-07-15 - 2025-07-17 (2 gün)
2025-07-17 10:52:01,647 - INFO - [MISSING] FPH: 2025-07-15 - 2025-07-17 (2 gün)
2025-07-17 10:52:01,647 - INFO - [MISSING] FPI: 2025-07-15 - 2025-07-17 (2 gün)
2025-07-17 10:52:01,647 - INFO - [MISSING] FPK: 2025-07-15 - 2025-07-17 (2 gün)
2025-07-17 10:52:01,647 - INFO - [MISSING] FPZ: 2025-07-15 - 2025-07-17 (2 gün)
2025-07-17 10:52:01,647 - INFO - [MISSING] FRC: 2025-07-15 - 2025-07-17 (2 gün)
2025-07-17 10:52:01,647 - INFO - [MISSING] FS5: 2025-07-15 - 2025-07-17 (2 gün)
2025-07-17 10:52:01,648 - INFO - [MISSING] FS6: 2025-07-15 - 2025-07-17 (2 gün)
2025-07-17 10:52:01,648 - INFO - [MISSING] FSF: 2025-07-15 - 2025-07-17 (2 gün)
2025-07-17 10:52:01,648 - INFO - [MISSING] FSG: 2025-07-15 - 2025-07-17 (2 gün)
2025-07-17 10:52:01,648 - INFO - [MISSING] FSH: 2025-07-15 - 2025-07-17 (2 gün)
2025-07-17 10:52:01,648 - INFO - [MISSING] FSK: 2025-07-15 - 2025-07-17 (2 gün)
2025-07-17 10:52:01,648 - INFO - [MISSING] FSR: 2025-07-15 - 2025-07-17 (2 gün)
2025-07-17 10:52:01,648 - INFO - [MISSING] FTL: 2025-07-15 - 2025-07-17 (2 gün)
2025-07-17 10:52:01,649 - INFO - [MISSING] FUA: 2025-07-15 - 2025-07-17 (2 gün)
2025-07-17 10:52:01,649 - INFO - [MISSING] FUB: 2025-07-15 - 2025-07-17 (2 gün)
2025-07-17 10:52:01,649 - INFO - [MISSING] FYD: 2025-07-15 - 2025-07-17 (2 gün)
2025-07-17 10:52:01,649 - INFO - [MISSING] FYI: 2025-07-15 - 2025-07-17 (2 gün)
2025-07-17 10:52:01,649 - INFO - [MISSING] FYO: 2025-07-15 - 2025-07-17 (2 gün)
2025-07-17 10:52:01,649 - INFO - [MISSING] FZJ: 2025-07-15 - 2025-07-17 (2 gün)
2025-07-17 10:52:01,649 - INFO - [MISSING] FZP: 2025-07-15 - 2025-07-17 (2 gün)
2025-07-17 10:52:01,649 - INFO - [MISSING] GA1: 2025-07-15 - 2025-07-17 (2 gün)
2025-07-17 10:52:01,650 - INFO - [MISSING] GAE: 2025-07-15 - 2025-07-17 (2 gün)
2025-07-17 10:52:01,650 - INFO - [MISSING] GAF: 2025-07-15 - 2025-07-17 (2 gün)
2025-07-17 10:52:01,650 - INFO - [MISSING] GAG: 2025-07-15 - 2025-07-17 (2 gün)
2025-07-17 10:52:01,650 - INFO - [MISSING] GAH: 2025-07-15 - 2025-07-17 (2 gün)
2025-07-17 10:52:01,650 - INFO - [MISSING] GAS: 2025-07-15 - 2025-07-17 (2 gün)
2025-07-17 10:52:01,650 - INFO - [MISSING] GBC: 2025-07-15 - 2025-07-17 (2 gün)
2025-07-17 10:52:01,650 - INFO - [MISSING] GBG: 2025-07-15 - 2025-07-17 (2 gün)
2025-07-17 10:52:01,651 - INFO - [MISSING] GBH: 2025-07-15 - 2025-07-17 (2 gün)
2025-07-17 10:52:01,651 - INFO - [MISSING] GBJ: 2025-07-15 - 2025-07-17 (2 gün)
2025-07-17 10:52:01,651 - INFO - [MISSING] GBL: 2025-07-15 - 2025-07-17 (2 gün)
2025-07-17 10:52:01,651 - INFO - [MISSING] GBN: 2025-07-15 - 2025-07-17 (2 gün)
2025-07-17 10:52:01,651 - INFO - [MISSING] GBV: 2025-07-15 - 2025-07-17 (2 gün)
2025-07-17 10:52:01,651 - INFO - [MISSING] GBZ: 2025-07-15 - 2025-07-17 (2 gün)
2025-07-17 10:52:01,651 - INFO - [MISSING] GGK: 2025-07-15 - 2025-07-17 (2 gün)
2025-07-17 10:52:01,651 - INFO - [MISSING] GHS: 2025-07-15 - 2025-07-17 (2 gün)
2025-07-17 10:52:01,652 - INFO - [MISSING] GID: 2025-07-15 - 2025-07-17 (2 gün)
2025-07-17 10:52:01,652 - INFO - [MISSING] GIE: 2025-07-15 - 2025-07-17 (2 gün)
2025-07-17 10:52:01,652 - INFO - [MISSING] GIH: 2025-07-15 - 2025-07-17 (2 gün)
2025-07-17 10:52:01,652 - INFO - [MISSING] GJB: 2025-07-15 - 2025-07-17 (2 gün)
2025-07-17 10:52:01,652 - INFO - [MISSING] GKF: 2025-07-15 - 2025-07-17 (2 gün)
2025-07-17 10:52:01,653 - INFO - [MISSING] GKG: 2025-07-15 - 2025-07-17 (2 gün)
2025-07-17 10:52:01,653 - INFO - [MISSING] GKH: 2025-07-15 - 2025-07-17 (2 gün)
2025-07-17 10:52:01,653 - INFO - [MISSING] GKV: 2025-07-15 - 2025-07-17 (2 gün)
2025-07-17 10:52:01,653 - INFO - [MISSING] GL1: 2025-07-15 - 2025-07-17 (2 gün)
2025-07-17 10:52:01,653 - INFO - [MISSING] GLC: 2025-07-15 - 2025-07-17 (2 gün)
2025-07-17 10:52:01,654 - INFO - [MISSING] GLG: 2025-07-15 - 2025-07-17 (2 gün)
2025-07-17 10:52:01,654 - INFO - [MISSING] GLS: 2025-07-15 - 2025-07-17 (2 gün)
2025-07-17 10:52:01,654 - INFO - [MISSING] GMA: 2025-07-15 - 2025-07-17 (2 gün)
2025-07-17 10:52:01,654 - INFO - [MISSING] GMC: 2025-07-15 - 2025-07-17 (2 gün)
2025-07-17 10:52:01,654 - INFO - [MISSING] GMD: 2025-07-15 - 2025-07-17 (2 gün)
2025-07-17 10:52:01,654 - INFO - [MISSING] GMR: 2025-07-15 - 2025-07-17 (2 gün)
2025-07-17 10:52:01,654 - INFO - [MISSING] GNH: 2025-07-15 - 2025-07-17 (2 gün)
2025-07-17 10:52:01,655 - INFO - [MISSING] GNS: 2025-07-15 - 2025-07-17 (2 gün)
2025-07-17 10:52:01,655 - INFO - [MISSING] GO1: 2025-07-15 - 2025-07-17 (2 gün)
2025-07-17 10:52:01,655 - INFO - [MISSING] GO2: 2025-07-15 - 2025-07-17 (2 gün)
2025-07-17 10:52:01,655 - INFO - [MISSING] GO3: 2025-07-15 - 2025-07-17 (2 gün)
2025-07-17 10:52:01,655 - INFO - [MISSING] GO4: 2025-07-15 - 2025-07-17 (2 gün)
2025-07-17 10:52:01,655 - INFO - [MISSING] GO6: 2025-07-15 - 2025-07-17 (2 gün)
2025-07-17 10:52:01,655 - INFO - [MISSING] GO9: 2025-07-15 - 2025-07-17 (2 gün)
2025-07-17 10:52:01,656 - INFO - [MISSING] GOH: 2025-07-15 - 2025-07-17 (2 gün)
2025-07-17 10:52:01,656 - INFO - [MISSING] GOL: 2025-07-15 - 2025-07-17 (2 gün)
2025-07-17 10:52:01,656 - INFO - [MISSING] GPA: 2025-07-15 - 2025-07-17 (2 gün)
2025-07-17 10:52:01,656 - INFO - [MISSING] GPB: 2025-07-15 - 2025-07-17 (2 gün)
2025-07-17 10:52:01,656 - INFO - [MISSING] GPC: 2025-07-15 - 2025-07-17 (2 gün)
2025-07-17 10:52:01,656 - INFO - [MISSING] GPF: 2025-07-15 - 2025-07-17 (2 gün)
2025-07-17 10:52:01,656 - INFO - [MISSING] GPG: 2025-07-15 - 2025-07-17 (2 gün)
2025-07-17 10:52:01,657 - INFO - [MISSING] GPI: 2025-07-15 - 2025-07-17 (2 gün)
2025-07-17 10:52:01,657 - INFO - [MISSING] GPL: 2025-07-15 - 2025-07-17 (2 gün)
2025-07-17 10:52:01,657 - INFO - [MISSING] GPT: 2025-07-15 - 2025-07-17 (2 gün)
2025-07-17 10:52:01,657 - INFO - [MISSING] GPU: 2025-07-15 - 2025-07-17 (2 gün)
2025-07-17 10:52:01,657 - INFO - [MISSING] GPZ: 2025-07-15 - 2025-07-17 (2 gün)
2025-07-17 10:52:01,657 - INFO - [MISSING] GRL: 2025-07-15 - 2025-07-17 (2 gün)
2025-07-17 10:52:01,657 - INFO - [MISSING] GRO: 2025-07-15 - 2025-07-17 (2 gün)
2025-07-17 10:52:01,657 - INFO - [MISSING] GRT: 2025-07-15 - 2025-07-17 (2 gün)
2025-07-17 10:52:01,657 - INFO - [MISSING] GSP: 2025-07-15 - 2025-07-17 (2 gün)
2025-07-17 10:52:01,657 - INFO - [MISSING] GTA: 2025-07-15 - 2025-07-17 (2 gün)
2025-07-17 10:52:01,658 - INFO - [MISSING] GTF: 2025-07-15 - 2025-07-17 (2 gün)
2025-07-17 10:52:01,658 - INFO - [MISSING] GTH: 2025-07-15 - 2025-07-17 (2 gün)
2025-07-17 10:52:01,658 - INFO - [MISSING] GTM: 2025-07-15 - 2025-07-17 (2 gün)
2025-07-17 10:52:01,658 - INFO - [MISSING] GTY: 2025-07-15 - 2025-07-17 (2 gün)
2025-07-17 10:52:01,658 - INFO - [MISSING] GTZ: 2025-07-15 - 2025-07-17 (2 gün)
2025-07-17 10:52:01,658 - INFO - [MISSING] GUB: 2025-07-15 - 2025-07-17 (2 gün)
2025-07-17 10:52:01,658 - INFO - [MISSING] GUH: 2025-07-15 - 2025-07-17 (2 gün)
2025-07-17 10:52:01,658 - INFO - [MISSING] GUM: 2025-07-15 - 2025-07-17 (2 gün)
2025-07-17 10:52:01,658 - INFO - [MISSING] GUV: 2025-07-15 - 2025-07-17 (2 gün)
2025-07-17 10:52:01,658 - INFO - [MISSING] GVA: 2025-07-15 - 2025-07-17 (2 gün)
2025-07-17 10:52:01,659 - INFO - [MISSING] GVI: 2025-07-15 - 2025-07-17 (2 gün)
2025-07-17 10:52:01,659 - INFO - [MISSING] GYK: 2025-07-15 - 2025-07-17 (2 gün)
2025-07-17 10:52:01,659 - INFO - [MISSING] GZE: 2025-07-15 - 2025-07-17 (2 gün)
2025-07-17 10:52:01,659 - INFO - [MISSING] GZG: 2025-07-15 - 2025-07-17 (2 gün)
2025-07-17 10:52:01,659 - INFO - [MISSING] GZH: 2025-07-15 - 2025-07-17 (2 gün)
2025-07-17 10:52:01,659 - INFO - [MISSING] GZJ: 2025-07-15 - 2025-07-17 (2 gün)
2025-07-17 10:52:01,659 - INFO - [MISSING] GZL: 2025-07-15 - 2025-07-17 (2 gün)
2025-07-17 10:52:01,659 - INFO - [MISSING] GZM: 2025-07-15 - 2025-07-17 (2 gün)
2025-07-17 10:52:01,660 - INFO - [MISSING] GZN: 2025-07-15 - 2025-07-17 (2 gün)
2025-07-17 10:52:01,660 - INFO - [MISSING] GZP: 2025-07-15 - 2025-07-17 (2 gün)
2025-07-17 10:52:01,660 - INFO - [MISSING] GZR: 2025-07-15 - 2025-07-17 (2 gün)
2025-07-17 10:52:01,660 - INFO - [MISSING] GZV: 2025-07-15 - 2025-07-17 (2 gün)
2025-07-17 10:52:01,660 - INFO - [MISSING] GZY: 2025-07-15 - 2025-07-17 (2 gün)
2025-07-17 10:52:01,660 - INFO - [MISSING] GZZ: 2025-07-15 - 2025-07-17 (2 gün)
2025-07-17 10:52:01,661 - INFO - [MISSING] HAM: 2025-07-15 - 2025-07-17 (2 gün)
2025-07-17 10:52:01,661 - INFO - [MISSING] HAT: 2025-07-15 - 2025-07-17 (2 gün)
2025-07-17 10:52:01,661 - INFO - [MISSING] HBF: 2025-07-15 - 2025-07-17 (2 gün)
2025-07-17 10:52:01,661 - INFO - [MISSING] HBN: 2025-07-15 - 2025-07-17 (2 gün)
2025-07-17 10:52:01,661 - INFO - [MISSING] HBU: 2025-07-15 - 2025-07-17 (2 gün)
2025-07-17 10:52:01,661 - INFO - [MISSING] HDA: 2025-07-15 - 2025-07-17 (2 gün)
2025-07-17 10:52:01,661 - INFO - [MISSING] HDK: 2025-07-15 - 2025-07-17 (2 gün)
2025-07-17 10:52:01,662 - INFO - [MISSING] HEH: 2025-07-15 - 2025-07-17 (2 gün)
2025-07-17 10:52:01,662 - INFO - [MISSING] HFI: 2025-07-15 - 2025-07-17 (2 gün)
2025-07-17 10:52:01,662 - INFO - [MISSING] HGM: 2025-07-15 - 2025-07-17 (2 gün)
2025-07-17 10:52:01,662 - INFO - [MISSING] HGV: 2025-07-15 - 2025-07-17 (2 gün)
2025-07-17 10:52:01,662 - INFO - [MISSING] HIA: 2025-07-15 - 2025-07-17 (2 gün)
2025-07-17 10:52:01,662 - INFO - [MISSING] HIH: 2025-07-15 - 2025-07-17 (2 gün)
2025-07-17 10:52:01,662 - INFO - [MISSING] HIM: 2025-07-15 - 2025-07-17 (2 gün)
2025-07-17 10:52:01,662 - INFO - [MISSING] HIZ: 2025-07-15 - 2025-07-17 (2 gün)
2025-07-17 10:52:01,662 - INFO - [MISSING] HJB: 2025-07-15 - 2025-07-17 (2 gün)
2025-07-17 10:52:01,662 - INFO - [MISSING] HKG: 2025-07-15 - 2025-07-17 (2 gün)
2025-07-17 10:52:01,663 - INFO - [MISSING] HKH: 2025-07-15 - 2025-07-17 (2 gün)
2025-07-17 10:52:01,663 - INFO - [MISSING] HKM: 2025-07-15 - 2025-07-17 (2 gün)
2025-07-17 10:52:01,663 - INFO - [MISSING] HKR: 2025-07-15 - 2025-07-17 (2 gün)
2025-07-17 10:52:01,663 - INFO - [MISSING] HMC: 2025-07-15 - 2025-07-17 (2 gün)
2025-07-17 10:52:01,663 - INFO - [MISSING] HMG: 2025-07-15 - 2025-07-17 (2 gün)
2025-07-17 10:52:01,663 - INFO - [MISSING] HML: 2025-07-15 - 2025-07-17 (2 gün)
2025-07-17 10:52:01,663 - INFO - [MISSING] HMS: 2025-07-15 - 2025-07-17 (2 gün)
2025-07-17 10:52:01,663 - INFO - [MISSING] HNC: 2025-07-15 - 2025-07-17 (2 gün)
2025-07-17 10:52:01,663 - INFO - [MISSING] HOA: 2025-07-15 - 2025-07-17 (2 gün)
2025-07-17 10:52:01,664 - INFO - [MISSING] HOY: 2025-07-15 - 2025-07-17 (2 gün)
2025-07-17 10:52:01,664 - INFO - [MISSING] HP3: 2025-07-15 - 2025-07-17 (2 gün)
2025-07-17 10:52:01,664 - INFO - [MISSING] HPD: 2025-07-15 - 2025-07-17 (2 gün)
2025-07-17 10:52:01,664 - INFO - [MISSING] HPH: 2025-07-15 - 2025-07-17 (2 gün)
2025-07-17 10:52:01,664 - INFO - [MISSING] HPO: 2025-07-15 - 2025-07-17 (2 gün)
2025-07-17 10:52:01,664 - INFO - [MISSING] HPT: 2025-07-15 - 2025-07-17 (2 gün)
2025-07-17 10:52:01,665 - INFO - [MISSING] HRZ: 2025-07-15 - 2025-07-17 (2 gün)
2025-07-17 10:52:01,665 - INFO - [MISSING] HSA: 2025-07-15 - 2025-07-17 (2 gün)
2025-07-17 10:52:01,665 - INFO - [MISSING] HSL: 2025-07-15 - 2025-07-17 (2 gün)
2025-07-17 10:52:01,665 - INFO - [MISSING] HST: 2025-07-15 - 2025-07-17 (2 gün)
2025-07-17 10:52:01,665 - INFO - [MISSING] HTJ: 2025-07-15 - 2025-07-17 (2 gün)
2025-07-17 10:52:01,665 - INFO - [MISSING] HVK: 2025-07-15 - 2025-07-17 (2 gün)
2025-07-17 10:52:01,665 - INFO - [MISSING] HVS: 2025-07-15 - 2025-07-17 (2 gün)
2025-07-17 10:52:01,666 - INFO - [MISSING] HVT: 2025-07-15 - 2025-07-17 (2 gün)
2025-07-17 10:52:01,666 - INFO - [MISSING] HVU: 2025-07-15 - 2025-07-17 (2 gün)
2025-07-17 10:52:01,666 - INFO - [MISSING] HVZ: 2025-07-15 - 2025-07-17 (2 gün)
2025-07-17 10:52:01,666 - INFO - [MISSING] HYP: 2025-07-15 - 2025-07-17 (2 gün)
2025-07-17 10:52:01,666 - INFO - [MISSING] HYU: 2025-07-15 - 2025-07-17 (2 gün)
2025-07-17 10:52:01,666 - INFO - [MISSING] HYV: 2025-07-15 - 2025-07-17 (2 gün)
2025-07-17 10:52:01,666 - INFO - [MISSING] IAE: 2025-07-15 - 2025-07-17 (2 gün)
2025-07-17 10:52:01,666 - INFO - [MISSING] IAM: 2025-07-15 - 2025-07-17 (2 gün)
2025-07-17 10:52:01,666 - INFO - [MISSING] IAT: 2025-07-15 - 2025-07-17 (2 gün)
2025-07-17 10:52:01,666 - INFO - [MISSING] IAU: 2025-07-15 - 2025-07-17 (2 gün)
2025-07-17 10:52:01,666 - INFO - [MISSING] IAY: 2025-07-15 - 2025-07-17 (2 gün)
2025-07-17 10:52:01,667 - INFO - [MISSING] IBB: 2025-07-15 - 2025-07-17 (2 gün)
2025-07-17 10:52:01,667 - INFO - [MISSING] ICA: 2025-07-15 - 2025-07-17 (2 gün)
2025-07-17 10:52:01,667 - INFO - [MISSING] ICC: 2025-07-15 - 2025-07-17 (2 gün)
2025-07-17 10:52:01,667 - INFO - [MISSING] ICD: 2025-07-15 - 2025-07-17 (2 gün)
2025-07-17 10:52:01,667 - INFO - [MISSING] ICE: 2025-07-15 - 2025-07-17 (2 gün)
2025-07-17 10:52:01,667 - INFO - [MISSING] ICF: 2025-07-15 - 2025-07-17 (2 gün)
2025-07-17 10:52:01,667 - INFO - [MISSING] ICH: 2025-07-15 - 2025-07-17 (2 gün)
2025-07-17 10:52:01,667 - INFO - [MISSING] ICS: 2025-07-15 - 2025-07-17 (2 gün)
2025-07-17 10:52:01,667 - INFO - [MISSING] ICV: 2025-07-15 - 2025-07-17 (2 gün)
2025-07-17 10:52:01,667 - INFO - [MISSING] ICZ: 2025-07-15 - 2025-07-17 (2 gün)
2025-07-17 10:52:01,668 - INFO - [MISSING] IDD: 2025-07-15 - 2025-07-17 (2 gün)
2025-07-17 10:52:01,668 - INFO - [MISSING] IDF: 2025-07-15 - 2025-07-17 (2 gün)
2025-07-17 10:52:01,668 - INFO - [MISSING] IDH: 2025-07-15 - 2025-07-17 (2 gün)
2025-07-17 10:52:01,668 - INFO - [MISSING] IDI: 2025-07-15 - 2025-07-17 (2 gün)
2025-07-17 10:52:01,668 - INFO - [MISSING] IDL: 2025-07-15 - 2025-07-17 (2 gün)
2025-07-17 10:52:01,668 - INFO - [MISSING] IDO: 2025-07-15 - 2025-07-17 (2 gün)
2025-07-17 10:52:01,669 - INFO - [MISSING] IDY: 2025-07-15 - 2025-07-17 (2 gün)
2025-07-17 10:52:01,669 - INFO - [MISSING] IEV: 2025-07-15 - 2025-07-17 (2 gün)
2025-07-17 10:52:01,669 - INFO - [MISSING] IFN: 2025-07-15 - 2025-07-17 (2 gün)
2025-07-17 10:52:01,669 - INFO - [MISSING] IFV: 2025-07-15 - 2025-07-17 (2 gün)
2025-07-17 10:52:01,669 - INFO - [MISSING] IHA: 2025-07-15 - 2025-07-17 (2 gün)
2025-07-17 10:52:01,669 - INFO - [MISSING] IHC: 2025-07-15 - 2025-07-17 (2 gün)
2025-07-17 10:52:01,670 - INFO - [MISSING] IHK: 2025-07-15 - 2025-07-17 (2 gün)
2025-07-17 10:52:01,670 - INFO - [MISSING] IHP: 2025-07-15 - 2025-07-17 (2 gün)
2025-07-17 10:52:01,670 - INFO - [MISSING] IHT: 2025-07-15 - 2025-07-17 (2 gün)
2025-07-17 10:52:01,670 - INFO - [MISSING] IHZ: 2025-07-15 - 2025-07-17 (2 gün)
2025-07-17 10:52:01,670 - INFO - [MISSING] IIE: 2025-07-15 - 2025-07-17 (2 gün)
2025-07-17 10:52:01,670 - INFO - [MISSING] IIH: 2025-07-15 - 2025-07-17 (2 gün)
2025-07-17 10:52:01,670 - INFO - [MISSING] IJA: 2025-07-15 - 2025-07-17 (2 gün)
2025-07-17 10:52:01,670 - INFO - [MISSING] IJB: 2025-07-15 - 2025-07-17 (2 gün)
2025-07-17 10:52:01,671 - INFO - [MISSING] IJC: 2025-07-15 - 2025-07-17 (2 gün)
2025-07-17 10:52:01,671 - INFO - [MISSING] IJH: 2025-07-15 - 2025-07-17 (2 gün)
2025-07-17 10:52:01,671 - INFO - [MISSING] IJP: 2025-07-15 - 2025-07-17 (2 gün)
2025-07-17 10:52:01,671 - INFO - [MISSING] IJT: 2025-07-15 - 2025-07-17 (2 gün)
2025-07-17 10:52:01,671 - INFO - [MISSING] IJV: 2025-07-15 - 2025-07-17 (2 gün)
2025-07-17 10:52:01,672 - INFO - [MISSING] IJZ: 2025-07-15 - 2025-07-17 (2 gün)
2025-07-17 10:52:01,672 - INFO - [MISSING] IKL: 2025-07-15 - 2025-07-17 (2 gün)
2025-07-17 10:52:01,672 - INFO - [MISSING] IKP: 2025-07-15 - 2025-07-17 (2 gün)
2025-07-17 10:52:01,672 - INFO - [MISSING] IKV: 2025-07-15 - 2025-07-17 (2 gün)
2025-07-17 10:52:01,672 - INFO - [MISSING] ILZ: 2025-07-15 - 2025-07-17 (2 gün)
2025-07-17 10:52:01,673 - INFO - [MISSING] IMB: 2025-07-15 - 2025-07-17 (2 gün)
2025-07-17 10:52:01,673 - INFO - [MISSING] IMF: 2025-07-15 - 2025-07-17 (2 gün)
2025-07-17 10:52:01,673 - INFO - [MISSING] IML: 2025-07-15 - 2025-07-17 (2 gün)
2025-07-17 10:52:01,673 - INFO - [MISSING] IOG: 2025-07-15 - 2025-07-17 (2 gün)
2025-07-17 10:52:01,673 - INFO - [MISSING] IOO: 2025-07-15 - 2025-07-17 (2 gün)
2025-07-17 10:52:01,673 - INFO - [MISSING] IPB: 2025-07-15 - 2025-07-17 (2 gün)
2025-07-17 10:52:01,673 - INFO - [MISSING] IPG: 2025-07-15 - 2025-07-17 (2 gün)
2025-07-17 10:52:01,674 - INFO - [MISSING] IPJ: 2025-07-15 - 2025-07-17 (2 gün)
2025-07-17 10:52:01,674 - INFO - [MISSING] IPV: 2025-07-15 - 2025-07-17 (2 gün)
2025-07-17 10:52:01,674 - INFO - [MISSING] IRF: 2025-07-15 - 2025-07-17 (2 gün)
2025-07-17 10:52:01,674 - INFO - [MISSING] IRO: 2025-07-15 - 2025-07-17 (2 gün)
2025-07-17 10:52:01,674 - INFO - [MISSING] IRT: 2025-07-15 - 2025-07-17 (2 gün)
2025-07-17 10:52:01,674 - INFO - [MISSING] IRV: 2025-07-15 - 2025-07-17 (2 gün)
2025-07-17 10:52:01,674 - INFO - [MISSING] IRY: 2025-07-15 - 2025-07-17 (2 gün)
2025-07-17 10:52:01,674 - INFO - [MISSING] IST: 2025-07-15 - 2025-07-17 (2 gün)
2025-07-17 10:52:01,675 - INFO - [MISSING] ITP: 2025-07-15 - 2025-07-17 (2 gün)
2025-07-17 10:52:01,675 - INFO - [MISSING] IUF: 2025-07-15 - 2025-07-17 (2 gün)
2025-07-17 10:52:01,675 - INFO - [MISSING] IUH: 2025-07-15 - 2025-07-17 (2 gün)
2025-07-17 10:52:01,675 - INFO - [MISSING] IUV: 2025-07-15 - 2025-07-17 (2 gün)
2025-07-17 10:52:01,675 - INFO - [MISSING] IV8: 2025-07-15 - 2025-07-17 (2 gün)
2025-07-17 10:52:01,675 - INFO - [MISSING] IVF: 2025-07-15 - 2025-07-17 (2 gün)
2025-07-17 10:52:01,675 - INFO - [MISSING] IVY: 2025-07-15 - 2025-07-17 (2 gün)
2025-07-17 10:52:01,675 - INFO - [MISSING] IYB: 2025-07-15 - 2025-07-17 (2 gün)
2025-07-17 10:52:01,676 - INFO - [MISSING] IZB: 2025-07-15 - 2025-07-17 (2 gün)
2025-07-17 10:52:01,676 - INFO - [MISSING] IZF: 2025-07-15 - 2025-07-17 (2 gün)
2025-07-17 10:52:01,676 - INFO - [MISSING] IZS: 2025-07-15 - 2025-07-17 (2 gün)
2025-07-17 10:52:01,676 - INFO - [MISSING] JET: 2025-07-15 - 2025-07-17 (2 gün)
2025-07-17 10:52:01,676 - INFO - [MISSING] JUP: 2025-07-15 - 2025-07-17 (2 gün)
2025-07-17 10:52:01,676 - INFO - [MISSING] KAV: 2025-07-15 - 2025-07-17 (2 gün)
2025-07-17 10:52:01,676 - INFO - [MISSING] KCL: 2025-07-15 - 2025-07-17 (2 gün)
2025-07-17 10:52:01,677 - INFO - [MISSING] KCV: 2025-07-15 - 2025-07-17 (2 gün)
2025-07-17 10:52:01,677 - INFO - [MISSING] KDE: 2025-07-15 - 2025-07-17 (2 gün)
2025-07-17 10:52:01,677 - INFO - [MISSING] KDL: 2025-07-15 - 2025-07-17 (2 gün)
2025-07-17 10:52:01,677 - INFO - [MISSING] KDT: 2025-07-15 - 2025-07-17 (2 gün)
2025-07-17 10:52:01,677 - INFO - [MISSING] KGM: 2025-07-15 - 2025-07-17 (2 gün)
2025-07-17 10:52:01,677 - INFO - [MISSING] KHA: 2025-07-15 - 2025-07-17 (2 gün)
2025-07-17 10:52:01,677 - INFO - [MISSING] KHB: 2025-07-15 - 2025-07-17 (2 gün)
2025-07-17 10:52:01,678 - INFO - [MISSING] KHC: 2025-07-15 - 2025-07-17 (2 gün)
2025-07-17 10:52:01,678 - INFO - [MISSING] KHJ: 2025-07-15 - 2025-07-17 (2 gün)
2025-07-17 10:52:01,678 - INFO - [MISSING] KHT: 2025-07-15 - 2025-07-17 (2 gün)
2025-07-17 10:52:01,678 - INFO - [MISSING] KIA: 2025-07-15 - 2025-07-17 (2 gün)
2025-07-17 10:52:01,678 - INFO - [MISSING] KIB: 2025-07-15 - 2025-07-17 (2 gün)
2025-07-17 10:52:01,678 - INFO - [MISSING] KID: 2025-07-15 - 2025-07-17 (2 gün)
2025-07-17 10:52:01,678 - INFO - [MISSING] KIE: 2025-07-15 - 2025-07-17 (2 gün)
2025-07-17 10:52:01,678 - INFO - [MISSING] KIF: 2025-07-15 - 2025-07-17 (2 gün)
2025-07-17 10:52:01,678 - INFO - [MISSING] KIH: 2025-07-15 - 2025-07-17 (2 gün)
2025-07-17 10:52:01,679 - INFO - [MISSING] KIS: 2025-07-15 - 2025-07-17 (2 gün)
2025-07-17 10:52:01,679 - INFO - [MISSING] KKC: 2025-07-15 - 2025-07-17 (2 gün)
2025-07-17 10:52:01,679 - INFO - [MISSING] KKH: 2025-07-15 - 2025-07-17 (2 gün)
2025-07-17 10:52:01,679 - INFO - [MISSING] KKL: 2025-07-15 - 2025-07-17 (2 gün)
2025-07-17 10:52:01,679 - INFO - [MISSING] KLH: 2025-07-15 - 2025-07-17 (2 gün)
2025-07-17 10:52:01,679 - INFO - [MISSING] KLS: 2025-07-15 - 2025-07-17 (2 gün)
2025-07-17 10:52:01,679 - INFO - [MISSING] KLU: 2025-07-15 - 2025-07-17 (2 gün)
2025-07-17 10:52:01,679 - INFO - [MISSING] KME: 2025-07-15 - 2025-07-17 (2 gün)
2025-07-17 10:52:01,679 - INFO - [MISSING] KMF: 2025-07-15 - 2025-07-17 (2 gün)
2025-07-17 10:52:01,679 - INFO - [MISSING] KNJ: 2025-07-15 - 2025-07-17 (2 gün)
2025-07-17 10:52:01,680 - INFO - [MISSING] KOT: 2025-07-15 - 2025-07-17 (2 gün)
2025-07-17 10:52:01,680 - INFO - [MISSING] KP3: 2025-07-15 - 2025-07-17 (2 gün)
2025-07-17 10:52:01,680 - INFO - [MISSING] KPA: 2025-07-15 - 2025-07-17 (2 gün)
2025-07-17 10:52:01,680 - INFO - [MISSING] KPC: 2025-07-15 - 2025-07-17 (2 gün)
2025-07-17 10:52:01,680 - INFO - [MISSING] KPD: 2025-07-15 - 2025-07-17 (2 gün)
2025-07-17 10:52:01,681 - INFO - [MISSING] KPF: 2025-07-15 - 2025-07-17 (2 gün)
2025-07-17 10:52:01,681 - INFO - [MISSING] KPH: 2025-07-15 - 2025-07-17 (2 gün)
2025-07-17 10:52:01,681 - INFO - [MISSING] KPP: 2025-07-15 - 2025-07-17 (2 gün)
2025-07-17 10:52:01,681 - INFO - [MISSING] KPU: 2025-07-15 - 2025-07-17 (2 gün)
2025-07-17 10:52:01,681 - INFO - [MISSING] KRA: 2025-07-15 - 2025-07-17 (2 gün)
2025-07-17 10:52:01,681 - INFO - [MISSING] KRC: 2025-07-15 - 2025-07-17 (2 gün)
2025-07-17 10:52:01,681 - INFO - [MISSING] KRF: 2025-07-15 - 2025-07-17 (2 gün)
2025-07-17 10:52:01,682 - INFO - [MISSING] KRS: 2025-07-15 - 2025-07-17 (2 gün)
2025-07-17 10:52:01,682 - INFO - [MISSING] KRT: 2025-07-15 - 2025-07-17 (2 gün)
2025-07-17 10:52:01,682 - INFO - [MISSING] KSA: 2025-07-15 - 2025-07-17 (2 gün)
2025-07-17 10:52:01,682 - INFO - [MISSING] KSK: 2025-07-15 - 2025-07-17 (2 gün)
2025-07-17 10:52:01,682 - INFO - [MISSING] KSR: 2025-07-15 - 2025-07-17 (2 gün)
2025-07-17 10:52:01,682 - INFO - [MISSING] KST: 2025-07-15 - 2025-07-17 (2 gün)
2025-07-17 10:52:01,682 - INFO - [MISSING] KSV: 2025-07-15 - 2025-07-17 (2 gün)
2025-07-17 10:52:01,683 - INFO - [MISSING] KTI: 2025-07-15 - 2025-07-17 (2 gün)
2025-07-17 10:52:01,683 - INFO - [MISSING] KTJ: 2025-07-15 - 2025-07-17 (2 gün)
2025-07-17 10:52:01,683 - INFO - [MISSING] KTM: 2025-07-15 - 2025-07-17 (2 gün)
2025-07-17 10:52:01,683 - INFO - [MISSING] KTN: 2025-07-15 - 2025-07-17 (2 gün)
2025-07-17 10:52:01,683 - INFO - [MISSING] KTR: 2025-07-15 - 2025-07-17 (2 gün)
2025-07-17 10:52:01,683 - INFO - [MISSING] KTS: 2025-07-15 - 2025-07-17 (2 gün)
2025-07-17 10:52:01,683 - INFO - [MISSING] KTT: 2025-07-15 - 2025-07-17 (2 gün)
2025-07-17 10:52:01,683 - INFO - [MISSING] KTV: 2025-07-15 - 2025-07-17 (2 gün)
2025-07-17 10:52:01,683 - INFO - [MISSING] KUA: 2025-07-15 - 2025-07-17 (2 gün)
2025-07-17 10:52:01,683 - INFO - [MISSING] KUB: 2025-07-15 - 2025-07-17 (2 gün)
2025-07-17 10:52:01,684 - INFO - [MISSING] KUD: 2025-07-15 - 2025-07-17 (2 gün)
2025-07-17 10:52:01,684 - INFO - [MISSING] KUT: 2025-07-15 - 2025-07-17 (2 gün)
2025-07-17 10:52:01,684 - INFO - [MISSING] KVS: 2025-07-15 - 2025-07-17 (2 gün)
2025-07-17 10:52:01,684 - INFO - [MISSING] KVT: 2025-07-15 - 2025-07-17 (2 gün)
2025-07-17 10:52:01,684 - INFO - [MISSING] KYA: 2025-07-15 - 2025-07-17 (2 gün)
2025-07-17 10:52:01,684 - INFO - [MISSING] KYS: 2025-07-15 - 2025-07-17 (2 gün)
2025-07-17 10:52:01,685 - INFO - [MISSING] KZL: 2025-07-15 - 2025-07-17 (2 gün)
2025-07-17 10:52:01,685 - INFO - [MISSING] KZU: 2025-07-15 - 2025-07-17 (2 gün)
2025-07-17 10:52:01,685 - INFO - [MISSING] LID: 2025-07-15 - 2025-07-17 (2 gün)
2025-07-17 10:52:01,685 - INFO - [MISSING] LLA: 2025-07-15 - 2025-07-17 (2 gün)
2025-07-17 10:52:01,685 - INFO - [MISSING] LPH: 2025-07-15 - 2025-07-17 (2 gün)
2025-07-17 10:52:01,685 - INFO - [MISSING] MAC: 2025-07-15 - 2025-07-17 (2 gün)
2025-07-17 10:52:01,686 - INFO - [MISSING] MAD: 2025-07-15 - 2025-07-17 (2 gün)
2025-07-17 10:52:01,686 - INFO - [MISSING] MBL: 2025-07-15 - 2025-07-17 (2 gün)
2025-07-17 10:52:01,686 - INFO - [MISSING] MBR: 2025-07-15 - 2025-07-17 (2 gün)
2025-07-17 10:52:01,686 - INFO - [MISSING] MD1: 2025-07-15 - 2025-07-17 (2 gün)
2025-07-17 10:52:01,686 - INFO - [MISSING] MD2: 2025-07-15 - 2025-07-17 (2 gün)
2025-07-17 10:52:01,686 - INFO - [MISSING] MET: 2025-07-15 - 2025-07-17 (2 gün)
2025-07-17 10:52:01,686 - INFO - [MISSING] MGB: 2025-07-15 - 2025-07-17 (2 gün)
2025-07-17 10:52:01,687 - INFO - [MISSING] MGH: 2025-07-15 - 2025-07-17 (2 gün)
2025-07-17 10:52:01,687 - INFO - [MISSING] MHF: 2025-07-15 - 2025-07-17 (2 gün)
2025-07-17 10:52:01,687 - INFO - [MISSING] MJB: 2025-07-15 - 2025-07-17 (2 gün)
2025-07-17 10:52:01,687 - INFO - [MISSING] MJG: 2025-07-15 - 2025-07-17 (2 gün)
2025-07-17 10:52:01,687 - INFO - [MISSING] MJL: 2025-07-15 - 2025-07-17 (2 gün)
2025-07-17 10:52:01,687 - INFO - [MISSING] MKA: 2025-07-15 - 2025-07-17 (2 gün)
2025-07-17 10:52:01,687 - INFO - [MISSING] MKG: 2025-07-15 - 2025-07-17 (2 gün)
2025-07-17 10:52:01,687 - INFO - [MISSING] MMH: 2025-07-15 - 2025-07-17 (2 gün)
2025-07-17 10:52:01,688 - INFO - [MISSING] MPF: 2025-07-15 - 2025-07-17 (2 gün)
2025-07-17 10:52:01,688 - INFO - [MISSING] MPK: 2025-07-15 - 2025-07-17 (2 gün)
2025-07-17 10:52:01,688 - INFO - [MISSING] MPL: 2025-07-15 - 2025-07-17 (2 gün)
2025-07-17 10:52:01,688 - INFO - [MISSING] MPN: 2025-07-15 - 2025-07-17 (2 gün)
2025-07-17 10:52:01,688 - INFO - [MISSING] MPP: 2025-07-15 - 2025-07-17 (2 gün)
2025-07-17 10:52:01,688 - INFO - [MISSING] MPS: 2025-07-15 - 2025-07-17 (2 gün)
2025-07-17 10:52:01,688 - INFO - [MISSING] MRI: 2025-07-15 - 2025-07-17 (2 gün)
2025-07-17 10:52:01,689 - INFO - [MISSING] MT1: 2025-07-15 - 2025-07-17 (2 gün)
2025-07-17 10:52:01,689 - INFO - [MISSING] MTF: 2025-07-15 - 2025-07-17 (2 gün)
2025-07-17 10:52:01,689 - INFO - [MISSING] MTG: 2025-07-15 - 2025-07-17 (2 gün)
2025-07-17 10:52:01,689 - INFO - [MISSING] MTH: 2025-07-15 - 2025-07-17 (2 gün)
2025-07-17 10:52:01,689 - INFO - [MISSING] MTK: 2025-07-15 - 2025-07-17 (2 gün)
2025-07-17 10:52:01,689 - INFO - [MISSING] MTS: 2025-07-15 - 2025-07-17 (2 gün)
2025-07-17 10:52:01,690 - INFO - [MISSING] MTV: 2025-07-15 - 2025-07-17 (2 gün)
2025-07-17 10:52:01,690 - INFO - [MISSING] MTX: 2025-07-15 - 2025-07-17 (2 gün)
2025-07-17 10:52:01,690 - INFO - [MISSING] MUT: 2025-07-15 - 2025-07-17 (2 gün)
2025-07-17 10:52:01,690 - INFO - [MISSING] NAU: 2025-07-15 - 2025-07-17 (2 gün)
2025-07-17 10:52:01,691 - INFO - [MISSING] NBH: 2025-07-15 - 2025-07-17 (2 gün)
2025-07-17 10:52:01,691 - INFO - [MISSING] NBZ: 2025-07-15 - 2025-07-17 (2 gün)
2025-07-17 10:52:01,691 - INFO - [MISSING] NCS: 2025-07-15 - 2025-07-17 (2 gün)
2025-07-17 10:52:01,691 - INFO - [MISSING] NFF: 2025-07-15 - 2025-07-17 (2 gün)
2025-07-17 10:52:01,691 - INFO - [MISSING] NHP: 2025-07-15 - 2025-07-17 (2 gün)
2025-07-17 10:52:01,691 - INFO - [MISSING] NHY: 2025-07-15 - 2025-07-17 (2 gün)
2025-07-17 10:52:01,691 - INFO - [MISSING] NJF: 2025-07-15 - 2025-07-17 (2 gün)
2025-07-17 10:52:01,691 - INFO - [MISSING] NJR: 2025-07-15 - 2025-07-17 (2 gün)
2025-07-17 10:52:01,692 - INFO - [MISSING] NJY: 2025-07-15 - 2025-07-17 (2 gün)
2025-07-17 10:52:01,692 - INFO - [MISSING] NKA: 2025-07-15 - 2025-07-17 (2 gün)
2025-07-17 10:52:01,692 - INFO - [MISSING] NLE: 2025-07-15 - 2025-07-17 (2 gün)
2025-07-17 10:52:01,692 - INFO - [MISSING] NLK: 2025-07-15 - 2025-07-17 (2 gün)
2025-07-17 10:52:01,692 - INFO - [MISSING] NME: 2025-07-15 - 2025-07-17 (2 gün)
2025-07-17 10:52:01,692 - INFO - [MISSING] NNF: 2025-07-15 - 2025-07-17 (2 gün)
2025-07-17 10:52:01,692 - INFO - [MISSING] NPH: 2025-07-15 - 2025-07-17 (2 gün)
2025-07-17 10:52:01,692 - INFO - [MISSING] NRC: 2025-07-15 - 2025-07-17 (2 gün)
2025-07-17 10:52:01,693 - INFO - [MISSING] NRG: 2025-07-15 - 2025-07-17 (2 gün)
2025-07-17 10:52:01,693 - INFO - [MISSING] NSA: 2025-07-15 - 2025-07-17 (2 gün)
2025-07-17 10:52:01,693 - INFO - [MISSING] NSD: 2025-07-15 - 2025-07-17 (2 gün)
2025-07-17 10:52:01,693 - INFO - [MISSING] NSH: 2025-07-15 - 2025-07-17 (2 gün)
2025-07-17 10:52:01,693 - INFO - [MISSING] NSK: 2025-07-15 - 2025-07-17 (2 gün)
2025-07-17 10:52:01,693 - INFO - [MISSING] NSP: 2025-07-15 - 2025-07-17 (2 gün)
2025-07-17 10:52:01,694 - INFO - [MISSING] NUB: 2025-07-15 - 2025-07-17 (2 gün)
2025-07-17 10:52:01,694 - INFO - [MISSING] NVB: 2025-07-15 - 2025-07-17 (2 gün)
2025-07-17 10:52:01,694 - INFO - [MISSING] NVC: 2025-07-15 - 2025-07-17 (2 gün)
2025-07-17 10:52:01,694 - INFO - [MISSING] NVK: 2025-07-15 - 2025-07-17 (2 gün)
2025-07-17 10:52:01,694 - INFO - [MISSING] NVT: 2025-07-15 - 2025-07-17 (2 gün)
2025-07-17 10:52:01,694 - INFO - [MISSING] NVZ: 2025-07-15 - 2025-07-17 (2 gün)
2025-07-17 10:52:01,695 - INFO - [MISSING] NZH: 2025-07-15 - 2025-07-17 (2 gün)
2025-07-17 10:52:01,695 - INFO - [MISSING] NZT: 2025-07-15 - 2025-07-17 (2 gün)
2025-07-17 10:52:01,695 - INFO - [MISSING] NZU: 2025-07-15 - 2025-07-17 (2 gün)
2025-07-17 10:52:01,695 - INFO - [MISSING] OBI: 2025-07-15 - 2025-07-17 (2 gün)
2025-07-17 10:52:01,695 - INFO - [MISSING] OBP: 2025-07-15 - 2025-07-17 (2 gün)
2025-07-17 10:52:01,695 - INFO - [MISSING] ODD: 2025-07-15 - 2025-07-17 (2 gün)
2025-07-17 10:52:01,695 - INFO - [MISSING] ODP: 2025-07-15 - 2025-07-17 (2 gün)
2025-07-17 10:52:01,695 - INFO - [MISSING] ODS: 2025-07-15 - 2025-07-17 (2 gün)
2025-07-17 10:52:01,696 - INFO - [MISSING] ODV: 2025-07-15 - 2025-07-17 (2 gün)
2025-07-17 10:52:01,696 - INFO - [MISSING] OFI: 2025-07-15 - 2025-07-17 (2 gün)
2025-07-17 10:52:01,696 - INFO - [MISSING] OFS: 2025-07-15 - 2025-07-17 (2 gün)
2025-07-17 10:52:01,696 - INFO - [MISSING] OGD: 2025-07-15 - 2025-07-17 (2 gün)
2025-07-17 10:52:01,696 - INFO - [MISSING] OHB: 2025-07-15 - 2025-07-17 (2 gün)
2025-07-17 10:52:01,696 - INFO - [MISSING] OHK: 2025-07-15 - 2025-07-17 (2 gün)
2025-07-17 10:52:01,696 - INFO - [MISSING] OIL: 2025-07-15 - 2025-07-17 (2 gün)
2025-07-17 10:52:01,696 - INFO - [MISSING] OIR: 2025-07-15 - 2025-07-17 (2 gün)
2025-07-17 10:52:01,697 - INFO - [MISSING] OJB: 2025-07-15 - 2025-07-17 (2 gün)
2025-07-17 10:52:01,697 - INFO - [MISSING] OJK: 2025-07-15 - 2025-07-17 (2 gün)
2025-07-17 10:52:01,697 - INFO - [MISSING] OJT: 2025-07-15 - 2025-07-17 (2 gün)
2025-07-17 10:52:01,698 - INFO - [MISSING] OKD: 2025-07-15 - 2025-07-17 (2 gün)
2025-07-17 10:52:01,698 - INFO - [MISSING] OKP: 2025-07-15 - 2025-07-17 (2 gün)
2025-07-17 10:52:01,698 - INFO - [MISSING] OKT: 2025-07-15 - 2025-07-17 (2 gün)
2025-07-17 10:52:01,698 - INFO - [MISSING] OLA: 2025-07-15 - 2025-07-17 (2 gün)
2025-07-17 10:52:01,698 - INFO - [MISSING] OLD: 2025-07-15 - 2025-07-17 (2 gün)
2025-07-17 10:52:01,698 - INFO - [MISSING] OLE: 2025-07-15 - 2025-07-17 (2 gün)
2025-07-17 10:52:01,699 - INFO - [MISSING] OMG: 2025-07-15 - 2025-07-17 (2 gün)
2025-07-17 10:52:01,699 - INFO - [MISSING] ONE: 2025-07-15 - 2025-07-17 (2 gün)
2025-07-17 10:52:01,699 - INFO - [MISSING] ONK: 2025-07-15 - 2025-07-17 (2 gün)
2025-07-17 10:52:01,699 - INFO - [MISSING] ONN: 2025-07-15 - 2025-07-17 (2 gün)
2025-07-17 10:52:01,699 - INFO - [MISSING] ONS: 2025-07-15 - 2025-07-17 (2 gün)
2025-07-17 10:52:01,699 - INFO - [MISSING] OPB: 2025-07-15 - 2025-07-17 (2 gün)
2025-07-17 10:52:01,699 - INFO - [MISSING] OPD: 2025-07-15 - 2025-07-17 (2 gün)
2025-07-17 10:52:01,699 - INFO - [MISSING] OPF: 2025-07-15 - 2025-07-17 (2 gün)
2025-07-17 10:52:01,700 - INFO - [MISSING] OPH: 2025-07-15 - 2025-07-17 (2 gün)
2025-07-17 10:52:01,700 - INFO - [MISSING] OPI: 2025-07-15 - 2025-07-17 (2 gün)
2025-07-17 10:52:01,700 - INFO - [MISSING] OPL: 2025-07-15 - 2025-07-17 (2 gün)
2025-07-17 10:52:01,700 - INFO - [MISSING] ORC: 2025-07-15 - 2025-07-17 (2 gün)
2025-07-17 10:52:01,700 - INFO - [MISSING] OSD: 2025-07-15 - 2025-07-17 (2 gün)
2025-07-17 10:52:01,700 - INFO - [MISSING] OSL: 2025-07-15 - 2025-07-17 (2 gün)
2025-07-17 10:52:01,700 - INFO - [MISSING] OTJ: 2025-07-15 - 2025-07-17 (2 gün)
2025-07-17 10:52:01,701 - INFO - [MISSING] OTK: 2025-07-15 - 2025-07-17 (2 gün)
2025-07-17 10:52:01,701 - INFO - [MISSING] OTM: 2025-07-15 - 2025-07-17 (2 gün)
2025-07-17 10:52:01,701 - INFO - [MISSING] OUD: 2025-07-15 - 2025-07-17 (2 gün)
2025-07-17 10:52:01,701 - INFO - [MISSING] OVD: 2025-07-15 - 2025-07-17 (2 gün)
2025-07-17 10:52:01,701 - INFO - [MISSING] PAF: 2025-07-15 - 2025-07-17 (2 gün)
2025-07-17 10:52:01,701 - INFO - [MISSING] PAL: 2025-07-15 - 2025-07-17 (2 gün)
2025-07-17 10:52:01,702 - INFO - [MISSING] PAO: 2025-07-15 - 2025-07-17 (2 gün)
2025-07-17 10:52:01,702 - INFO - [MISSING] PBI: 2025-07-15 - 2025-07-17 (2 gün)
2025-07-17 10:52:01,702 - INFO - [MISSING] PBK: 2025-07-15 - 2025-07-17 (2 gün)
2025-07-17 10:52:01,702 - INFO - [MISSING] PBN: 2025-07-15 - 2025-07-17 (2 gün)
2025-07-17 10:52:01,702 - INFO - [MISSING] PBR: 2025-07-15 - 2025-07-17 (2 gün)
2025-07-17 10:52:01,703 - INFO - [MISSING] PDD: 2025-07-15 - 2025-07-17 (2 gün)
2025-07-17 10:52:01,703 - INFO - [MISSING] PDF: 2025-07-15 - 2025-07-17 (2 gün)
2025-07-17 10:52:01,703 - INFO - [MISSING] PEA: 2025-07-15 - 2025-07-17 (2 gün)
2025-07-17 10:52:01,703 - INFO - [MISSING] PFO: 2025-07-15 - 2025-07-17 (2 gün)
2025-07-17 10:52:01,703 - INFO - [MISSING] PFS: 2025-07-15 - 2025-07-17 (2 gün)
2025-07-17 10:52:01,703 - INFO - [MISSING] PGD: 2025-07-15 - 2025-07-17 (2 gün)
2025-07-17 10:52:01,703 - INFO - [MISSING] PGS: 2025-07-15 - 2025-07-17 (2 gün)
2025-07-17 10:52:01,703 - INFO - [MISSING] PHE: 2025-07-15 - 2025-07-17 (2 gün)
2025-07-17 10:52:01,704 - INFO - [MISSING] PHI: 2025-07-15 - 2025-07-17 (2 gün)
2025-07-17 10:52:01,704 - INFO - [MISSING] PHK: 2025-07-15 - 2025-07-17 (2 gün)
2025-07-17 10:52:01,704 - INFO - [MISSING] PID: 2025-07-15 - 2025-07-17 (2 gün)
2025-07-17 10:52:01,704 - INFO - [MISSING] PIL: 2025-07-15 - 2025-07-17 (2 gün)
2025-07-17 10:52:01,704 - INFO - [MISSING] PIP: 2025-07-15 - 2025-07-17 (2 gün)
2025-07-17 10:52:01,704 - INFO - [MISSING] PIR: 2025-07-15 - 2025-07-17 (2 gün)
2025-07-17 10:52:01,704 - INFO - [MISSING] PJL: 2025-07-15 - 2025-07-17 (2 gün)
2025-07-17 10:52:01,705 - INFO - [MISSING] PKD: 2025-07-15 - 2025-07-17 (2 gün)
2025-07-17 10:52:01,705 - INFO - [MISSING] PKF: 2025-07-15 - 2025-07-17 (2 gün)
2025-07-17 10:52:01,705 - INFO - [MISSING] PKR: 2025-07-15 - 2025-07-17 (2 gün)
2025-07-17 10:52:01,705 - INFO - [MISSING] PKT: 2025-07-15 - 2025-07-17 (2 gün)
2025-07-17 10:52:01,705 - INFO - [MISSING] PKV: 2025-07-15 - 2025-07-17 (2 gün)
2025-07-17 10:52:01,705 - INFO - [MISSING] PLR: 2025-07-15 - 2025-07-17 (2 gün)
2025-07-17 10:52:01,706 - INFO - [MISSING] PMP: 2025-07-15 - 2025-07-17 (2 gün)
2025-07-17 10:52:01,706 - INFO - [MISSING] POS: 2025-07-15 - 2025-07-17 (2 gün)
2025-07-17 10:52:01,706 - INFO - [MISSING] PP1: 2025-07-15 - 2025-07-17 (2 gün)
2025-07-17 10:52:01,706 - INFO - [MISSING] PPB: 2025-07-15 - 2025-07-17 (2 gün)
2025-07-17 10:52:01,706 - INFO - [MISSING] PPE: 2025-07-15 - 2025-07-17 (2 gün)
2025-07-17 10:52:01,706 - INFO - [MISSING] PPH: 2025-07-15 - 2025-07-17 (2 gün)
2025-07-17 10:52:01,707 - INFO - [MISSING] PPI: 2025-07-15 - 2025-07-17 (2 gün)
2025-07-17 10:52:01,707 - INFO - [MISSING] PPJ: 2025-07-15 - 2025-07-17 (2 gün)
2025-07-17 10:52:01,707 - INFO - [MISSING] PPK: 2025-07-15 - 2025-07-17 (2 gün)
2025-07-17 10:52:01,707 - INFO - [MISSING] PPM: 2025-07-15 - 2025-07-17 (2 gün)
2025-07-17 10:52:01,707 - INFO - [MISSING] PPN: 2025-07-15 - 2025-07-17 (2 gün)
2025-07-17 10:52:01,707 - INFO - [MISSING] PPP: 2025-07-15 - 2025-07-17 (2 gün)
2025-07-17 10:52:01,707 - INFO - [MISSING] PPS: 2025-07-15 - 2025-07-17 (2 gün)
2025-07-17 10:52:01,707 - INFO - [MISSING] PPT: 2025-07-15 - 2025-07-17 (2 gün)
2025-07-17 10:52:01,708 - INFO - [MISSING] PPZ: 2025-07-15 - 2025-07-17 (2 gün)
2025-07-17 10:52:01,708 - INFO - [MISSING] PRD: 2025-07-15 - 2025-07-17 (2 gün)
2025-07-17 10:52:01,708 - INFO - [MISSING] PRH: 2025-07-15 - 2025-07-17 (2 gün)
2025-07-17 10:52:01,708 - INFO - [MISSING] PRU: 2025-07-15 - 2025-07-17 (2 gün)
2025-07-17 10:52:01,708 - INFO - [MISSING] PRY: 2025-07-15 - 2025-07-17 (2 gün)
2025-07-17 10:52:01,708 - INFO - [MISSING] PSE: 2025-07-15 - 2025-07-17 (2 gün)
2025-07-17 10:52:01,708 - INFO - [MISSING] PSL: 2025-07-15 - 2025-07-17 (2 gün)
2025-07-17 10:52:01,708 - INFO - [MISSING] PTE: 2025-07-15 - 2025-07-17 (2 gün)
2025-07-17 10:52:01,709 - INFO - [MISSING] PTN: 2025-07-15 - 2025-07-17 (2 gün)
2025-07-17 10:52:01,709 - INFO - [MISSING] PTO: 2025-07-15 - 2025-07-17 (2 gün)
2025-07-17 10:52:01,709 - INFO - [MISSING] PTS: 2025-07-15 - 2025-07-17 (2 gün)
2025-07-17 10:52:01,709 - INFO - [MISSING] PUC: 2025-07-15 - 2025-07-17 (2 gün)
2025-07-17 10:52:01,709 - INFO - [MISSING] PVK: 2025-07-15 - 2025-07-17 (2 gün)
2025-07-17 10:52:01,709 - INFO - [MISSING] PYR: 2025-07-15 - 2025-07-17 (2 gün)
2025-07-17 10:52:01,710 - INFO - [MISSING] RBA: 2025-07-15 - 2025-07-17 (2 gün)
2025-07-17 10:52:01,710 - INFO - [MISSING] RBB: 2025-07-15 - 2025-07-17 (2 gün)
2025-07-17 10:52:01,710 - INFO - [MISSING] RBF: 2025-07-15 - 2025-07-17 (2 gün)
2025-07-17 10:52:01,710 - INFO - [MISSING] RBH: 2025-07-15 - 2025-07-17 (2 gün)
2025-07-17 10:52:01,711 - INFO - [MISSING] RBI: 2025-07-15 - 2025-07-17 (2 gün)
2025-07-17 10:52:01,711 - INFO - [MISSING] RBK: 2025-07-15 - 2025-07-17 (2 gün)
2025-07-17 10:52:01,711 - INFO - [MISSING] RBL: 2025-07-15 - 2025-07-17 (2 gün)
2025-07-17 10:52:01,711 - INFO - [MISSING] RBN: 2025-07-15 - 2025-07-17 (2 gün)
2025-07-17 10:52:01,711 - INFO - [MISSING] RBP: 2025-07-15 - 2025-07-17 (2 gün)
2025-07-17 10:52:01,711 - INFO - [MISSING] RBR: 2025-07-15 - 2025-07-17 (2 gün)
2025-07-17 10:52:01,711 - INFO - [MISSING] RBT: 2025-07-15 - 2025-07-17 (2 gün)
2025-07-17 10:52:01,711 - INFO - [MISSING] RBV: 2025-07-15 - 2025-07-17 (2 gün)
2025-07-17 10:52:01,712 - INFO - [MISSING] RCV: 2025-07-15 - 2025-07-17 (2 gün)
2025-07-17 10:52:01,712 - INFO - [MISSING] RD1: 2025-07-15 - 2025-07-17 (2 gün)
2025-07-17 10:52:01,712 - INFO - [MISSING] RDF: 2025-07-15 - 2025-07-17 (2 gün)
2025-07-17 10:52:01,712 - INFO - [MISSING] RHI: 2025-07-15 - 2025-07-17 (2 gün)
2025-07-17 10:52:01,712 - INFO - [MISSING] RHS: 2025-07-15 - 2025-07-17 (2 gün)
2025-07-17 10:52:01,712 - INFO - [MISSING] RIA: 2025-07-15 - 2025-07-17 (2 gün)
2025-07-17 10:52:01,712 - INFO - [MISSING] RIK: 2025-07-15 - 2025-07-17 (2 gün)
2025-07-17 10:52:01,712 - INFO - [MISSING] RJG: 2025-07-15 - 2025-07-17 (2 gün)
2025-07-17 10:52:01,712 - INFO - [MISSING] RKC: 2025-07-15 - 2025-07-17 (2 gün)
2025-07-17 10:52:01,712 - INFO - [MISSING] RKH: 2025-07-15 - 2025-07-17 (2 gün)
2025-07-17 10:52:01,713 - INFO - [MISSING] RKS: 2025-07-15 - 2025-07-17 (2 gün)
2025-07-17 10:52:01,713 - INFO - [MISSING] RKV: 2025-07-15 - 2025-07-17 (2 gün)
2025-07-17 10:52:01,713 - INFO - [MISSING] RPC: 2025-07-15 - 2025-07-17 (2 gün)
2025-07-17 10:52:01,713 - INFO - [MISSING] RPD: 2025-07-15 - 2025-07-17 (2 gün)
2025-07-17 10:52:01,713 - INFO - [MISSING] RPG: 2025-07-15 - 2025-07-17 (2 gün)
2025-07-17 10:52:01,713 - INFO - [MISSING] RPI: 2025-07-15 - 2025-07-17 (2 gün)
2025-07-17 10:52:01,713 - INFO - [MISSING] RPM: 2025-07-15 - 2025-07-17 (2 gün)
2025-07-17 10:52:01,713 - INFO - [MISSING] RPP: 2025-07-15 - 2025-07-17 (2 gün)
2025-07-17 10:52:01,713 - INFO - [MISSING] RPS: 2025-07-15 - 2025-07-17 (2 gün)
2025-07-17 10:52:01,714 - INFO - [MISSING] RPT: 2025-07-15 - 2025-07-17 (2 gün)
2025-07-17 10:52:01,714 - INFO - [MISSING] RPX: 2025-07-15 - 2025-07-17 (2 gün)
2025-07-17 10:52:01,714 - INFO - [MISSING] RRP: 2025-07-15 - 2025-07-17 (2 gün)
2025-07-17 10:52:01,714 - INFO - [MISSING] RS1: 2025-07-15 - 2025-07-17 (2 gün)
2025-07-17 10:52:01,714 - INFO - [MISSING] RTD: 2025-07-15 - 2025-07-17 (2 gün)
2025-07-17 10:52:01,714 - INFO - [MISSING] RTG: 2025-07-15 - 2025-07-17 (2 gün)
2025-07-17 10:52:01,715 - INFO - [MISSING] RTH: 2025-07-15 - 2025-07-17 (2 gün)
2025-07-17 10:52:01,715 - INFO - [MISSING] RTP: 2025-07-15 - 2025-07-17 (2 gün)
2025-07-17 10:52:01,715 - INFO - [MISSING] RUT: 2025-07-15 - 2025-07-17 (2 gün)
2025-07-17 10:52:01,715 - INFO - [MISSING] SAS: 2025-07-15 - 2025-07-17 (2 gün)
2025-07-17 10:52:01,715 - INFO - [MISSING] SBH: 2025-07-15 - 2025-07-17 (2 gün)
2025-07-17 10:52:01,715 - INFO - [MISSING] SGT: 2025-07-15 - 2025-07-17 (2 gün)
2025-07-17 10:52:01,716 - INFO - [MISSING] SHE: 2025-07-15 - 2025-07-17 (2 gün)
2025-07-17 10:52:01,716 - INFO - [MISSING] SNY: 2025-07-15 - 2025-07-17 (2 gün)
2025-07-17 10:52:01,716 - INFO - [MISSING] SOS: 2025-07-15 - 2025-07-17 (2 gün)
2025-07-17 10:52:01,716 - INFO - [MISSING] SPE: 2025-07-15 - 2025-07-17 (2 gün)
2025-07-17 10:52:01,716 - INFO - [MISSING] SPN: 2025-07-15 - 2025-07-17 (2 gün)
2025-07-17 10:52:01,716 - INFO - [MISSING] SPP: 2025-07-15 - 2025-07-17 (2 gün)
2025-07-17 10:52:01,716 - INFO - [MISSING] SPR: 2025-07-15 - 2025-07-17 (2 gün)
2025-07-17 10:52:01,716 - INFO - [MISSING] SPT: 2025-07-15 - 2025-07-17 (2 gün)
2025-07-17 10:52:01,716 - INFO - [MISSING] SRL: 2025-07-15 - 2025-07-17 (2 gün)
2025-07-17 10:52:01,717 - INFO - [MISSING] SSK: 2025-07-15 - 2025-07-17 (2 gün)
2025-07-17 10:52:01,717 - INFO - [MISSING] SSS: 2025-07-15 - 2025-07-17 (2 gün)
2025-07-17 10:52:01,717 - INFO - [MISSING] ST1: 2025-07-15 - 2025-07-17 (2 gün)
2025-07-17 10:52:01,717 - INFO - [MISSING] STI: 2025-07-15 - 2025-07-17 (2 gün)
2025-07-17 10:52:01,717 - INFO - [MISSING] SUA: 2025-07-15 - 2025-07-17 (2 gün)
2025-07-17 10:52:01,717 - INFO - [MISSING] SUB: 2025-07-15 - 2025-07-17 (2 gün)
2025-07-17 10:52:01,717 - INFO - [MISSING] SUC: 2025-07-15 - 2025-07-17 (2 gün)
2025-07-17 10:52:01,717 - INFO - [MISSING] SVB: 2025-07-15 - 2025-07-17 (2 gün)
2025-07-17 10:52:01,717 - INFO - [MISSING] TAL: 2025-07-15 - 2025-07-17 (2 gün)
2025-07-17 10:52:01,718 - INFO - [MISSING] TAR: 2025-07-15 - 2025-07-17 (2 gün)
2025-07-17 10:52:01,718 - INFO - [MISSING] TAU: 2025-07-15 - 2025-07-17 (2 gün)
2025-07-17 10:52:01,718 - INFO - [MISSING] TBT: 2025-07-15 - 2025-07-17 (2 gün)
2025-07-17 10:52:01,718 - INFO - [MISSING] TBV: 2025-07-15 - 2025-07-17 (2 gün)
2025-07-17 10:52:01,718 - INFO - [MISSING] TCA: 2025-07-15 - 2025-07-17 (2 gün)
2025-07-17 10:52:01,718 - INFO - [MISSING] TCB: 2025-07-15 - 2025-07-17 (2 gün)
2025-07-17 10:52:01,719 - INFO - [MISSING] TCC: 2025-07-15 - 2025-07-17 (2 gün)
2025-07-17 10:52:01,719 - INFO - [MISSING] TCD: 2025-07-15 - 2025-07-17 (2 gün)
2025-07-17 10:52:01,719 - INFO - [MISSING] TCF: 2025-07-15 - 2025-07-17 (2 gün)
2025-07-17 10:52:01,719 - INFO - [MISSING] TDG: 2025-07-15 - 2025-07-17 (2 gün)
2025-07-17 10:52:01,719 - INFO - [MISSING] TE3: 2025-07-15 - 2025-07-17 (2 gün)
2025-07-17 10:52:01,719 - INFO - [MISSING] TE4: 2025-07-15 - 2025-07-17 (2 gün)
2025-07-17 10:52:01,720 - INFO - [MISSING] TEJ: 2025-07-15 - 2025-07-17 (2 gün)
2025-07-17 10:52:01,720 - INFO - [MISSING] TFF: 2025-07-15 - 2025-07-17 (2 gün)
2025-07-17 10:52:01,720 - INFO - [MISSING] TGA: 2025-07-15 - 2025-07-17 (2 gün)
2025-07-17 10:52:01,720 - INFO - [MISSING] TGE: 2025-07-15 - 2025-07-17 (2 gün)
2025-07-17 10:52:01,720 - INFO - [MISSING] TGR: 2025-07-15 - 2025-07-17 (2 gün)
2025-07-17 10:52:01,720 - INFO - [MISSING] THD: 2025-07-15 - 2025-07-17 (2 gün)
2025-07-17 10:52:01,720 - INFO - [MISSING] THF: 2025-07-15 - 2025-07-17 (2 gün)
2025-07-17 10:52:01,720 - INFO - [MISSING] THT: 2025-07-15 - 2025-07-17 (2 gün)
2025-07-17 10:52:01,721 - INFO - [MISSING] THV: 2025-07-15 - 2025-07-17 (2 gün)
2025-07-17 10:52:01,721 - INFO - [MISSING] TI2: 2025-07-15 - 2025-07-17 (2 gün)
2025-07-17 10:52:01,721 - INFO - [MISSING] TI3: 2025-07-15 - 2025-07-17 (2 gün)
2025-07-17 10:52:01,721 - INFO - [MISSING] TI4: 2025-07-15 - 2025-07-17 (2 gün)
2025-07-17 10:52:01,721 - INFO - [MISSING] TI6: 2025-07-15 - 2025-07-17 (2 gün)
2025-07-17 10:52:01,721 - INFO - [MISSING] TI7: 2025-07-15 - 2025-07-17 (2 gün)
2025-07-17 10:52:01,722 - INFO - [MISSING] TIE: 2025-07-15 - 2025-07-17 (2 gün)
2025-07-17 10:52:01,722 - INFO - [MISSING] TJF: 2025-07-15 - 2025-07-17 (2 gün)
2025-07-17 10:52:01,722 - INFO - [MISSING] TJI: 2025-07-15 - 2025-07-17 (2 gün)
2025-07-17 10:52:01,722 - INFO - [MISSING] TJT: 2025-07-15 - 2025-07-17 (2 gün)
2025-07-17 10:52:01,722 - INFO - [MISSING] TKF: 2025-07-15 - 2025-07-17 (2 gün)
2025-07-17 10:52:01,723 - INFO - [MISSING] TLE: 2025-07-15 - 2025-07-17 (2 gün)
2025-07-17 10:52:01,723 - INFO - [MISSING] TLH: 2025-07-15 - 2025-07-17 (2 gün)
2025-07-17 10:52:01,723 - INFO - [MISSING] TLK: 2025-07-15 - 2025-07-17 (2 gün)
2025-07-17 10:52:01,723 - INFO - [MISSING] TLY: 2025-07-15 - 2025-07-17 (2 gün)
2025-07-17 10:52:01,723 - INFO - [MISSING] TLZ: 2025-07-15 - 2025-07-17 (2 gün)
2025-07-17 10:52:01,724 - INFO - [MISSING] TMC: 2025-07-15 - 2025-07-17 (2 gün)
2025-07-17 10:52:01,724 - INFO - [MISSING] TMG: 2025-07-15 - 2025-07-17 (2 gün)
2025-07-17 10:52:01,724 - INFO - [MISSING] TMM: 2025-07-15 - 2025-07-17 (2 gün)
2025-07-17 10:52:01,724 - INFO - [MISSING] TMZ: 2025-07-15 - 2025-07-17 (2 gün)
2025-07-17 10:52:01,725 - INFO - [MISSING] TOT: 2025-07-15 - 2025-07-17 (2 gün)
2025-07-17 10:52:01,725 - INFO - [MISSING] TP2: 2025-07-15 - 2025-07-17 (2 gün)
2025-07-17 10:52:01,725 - INFO - [MISSING] TPC: 2025-07-15 - 2025-07-17 (2 gün)
2025-07-17 10:52:01,725 - INFO - [MISSING] TPF: 2025-07-15 - 2025-07-17 (2 gün)
2025-07-17 10:52:01,725 - INFO - [MISSING] TPJ: 2025-07-15 - 2025-07-17 (2 gün)
2025-07-17 10:52:01,725 - INFO - [MISSING] TPL: 2025-07-15 - 2025-07-17 (2 gün)
2025-07-17 10:52:01,725 - INFO - [MISSING] TPP: 2025-07-15 - 2025-07-17 (2 gün)
2025-07-17 10:52:01,725 - INFO - [MISSING] TPV: 2025-07-15 - 2025-07-17 (2 gün)
2025-07-17 10:52:01,725 - INFO - [MISSING] TPZ: 2025-07-15 - 2025-07-17 (2 gün)
2025-07-17 10:52:01,726 - INFO - [MISSING] TRJ: 2025-07-15 - 2025-07-17 (2 gün)
2025-07-17 10:52:01,726 - INFO - [MISSING] TRO: 2025-07-15 - 2025-07-17 (2 gün)
2025-07-17 10:52:01,726 - INFO - [MISSING] TRU: 2025-07-15 - 2025-07-17 (2 gün)
2025-07-17 10:52:01,726 - INFO - [MISSING] TTA: 2025-07-15 - 2025-07-17 (2 gün)
2025-07-17 10:52:01,726 - INFO - [MISSING] TTE: 2025-07-15 - 2025-07-17 (2 gün)
2025-07-17 10:52:01,726 - INFO - [MISSING] TTL: 2025-07-15 - 2025-07-17 (2 gün)
2025-07-17 10:52:01,726 - INFO - [MISSING] TUA: 2025-07-15 - 2025-07-17 (2 gün)
2025-07-17 10:52:01,727 - INFO - [MISSING] TVN: 2025-07-15 - 2025-07-17 (2 gün)
2025-07-17 10:52:01,727 - INFO - [MISSING] TYH: 2025-07-15 - 2025-07-17 (2 gün)
2025-07-17 10:52:01,727 - INFO - [MISSING] TZD: 2025-07-15 - 2025-07-17 (2 gün)
2025-07-17 10:52:01,727 - INFO - [MISSING] TZT: 2025-07-15 - 2025-07-17 (2 gün)
2025-07-17 10:52:01,727 - INFO - [MISSING] UNT: 2025-07-15 - 2025-07-17 (2 gün)
2025-07-17 10:52:01,727 - INFO - [MISSING] UP1: 2025-07-15 - 2025-07-17 (2 gün)
2025-07-17 10:52:01,728 - INFO - [MISSING] UP2: 2025-07-15 - 2025-07-17 (2 gün)
2025-07-17 10:52:01,728 - INFO - [MISSING] UPD: 2025-07-15 - 2025-07-17 (2 gün)
2025-07-17 10:52:01,728 - INFO - [MISSING] UPH: 2025-07-15 - 2025-07-17 (2 gün)
2025-07-17 10:52:01,728 - INFO - [MISSING] UPP: 2025-07-15 - 2025-07-17 (2 gün)
2025-07-17 10:52:01,728 - INFO - [MISSING] URA: 2025-07-15 - 2025-07-17 (2 gün)
2025-07-17 10:52:01,728 - INFO - [MISSING] USY: 2025-07-15 - 2025-07-17 (2 gün)
2025-07-17 10:52:01,728 - INFO - [MISSING] VAY: 2025-07-15 - 2025-07-17 (2 gün)
2025-07-17 10:52:01,728 - INFO - [MISSING] VCY: 2025-07-15 - 2025-07-17 (2 gün)
2025-07-17 10:52:01,729 - INFO - [MISSING] VFK: 2025-07-15 - 2025-07-17 (2 gün)
2025-07-17 10:52:01,729 - INFO - [MISSING] VMV: 2025-07-15 - 2025-07-17 (2 gün)
2025-07-17 10:52:01,729 - INFO - [MISSING] VNK: 2025-07-15 - 2025-07-17 (2 gün)
2025-07-17 10:52:01,729 - INFO - [MISSING] YAC: 2025-07-15 - 2025-07-17 (2 gün)
2025-07-17 10:52:01,729 - INFO - [MISSING] YAK: 2025-07-15 - 2025-07-17 (2 gün)
2025-07-17 10:52:01,729 - INFO - [MISSING] YAN: 2025-07-15 - 2025-07-17 (2 gün)
2025-07-17 10:52:01,729 - INFO - [MISSING] YAS: 2025-07-15 - 2025-07-17 (2 gün)
2025-07-17 10:52:01,729 - INFO - [MISSING] YAY: 2025-07-15 - 2025-07-17 (2 gün)
2025-07-17 10:52:01,730 - INFO - [MISSING] YBE: 2025-07-15 - 2025-07-17 (2 gün)
2025-07-17 10:52:01,730 - INFO - [MISSING] YBH: 2025-07-15 - 2025-07-17 (2 gün)
2025-07-17 10:52:01,730 - INFO - [MISSING] YBR: 2025-07-15 - 2025-07-17 (2 gün)
2025-07-17 10:52:01,730 - INFO - [MISSING] YBS: 2025-07-15 - 2025-07-17 (2 gün)
2025-07-17 10:52:01,730 - INFO - [MISSING] YCK: 2025-07-15 - 2025-07-17 (2 gün)
2025-07-17 10:52:01,731 - INFO - [MISSING] YCP: 2025-07-15 - 2025-07-17 (2 gün)
2025-07-17 10:52:01,731 - INFO - [MISSING] YCY: 2025-07-15 - 2025-07-17 (2 gün)
2025-07-17 10:52:01,731 - INFO - [MISSING] YDI: 2025-07-15 - 2025-07-17 (2 gün)
2025-07-17 10:52:01,731 - INFO - [MISSING] YDP: 2025-07-15 - 2025-07-17 (2 gün)
2025-07-17 10:52:01,731 - INFO - [MISSING] YEF: 2025-07-15 - 2025-07-17 (2 gün)
2025-07-17 10:52:01,732 - INFO - [MISSING] YFV: 2025-07-15 - 2025-07-17 (2 gün)
2025-07-17 10:52:01,732 - INFO - [MISSING] YGM: 2025-07-15 - 2025-07-17 (2 gün)
2025-07-17 10:52:01,732 - INFO - [MISSING] YHB: 2025-07-15 - 2025-07-17 (2 gün)
2025-07-17 10:52:01,732 - INFO - [MISSING] YHI: 2025-07-15 - 2025-07-17 (2 gün)
2025-07-17 10:52:01,732 - INFO - [MISSING] YHK: 2025-07-15 - 2025-07-17 (2 gün)
2025-07-17 10:52:01,732 - INFO - [MISSING] YHS: 2025-07-15 - 2025-07-17 (2 gün)
2025-07-17 10:52:01,732 - INFO - [MISSING] YHZ: 2025-07-15 - 2025-07-17 (2 gün)
2025-07-17 10:52:01,733 - INFO - [MISSING] YIT: 2025-07-15 - 2025-07-17 (2 gün)
2025-07-17 10:52:01,733 - INFO - [MISSING] YJH: 2025-07-15 - 2025-07-17 (2 gün)
2025-07-17 10:52:01,733 - INFO - [MISSING] YJK: 2025-07-15 - 2025-07-17 (2 gün)
2025-07-17 10:52:01,733 - INFO - [MISSING] YJY: 2025-07-15 - 2025-07-17 (2 gün)
2025-07-17 10:52:01,733 - INFO - [MISSING] YKS: 2025-07-15 - 2025-07-17 (2 gün)
2025-07-17 10:52:01,733 - INFO - [MISSING] YKT: 2025-07-15 - 2025-07-17 (2 gün)
2025-07-17 10:52:01,733 - INFO - [MISSING] YLC: 2025-07-15 - 2025-07-17 (2 gün)
2025-07-17 10:52:01,733 - INFO - [MISSING] YLE: 2025-07-15 - 2025-07-17 (2 gün)
2025-07-17 10:52:01,733 - INFO - [MISSING] YLO: 2025-07-15 - 2025-07-17 (2 gün)
2025-07-17 10:52:01,733 - INFO - [MISSING] YLY: 2025-07-15 - 2025-07-17 (2 gün)
2025-07-17 10:52:01,734 - INFO - [MISSING] YMD: 2025-07-15 - 2025-07-17 (2 gün)
2025-07-17 10:52:01,734 - INFO - [MISSING] YMH: 2025-07-15 - 2025-07-17 (2 gün)
2025-07-17 10:52:01,734 - INFO - [MISSING] YNK: 2025-07-15 - 2025-07-17 (2 gün)
2025-07-17 10:52:01,734 - INFO - [MISSING] YOT: 2025-07-15 - 2025-07-17 (2 gün)
2025-07-17 10:52:01,734 - INFO - [MISSING] YP4: 2025-07-15 - 2025-07-17 (2 gün)
2025-07-17 10:52:01,734 - INFO - [MISSING] YPC: 2025-07-15 - 2025-07-17 (2 gün)
2025-07-17 10:52:01,734 - INFO - [MISSING] YPK: 2025-07-15 - 2025-07-17 (2 gün)
2025-07-17 10:52:01,734 - INFO - [MISSING] YPL: 2025-07-15 - 2025-07-17 (2 gün)
2025-07-17 10:52:01,735 - INFO - [MISSING] YPR: 2025-07-15 - 2025-07-17 (2 gün)
2025-07-17 10:52:01,735 - INFO - [MISSING] YPV: 2025-07-15 - 2025-07-17 (2 gün)
2025-07-17 10:52:01,735 - INFO - [MISSING] YSL: 2025-07-15 - 2025-07-17 (2 gün)
2025-07-17 10:52:01,735 - INFO - [MISSING] YSO: 2025-07-15 - 2025-07-17 (2 gün)
2025-07-17 10:52:01,735 - INFO - [MISSING] YSU: 2025-07-15 - 2025-07-17 (2 gün)
2025-07-17 10:52:01,735 - INFO - [MISSING] YTD: 2025-07-15 - 2025-07-17 (2 gün)
2025-07-17 10:52:01,736 - INFO - [MISSING] YTV: 2025-07-15 - 2025-07-17 (2 gün)
2025-07-17 10:52:01,736 - INFO - [MISSING] YTY: 2025-07-15 - 2025-07-17 (2 gün)
2025-07-17 10:52:01,736 - INFO - [MISSING] YUB: 2025-07-15 - 2025-07-17 (2 gün)
2025-07-17 10:52:01,736 - INFO - [MISSING] YUN: 2025-07-15 - 2025-07-17 (2 gün)
2025-07-17 10:52:01,736 - INFO - [MISSING] YVB: 2025-07-15 - 2025-07-17 (2 gün)
2025-07-17 10:52:01,736 - INFO - [MISSING] YVG: 2025-07-15 - 2025-07-17 (2 gün)
2025-07-17 10:52:01,736 - INFO - [MISSING] YZC: 2025-07-15 - 2025-07-17 (2 gün)
2025-07-17 10:52:01,736 - INFO - [MISSING] YZG: 2025-07-15 - 2025-07-17 (2 gün)
2025-07-17 10:52:01,736 - INFO - [MISSING] YZH: 2025-07-15 - 2025-07-17 (2 gün)
2025-07-17 10:52:01,737 - INFO - [MISSING] YZK: 2025-07-15 - 2025-07-17 (2 gün)
2025-07-17 10:52:01,737 - INFO - [MISSING] ZBD: 2025-07-15 - 2025-07-17 (2 gün)
2025-07-17 10:52:01,737 - INFO - [MISSING] ZBI: 2025-07-15 - 2025-07-17 (2 gün)
2025-07-17 10:52:01,737 - INFO - [MISSING] ZBJ: 2025-07-15 - 2025-07-17 (2 gün)
2025-07-17 10:52:01,737 - INFO - [MISSING] ZBO: 2025-07-15 - 2025-07-17 (2 gün)
2025-07-17 10:52:01,737 - INFO - [MISSING] ZCD: 2025-07-15 - 2025-07-17 (2 gün)
2025-07-17 10:52:01,737 - INFO - [MISSING] ZCK: 2025-07-15 - 2025-07-17 (2 gün)
2025-07-17 10:52:01,737 - INFO - [MISSING] ZCN: 2025-07-15 - 2025-07-17 (2 gün)
2025-07-17 10:52:01,737 - INFO - [MISSING] ZDD: 2025-07-15 - 2025-07-17 (2 gün)
2025-07-17 10:52:01,737 - INFO - [MISSING] ZDZ: 2025-07-15 - 2025-07-17 (2 gün)
2025-07-17 10:52:01,738 - INFO - [MISSING] ZFB: 2025-07-15 - 2025-07-17 (2 gün)
2025-07-17 10:52:01,738 - INFO - [MISSING] ZHH: 2025-07-15 - 2025-07-17 (2 gün)
2025-07-17 10:52:01,738 - INFO - [MISSING] ZJB: 2025-07-15 - 2025-07-17 (2 gün)
2025-07-17 10:52:01,738 - INFO - [MISSING] ZJI: 2025-07-15 - 2025-07-17 (2 gün)
2025-07-17 10:52:01,738 - INFO - [MISSING] ZJL: 2025-07-15 - 2025-07-17 (2 gün)
2025-07-17 10:52:01,738 - INFO - [MISSING] ZJV: 2025-07-15 - 2025-07-17 (2 gün)
2025-07-17 10:52:01,738 - INFO - [MISSING] ZLH: 2025-07-15 - 2025-07-17 (2 gün)
2025-07-17 10:52:01,738 - INFO - [MISSING] ZMT: 2025-07-15 - 2025-07-17 (2 gün)
2025-07-17 10:52:01,738 - INFO - [MISSING] ZMY: 2025-07-15 - 2025-07-17 (2 gün)
2025-07-17 10:52:01,738 - INFO - [MISSING] ZP6: 2025-07-15 - 2025-07-17 (2 gün)
2025-07-17 10:52:01,739 - INFO - [MISSING] ZP8: 2025-07-15 - 2025-07-17 (2 gün)
2025-07-17 10:52:01,739 - INFO - [MISSING] ZP9: 2025-07-15 - 2025-07-17 (2 gün)
2025-07-17 10:52:01,739 - INFO - [MISSING] ZPA: 2025-07-15 - 2025-07-17 (2 gün)
2025-07-17 10:52:01,739 - INFO - [MISSING] ZPC: 2025-07-15 - 2025-07-17 (2 gün)
2025-07-17 10:52:01,739 - INFO - [MISSING] ZPE: 2025-07-15 - 2025-07-17 (2 gün)
2025-07-17 10:52:01,740 - INFO - [MISSING] ZPF: 2025-07-15 - 2025-07-17 (2 gün)
2025-07-17 10:52:01,740 - INFO - [MISSING] ZPG: 2025-07-15 - 2025-07-17 (2 gün)
2025-07-17 10:52:01,740 - INFO - [MISSING] ZSF: 2025-07-15 - 2025-07-17 (2 gün)
2025-07-17 10:52:01,740 - INFO - [MISSING] ZSG: 2025-07-15 - 2025-07-17 (2 gün)
2025-07-17 10:52:01,740 - INFO - [MISSING] ZVO: 2025-07-15 - 2025-07-17 (2 gün)
2025-07-17 10:52:01,740 - INFO - [ANALYSIS] 805 fonun 850 fondan eksik verisi var
2025-07-17 10:52:01,740 - INFO - [STATS] Toplam fon sayısı: 850
2025-07-17 10:52:01,741 - INFO - [STATS] Güncel fon sayısı: 45
2025-07-17 10:52:01,742 - INFO - [REPAIR] 805 fon için eksik veri indiriliyor...
2025-07-17 10:52:01,743 - INFO - [REPAIR] Paralel mod - 2 worker
2025-07-17 10:52:03,289 - ERROR - Error getting fund detail (alternative) for AYA: Expecting value: line 1 column 1 (char 0)
2025-07-17 10:52:03,289 - INFO - AYA: Fon adından tahmin edilen kategori: Diğer Şemsiye Fonu
2025-07-17 10:52:03,290 - INFO - [REPAIR OK] AYA: 2 yeni kayıt
2025-07-17 10:52:04,104 - ERROR - Error getting fund detail (alternative) for AYR: Expecting value: line 1 column 1 (char 0)
2025-07-17 10:52:04,105 - INFO - AYR: Fon adından tahmin edilen kategori: Diğer Şemsiye Fonu
2025-07-17 10:52:04,105 - INFO - [REPAIR OK] AYR: 2 yeni kayıt
2025-07-17 10:52:05,023 - ERROR - Error getting fund detail (alternative) for BBF: Expecting value: line 1 column 1 (char 0)
2025-07-17 10:52:05,024 - INFO - BBF: Fon adından tahmin edilen kategori: Diğer Şemsiye Fonu
2025-07-17 10:52:05,024 - INFO - [REPAIR OK] BBF: 2 yeni kayıt
2025-07-17 10:52:05,660 - ERROR - Error getting fund detail (alternative) for BBP: Expecting value: line 1 column 1 (char 0)
2025-07-17 10:52:05,661 - INFO - BBP: Fon adından tahmin edilen kategori: Diğer Şemsiye Fonu
2025-07-17 10:52:05,661 - INFO - [REPAIR OK] BBP: 2 yeni kayıt
2025-07-17 10:52:07,260 - ERROR - Error getting fund detail (alternative) for BCK: Expecting value: line 1 column 1 (char 0)
2025-07-17 10:52:07,261 - INFO - BCK: Fon adından tahmin edilen kategori: Diğer Şemsiye Fonu
2025-07-17 10:52:07,261 - INFO - [REPAIR OK] BCK: 2 yeni kayıt
2025-07-17 10:52:07,592 - ERROR - Error getting fund detail (alternative) for BCO: Expecting value: line 1 column 1 (char 0)
2025-07-17 10:52:07,592 - INFO - BCO: Fon adından tahmin edilen kategori: Diğer Şemsiye Fonu
2025-07-17 10:52:07,592 - INFO - [REPAIR OK] BCO: 2 yeni kayıt
2025-07-17 10:52:08,934 - ERROR - Error getting fund detail (alternative) for BDS: Expecting value: line 1 column 1 (char 0)
2025-07-17 10:52:08,935 - INFO - BDS: Fon adından tahmin edilen kategori: Diğer Şemsiye Fonu
2025-07-17 10:52:08,935 - INFO - [REPAIR OK] BDS: 2 yeni kayıt
2025-07-17 10:52:08,983 - WARNING - Session başlatma deneme 1/3: ('Connection aborted.', ConnectionResetError(10054, 'An existing connection was forcibly closed by the remote host', None, 10054, None))
2025-07-17 10:52:09,096 - ERROR - Error getting fund detail (alternative) for BDY: Expecting value: line 1 column 1 (char 0)
2025-07-17 10:52:09,096 - INFO - BDY: Fon adından tahmin edilen kategori: Diğer Şemsiye Fonu
2025-07-17 10:52:09,096 - INFO - [REPAIR OK] BDY: 2 yeni kayıt
2025-07-17 10:52:09,142 - WARNING - Session başlatma deneme 1/3: ('Connection aborted.', ConnectionResetError(10054, 'An existing connection was forcibly closed by the remote host', None, 10054, None))
2025-07-17 10:52:11,842 - ERROR - Error getting fund detail (alternative) for BFE: Expecting value: line 1 column 1 (char 0)
2025-07-17 10:52:11,842 - INFO - BFE: Fon adından tahmin edilen kategori: Diğer Şemsiye Fonu
2025-07-17 10:52:11,842 - INFO - [REPAIR OK] BFE: 2 yeni kayıt
2025-07-17 10:52:12,407 - ERROR - Error getting fund detail (alternative) for BFT: Expecting value: line 1 column 1 (char 0)
2025-07-17 10:52:12,407 - INFO - BFT: Fon adından tahmin edilen kategori: Diğer Şemsiye Fonu
2025-07-17 10:52:12,407 - INFO - [REPAIR OK] BFT: 2 yeni kayıt
2025-07-17 10:52:14,049 - ERROR - Error getting fund detail (alternative) for BGP: Expecting value: line 1 column 1 (char 0)
2025-07-17 10:52:14,049 - INFO - BGP: Fon adından tahmin edilen kategori: Diğer Şemsiye Fonu
2025-07-17 10:52:14,049 - INFO - [REPAIR OK] BGP: 2 yeni kayıt
2025-07-17 10:52:14,135 - ERROR - Error getting fund detail (alternative) for BHA: Expecting value: line 1 column 1 (char 0)
2025-07-17 10:52:14,135 - INFO - BHA: Fon adından tahmin edilen kategori: Diğer Şemsiye Fonu
2025-07-17 10:52:14,135 - INFO - [REPAIR OK] BHA: 2 yeni kayıt
2025-07-17 10:52:15,979 - ERROR - Error getting fund detail (alternative) for BHF: Expecting value: line 1 column 1 (char 0)
2025-07-17 10:52:15,979 - INFO - BHF: Fon adından tahmin edilen kategori: Diğer Şemsiye Fonu
2025-07-17 10:52:15,980 - INFO - [REPAIR OK] BHF: 2 yeni kayıt
2025-07-17 10:52:16,369 - ERROR - Error getting fund detail (alternative) for BHI: Expecting value: line 1 column 1 (char 0)
2025-07-17 10:52:16,369 - INFO - BHI: Fon adından tahmin edilen kategori: Diğer Şemsiye Fonu
2025-07-17 10:52:16,369 - INFO - [REPAIR OK] BHI: 2 yeni kayıt
2025-07-17 10:52:17,751 - ERROR - Error getting fund detail (alternative) for BHL: Expecting value: line 1 column 1 (char 0)
2025-07-17 10:52:17,751 - INFO - BHL: Fon adından tahmin edilen kategori: Diğer Şemsiye Fonu
2025-07-17 10:52:17,751 - INFO - [REPAIR OK] BHL: 2 yeni kayıt
2025-07-17 10:52:18,131 - ERROR - Error getting fund detail (alternative) for BID: Expecting value: line 1 column 1 (char 0)
2025-07-17 10:52:18,131 - INFO - BID: Fon adından tahmin edilen kategori: Diğer Şemsiye Fonu
2025-07-17 10:52:18,132 - INFO - [REPAIR OK] BID: 2 yeni kayıt
2025-07-17 10:52:19,645 - ERROR - Error getting fund detail (alternative) for BIH: Expecting value: line 1 column 1 (char 0)
2025-07-17 10:52:19,645 - INFO - BIH: Fon adından tahmin edilen kategori: Diğer Şemsiye Fonu
2025-07-17 10:52:19,646 - INFO - [REPAIR OK] BIH: 2 yeni kayıt
2025-07-17 10:52:19,808 - ERROR - Error getting fund detail (alternative) for BIG: Expecting value: line 1 column 1 (char 0)
2025-07-17 10:52:19,809 - INFO - BIG: Fon adından tahmin edilen kategori: Diğer Şemsiye Fonu
2025-07-17 10:52:19,809 - INFO - [REPAIR OK] BIG: 2 yeni kayıt
2025-07-17 10:52:21,606 - ERROR - Error getting fund detail (alternative) for BIO: Expecting value: line 1 column 1 (char 0)
2025-07-17 10:52:21,606 - INFO - BIO: Fon adından tahmin edilen kategori: Diğer Şemsiye Fonu
2025-07-17 10:52:21,606 - INFO - [REPAIR OK] BIO: 2 yeni kayıt
2025-07-17 10:52:21,657 - WARNING - Session başlatma deneme 1/3: ('Connection aborted.', ConnectionResetError(10054, 'An existing connection was forcibly closed by the remote host', None, 10054, None))
2025-07-17 10:52:22,153 - ERROR - Error getting fund detail (alternative) for BIP: Expecting value: line 1 column 1 (char 0)
2025-07-17 10:52:22,153 - INFO - BIP: Fon adından tahmin edilen kategori: Diğer Şemsiye Fonu
2025-07-17 10:52:22,153 - INFO - [REPAIR OK] BIP: 2 yeni kayıt
2025-07-17 10:52:23,823 - ERROR - Error getting fund detail (alternative) for BLD: Expecting value: line 1 column 1 (char 0)
2025-07-17 10:52:23,823 - INFO - BLD: Fon adından tahmin edilen kategori: Diğer Şemsiye Fonu
2025-07-17 10:52:23,824 - INFO - [REPAIR OK] BLD: 2 yeni kayıt
2025-07-17 10:52:24,341 - ERROR - Error getting fund detail (alternative) for BIS: Expecting value: line 1 column 1 (char 0)
2025-07-17 10:52:24,341 - INFO - BIS: Fon adından tahmin edilen kategori: Diğer Şemsiye Fonu
2025-07-17 10:52:24,342 - INFO - [REPAIR OK] BIS: 2 yeni kayıt
2025-07-17 10:52:25,984 - ERROR - Error getting fund detail (alternative) for BLT: Expecting value: line 1 column 1 (char 0)
2025-07-17 10:52:25,984 - INFO - BLT: Fon adından tahmin edilen kategori: Diğer Şemsiye Fonu
2025-07-17 10:52:25,984 - INFO - [REPAIR OK] BLT: 2 yeni kayıt
2025-07-17 10:52:26,722 - ERROR - Error getting fund detail (alternative) for BNC: Expecting value: line 1 column 1 (char 0)
2025-07-17 10:52:26,723 - INFO - BNC: Fon adından tahmin edilen kategori: Diğer Şemsiye Fonu
2025-07-17 10:52:26,723 - INFO - [REPAIR OK] BNC: 2 yeni kayıt
2025-07-17 10:52:28,114 - ERROR - Error getting fund detail (alternative) for BNH: Expecting value: line 1 column 1 (char 0)
2025-07-17 10:52:28,115 - INFO - BNH: Fon adından tahmin edilen kategori: Diğer Şemsiye Fonu
2025-07-17 10:52:28,115 - INFO - [REPAIR OK] BNH: 2 yeni kayıt
2025-07-17 10:52:28,385 - ERROR - Error getting fund detail (alternative) for BOL: Expecting value: line 1 column 1 (char 0)
2025-07-17 10:52:28,386 - INFO - BOL: Fon adından tahmin edilen kategori: Diğer Şemsiye Fonu
2025-07-17 10:52:28,386 - INFO - [REPAIR OK] BOL: 2 yeni kayıt
2025-07-17 10:52:30,246 - ERROR - Error getting fund detail (alternative) for BRF: Expecting value: line 1 column 1 (char 0)
2025-07-17 10:52:30,247 - INFO - BRF: Fon adından tahmin edilen kategori: Diğer Şemsiye Fonu
2025-07-17 10:52:30,247 - INFO - [REPAIR OK] BRF: 2 yeni kayıt
2025-07-17 10:52:30,430 - ERROR - Error getting fund detail (alternative) for BPZ: Expecting value: line 1 column 1 (char 0)
2025-07-17 10:52:30,430 - INFO - BPZ: Fon adından tahmin edilen kategori: Diğer Şemsiye Fonu
2025-07-17 10:52:30,430 - INFO - [REPAIR OK] BPZ: 2 yeni kayıt
2025-07-17 10:52:32,243 - ERROR - Error getting fund detail (alternative) for BRT: Expecting value: line 1 column 1 (char 0)
2025-07-17 10:52:32,243 - INFO - BRT: Fon adından tahmin edilen kategori: Diğer Şemsiye Fonu
2025-07-17 10:52:32,243 - INFO - [REPAIR OK] BRT: 2 yeni kayıt
2025-07-17 10:52:32,329 - ERROR - Error getting fund detail (alternative) for BRR: Expecting value: line 1 column 1 (char 0)
2025-07-17 10:52:32,330 - INFO - BRR: Fon adından tahmin edilen kategori: Diğer Şemsiye Fonu
2025-07-17 10:52:32,330 - INFO - [REPAIR OK] BRR: 2 yeni kayıt
2025-07-17 10:52:33,982 - ERROR - Error getting fund detail (alternative) for BSH: Expecting value: line 1 column 1 (char 0)
2025-07-17 10:52:33,983 - INFO - BSH: Fon adından tahmin edilen kategori: Diğer Şemsiye Fonu
2025-07-17 10:52:33,983 - INFO - [REPAIR OK] BSH: 2 yeni kayıt
2025-07-17 10:52:34,576 - ERROR - Error getting fund detail (alternative) for BST: Expecting value: line 1 column 1 (char 0)
2025-07-17 10:52:34,576 - INFO - BST: Fon adından tahmin edilen kategori: Diğer Şemsiye Fonu
2025-07-17 10:52:34,577 - INFO - [REPAIR OK] BST: 2 yeni kayıt
2025-07-17 10:52:35,782 - ERROR - Error getting fund detail (alternative) for BTE: Expecting value: line 1 column 1 (char 0)
2025-07-17 10:52:35,782 - INFO - BTE: Fon adından tahmin edilen kategori: Diğer Şemsiye Fonu
2025-07-17 10:52:35,782 - INFO - [REPAIR OK] BTE: 2 yeni kayıt
2025-07-17 10:52:36,782 - ERROR - Error getting fund detail (alternative) for BTZ: Expecting value: line 1 column 1 (char 0)
2025-07-17 10:52:36,782 - INFO - BTZ: Fon adından tahmin edilen kategori: Diğer Şemsiye Fonu
2025-07-17 10:52:36,782 - INFO - [REPAIR OK] BTZ: 2 yeni kayıt
2025-07-17 10:52:37,397 - ERROR - Error getting fund detail (alternative) for BUL: Expecting value: line 1 column 1 (char 0)
2025-07-17 10:52:37,397 - INFO - BUL: Fon adından tahmin edilen kategori: Diğer Şemsiye Fonu
2025-07-17 10:52:37,398 - INFO - [REPAIR OK] BUL: 2 yeni kayıt
2025-07-17 10:52:37,444 - WARNING - Session başlatma deneme 1/3: ('Connection aborted.', ConnectionResetError(10054, 'An existing connection was forcibly closed by the remote host', None, 10054, None))
2025-07-17 10:52:38,959 - ERROR - Error getting fund detail (alternative) for BUV: Expecting value: line 1 column 1 (char 0)
2025-07-17 10:52:38,960 - INFO - BUV: Fon adından tahmin edilen kategori: Diğer Şemsiye Fonu
2025-07-17 10:52:38,960 - INFO - [REPAIR OK] BUV: 2 yeni kayıt
2025-07-17 10:52:39,925 - ERROR - Error getting fund detail (alternative) for BUY: Expecting value: line 1 column 1 (char 0)
2025-07-17 10:52:39,925 - INFO - BUY: Fon adından tahmin edilen kategori: Diğer Şemsiye Fonu
2025-07-17 10:52:39,926 - INFO - [REPAIR OK] BUY: 2 yeni kayıt
2025-07-17 10:52:40,728 - ERROR - Error getting fund detail (alternative) for BV1: Expecting value: line 1 column 1 (char 0)
2025-07-17 10:52:40,729 - INFO - BV1: Fon adından tahmin edilen kategori: Diğer Şemsiye Fonu
2025-07-17 10:52:40,729 - INFO - [REPAIR OK] BV1: 2 yeni kayıt
2025-07-17 10:52:41,923 - ERROR - Error getting fund detail (alternative) for BVM: Expecting value: line 1 column 1 (char 0)
2025-07-17 10:52:41,924 - INFO - BVM: Fon adından tahmin edilen kategori: Diğer Şemsiye Fonu
2025-07-17 10:52:41,924 - INFO - [REPAIR OK] BVM: 2 yeni kayıt
2025-07-17 10:52:42,955 - ERROR - Error getting fund detail (alternative) for BVV: Expecting value: line 1 column 1 (char 0)
2025-07-17 10:52:42,956 - INFO - BVV: Fon adından tahmin edilen kategori: Diğer Şemsiye Fonu
2025-07-17 10:52:42,956 - INFO - [REPAIR OK] BVV: 2 yeni kayıt
2025-07-17 10:52:44,021 - ERROR - Error getting fund detail (alternative) for BVZ: Expecting value: line 1 column 1 (char 0)
2025-07-17 10:52:44,021 - INFO - BVZ: Fon adından tahmin edilen kategori: Diğer Şemsiye Fonu
2025-07-17 10:52:44,021 - INFO - [REPAIR OK] BVZ: 2 yeni kayıt
2025-07-17 10:52:44,809 - ERROR - Error getting fund detail (alternative) for CFO: Expecting value: line 1 column 1 (char 0)
2025-07-17 10:52:44,809 - INFO - CFO: Fon adından tahmin edilen kategori: Diğer Şemsiye Fonu
2025-07-17 10:52:44,810 - INFO - [REPAIR OK] CFO: 2 yeni kayıt
2025-07-17 10:52:45,806 - ERROR - Error getting fund detail (alternative) for CIN: Expecting value: line 1 column 1 (char 0)
2025-07-17 10:52:45,807 - INFO - CIN: Fon adından tahmin edilen kategori: Diğer Şemsiye Fonu
2025-07-17 10:52:45,807 - INFO - [REPAIR OK] CIN: 2 yeni kayıt
2025-07-17 10:52:46,264 - ERROR - Error getting fund detail (alternative) for CKF: Expecting value: line 1 column 1 (char 0)
2025-07-17 10:52:46,265 - INFO - CKF: Fon adından tahmin edilen kategori: Diğer Şemsiye Fonu
2025-07-17 10:52:46,265 - INFO - [REPAIR OK] CKF: 2 yeni kayıt
2025-07-17 10:52:46,312 - WARNING - Session başlatma deneme 1/3: ('Connection aborted.', ConnectionResetError(10054, 'An existing connection was forcibly closed by the remote host', None, 10054, None))
2025-07-17 10:52:47,612 - ERROR - Error getting fund detail (alternative) for CKL: Expecting value: line 1 column 1 (char 0)
2025-07-17 10:52:47,613 - INFO - CKL: Fon adından tahmin edilen kategori: Diğer Şemsiye Fonu
2025-07-17 10:52:47,613 - INFO - [REPAIR OK] CKL: 2 yeni kayıt
2025-07-17 10:52:49,182 - ERROR - Error getting fund detail (alternative) for CKS: Expecting value: line 1 column 1 (char 0)
2025-07-17 10:52:49,182 - INFO - CKS: Fon adından tahmin edilen kategori: Diğer Şemsiye Fonu
2025-07-17 10:52:49,182 - INFO - [REPAIR OK] CKS: 2 yeni kayıt
2025-07-17 10:52:49,312 - ERROR - Error getting fund detail (alternative) for CPT: Expecting value: line 1 column 1 (char 0)
2025-07-17 10:52:49,313 - INFO - CPT: Fon adından tahmin edilen kategori: Diğer Şemsiye Fonu
2025-07-17 10:52:49,313 - INFO - [REPAIR OK] CPT: 2 yeni kayıt
2025-07-17 10:52:49,361 - WARNING - Session başlatma deneme 1/3: ('Connection aborted.', ConnectionResetError(10054, 'An existing connection was forcibly closed by the remote host', None, 10054, None))
2025-07-17 10:52:50,949 - ERROR - Error getting fund detail (alternative) for CPU: Expecting value: line 1 column 1 (char 0)
2025-07-17 10:52:50,949 - INFO - CPU: Fon adından tahmin edilen kategori: Diğer Şemsiye Fonu
2025-07-17 10:52:50,949 - INFO - [REPAIR OK] CPU: 2 yeni kayıt
2025-07-17 10:52:51,703 - ERROR - Error getting performance for CVK: Expecting value: line 1 column 1 (char 0)
2025-07-17 10:52:51,703 - WARNING - CVK: API hatası: Expecting value: line 1 column 1 (char 0)
2025-07-17 10:52:51,703 - WARNING - [RETRY 1/3] CVK: Expecting value: line 1 column 1 (char 0)
2025-07-17 10:52:52,753 - ERROR - Error getting performance for DAH: Expecting value: line 1 column 1 (char 0)
2025-07-17 10:52:52,753 - WARNING - DAH: API hatası: Expecting value: line 1 column 1 (char 0)
2025-07-17 10:52:52,754 - WARNING - [RETRY 1/3] DAH: Expecting value: line 1 column 1 (char 0)
2025-07-17 10:52:56,237 - ERROR - Error getting performance for DAH: Expecting value: line 1 column 1 (char 0)
2025-07-17 10:52:56,237 - WARNING - DAH: API hatası: Expecting value: line 1 column 1 (char 0)
2025-07-17 10:52:56,238 - WARNING - [RETRY 2/3] DAH: Expecting value: line 1 column 1 (char 0)
2025-07-17 10:52:56,411 - ERROR - Error getting performance for CVK: Expecting value: line 1 column 1 (char 0)
2025-07-17 10:52:56,411 - WARNING - CVK: API hatası: Expecting value: line 1 column 1 (char 0)
2025-07-17 10:52:56,411 - WARNING - [RETRY 2/3] CVK: Expecting value: line 1 column 1 (char 0)
2025-07-17 10:53:01,430 - ERROR - Error getting performance for CVK: Expecting value: line 1 column 1 (char 0)
2025-07-17 10:53:01,430 - WARNING - CVK: API hatası: Expecting value: line 1 column 1 (char 0)
2025-07-17 10:53:01,430 - ERROR - [CHUNK FAIL] CVK: Expecting value: line 1 column 1 (char 0)
2025-07-17 10:53:01,431 - WARNING - [REPAIR EMPTY] CVK: Yeni veri bulunamadı
2025-07-17 10:53:02,483 - ERROR - Error getting performance for DAH: Expecting value: line 1 column 1 (char 0)
2025-07-17 10:53:02,484 - WARNING - DAH: API hatası: Expecting value: line 1 column 1 (char 0)
2025-07-17 10:53:02,484 - ERROR - [CHUNK FAIL] DAH: Expecting value: line 1 column 1 (char 0)
2025-07-17 10:53:02,484 - WARNING - [REPAIR EMPTY] DAH: Yeni veri bulunamadı
2025-07-17 10:53:03,552 - ERROR - Error getting performance for DAS: Expecting value: line 1 column 1 (char 0)
2025-07-17 10:53:03,552 - WARNING - DAS: API hatası: Expecting value: line 1 column 1 (char 0)
2025-07-17 10:53:03,553 - WARNING - [RETRY 1/3] DAS: Expecting value: line 1 column 1 (char 0)
2025-07-17 10:53:04,390 - ERROR - Error getting performance for DBA: Expecting value: line 1 column 1 (char 0)
2025-07-17 10:53:04,390 - WARNING - DBA: API hatası: Expecting value: line 1 column 1 (char 0)
2025-07-17 10:53:04,390 - WARNING - [RETRY 1/3] DBA: Expecting value: line 1 column 1 (char 0)
2025-07-17 10:53:08,685 - ERROR - Error getting performance for DAS: Expecting value: line 1 column 1 (char 0)
2025-07-17 10:53:08,686 - WARNING - DAS: API hatası: Expecting value: line 1 column 1 (char 0)
2025-07-17 10:53:08,686 - WARNING - [RETRY 2/3] DAS: Expecting value: line 1 column 1 (char 0)
2025-07-17 10:53:09,045 - ERROR - Error getting performance for DBA: Expecting value: line 1 column 1 (char 0)
2025-07-17 10:53:09,046 - WARNING - DBA: API hatası: Expecting value: line 1 column 1 (char 0)
2025-07-17 10:53:09,046 - WARNING - [RETRY 2/3] DBA: Expecting value: line 1 column 1 (char 0)
2025-07-17 10:53:14,972 - ERROR - Error getting performance for DAS: Expecting value: line 1 column 1 (char 0)
2025-07-17 10:53:14,972 - WARNING - DAS: API hatası: Expecting value: line 1 column 1 (char 0)
2025-07-17 10:53:14,973 - ERROR - [CHUNK FAIL] DAS: Expecting value: line 1 column 1 (char 0)
2025-07-17 10:53:14,973 - WARNING - [REPAIR EMPTY] DAS: Yeni veri bulunamadı
2025-07-17 10:53:15,079 - ERROR - Error getting performance for DBA: Expecting value: line 1 column 1 (char 0)
2025-07-17 10:53:15,079 - WARNING - DBA: API hatası: Expecting value: line 1 column 1 (char 0)
2025-07-17 10:53:15,079 - ERROR - [CHUNK FAIL] DBA: Expecting value: line 1 column 1 (char 0)
2025-07-17 10:53:15,079 - WARNING - [REPAIR EMPTY] DBA: Yeni veri bulunamadı
2025-07-17 10:53:16,717 - ERROR - Error getting performance for DBB: Expecting value: line 1 column 1 (char 0)
2025-07-17 10:53:16,718 - WARNING - DBB: API hatası: Expecting value: line 1 column 1 (char 0)
2025-07-17 10:53:16,718 - WARNING - [RETRY 1/3] DBB: Expecting value: line 1 column 1 (char 0)
2025-07-17 10:53:17,281 - ERROR - Error getting performance for DBH: Expecting value: line 1 column 1 (char 0)
2025-07-17 10:53:17,281 - WARNING - DBH: API hatası: Expecting value: line 1 column 1 (char 0)
2025-07-17 10:53:17,281 - WARNING - [RETRY 1/3] DBH: Expecting value: line 1 column 1 (char 0)
2025-07-17 10:53:20,413 - ERROR - Error getting performance for DBH: Expecting value: line 1 column 1 (char 0)
2025-07-17 10:53:20,413 - WARNING - DBH: API hatası: Expecting value: line 1 column 1 (char 0)
2025-07-17 10:53:20,414 - WARNING - [RETRY 2/3] DBH: Expecting value: line 1 column 1 (char 0)
2025-07-17 10:53:20,908 - ERROR - Error getting performance for DBB: Expecting value: line 1 column 1 (char 0)
2025-07-17 10:53:20,909 - WARNING - DBB: API hatası: Expecting value: line 1 column 1 (char 0)
2025-07-17 10:53:20,909 - WARNING - [RETRY 2/3] DBB: Expecting value: line 1 column 1 (char 0)
2025-07-17 10:53:26,015 - ERROR - Error getting performance for DBB: Expecting value: line 1 column 1 (char 0)
2025-07-17 10:53:26,015 - WARNING - DBB: API hatası: Expecting value: line 1 column 1 (char 0)
2025-07-17 10:53:26,015 - ERROR - [CHUNK FAIL] DBB: Expecting value: line 1 column 1 (char 0)
2025-07-17 10:53:26,015 - WARNING - [REPAIR EMPTY] DBB: Yeni veri bulunamadı
2025-07-17 10:53:26,048 - ERROR - Error getting performance for DBH: Expecting value: line 1 column 1 (char 0)
2025-07-17 10:53:26,048 - WARNING - DBH: API hatası: Expecting value: line 1 column 1 (char 0)
2025-07-17 10:53:26,048 - ERROR - [CHUNK FAIL] DBH: Expecting value: line 1 column 1 (char 0)
2025-07-17 10:53:26,049 - WARNING - [REPAIR EMPTY] DBH: Yeni veri bulunamadı
2025-07-17 10:53:27,441 - ERROR - Error getting performance for DBP: Expecting value: line 1 column 1 (char 0)
2025-07-17 10:53:27,441 - WARNING - DBP: API hatası: Expecting value: line 1 column 1 (char 0)
2025-07-17 10:53:27,441 - WARNING - [RETRY 1/3] DBP: Expecting value: line 1 column 1 (char 0)
2025-07-17 10:53:28,169 - ERROR - Error getting performance for DBK: Expecting value: line 1 column 1 (char 0)
2025-07-17 10:53:28,170 - WARNING - DBK: API hatası: Expecting value: line 1 column 1 (char 0)
2025-07-17 10:53:28,170 - WARNING - [RETRY 1/3] DBK: Expecting value: line 1 column 1 (char 0)
2025-07-17 10:53:30,760 - ERROR - Error getting performance for DBP: Expecting value: line 1 column 1 (char 0)
2025-07-17 10:53:30,760 - WARNING - DBP: API hatası: Expecting value: line 1 column 1 (char 0)
2025-07-17 10:53:30,761 - WARNING - [RETRY 2/3] DBP: Expecting value: line 1 column 1 (char 0)
2025-07-17 10:53:32,363 - ERROR - Error getting performance for DBK: Expecting value: line 1 column 1 (char 0)
2025-07-17 10:53:32,364 - WARNING - DBK: API hatası: Expecting value: line 1 column 1 (char 0)
2025-07-17 10:53:32,364 - WARNING - [RETRY 2/3] DBK: Expecting value: line 1 column 1 (char 0)
2025-07-17 10:53:36,080 - ERROR - Error getting performance for DBP: ('Connection aborted.', ConnectionResetError(10054, 'An existing connection was forcibly closed by the remote host', None, 10054, None))
2025-07-17 10:53:36,080 - WARNING - DBP: API hatası: ('Connection aborted.', ConnectionResetError(10054, 'An existing connection was forcibly closed by the remote host', None, 10054, None))
2025-07-17 10:53:36,080 - WARNING - DBP: Bağlantı kesildi, session tamamen yenileniyor...
2025-07-17 10:53:36,176 - ERROR - [CHUNK FAIL] DBP: ('Connection aborted.', ConnectionResetError(10054, 'An existing connection was forcibly closed by the remote host', None, 10054, None))
2025-07-17 10:53:36,176 - WARNING - [REPAIR EMPTY] DBP: Yeni veri bulunamadı
2025-07-17 10:53:36,226 - WARNING - Session başlatma deneme 1/3: ('Connection aborted.', ConnectionResetError(10054, 'An existing connection was forcibly closed by the remote host', None, 10054, None))
2025-07-17 10:53:37,650 - ERROR - Error getting performance for DBK: Expecting value: line 1 column 1 (char 0)
2025-07-17 10:53:37,650 - WARNING - DBK: API hatası: Expecting value: line 1 column 1 (char 0)
2025-07-17 10:53:37,650 - ERROR - [CHUNK FAIL] DBK: Expecting value: line 1 column 1 (char 0)
2025-07-17 10:53:37,650 - WARNING - [REPAIR EMPTY] DBK: Yeni veri bulunamadı
2025-07-17 10:53:39,167 - ERROR - Error getting performance for DBZ: Expecting value: line 1 column 1 (char 0)
2025-07-17 10:53:39,168 - WARNING - DBZ: API hatası: Expecting value: line 1 column 1 (char 0)
2025-07-17 10:53:39,168 - WARNING - [RETRY 1/3] DBZ: Expecting value: line 1 column 1 (char 0)
2025-07-17 10:53:39,939 - ERROR - Error getting performance for DCB: Expecting value: line 1 column 1 (char 0)
2025-07-17 10:53:39,940 - WARNING - DCB: API hatası: Expecting value: line 1 column 1 (char 0)
2025-07-17 10:53:39,940 - WARNING - [RETRY 1/3] DCB: Expecting value: line 1 column 1 (char 0)
2025-07-17 10:53:42,578 - ERROR - Error getting performance for DBZ: Expecting value: line 1 column 1 (char 0)
2025-07-17 10:53:42,579 - WARNING - DBZ: API hatası: Expecting value: line 1 column 1 (char 0)
2025-07-17 10:53:42,579 - WARNING - [RETRY 2/3] DBZ: Expecting value: line 1 column 1 (char 0)
2025-07-17 10:53:44,402 - ERROR - Error getting performance for DCB: Expecting value: line 1 column 1 (char 0)
2025-07-17 10:53:44,402 - WARNING - DCB: API hatası: Expecting value: line 1 column 1 (char 0)
2025-07-17 10:53:44,403 - WARNING - [RETRY 2/3] DCB: Expecting value: line 1 column 1 (char 0)
2025-07-17 10:53:47,558 - ERROR - Error getting performance for DBZ: Expecting value: line 1 column 1 (char 0)
2025-07-17 10:53:47,558 - WARNING - DBZ: API hatası: Expecting value: line 1 column 1 (char 0)
2025-07-17 10:53:47,558 - ERROR - [CHUNK FAIL] DBZ: Expecting value: line 1 column 1 (char 0)
2025-07-17 10:53:47,559 - WARNING - [REPAIR EMPTY] DBZ: Yeni veri bulunamadı
2025-07-17 10:53:47,605 - WARNING - Session başlatma deneme 1/3: ('Connection aborted.', ConnectionResetError(10054, 'An existing connection was forcibly closed by the remote host', None, 10054, None))
2025-07-17 10:53:49,049 - ERROR - Error getting performance for DCB: Expecting value: line 1 column 1 (char 0)
2025-07-17 10:53:49,050 - WARNING - DCB: API hatası: Expecting value: line 1 column 1 (char 0)
2025-07-17 10:53:49,050 - ERROR - [CHUNK FAIL] DCB: Expecting value: line 1 column 1 (char 0)
2025-07-17 10:53:49,050 - WARNING - [REPAIR EMPTY] DCB: Yeni veri bulunamadı
2025-07-17 10:53:50,731 - ERROR - Error getting performance for DDA: Expecting value: line 1 column 1 (char 0)
2025-07-17 10:53:50,732 - WARNING - DDA: API hatası: Expecting value: line 1 column 1 (char 0)
2025-07-17 10:53:50,732 - WARNING - [RETRY 1/3] DDA: Expecting value: line 1 column 1 (char 0)
2025-07-17 10:53:51,287 - ERROR - Error getting performance for DDF: Expecting value: line 1 column 1 (char 0)
2025-07-17 10:53:51,288 - WARNING - DDF: API hatası: Expecting value: line 1 column 1 (char 0)
2025-07-17 10:53:51,288 - WARNING - [RETRY 1/3] DDF: Expecting value: line 1 column 1 (char 0)
2025-07-17 10:53:53,945 - ERROR - Error getting performance for DDA: Expecting value: line 1 column 1 (char 0)
2025-07-17 10:53:53,946 - WARNING - DDA: API hatası: Expecting value: line 1 column 1 (char 0)
2025-07-17 10:53:53,946 - WARNING - [RETRY 2/3] DDA: Expecting value: line 1 column 1 (char 0)
2025-07-17 10:53:55,128 - ERROR - Error getting performance for DDF: Expecting value: line 1 column 1 (char 0)
2025-07-17 10:53:55,129 - WARNING - DDF: API hatası: Expecting value: line 1 column 1 (char 0)
2025-07-17 10:53:55,129 - WARNING - [RETRY 2/3] DDF: Expecting value: line 1 column 1 (char 0)
