2025-07-17 11:45:29,475 - INFO - CMD: tefas_download_data_merged.py --repair --input data/tefas_full_2yrs.parquet --workers 1
2025-07-17 11:45:29,556 - INFO - ============================================================
2025-07-17 11:45:29,556 - INFO - TEFAS Fon Verisi İndirme Script'i (Merged)
2025-07-17 11:45:29,556 - INFO - ============================================================
2025-07-17 11:45:29,557 - INFO - Mod: Repair - Seri
2025-07-17 11:45:29,557 - INFO - Input dosya: data/tefas_full_2yrs.parquet
2025-07-17 11:45:29,557 - INFO - ============================================================
2025-07-17 11:45:29,740 - INFO - [REPAIR MODE] Eksik veri tamamlama başlıyor...
2025-07-17 11:45:29,740 - INFO - [REPAIR] Mevcut veri analiz ediliyor: data\tefas_full_2yrs.parquet
2025-07-17 11:45:29,833 - INFO - [MISSING] EBD: 2025-07-15 - 2025-07-17 (2 gün)
2025-07-17 11:45:29,833 - INFO - [MISSING] EC2: 2025-07-15 - 2025-07-17 (2 gün)
2025-07-17 11:45:29,834 - INFO - [MISSING] ECA: 2025-07-15 - 2025-07-17 (2 gün)
2025-07-17 11:45:29,834 - INFO - [MISSING] EDT: 2025-07-15 - 2025-07-17 (2 gün)
2025-07-17 11:45:29,834 - INFO - [MISSING] EDU: 2025-07-15 - 2025-07-17 (2 gün)
2025-07-17 11:45:29,834 - INFO - [MISSING] EIB: 2025-07-15 - 2025-07-17 (2 gün)
2025-07-17 11:45:29,834 - INFO - [MISSING] EIC: 2025-07-15 - 2025-07-17 (2 gün)
2025-07-17 11:45:29,834 - INFO - [MISSING] EID: 2025-07-15 - 2025-07-17 (2 gün)
2025-07-17 11:45:29,834 - INFO - [MISSING] EIL: 2025-07-15 - 2025-07-17 (2 gün)
2025-07-17 11:45:29,834 - INFO - [MISSING] EKF: 2025-07-15 - 2025-07-17 (2 gün)
2025-07-17 11:45:29,835 - INFO - [MISSING] ELZ: 2025-07-15 - 2025-07-17 (2 gün)
2025-07-17 11:45:29,835 - INFO - [MISSING] ENJ: 2025-07-15 - 2025-07-17 (2 gün)
2025-07-17 11:45:29,835 - INFO - [MISSING] ESG: 2025-07-15 - 2025-07-17 (2 gün)
2025-07-17 11:45:29,835 - INFO - [MISSING] ESP: 2025-07-15 - 2025-07-17 (2 gün)
2025-07-17 11:45:29,835 - INFO - [MISSING] EUN: 2025-07-15 - 2025-07-17 (2 gün)
2025-07-17 11:45:29,835 - INFO - [MISSING] EUZ: 2025-07-15 - 2025-07-17 (2 gün)
2025-07-17 11:45:29,835 - INFO - [MISSING] EYT: 2025-07-15 - 2025-07-17 (2 gün)
2025-07-17 11:45:29,835 - INFO - [MISSING] FBC: 2025-07-15 - 2025-07-17 (2 gün)
2025-07-17 11:45:29,835 - INFO - [MISSING] FBI: 2025-07-15 - 2025-07-17 (2 gün)
2025-07-17 11:45:29,836 - INFO - [MISSING] FBV: 2025-07-15 - 2025-07-17 (2 gün)
2025-07-17 11:45:29,836 - INFO - [MISSING] FBZ: 2025-07-15 - 2025-07-17 (2 gün)
2025-07-17 11:45:29,836 - INFO - [MISSING] FCK: 2025-07-15 - 2025-07-17 (2 gün)
2025-07-17 11:45:29,836 - INFO - [MISSING] FD1: 2025-07-15 - 2025-07-17 (2 gün)
2025-07-17 11:45:29,836 - INFO - [MISSING] FDG: 2025-07-15 - 2025-07-17 (2 gün)
2025-07-17 11:45:29,836 - INFO - [MISSING] FFH: 2025-07-15 - 2025-07-17 (2 gün)
2025-07-17 11:45:29,836 - INFO - [MISSING] FFP: 2025-07-15 - 2025-07-17 (2 gün)
2025-07-17 11:45:29,836 - INFO - [MISSING] FI3: 2025-07-15 - 2025-07-17 (2 gün)
2025-07-17 11:45:29,836 - INFO - [MISSING] FIB: 2025-07-15 - 2025-07-17 (2 gün)
2025-07-17 11:45:29,836 - INFO - [MISSING] FID: 2025-07-15 - 2025-07-17 (2 gün)
2025-07-17 11:45:29,837 - INFO - [MISSING] FIL: 2025-07-15 - 2025-07-17 (2 gün)
2025-07-17 11:45:29,837 - INFO - [MISSING] FIT: 2025-07-15 - 2025-07-17 (2 gün)
2025-07-17 11:45:29,837 - INFO - [MISSING] FJB: 2025-07-15 - 2025-07-17 (2 gün)
2025-07-17 11:45:29,837 - INFO - [MISSING] FJZ: 2025-07-15 - 2025-07-17 (2 gün)
2025-07-17 11:45:29,837 - INFO - [MISSING] FKE: 2025-07-15 - 2025-07-17 (2 gün)
2025-07-17 11:45:29,837 - INFO - [MISSING] FLS: 2025-07-15 - 2025-07-17 (2 gün)
2025-07-17 11:45:29,837 - INFO - [MISSING] FLY: 2025-07-15 - 2025-07-17 (2 gün)
2025-07-17 11:45:29,838 - INFO - [MISSING] FMG: 2025-07-15 - 2025-07-17 (2 gün)
2025-07-17 11:45:29,838 - INFO - [MISSING] FNO: 2025-07-15 - 2025-07-17 (2 gün)
2025-07-17 11:45:29,838 - INFO - [MISSING] FNT: 2025-07-15 - 2025-07-17 (2 gün)
2025-07-17 11:45:29,838 - INFO - [MISSING] FPE: 2025-07-15 - 2025-07-17 (2 gün)
2025-07-17 11:45:29,838 - INFO - [MISSING] FPG: 2025-07-15 - 2025-07-17 (2 gün)
2025-07-17 11:45:29,838 - INFO - [MISSING] FPH: 2025-07-15 - 2025-07-17 (2 gün)
2025-07-17 11:45:29,838 - INFO - [MISSING] FPI: 2025-07-15 - 2025-07-17 (2 gün)
2025-07-17 11:45:29,838 - INFO - [MISSING] FPK: 2025-07-15 - 2025-07-17 (2 gün)
2025-07-17 11:45:29,838 - INFO - [MISSING] FPZ: 2025-07-15 - 2025-07-17 (2 gün)
2025-07-17 11:45:29,839 - INFO - [MISSING] FRC: 2025-07-15 - 2025-07-17 (2 gün)
2025-07-17 11:45:29,839 - INFO - [MISSING] FS5: 2025-07-15 - 2025-07-17 (2 gün)
2025-07-17 11:45:29,839 - INFO - [MISSING] FS6: 2025-07-15 - 2025-07-17 (2 gün)
2025-07-17 11:45:29,839 - INFO - [MISSING] FSF: 2025-07-15 - 2025-07-17 (2 gün)
2025-07-17 11:45:29,839 - INFO - [MISSING] FSG: 2025-07-15 - 2025-07-17 (2 gün)
2025-07-17 11:45:29,839 - INFO - [MISSING] FSH: 2025-07-15 - 2025-07-17 (2 gün)
2025-07-17 11:45:29,839 - INFO - [MISSING] FSK: 2025-07-15 - 2025-07-17 (2 gün)
2025-07-17 11:45:29,840 - INFO - [MISSING] FSR: 2025-07-15 - 2025-07-17 (2 gün)
2025-07-17 11:45:29,840 - INFO - [MISSING] FTL: 2025-07-15 - 2025-07-17 (2 gün)
2025-07-17 11:45:29,840 - INFO - [MISSING] FUA: 2025-07-15 - 2025-07-17 (2 gün)
2025-07-17 11:45:29,840 - INFO - [MISSING] FUB: 2025-07-15 - 2025-07-17 (2 gün)
2025-07-17 11:45:29,840 - INFO - [MISSING] FYD: 2025-07-15 - 2025-07-17 (2 gün)
2025-07-17 11:45:29,840 - INFO - [MISSING] FYI: 2025-07-15 - 2025-07-17 (2 gün)
2025-07-17 11:45:29,841 - INFO - [MISSING] FYO: 2025-07-15 - 2025-07-17 (2 gün)
2025-07-17 11:45:29,841 - INFO - [MISSING] FZJ: 2025-07-15 - 2025-07-17 (2 gün)
2025-07-17 11:45:29,841 - INFO - [MISSING] FZP: 2025-07-15 - 2025-07-17 (2 gün)
2025-07-17 11:45:29,841 - INFO - [MISSING] GA1: 2025-07-15 - 2025-07-17 (2 gün)
2025-07-17 11:45:29,841 - INFO - [MISSING] GAE: 2025-07-15 - 2025-07-17 (2 gün)
2025-07-17 11:45:29,841 - INFO - [MISSING] GAF: 2025-07-15 - 2025-07-17 (2 gün)
2025-07-17 11:45:29,841 - INFO - [MISSING] GAG: 2025-07-15 - 2025-07-17 (2 gün)
2025-07-17 11:45:29,842 - INFO - [MISSING] GAH: 2025-07-15 - 2025-07-17 (2 gün)
2025-07-17 11:45:29,842 - INFO - [MISSING] GAS: 2025-07-15 - 2025-07-17 (2 gün)
2025-07-17 11:45:29,842 - INFO - [MISSING] GBC: 2025-07-15 - 2025-07-17 (2 gün)
2025-07-17 11:45:29,842 - INFO - [MISSING] GBG: 2025-07-15 - 2025-07-17 (2 gün)
2025-07-17 11:45:29,842 - INFO - [MISSING] GBH: 2025-07-15 - 2025-07-17 (2 gün)
2025-07-17 11:45:29,842 - INFO - [MISSING] GBJ: 2025-07-15 - 2025-07-17 (2 gün)
2025-07-17 11:45:29,842 - INFO - [MISSING] GBL: 2025-07-15 - 2025-07-17 (2 gün)
2025-07-17 11:45:29,843 - INFO - [MISSING] GBN: 2025-07-15 - 2025-07-17 (2 gün)
2025-07-17 11:45:29,843 - INFO - [MISSING] GBV: 2025-07-15 - 2025-07-17 (2 gün)
2025-07-17 11:45:29,843 - INFO - [MISSING] GBZ: 2025-07-15 - 2025-07-17 (2 gün)
2025-07-17 11:45:29,843 - INFO - [MISSING] GGK: 2025-07-15 - 2025-07-17 (2 gün)
2025-07-17 11:45:29,843 - INFO - [MISSING] GHS: 2025-07-15 - 2025-07-17 (2 gün)
2025-07-17 11:45:29,843 - INFO - [MISSING] GID: 2025-07-15 - 2025-07-17 (2 gün)
2025-07-17 11:45:29,843 - INFO - [MISSING] GIE: 2025-07-15 - 2025-07-17 (2 gün)
2025-07-17 11:45:29,844 - INFO - [MISSING] GIH: 2025-07-15 - 2025-07-17 (2 gün)
2025-07-17 11:45:29,844 - INFO - [MISSING] GJB: 2025-07-15 - 2025-07-17 (2 gün)
2025-07-17 11:45:29,844 - INFO - [MISSING] GKF: 2025-07-15 - 2025-07-17 (2 gün)
2025-07-17 11:45:29,844 - INFO - [MISSING] GKG: 2025-07-15 - 2025-07-17 (2 gün)
2025-07-17 11:45:29,844 - INFO - [MISSING] GKH: 2025-07-15 - 2025-07-17 (2 gün)
2025-07-17 11:45:29,844 - INFO - [MISSING] GKV: 2025-07-15 - 2025-07-17 (2 gün)
2025-07-17 11:45:29,844 - INFO - [MISSING] GL1: 2025-07-15 - 2025-07-17 (2 gün)
2025-07-17 11:45:29,844 - INFO - [MISSING] GLC: 2025-07-15 - 2025-07-17 (2 gün)
2025-07-17 11:45:29,845 - INFO - [MISSING] GLG: 2025-07-15 - 2025-07-17 (2 gün)
2025-07-17 11:45:29,845 - INFO - [MISSING] GLS: 2025-07-15 - 2025-07-17 (2 gün)
2025-07-17 11:45:29,845 - INFO - [MISSING] GMA: 2025-07-15 - 2025-07-17 (2 gün)
2025-07-17 11:45:29,845 - INFO - [MISSING] GMC: 2025-07-15 - 2025-07-17 (2 gün)
2025-07-17 11:45:29,845 - INFO - [MISSING] GMD: 2025-07-15 - 2025-07-17 (2 gün)
2025-07-17 11:45:29,845 - INFO - [MISSING] GMR: 2025-07-15 - 2025-07-17 (2 gün)
2025-07-17 11:45:29,845 - INFO - [MISSING] GNH: 2025-07-15 - 2025-07-17 (2 gün)
2025-07-17 11:45:29,846 - INFO - [MISSING] GNS: 2025-07-15 - 2025-07-17 (2 gün)
2025-07-17 11:45:29,846 - INFO - [MISSING] GO1: 2025-07-15 - 2025-07-17 (2 gün)
2025-07-17 11:45:29,846 - INFO - [MISSING] GO2: 2025-07-15 - 2025-07-17 (2 gün)
2025-07-17 11:45:29,846 - INFO - [MISSING] GO3: 2025-07-15 - 2025-07-17 (2 gün)
2025-07-17 11:45:29,846 - INFO - [MISSING] GO4: 2025-07-15 - 2025-07-17 (2 gün)
2025-07-17 11:45:29,846 - INFO - [MISSING] GO6: 2025-07-15 - 2025-07-17 (2 gün)
2025-07-17 11:45:29,846 - INFO - [MISSING] GO9: 2025-07-15 - 2025-07-17 (2 gün)
2025-07-17 11:45:29,847 - INFO - [MISSING] GOH: 2025-07-15 - 2025-07-17 (2 gün)
2025-07-17 11:45:29,847 - INFO - [MISSING] GOL: 2025-07-15 - 2025-07-17 (2 gün)
2025-07-17 11:45:29,847 - INFO - [MISSING] GPA: 2025-07-15 - 2025-07-17 (2 gün)
2025-07-17 11:45:29,847 - INFO - [MISSING] GPB: 2025-07-15 - 2025-07-17 (2 gün)
2025-07-17 11:45:29,847 - INFO - [MISSING] GPC: 2025-07-15 - 2025-07-17 (2 gün)
2025-07-17 11:45:29,847 - INFO - [MISSING] GPF: 2025-07-15 - 2025-07-17 (2 gün)
2025-07-17 11:45:29,847 - INFO - [MISSING] GPG: 2025-07-15 - 2025-07-17 (2 gün)
2025-07-17 11:45:29,848 - INFO - [MISSING] GPI: 2025-07-15 - 2025-07-17 (2 gün)
2025-07-17 11:45:29,848 - INFO - [MISSING] GPL: 2025-07-15 - 2025-07-17 (2 gün)
2025-07-17 11:45:29,848 - INFO - [MISSING] GPT: 2025-07-15 - 2025-07-17 (2 gün)
2025-07-17 11:45:29,848 - INFO - [MISSING] GPU: 2025-07-15 - 2025-07-17 (2 gün)
2025-07-17 11:45:29,848 - INFO - [MISSING] GPZ: 2025-07-15 - 2025-07-17 (2 gün)
2025-07-17 11:45:29,848 - INFO - [MISSING] GRL: 2025-07-15 - 2025-07-17 (2 gün)
2025-07-17 11:45:29,848 - INFO - [MISSING] GRO: 2025-07-15 - 2025-07-17 (2 gün)
2025-07-17 11:45:29,848 - INFO - [MISSING] GRT: 2025-07-15 - 2025-07-17 (2 gün)
2025-07-17 11:45:29,848 - INFO - [MISSING] GSP: 2025-07-15 - 2025-07-17 (2 gün)
2025-07-17 11:45:29,849 - INFO - [MISSING] GTA: 2025-07-15 - 2025-07-17 (2 gün)
2025-07-17 11:45:29,849 - INFO - [MISSING] GTF: 2025-07-15 - 2025-07-17 (2 gün)
2025-07-17 11:45:29,849 - INFO - [MISSING] GTH: 2025-07-15 - 2025-07-17 (2 gün)
2025-07-17 11:45:29,849 - INFO - [MISSING] GTM: 2025-07-15 - 2025-07-17 (2 gün)
2025-07-17 11:45:29,849 - INFO - [MISSING] GTY: 2025-07-15 - 2025-07-17 (2 gün)
2025-07-17 11:45:29,849 - INFO - [MISSING] GTZ: 2025-07-15 - 2025-07-17 (2 gün)
2025-07-17 11:45:29,850 - INFO - [MISSING] GUB: 2025-07-15 - 2025-07-17 (2 gün)
2025-07-17 11:45:29,850 - INFO - [MISSING] GUH: 2025-07-15 - 2025-07-17 (2 gün)
2025-07-17 11:45:29,850 - INFO - [MISSING] GUM: 2025-07-15 - 2025-07-17 (2 gün)
2025-07-17 11:45:29,850 - INFO - [MISSING] GUV: 2025-07-15 - 2025-07-17 (2 gün)
2025-07-17 11:45:29,850 - INFO - [MISSING] GVA: 2025-07-15 - 2025-07-17 (2 gün)
2025-07-17 11:45:29,850 - INFO - [MISSING] GVI: 2025-07-15 - 2025-07-17 (2 gün)
2025-07-17 11:45:29,851 - INFO - [MISSING] GYK: 2025-07-15 - 2025-07-17 (2 gün)
2025-07-17 11:45:29,851 - INFO - [MISSING] GZE: 2025-07-15 - 2025-07-17 (2 gün)
2025-07-17 11:45:29,851 - INFO - [MISSING] GZG: 2025-07-15 - 2025-07-17 (2 gün)
2025-07-17 11:45:29,851 - INFO - [MISSING] GZH: 2025-07-15 - 2025-07-17 (2 gün)
2025-07-17 11:45:29,851 - INFO - [MISSING] GZJ: 2025-07-15 - 2025-07-17 (2 gün)
2025-07-17 11:45:29,851 - INFO - [MISSING] GZL: 2025-07-15 - 2025-07-17 (2 gün)
2025-07-17 11:45:29,852 - INFO - [MISSING] GZM: 2025-07-15 - 2025-07-17 (2 gün)
2025-07-17 11:45:29,852 - INFO - [MISSING] GZN: 2025-07-15 - 2025-07-17 (2 gün)
2025-07-17 11:45:29,852 - INFO - [MISSING] GZP: 2025-07-15 - 2025-07-17 (2 gün)
2025-07-17 11:45:29,852 - INFO - [MISSING] GZR: 2025-07-15 - 2025-07-17 (2 gün)
2025-07-17 11:45:29,852 - INFO - [MISSING] GZV: 2025-07-15 - 2025-07-17 (2 gün)
2025-07-17 11:45:29,852 - INFO - [MISSING] GZY: 2025-07-15 - 2025-07-17 (2 gün)
2025-07-17 11:45:29,852 - INFO - [MISSING] GZZ: 2025-07-15 - 2025-07-17 (2 gün)
2025-07-17 11:45:29,852 - INFO - [MISSING] HAM: 2025-07-15 - 2025-07-17 (2 gün)
2025-07-17 11:45:29,853 - INFO - [MISSING] HAT: 2025-07-15 - 2025-07-17 (2 gün)
2025-07-17 11:45:29,853 - INFO - [MISSING] HBF: 2025-07-15 - 2025-07-17 (2 gün)
2025-07-17 11:45:29,853 - INFO - [MISSING] HBN: 2025-07-15 - 2025-07-17 (2 gün)
2025-07-17 11:45:29,853 - INFO - [MISSING] HBU: 2025-07-15 - 2025-07-17 (2 gün)
2025-07-17 11:45:29,853 - INFO - [MISSING] HDA: 2025-07-15 - 2025-07-17 (2 gün)
2025-07-17 11:45:29,853 - INFO - [MISSING] HDK: 2025-07-15 - 2025-07-17 (2 gün)
2025-07-17 11:45:29,853 - INFO - [MISSING] HEH: 2025-07-15 - 2025-07-17 (2 gün)
2025-07-17 11:45:29,853 - INFO - [MISSING] HFI: 2025-07-15 - 2025-07-17 (2 gün)
2025-07-17 11:45:29,854 - INFO - [MISSING] HGM: 2025-07-15 - 2025-07-17 (2 gün)
2025-07-17 11:45:29,854 - INFO - [MISSING] HGV: 2025-07-15 - 2025-07-17 (2 gün)
2025-07-17 11:45:29,854 - INFO - [MISSING] HIA: 2025-07-15 - 2025-07-17 (2 gün)
2025-07-17 11:45:29,854 - INFO - [MISSING] HIH: 2025-07-15 - 2025-07-17 (2 gün)
2025-07-17 11:45:29,854 - INFO - [MISSING] HIM: 2025-07-15 - 2025-07-17 (2 gün)
2025-07-17 11:45:29,854 - INFO - [MISSING] HIZ: 2025-07-15 - 2025-07-17 (2 gün)
2025-07-17 11:45:29,855 - INFO - [MISSING] HJB: 2025-07-15 - 2025-07-17 (2 gün)
2025-07-17 11:45:29,855 - INFO - [MISSING] HKG: 2025-07-15 - 2025-07-17 (2 gün)
2025-07-17 11:45:29,855 - INFO - [MISSING] HKH: 2025-07-15 - 2025-07-17 (2 gün)
2025-07-17 11:45:29,855 - INFO - [MISSING] HKM: 2025-07-15 - 2025-07-17 (2 gün)
2025-07-17 11:45:29,855 - INFO - [MISSING] HKR: 2025-07-15 - 2025-07-17 (2 gün)
2025-07-17 11:45:29,855 - INFO - [MISSING] HMC: 2025-07-15 - 2025-07-17 (2 gün)
2025-07-17 11:45:29,855 - INFO - [MISSING] HMG: 2025-07-15 - 2025-07-17 (2 gün)
2025-07-17 11:45:29,856 - INFO - [MISSING] HML: 2025-07-15 - 2025-07-17 (2 gün)
2025-07-17 11:45:29,856 - INFO - [MISSING] HMS: 2025-07-15 - 2025-07-17 (2 gün)
2025-07-17 11:45:29,856 - INFO - [MISSING] HNC: 2025-07-15 - 2025-07-17 (2 gün)
2025-07-17 11:45:29,856 - INFO - [MISSING] HOA: 2025-07-15 - 2025-07-17 (2 gün)
2025-07-17 11:45:29,856 - INFO - [MISSING] HOY: 2025-07-15 - 2025-07-17 (2 gün)
2025-07-17 11:45:29,856 - INFO - [MISSING] HP3: 2025-07-15 - 2025-07-17 (2 gün)
2025-07-17 11:45:29,856 - INFO - [MISSING] HPD: 2025-07-15 - 2025-07-17 (2 gün)
2025-07-17 11:45:29,856 - INFO - [MISSING] HPH: 2025-07-15 - 2025-07-17 (2 gün)
2025-07-17 11:45:29,857 - INFO - [MISSING] HPO: 2025-07-15 - 2025-07-17 (2 gün)
2025-07-17 11:45:29,857 - INFO - [MISSING] HPT: 2025-07-15 - 2025-07-17 (2 gün)
2025-07-17 11:45:29,857 - INFO - [MISSING] HRZ: 2025-07-15 - 2025-07-17 (2 gün)
2025-07-17 11:45:29,857 - INFO - [MISSING] HSA: 2025-07-15 - 2025-07-17 (2 gün)
2025-07-17 11:45:29,857 - INFO - [MISSING] HSL: 2025-07-15 - 2025-07-17 (2 gün)
2025-07-17 11:45:29,857 - INFO - [MISSING] HST: 2025-07-15 - 2025-07-17 (2 gün)
2025-07-17 11:45:29,857 - INFO - [MISSING] HTJ: 2025-07-15 - 2025-07-17 (2 gün)
2025-07-17 11:45:29,857 - INFO - [MISSING] HVK: 2025-07-15 - 2025-07-17 (2 gün)
2025-07-17 11:45:29,857 - INFO - [MISSING] HVS: 2025-07-15 - 2025-07-17 (2 gün)
2025-07-17 11:45:29,857 - INFO - [MISSING] HVT: 2025-07-15 - 2025-07-17 (2 gün)
2025-07-17 11:45:29,858 - INFO - [MISSING] HVU: 2025-07-15 - 2025-07-17 (2 gün)
2025-07-17 11:45:29,858 - INFO - [MISSING] HVZ: 2025-07-15 - 2025-07-17 (2 gün)
2025-07-17 11:45:29,858 - INFO - [MISSING] HYP: 2025-07-15 - 2025-07-17 (2 gün)
2025-07-17 11:45:29,858 - INFO - [MISSING] HYU: 2025-07-15 - 2025-07-17 (2 gün)
2025-07-17 11:45:29,858 - INFO - [MISSING] HYV: 2025-07-15 - 2025-07-17 (2 gün)
2025-07-17 11:45:29,858 - INFO - [MISSING] IAE: 2025-07-15 - 2025-07-17 (2 gün)
2025-07-17 11:45:29,859 - INFO - [MISSING] IAM: 2025-07-15 - 2025-07-17 (2 gün)
2025-07-17 11:45:29,859 - INFO - [MISSING] IAT: 2025-07-15 - 2025-07-17 (2 gün)
2025-07-17 11:45:29,859 - INFO - [MISSING] IAU: 2025-07-15 - 2025-07-17 (2 gün)
2025-07-17 11:45:29,859 - INFO - [MISSING] IAY: 2025-07-15 - 2025-07-17 (2 gün)
2025-07-17 11:45:29,859 - INFO - [MISSING] IBB: 2025-07-15 - 2025-07-17 (2 gün)
2025-07-17 11:45:29,859 - INFO - [MISSING] ICA: 2025-07-15 - 2025-07-17 (2 gün)
2025-07-17 11:45:29,860 - INFO - [MISSING] ICC: 2025-07-15 - 2025-07-17 (2 gün)
2025-07-17 11:45:29,860 - INFO - [MISSING] ICD: 2025-07-15 - 2025-07-17 (2 gün)
2025-07-17 11:45:29,860 - INFO - [MISSING] ICE: 2025-07-15 - 2025-07-17 (2 gün)
2025-07-17 11:45:29,860 - INFO - [MISSING] ICF: 2025-07-15 - 2025-07-17 (2 gün)
2025-07-17 11:45:29,860 - INFO - [MISSING] ICH: 2025-07-15 - 2025-07-17 (2 gün)
2025-07-17 11:45:29,860 - INFO - [MISSING] ICS: 2025-07-15 - 2025-07-17 (2 gün)
2025-07-17 11:45:29,860 - INFO - [MISSING] ICV: 2025-07-15 - 2025-07-17 (2 gün)
2025-07-17 11:45:29,860 - INFO - [MISSING] ICZ: 2025-07-15 - 2025-07-17 (2 gün)
2025-07-17 11:45:29,861 - INFO - [MISSING] IDD: 2025-07-15 - 2025-07-17 (2 gün)
2025-07-17 11:45:29,861 - INFO - [MISSING] IDF: 2025-07-15 - 2025-07-17 (2 gün)
2025-07-17 11:45:29,861 - INFO - [MISSING] IDH: 2025-07-15 - 2025-07-17 (2 gün)
2025-07-17 11:45:29,861 - INFO - [MISSING] IDI: 2025-07-15 - 2025-07-17 (2 gün)
2025-07-17 11:45:29,861 - INFO - [MISSING] IDL: 2025-07-15 - 2025-07-17 (2 gün)
2025-07-17 11:45:29,861 - INFO - [MISSING] IDO: 2025-07-15 - 2025-07-17 (2 gün)
2025-07-17 11:45:29,861 - INFO - [MISSING] IDY: 2025-07-15 - 2025-07-17 (2 gün)
2025-07-17 11:45:29,861 - INFO - [MISSING] IEV: 2025-07-15 - 2025-07-17 (2 gün)
2025-07-17 11:45:29,861 - INFO - [MISSING] IFN: 2025-07-15 - 2025-07-17 (2 gün)
2025-07-17 11:45:29,862 - INFO - [MISSING] IFV: 2025-07-15 - 2025-07-17 (2 gün)
2025-07-17 11:45:29,862 - INFO - [MISSING] IHA: 2025-07-15 - 2025-07-17 (2 gün)
2025-07-17 11:45:29,862 - INFO - [MISSING] IHC: 2025-07-15 - 2025-07-17 (2 gün)
2025-07-17 11:45:29,862 - INFO - [MISSING] IHK: 2025-07-15 - 2025-07-17 (2 gün)
2025-07-17 11:45:29,862 - INFO - [MISSING] IHP: 2025-07-15 - 2025-07-17 (2 gün)
2025-07-17 11:45:29,862 - INFO - [MISSING] IHT: 2025-07-15 - 2025-07-17 (2 gün)
2025-07-17 11:45:29,862 - INFO - [MISSING] IHZ: 2025-07-15 - 2025-07-17 (2 gün)
2025-07-17 11:45:29,862 - INFO - [MISSING] IIE: 2025-07-15 - 2025-07-17 (2 gün)
2025-07-17 11:45:29,863 - INFO - [MISSING] IIH: 2025-07-15 - 2025-07-17 (2 gün)
2025-07-17 11:45:29,863 - INFO - [MISSING] IJA: 2025-07-15 - 2025-07-17 (2 gün)
2025-07-17 11:45:29,863 - INFO - [MISSING] IJB: 2025-07-15 - 2025-07-17 (2 gün)
2025-07-17 11:45:29,863 - INFO - [MISSING] IJC: 2025-07-15 - 2025-07-17 (2 gün)
2025-07-17 11:45:29,863 - INFO - [MISSING] IJH: 2025-07-15 - 2025-07-17 (2 gün)
2025-07-17 11:45:29,863 - INFO - [MISSING] IJP: 2025-07-15 - 2025-07-17 (2 gün)
2025-07-17 11:45:29,863 - INFO - [MISSING] IJT: 2025-07-15 - 2025-07-17 (2 gün)
2025-07-17 11:45:29,864 - INFO - [MISSING] IJV: 2025-07-15 - 2025-07-17 (2 gün)
2025-07-17 11:45:29,864 - INFO - [MISSING] IJZ: 2025-07-15 - 2025-07-17 (2 gün)
2025-07-17 11:45:29,864 - INFO - [MISSING] IKL: 2025-07-15 - 2025-07-17 (2 gün)
2025-07-17 11:45:29,864 - INFO - [MISSING] IKP: 2025-07-15 - 2025-07-17 (2 gün)
2025-07-17 11:45:29,864 - INFO - [MISSING] IKV: 2025-07-15 - 2025-07-17 (2 gün)
2025-07-17 11:45:29,864 - INFO - [MISSING] ILZ: 2025-07-15 - 2025-07-17 (2 gün)
2025-07-17 11:45:29,864 - INFO - [MISSING] IMB: 2025-07-15 - 2025-07-17 (2 gün)
2025-07-17 11:45:29,864 - INFO - [MISSING] IMF: 2025-07-15 - 2025-07-17 (2 gün)
2025-07-17 11:45:29,865 - INFO - [MISSING] IML: 2025-07-15 - 2025-07-17 (2 gün)
2025-07-17 11:45:29,865 - INFO - [MISSING] IOG: 2025-07-15 - 2025-07-17 (2 gün)
2025-07-17 11:45:29,865 - INFO - [MISSING] IOO: 2025-07-15 - 2025-07-17 (2 gün)
2025-07-17 11:45:29,865 - INFO - [MISSING] IPB: 2025-07-15 - 2025-07-17 (2 gün)
2025-07-17 11:45:29,865 - INFO - [MISSING] IPG: 2025-07-15 - 2025-07-17 (2 gün)
2025-07-17 11:45:29,865 - INFO - [MISSING] IPJ: 2025-07-15 - 2025-07-17 (2 gün)
2025-07-17 11:45:29,865 - INFO - [MISSING] IPV: 2025-07-15 - 2025-07-17 (2 gün)
2025-07-17 11:45:29,865 - INFO - [MISSING] IRF: 2025-07-15 - 2025-07-17 (2 gün)
2025-07-17 11:45:29,866 - INFO - [MISSING] IRO: 2025-07-15 - 2025-07-17 (2 gün)
2025-07-17 11:45:29,866 - INFO - [MISSING] IRT: 2025-07-15 - 2025-07-17 (2 gün)
2025-07-17 11:45:29,866 - INFO - [MISSING] IRV: 2025-07-15 - 2025-07-17 (2 gün)
2025-07-17 11:45:29,866 - INFO - [MISSING] IRY: 2025-07-15 - 2025-07-17 (2 gün)
2025-07-17 11:45:29,866 - INFO - [MISSING] IST: 2025-07-15 - 2025-07-17 (2 gün)
2025-07-17 11:45:29,866 - INFO - [MISSING] ITP: 2025-07-15 - 2025-07-17 (2 gün)
2025-07-17 11:45:29,866 - INFO - [MISSING] IUF: 2025-07-15 - 2025-07-17 (2 gün)
2025-07-17 11:45:29,866 - INFO - [MISSING] IUH: 2025-07-15 - 2025-07-17 (2 gün)
2025-07-17 11:45:29,867 - INFO - [MISSING] IUV: 2025-07-15 - 2025-07-17 (2 gün)
2025-07-17 11:45:29,867 - INFO - [MISSING] IV8: 2025-07-15 - 2025-07-17 (2 gün)
2025-07-17 11:45:29,867 - INFO - [MISSING] IVF: 2025-07-15 - 2025-07-17 (2 gün)
2025-07-17 11:45:29,867 - INFO - [MISSING] IVY: 2025-07-15 - 2025-07-17 (2 gün)
2025-07-17 11:45:29,867 - INFO - [MISSING] IYB: 2025-07-15 - 2025-07-17 (2 gün)
2025-07-17 11:45:29,867 - INFO - [MISSING] IZB: 2025-07-15 - 2025-07-17 (2 gün)
2025-07-17 11:45:29,867 - INFO - [MISSING] IZF: 2025-07-15 - 2025-07-17 (2 gün)
2025-07-17 11:45:29,868 - INFO - [MISSING] IZS: 2025-07-15 - 2025-07-17 (2 gün)
2025-07-17 11:45:29,868 - INFO - [MISSING] JET: 2025-07-15 - 2025-07-17 (2 gün)
2025-07-17 11:45:29,868 - INFO - [MISSING] JUP: 2025-07-15 - 2025-07-17 (2 gün)
2025-07-17 11:45:29,868 - INFO - [MISSING] KAV: 2025-07-15 - 2025-07-17 (2 gün)
2025-07-17 11:45:29,868 - INFO - [MISSING] KCL: 2025-07-15 - 2025-07-17 (2 gün)
2025-07-17 11:45:29,868 - INFO - [MISSING] KCV: 2025-07-15 - 2025-07-17 (2 gün)
2025-07-17 11:45:29,868 - INFO - [MISSING] KDE: 2025-07-15 - 2025-07-17 (2 gün)
2025-07-17 11:45:29,869 - INFO - [MISSING] KDL: 2025-07-15 - 2025-07-17 (2 gün)
2025-07-17 11:45:29,869 - INFO - [MISSING] KDT: 2025-07-15 - 2025-07-17 (2 gün)
2025-07-17 11:45:29,869 - INFO - [MISSING] KGM: 2025-07-15 - 2025-07-17 (2 gün)
2025-07-17 11:45:29,869 - INFO - [MISSING] KHA: 2025-07-15 - 2025-07-17 (2 gün)
2025-07-17 11:45:29,869 - INFO - [MISSING] KHB: 2025-07-15 - 2025-07-17 (2 gün)
2025-07-17 11:45:29,869 - INFO - [MISSING] KHC: 2025-07-15 - 2025-07-17 (2 gün)
2025-07-17 11:45:29,869 - INFO - [MISSING] KHJ: 2025-07-15 - 2025-07-17 (2 gün)
2025-07-17 11:45:29,870 - INFO - [MISSING] KHT: 2025-07-15 - 2025-07-17 (2 gün)
2025-07-17 11:45:29,870 - INFO - [MISSING] KIA: 2025-07-15 - 2025-07-17 (2 gün)
2025-07-17 11:45:29,870 - INFO - [MISSING] KIB: 2025-07-15 - 2025-07-17 (2 gün)
2025-07-17 11:45:29,870 - INFO - [MISSING] KID: 2025-07-15 - 2025-07-17 (2 gün)
2025-07-17 11:45:29,870 - INFO - [MISSING] KIE: 2025-07-15 - 2025-07-17 (2 gün)
2025-07-17 11:45:29,870 - INFO - [MISSING] KIF: 2025-07-15 - 2025-07-17 (2 gün)
2025-07-17 11:45:29,870 - INFO - [MISSING] KIH: 2025-07-15 - 2025-07-17 (2 gün)
2025-07-17 11:45:29,870 - INFO - [MISSING] KIS: 2025-07-15 - 2025-07-17 (2 gün)
2025-07-17 11:45:29,870 - INFO - [MISSING] KKC: 2025-07-15 - 2025-07-17 (2 gün)
2025-07-17 11:45:29,870 - INFO - [MISSING] KKH: 2025-07-15 - 2025-07-17 (2 gün)
2025-07-17 11:45:29,871 - INFO - [MISSING] KKL: 2025-07-15 - 2025-07-17 (2 gün)
2025-07-17 11:45:29,871 - INFO - [MISSING] KLH: 2025-07-15 - 2025-07-17 (2 gün)
2025-07-17 11:45:29,871 - INFO - [MISSING] KLS: 2025-07-15 - 2025-07-17 (2 gün)
2025-07-17 11:45:29,871 - INFO - [MISSING] KLU: 2025-07-15 - 2025-07-17 (2 gün)
2025-07-17 11:45:29,871 - INFO - [MISSING] KME: 2025-07-15 - 2025-07-17 (2 gün)
2025-07-17 11:45:29,871 - INFO - [MISSING] KMF: 2025-07-15 - 2025-07-17 (2 gün)
2025-07-17 11:45:29,871 - INFO - [MISSING] KNJ: 2025-07-15 - 2025-07-17 (2 gün)
2025-07-17 11:45:29,871 - INFO - [MISSING] KOT: 2025-07-15 - 2025-07-17 (2 gün)
2025-07-17 11:45:29,872 - INFO - [MISSING] KP3: 2025-07-15 - 2025-07-17 (2 gün)
2025-07-17 11:45:29,872 - INFO - [MISSING] KPA: 2025-07-15 - 2025-07-17 (2 gün)
2025-07-17 11:45:29,872 - INFO - [MISSING] KPC: 2025-07-15 - 2025-07-17 (2 gün)
2025-07-17 11:45:29,872 - INFO - [MISSING] KPD: 2025-07-15 - 2025-07-17 (2 gün)
2025-07-17 11:45:29,872 - INFO - [MISSING] KPF: 2025-07-15 - 2025-07-17 (2 gün)
2025-07-17 11:45:29,872 - INFO - [MISSING] KPH: 2025-07-15 - 2025-07-17 (2 gün)
2025-07-17 11:45:29,872 - INFO - [MISSING] KPP: 2025-07-15 - 2025-07-17 (2 gün)
2025-07-17 11:45:29,873 - INFO - [MISSING] KPU: 2025-07-15 - 2025-07-17 (2 gün)
2025-07-17 11:45:29,873 - INFO - [MISSING] KRA: 2025-07-15 - 2025-07-17 (2 gün)
2025-07-17 11:45:29,873 - INFO - [MISSING] KRC: 2025-07-15 - 2025-07-17 (2 gün)
2025-07-17 11:45:29,873 - INFO - [MISSING] KRF: 2025-07-15 - 2025-07-17 (2 gün)
2025-07-17 11:45:29,873 - INFO - [MISSING] KRS: 2025-07-15 - 2025-07-17 (2 gün)
2025-07-17 11:45:29,873 - INFO - [MISSING] KRT: 2025-07-15 - 2025-07-17 (2 gün)
2025-07-17 11:45:29,873 - INFO - [MISSING] KSA: 2025-07-15 - 2025-07-17 (2 gün)
2025-07-17 11:45:29,874 - INFO - [MISSING] KSK: 2025-07-15 - 2025-07-17 (2 gün)
2025-07-17 11:45:29,874 - INFO - [MISSING] KSR: 2025-07-15 - 2025-07-17 (2 gün)
2025-07-17 11:45:29,874 - INFO - [MISSING] KST: 2025-07-15 - 2025-07-17 (2 gün)
2025-07-17 11:45:29,874 - INFO - [MISSING] KSV: 2025-07-15 - 2025-07-17 (2 gün)
2025-07-17 11:45:29,874 - INFO - [MISSING] KTI: 2025-07-15 - 2025-07-17 (2 gün)
2025-07-17 11:45:29,874 - INFO - [MISSING] KTJ: 2025-07-15 - 2025-07-17 (2 gün)
2025-07-17 11:45:29,874 - INFO - [MISSING] KTM: 2025-07-15 - 2025-07-17 (2 gün)
2025-07-17 11:45:29,874 - INFO - [MISSING] KTN: 2025-07-15 - 2025-07-17 (2 gün)
2025-07-17 11:45:29,875 - INFO - [MISSING] KTR: 2025-07-15 - 2025-07-17 (2 gün)
2025-07-17 11:45:29,875 - INFO - [MISSING] KTS: 2025-07-15 - 2025-07-17 (2 gün)
2025-07-17 11:45:29,875 - INFO - [MISSING] KTT: 2025-07-15 - 2025-07-17 (2 gün)
2025-07-17 11:45:29,875 - INFO - [MISSING] KTV: 2025-07-15 - 2025-07-17 (2 gün)
2025-07-17 11:45:29,875 - INFO - [MISSING] KUA: 2025-07-15 - 2025-07-17 (2 gün)
2025-07-17 11:45:29,875 - INFO - [MISSING] KUB: 2025-07-15 - 2025-07-17 (2 gün)
2025-07-17 11:45:29,875 - INFO - [MISSING] KUD: 2025-07-15 - 2025-07-17 (2 gün)
2025-07-17 11:45:29,876 - INFO - [MISSING] KUT: 2025-07-15 - 2025-07-17 (2 gün)
2025-07-17 11:45:29,876 - INFO - [MISSING] KVS: 2025-07-15 - 2025-07-17 (2 gün)
2025-07-17 11:45:29,876 - INFO - [MISSING] KVT: 2025-07-15 - 2025-07-17 (2 gün)
2025-07-17 11:45:29,876 - INFO - [MISSING] KYA: 2025-07-15 - 2025-07-17 (2 gün)
2025-07-17 11:45:29,876 - INFO - [MISSING] KYS: 2025-07-15 - 2025-07-17 (2 gün)
2025-07-17 11:45:29,876 - INFO - [MISSING] KZL: 2025-07-15 - 2025-07-17 (2 gün)
2025-07-17 11:45:29,876 - INFO - [MISSING] KZU: 2025-07-15 - 2025-07-17 (2 gün)
2025-07-17 11:45:29,876 - INFO - [MISSING] LID: 2025-07-15 - 2025-07-17 (2 gün)
2025-07-17 11:45:29,877 - INFO - [MISSING] LLA: 2025-07-15 - 2025-07-17 (2 gün)
2025-07-17 11:45:29,877 - INFO - [MISSING] LPH: 2025-07-15 - 2025-07-17 (2 gün)
2025-07-17 11:45:29,877 - INFO - [MISSING] MAC: 2025-07-15 - 2025-07-17 (2 gün)
2025-07-17 11:45:29,877 - INFO - [MISSING] MAD: 2025-07-15 - 2025-07-17 (2 gün)
2025-07-17 11:45:29,877 - INFO - [MISSING] MBL: 2025-07-15 - 2025-07-17 (2 gün)
2025-07-17 11:45:29,877 - INFO - [MISSING] MBR: 2025-07-15 - 2025-07-17 (2 gün)
2025-07-17 11:45:29,877 - INFO - [MISSING] MD1: 2025-07-15 - 2025-07-17 (2 gün)
2025-07-17 11:45:29,877 - INFO - [MISSING] MD2: 2025-07-15 - 2025-07-17 (2 gün)
2025-07-17 11:45:29,877 - INFO - [MISSING] MET: 2025-07-15 - 2025-07-17 (2 gün)
2025-07-17 11:45:29,878 - INFO - [MISSING] MGB: 2025-07-15 - 2025-07-17 (2 gün)
2025-07-17 11:45:29,878 - INFO - [MISSING] MGH: 2025-07-15 - 2025-07-17 (2 gün)
2025-07-17 11:45:29,878 - INFO - [MISSING] MHF: 2025-07-15 - 2025-07-17 (2 gün)
2025-07-17 11:45:29,878 - INFO - [MISSING] MJB: 2025-07-15 - 2025-07-17 (2 gün)
2025-07-17 11:45:29,878 - INFO - [MISSING] MJG: 2025-07-15 - 2025-07-17 (2 gün)
2025-07-17 11:45:29,878 - INFO - [MISSING] MJL: 2025-07-15 - 2025-07-17 (2 gün)
2025-07-17 11:45:29,878 - INFO - [MISSING] MKA: 2025-07-15 - 2025-07-17 (2 gün)
2025-07-17 11:45:29,878 - INFO - [MISSING] MKG: 2025-07-15 - 2025-07-17 (2 gün)
2025-07-17 11:45:29,878 - INFO - [MISSING] MMH: 2025-07-15 - 2025-07-17 (2 gün)
2025-07-17 11:45:29,879 - INFO - [MISSING] MPF: 2025-07-15 - 2025-07-17 (2 gün)
2025-07-17 11:45:29,879 - INFO - [MISSING] MPK: 2025-07-15 - 2025-07-17 (2 gün)
2025-07-17 11:45:29,879 - INFO - [MISSING] MPL: 2025-07-15 - 2025-07-17 (2 gün)
2025-07-17 11:45:29,879 - INFO - [MISSING] MPN: 2025-07-15 - 2025-07-17 (2 gün)
2025-07-17 11:45:29,879 - INFO - [MISSING] MPP: 2025-07-15 - 2025-07-17 (2 gün)
2025-07-17 11:45:29,879 - INFO - [MISSING] MPS: 2025-07-15 - 2025-07-17 (2 gün)
2025-07-17 11:45:29,879 - INFO - [MISSING] MRI: 2025-07-15 - 2025-07-17 (2 gün)
2025-07-17 11:45:29,880 - INFO - [MISSING] MT1: 2025-07-15 - 2025-07-17 (2 gün)
2025-07-17 11:45:29,880 - INFO - [MISSING] MTF: 2025-07-15 - 2025-07-17 (2 gün)
2025-07-17 11:45:29,880 - INFO - [MISSING] MTG: 2025-07-15 - 2025-07-17 (2 gün)
2025-07-17 11:45:29,880 - INFO - [MISSING] MTH: 2025-07-15 - 2025-07-17 (2 gün)
2025-07-17 11:45:29,880 - INFO - [MISSING] MTK: 2025-07-15 - 2025-07-17 (2 gün)
2025-07-17 11:45:29,880 - INFO - [MISSING] MTS: 2025-07-15 - 2025-07-17 (2 gün)
2025-07-17 11:45:29,880 - INFO - [MISSING] MTV: 2025-07-15 - 2025-07-17 (2 gün)
2025-07-17 11:45:29,881 - INFO - [MISSING] MTX: 2025-07-15 - 2025-07-17 (2 gün)
2025-07-17 11:45:29,881 - INFO - [MISSING] MUT: 2025-07-15 - 2025-07-17 (2 gün)
2025-07-17 11:45:29,881 - INFO - [MISSING] NAU: 2025-07-15 - 2025-07-17 (2 gün)
2025-07-17 11:45:29,881 - INFO - [MISSING] NBH: 2025-07-15 - 2025-07-17 (2 gün)
2025-07-17 11:45:29,881 - INFO - [MISSING] NBZ: 2025-07-15 - 2025-07-17 (2 gün)
2025-07-17 11:45:29,881 - INFO - [MISSING] NCS: 2025-07-15 - 2025-07-17 (2 gün)
2025-07-17 11:45:29,881 - INFO - [MISSING] NFF: 2025-07-15 - 2025-07-17 (2 gün)
2025-07-17 11:45:29,881 - INFO - [MISSING] NHP: 2025-07-15 - 2025-07-17 (2 gün)
2025-07-17 11:45:29,881 - INFO - [MISSING] NHY: 2025-07-15 - 2025-07-17 (2 gün)
2025-07-17 11:45:29,882 - INFO - [MISSING] NJF: 2025-07-15 - 2025-07-17 (2 gün)
2025-07-17 11:45:29,882 - INFO - [MISSING] NJR: 2025-07-15 - 2025-07-17 (2 gün)
2025-07-17 11:45:29,882 - INFO - [MISSING] NJY: 2025-07-15 - 2025-07-17 (2 gün)
2025-07-17 11:45:29,882 - INFO - [MISSING] NKA: 2025-07-15 - 2025-07-17 (2 gün)
2025-07-17 11:45:29,882 - INFO - [MISSING] NLE: 2025-07-15 - 2025-07-17 (2 gün)
2025-07-17 11:45:29,882 - INFO - [MISSING] NLK: 2025-07-15 - 2025-07-17 (2 gün)
2025-07-17 11:45:29,882 - INFO - [MISSING] NME: 2025-07-15 - 2025-07-17 (2 gün)
2025-07-17 11:45:29,882 - INFO - [MISSING] NNF: 2025-07-15 - 2025-07-17 (2 gün)
2025-07-17 11:45:29,882 - INFO - [MISSING] NPH: 2025-07-15 - 2025-07-17 (2 gün)
2025-07-17 11:45:29,882 - INFO - [MISSING] NRC: 2025-07-15 - 2025-07-17 (2 gün)
2025-07-17 11:45:29,883 - INFO - [MISSING] NRG: 2025-07-15 - 2025-07-17 (2 gün)
2025-07-17 11:45:29,883 - INFO - [MISSING] NSA: 2025-07-15 - 2025-07-17 (2 gün)
2025-07-17 11:45:29,883 - INFO - [MISSING] NSD: 2025-07-15 - 2025-07-17 (2 gün)
2025-07-17 11:45:29,883 - INFO - [MISSING] NSH: 2025-07-15 - 2025-07-17 (2 gün)
2025-07-17 11:45:29,883 - INFO - [MISSING] NSK: 2025-07-15 - 2025-07-17 (2 gün)
2025-07-17 11:45:29,883 - INFO - [MISSING] NSP: 2025-07-15 - 2025-07-17 (2 gün)
2025-07-17 11:45:29,883 - INFO - [MISSING] NUB: 2025-07-15 - 2025-07-17 (2 gün)
2025-07-17 11:45:29,884 - INFO - [MISSING] NVB: 2025-07-15 - 2025-07-17 (2 gün)
2025-07-17 11:45:29,884 - INFO - [MISSING] NVC: 2025-07-15 - 2025-07-17 (2 gün)
2025-07-17 11:45:29,884 - INFO - [MISSING] NVK: 2025-07-15 - 2025-07-17 (2 gün)
2025-07-17 11:45:29,884 - INFO - [MISSING] NVT: 2025-07-15 - 2025-07-17 (2 gün)
2025-07-17 11:45:29,884 - INFO - [MISSING] NVZ: 2025-07-15 - 2025-07-17 (2 gün)
2025-07-17 11:45:29,884 - INFO - [MISSING] NZH: 2025-07-15 - 2025-07-17 (2 gün)
2025-07-17 11:45:29,884 - INFO - [MISSING] NZT: 2025-07-15 - 2025-07-17 (2 gün)
2025-07-17 11:45:29,885 - INFO - [MISSING] NZU: 2025-07-15 - 2025-07-17 (2 gün)
2025-07-17 11:45:29,885 - INFO - [MISSING] OBI: 2025-07-15 - 2025-07-17 (2 gün)
2025-07-17 11:45:29,885 - INFO - [MISSING] OBP: 2025-07-15 - 2025-07-17 (2 gün)
2025-07-17 11:45:29,885 - INFO - [MISSING] ODD: 2025-07-15 - 2025-07-17 (2 gün)
2025-07-17 11:45:29,885 - INFO - [MISSING] ODP: 2025-07-15 - 2025-07-17 (2 gün)
2025-07-17 11:45:29,885 - INFO - [MISSING] ODS: 2025-07-15 - 2025-07-17 (2 gün)
2025-07-17 11:45:29,885 - INFO - [MISSING] ODV: 2025-07-15 - 2025-07-17 (2 gün)
2025-07-17 11:45:29,885 - INFO - [MISSING] OFI: 2025-07-15 - 2025-07-17 (2 gün)
2025-07-17 11:45:29,886 - INFO - [MISSING] OFS: 2025-07-15 - 2025-07-17 (2 gün)
2025-07-17 11:45:29,886 - INFO - [MISSING] OGD: 2025-07-15 - 2025-07-17 (2 gün)
2025-07-17 11:45:29,886 - INFO - [MISSING] OHB: 2025-07-15 - 2025-07-17 (2 gün)
2025-07-17 11:45:29,886 - INFO - [MISSING] OHK: 2025-07-15 - 2025-07-17 (2 gün)
2025-07-17 11:45:29,886 - INFO - [MISSING] OIL: 2025-07-15 - 2025-07-17 (2 gün)
2025-07-17 11:45:29,886 - INFO - [MISSING] OIR: 2025-07-15 - 2025-07-17 (2 gün)
2025-07-17 11:45:29,886 - INFO - [MISSING] OJB: 2025-07-15 - 2025-07-17 (2 gün)
2025-07-17 11:45:29,886 - INFO - [MISSING] OJK: 2025-07-15 - 2025-07-17 (2 gün)
2025-07-17 11:45:29,886 - INFO - [MISSING] OJT: 2025-07-15 - 2025-07-17 (2 gün)
2025-07-17 11:45:29,886 - INFO - [MISSING] OKD: 2025-07-15 - 2025-07-17 (2 gün)
2025-07-17 11:45:29,886 - INFO - [MISSING] OKP: 2025-07-15 - 2025-07-17 (2 gün)
2025-07-17 11:45:29,887 - INFO - [MISSING] OKT: 2025-07-15 - 2025-07-17 (2 gün)
2025-07-17 11:45:29,887 - INFO - [MISSING] OLA: 2025-07-15 - 2025-07-17 (2 gün)
2025-07-17 11:45:29,887 - INFO - [MISSING] OLD: 2025-07-15 - 2025-07-17 (2 gün)
2025-07-17 11:45:29,887 - INFO - [MISSING] OLE: 2025-07-15 - 2025-07-17 (2 gün)
2025-07-17 11:45:29,887 - INFO - [MISSING] OMG: 2025-07-15 - 2025-07-17 (2 gün)
2025-07-17 11:45:29,887 - INFO - [MISSING] ONE: 2025-07-15 - 2025-07-17 (2 gün)
2025-07-17 11:45:29,887 - INFO - [MISSING] ONK: 2025-07-15 - 2025-07-17 (2 gün)
2025-07-17 11:45:29,888 - INFO - [MISSING] ONN: 2025-07-15 - 2025-07-17 (2 gün)
2025-07-17 11:45:29,888 - INFO - [MISSING] ONS: 2025-07-15 - 2025-07-17 (2 gün)
2025-07-17 11:45:29,888 - INFO - [MISSING] OPB: 2025-07-15 - 2025-07-17 (2 gün)
2025-07-17 11:45:29,888 - INFO - [MISSING] OPD: 2025-07-15 - 2025-07-17 (2 gün)
2025-07-17 11:45:29,888 - INFO - [MISSING] OPF: 2025-07-15 - 2025-07-17 (2 gün)
2025-07-17 11:45:29,888 - INFO - [MISSING] OPH: 2025-07-15 - 2025-07-17 (2 gün)
2025-07-17 11:45:29,888 - INFO - [MISSING] OPI: 2025-07-15 - 2025-07-17 (2 gün)
2025-07-17 11:45:29,889 - INFO - [MISSING] OPL: 2025-07-15 - 2025-07-17 (2 gün)
2025-07-17 11:45:29,889 - INFO - [MISSING] ORC: 2025-07-15 - 2025-07-17 (2 gün)
2025-07-17 11:45:29,889 - INFO - [MISSING] OSD: 2025-07-15 - 2025-07-17 (2 gün)
2025-07-17 11:45:29,889 - INFO - [MISSING] OSL: 2025-07-15 - 2025-07-17 (2 gün)
2025-07-17 11:45:29,889 - INFO - [MISSING] OTJ: 2025-07-15 - 2025-07-17 (2 gün)
2025-07-17 11:45:29,889 - INFO - [MISSING] OTK: 2025-07-15 - 2025-07-17 (2 gün)
2025-07-17 11:45:29,889 - INFO - [MISSING] OTM: 2025-07-15 - 2025-07-17 (2 gün)
2025-07-17 11:45:29,889 - INFO - [MISSING] OUD: 2025-07-15 - 2025-07-17 (2 gün)
2025-07-17 11:45:29,890 - INFO - [MISSING] OVD: 2025-07-15 - 2025-07-17 (2 gün)
2025-07-17 11:45:29,890 - INFO - [MISSING] PAF: 2025-07-15 - 2025-07-17 (2 gün)
2025-07-17 11:45:29,890 - INFO - [MISSING] PAL: 2025-07-15 - 2025-07-17 (2 gün)
2025-07-17 11:45:29,890 - INFO - [MISSING] PAO: 2025-07-15 - 2025-07-17 (2 gün)
2025-07-17 11:45:29,890 - INFO - [MISSING] PBI: 2025-07-15 - 2025-07-17 (2 gün)
2025-07-17 11:45:29,890 - INFO - [MISSING] PBK: 2025-07-15 - 2025-07-17 (2 gün)
2025-07-17 11:45:29,890 - INFO - [MISSING] PBN: 2025-07-15 - 2025-07-17 (2 gün)
2025-07-17 11:45:29,890 - INFO - [MISSING] PBR: 2025-07-15 - 2025-07-17 (2 gün)
2025-07-17 11:45:29,890 - INFO - [MISSING] PDD: 2025-07-15 - 2025-07-17 (2 gün)
2025-07-17 11:45:29,891 - INFO - [MISSING] PDF: 2025-07-15 - 2025-07-17 (2 gün)
2025-07-17 11:45:29,891 - INFO - [MISSING] PEA: 2025-07-15 - 2025-07-17 (2 gün)
2025-07-17 11:45:29,891 - INFO - [MISSING] PFO: 2025-07-15 - 2025-07-17 (2 gün)
2025-07-17 11:45:29,891 - INFO - [MISSING] PFS: 2025-07-15 - 2025-07-17 (2 gün)
2025-07-17 11:45:29,891 - INFO - [MISSING] PGD: 2025-07-15 - 2025-07-17 (2 gün)
2025-07-17 11:45:29,891 - INFO - [MISSING] PGS: 2025-07-15 - 2025-07-17 (2 gün)
2025-07-17 11:45:29,891 - INFO - [MISSING] PHE: 2025-07-15 - 2025-07-17 (2 gün)
2025-07-17 11:45:29,891 - INFO - [MISSING] PHI: 2025-07-15 - 2025-07-17 (2 gün)
2025-07-17 11:45:29,891 - INFO - [MISSING] PHK: 2025-07-15 - 2025-07-17 (2 gün)
2025-07-17 11:45:29,892 - INFO - [MISSING] PID: 2025-07-15 - 2025-07-17 (2 gün)
2025-07-17 11:45:29,892 - INFO - [MISSING] PIL: 2025-07-15 - 2025-07-17 (2 gün)
2025-07-17 11:45:29,892 - INFO - [MISSING] PIP: 2025-07-15 - 2025-07-17 (2 gün)
2025-07-17 11:45:29,892 - INFO - [MISSING] PIR: 2025-07-15 - 2025-07-17 (2 gün)
2025-07-17 11:45:29,892 - INFO - [MISSING] PJL: 2025-07-15 - 2025-07-17 (2 gün)
2025-07-17 11:45:29,892 - INFO - [MISSING] PKD: 2025-07-15 - 2025-07-17 (2 gün)
2025-07-17 11:45:29,892 - INFO - [MISSING] PKF: 2025-07-15 - 2025-07-17 (2 gün)
2025-07-17 11:45:29,893 - INFO - [MISSING] PKR: 2025-07-15 - 2025-07-17 (2 gün)
2025-07-17 11:45:29,893 - INFO - [MISSING] PKT: 2025-07-15 - 2025-07-17 (2 gün)
2025-07-17 11:45:29,893 - INFO - [MISSING] PKV: 2025-07-15 - 2025-07-17 (2 gün)
2025-07-17 11:45:29,893 - INFO - [MISSING] PLR: 2025-07-15 - 2025-07-17 (2 gün)
2025-07-17 11:45:29,893 - INFO - [MISSING] PMP: 2025-07-15 - 2025-07-17 (2 gün)
2025-07-17 11:45:29,893 - INFO - [MISSING] POS: 2025-07-15 - 2025-07-17 (2 gün)
2025-07-17 11:45:29,893 - INFO - [MISSING] PP1: 2025-07-15 - 2025-07-17 (2 gün)
2025-07-17 11:45:29,894 - INFO - [MISSING] PPB: 2025-07-15 - 2025-07-17 (2 gün)
2025-07-17 11:45:29,894 - INFO - [MISSING] PPE: 2025-07-15 - 2025-07-17 (2 gün)
2025-07-17 11:45:29,894 - INFO - [MISSING] PPH: 2025-07-15 - 2025-07-17 (2 gün)
2025-07-17 11:45:29,894 - INFO - [MISSING] PPI: 2025-07-15 - 2025-07-17 (2 gün)
2025-07-17 11:45:29,894 - INFO - [MISSING] PPJ: 2025-07-15 - 2025-07-17 (2 gün)
2025-07-17 11:45:29,894 - INFO - [MISSING] PPK: 2025-07-15 - 2025-07-17 (2 gün)
2025-07-17 11:45:29,894 - INFO - [MISSING] PPM: 2025-07-15 - 2025-07-17 (2 gün)
2025-07-17 11:45:29,894 - INFO - [MISSING] PPN: 2025-07-15 - 2025-07-17 (2 gün)
2025-07-17 11:45:29,895 - INFO - [MISSING] PPP: 2025-07-15 - 2025-07-17 (2 gün)
2025-07-17 11:45:29,895 - INFO - [MISSING] PPS: 2025-07-15 - 2025-07-17 (2 gün)
2025-07-17 11:45:29,895 - INFO - [MISSING] PPT: 2025-07-15 - 2025-07-17 (2 gün)
2025-07-17 11:45:29,895 - INFO - [MISSING] PPZ: 2025-07-15 - 2025-07-17 (2 gün)
2025-07-17 11:45:29,895 - INFO - [MISSING] PRD: 2025-07-15 - 2025-07-17 (2 gün)
2025-07-17 11:45:29,895 - INFO - [MISSING] PRH: 2025-07-15 - 2025-07-17 (2 gün)
2025-07-17 11:45:29,895 - INFO - [MISSING] PRU: 2025-07-15 - 2025-07-17 (2 gün)
2025-07-17 11:45:29,895 - INFO - [MISSING] PRY: 2025-07-15 - 2025-07-17 (2 gün)
2025-07-17 11:45:29,895 - INFO - [MISSING] PSE: 2025-07-15 - 2025-07-17 (2 gün)
2025-07-17 11:45:29,896 - INFO - [MISSING] PSL: 2025-07-15 - 2025-07-17 (2 gün)
2025-07-17 11:45:29,896 - INFO - [MISSING] PTE: 2025-07-15 - 2025-07-17 (2 gün)
2025-07-17 11:45:29,896 - INFO - [MISSING] PTN: 2025-07-15 - 2025-07-17 (2 gün)
2025-07-17 11:45:29,896 - INFO - [MISSING] PTO: 2025-07-15 - 2025-07-17 (2 gün)
2025-07-17 11:45:29,896 - INFO - [MISSING] PTS: 2025-07-15 - 2025-07-17 (2 gün)
2025-07-17 11:45:29,896 - INFO - [MISSING] PUC: 2025-07-15 - 2025-07-17 (2 gün)
2025-07-17 11:45:29,897 - INFO - [MISSING] PVK: 2025-07-15 - 2025-07-17 (2 gün)
2025-07-17 11:45:29,897 - INFO - [MISSING] PYR: 2025-07-15 - 2025-07-17 (2 gün)
2025-07-17 11:45:29,897 - INFO - [MISSING] RBA: 2025-07-15 - 2025-07-17 (2 gün)
2025-07-17 11:45:29,897 - INFO - [MISSING] RBB: 2025-07-15 - 2025-07-17 (2 gün)
2025-07-17 11:45:29,897 - INFO - [MISSING] RBF: 2025-07-15 - 2025-07-17 (2 gün)
2025-07-17 11:45:29,897 - INFO - [MISSING] RBH: 2025-07-15 - 2025-07-17 (2 gün)
2025-07-17 11:45:29,897 - INFO - [MISSING] RBI: 2025-07-15 - 2025-07-17 (2 gün)
2025-07-17 11:45:29,898 - INFO - [MISSING] RBK: 2025-07-15 - 2025-07-17 (2 gün)
2025-07-17 11:45:29,898 - INFO - [MISSING] RBL: 2025-07-15 - 2025-07-17 (2 gün)
2025-07-17 11:45:29,898 - INFO - [MISSING] RBN: 2025-07-15 - 2025-07-17 (2 gün)
2025-07-17 11:45:29,898 - INFO - [MISSING] RBP: 2025-07-15 - 2025-07-17 (2 gün)
2025-07-17 11:45:29,898 - INFO - [MISSING] RBR: 2025-07-15 - 2025-07-17 (2 gün)
2025-07-17 11:45:29,898 - INFO - [MISSING] RBT: 2025-07-15 - 2025-07-17 (2 gün)
2025-07-17 11:45:29,898 - INFO - [MISSING] RBV: 2025-07-15 - 2025-07-17 (2 gün)
2025-07-17 11:45:29,898 - INFO - [MISSING] RCV: 2025-07-15 - 2025-07-17 (2 gün)
2025-07-17 11:45:29,898 - INFO - [MISSING] RD1: 2025-07-15 - 2025-07-17 (2 gün)
2025-07-17 11:45:29,898 - INFO - [MISSING] RDF: 2025-07-15 - 2025-07-17 (2 gün)
2025-07-17 11:45:29,899 - INFO - [MISSING] RHI: 2025-07-15 - 2025-07-17 (2 gün)
2025-07-17 11:45:29,899 - INFO - [MISSING] RHS: 2025-07-15 - 2025-07-17 (2 gün)
2025-07-17 11:45:29,899 - INFO - [MISSING] RIA: 2025-07-15 - 2025-07-17 (2 gün)
2025-07-17 11:45:29,899 - INFO - [MISSING] RIK: 2025-07-15 - 2025-07-17 (2 gün)
2025-07-17 11:45:29,899 - INFO - [MISSING] RJG: 2025-07-15 - 2025-07-17 (2 gün)
2025-07-17 11:45:29,899 - INFO - [MISSING] RKC: 2025-07-15 - 2025-07-17 (2 gün)
2025-07-17 11:45:29,899 - INFO - [MISSING] RKH: 2025-07-15 - 2025-07-17 (2 gün)
2025-07-17 11:45:29,899 - INFO - [MISSING] RKS: 2025-07-15 - 2025-07-17 (2 gün)
2025-07-17 11:45:29,899 - INFO - [MISSING] RKV: 2025-07-15 - 2025-07-17 (2 gün)
2025-07-17 11:45:29,900 - INFO - [MISSING] RPC: 2025-07-15 - 2025-07-17 (2 gün)
2025-07-17 11:45:29,900 - INFO - [MISSING] RPD: 2025-07-15 - 2025-07-17 (2 gün)
2025-07-17 11:45:29,900 - INFO - [MISSING] RPG: 2025-07-15 - 2025-07-17 (2 gün)
2025-07-17 11:45:29,900 - INFO - [MISSING] RPI: 2025-07-15 - 2025-07-17 (2 gün)
2025-07-17 11:45:29,900 - INFO - [MISSING] RPM: 2025-07-15 - 2025-07-17 (2 gün)
2025-07-17 11:45:29,900 - INFO - [MISSING] RPP: 2025-07-15 - 2025-07-17 (2 gün)
2025-07-17 11:45:29,901 - INFO - [MISSING] RPS: 2025-07-15 - 2025-07-17 (2 gün)
2025-07-17 11:45:29,901 - INFO - [MISSING] RPT: 2025-07-15 - 2025-07-17 (2 gün)
2025-07-17 11:45:29,901 - INFO - [MISSING] RPX: 2025-07-15 - 2025-07-17 (2 gün)
2025-07-17 11:45:29,901 - INFO - [MISSING] RRP: 2025-07-15 - 2025-07-17 (2 gün)
2025-07-17 11:45:29,901 - INFO - [MISSING] RS1: 2025-07-15 - 2025-07-17 (2 gün)
2025-07-17 11:45:29,901 - INFO - [MISSING] RTD: 2025-07-15 - 2025-07-17 (2 gün)
2025-07-17 11:45:29,901 - INFO - [MISSING] RTG: 2025-07-15 - 2025-07-17 (2 gün)
2025-07-17 11:45:29,902 - INFO - [MISSING] RTH: 2025-07-15 - 2025-07-17 (2 gün)
2025-07-17 11:45:29,902 - INFO - [MISSING] RTP: 2025-07-15 - 2025-07-17 (2 gün)
2025-07-17 11:45:29,902 - INFO - [MISSING] RUT: 2025-07-15 - 2025-07-17 (2 gün)
2025-07-17 11:45:29,902 - INFO - [MISSING] SAS: 2025-07-15 - 2025-07-17 (2 gün)
2025-07-17 11:45:29,902 - INFO - [MISSING] SBH: 2025-07-15 - 2025-07-17 (2 gün)
2025-07-17 11:45:29,902 - INFO - [MISSING] SGT: 2025-07-15 - 2025-07-17 (2 gün)
2025-07-17 11:45:29,902 - INFO - [MISSING] SHE: 2025-07-15 - 2025-07-17 (2 gün)
2025-07-17 11:45:29,902 - INFO - [MISSING] SNY: 2025-07-15 - 2025-07-17 (2 gün)
2025-07-17 11:45:29,902 - INFO - [MISSING] SOS: 2025-07-15 - 2025-07-17 (2 gün)
2025-07-17 11:45:29,903 - INFO - [MISSING] SPE: 2025-07-15 - 2025-07-17 (2 gün)
2025-07-17 11:45:29,903 - INFO - [MISSING] SPN: 2025-07-15 - 2025-07-17 (2 gün)
2025-07-17 11:45:29,903 - INFO - [MISSING] SPP: 2025-07-15 - 2025-07-17 (2 gün)
2025-07-17 11:45:29,903 - INFO - [MISSING] SPR: 2025-07-15 - 2025-07-17 (2 gün)
2025-07-17 11:45:29,903 - INFO - [MISSING] SPT: 2025-07-15 - 2025-07-17 (2 gün)
2025-07-17 11:45:29,903 - INFO - [MISSING] SRL: 2025-07-15 - 2025-07-17 (2 gün)
2025-07-17 11:45:29,903 - INFO - [MISSING] SSK: 2025-07-15 - 2025-07-17 (2 gün)
2025-07-17 11:45:29,903 - INFO - [MISSING] SSS: 2025-07-15 - 2025-07-17 (2 gün)
2025-07-17 11:45:29,904 - INFO - [MISSING] ST1: 2025-07-15 - 2025-07-17 (2 gün)
2025-07-17 11:45:29,904 - INFO - [MISSING] STI: 2025-07-15 - 2025-07-17 (2 gün)
2025-07-17 11:45:29,904 - INFO - [MISSING] SUA: 2025-07-15 - 2025-07-17 (2 gün)
2025-07-17 11:45:29,904 - INFO - [MISSING] SUB: 2025-07-15 - 2025-07-17 (2 gün)
2025-07-17 11:45:29,904 - INFO - [MISSING] SUC: 2025-07-15 - 2025-07-17 (2 gün)
2025-07-17 11:45:29,904 - INFO - [MISSING] SVB: 2025-07-15 - 2025-07-17 (2 gün)
2025-07-17 11:45:29,904 - INFO - [MISSING] TAL: 2025-07-15 - 2025-07-17 (2 gün)
2025-07-17 11:45:29,905 - INFO - [MISSING] TAR: 2025-07-15 - 2025-07-17 (2 gün)
2025-07-17 11:45:29,905 - INFO - [MISSING] TAU: 2025-07-15 - 2025-07-17 (2 gün)
2025-07-17 11:45:29,905 - INFO - [MISSING] TBT: 2025-07-15 - 2025-07-17 (2 gün)
2025-07-17 11:45:29,905 - INFO - [MISSING] TBV: 2025-07-15 - 2025-07-17 (2 gün)
2025-07-17 11:45:29,905 - INFO - [MISSING] TCA: 2025-07-15 - 2025-07-17 (2 gün)
2025-07-17 11:45:29,905 - INFO - [MISSING] TCB: 2025-07-15 - 2025-07-17 (2 gün)
2025-07-17 11:45:29,905 - INFO - [MISSING] TCC: 2025-07-15 - 2025-07-17 (2 gün)
2025-07-17 11:45:29,905 - INFO - [MISSING] TCD: 2025-07-15 - 2025-07-17 (2 gün)
2025-07-17 11:45:29,906 - INFO - [MISSING] TCF: 2025-07-15 - 2025-07-17 (2 gün)
2025-07-17 11:45:29,906 - INFO - [MISSING] TDG: 2025-07-15 - 2025-07-17 (2 gün)
2025-07-17 11:45:29,906 - INFO - [MISSING] TE3: 2025-07-15 - 2025-07-17 (2 gün)
2025-07-17 11:45:29,906 - INFO - [MISSING] TE4: 2025-07-15 - 2025-07-17 (2 gün)
2025-07-17 11:45:29,906 - INFO - [MISSING] TEJ: 2025-07-15 - 2025-07-17 (2 gün)
2025-07-17 11:45:29,906 - INFO - [MISSING] TFF: 2025-07-15 - 2025-07-17 (2 gün)
2025-07-17 11:45:29,906 - INFO - [MISSING] TGA: 2025-07-15 - 2025-07-17 (2 gün)
2025-07-17 11:45:29,906 - INFO - [MISSING] TGE: 2025-07-15 - 2025-07-17 (2 gün)
2025-07-17 11:45:29,906 - INFO - [MISSING] TGR: 2025-07-15 - 2025-07-17 (2 gün)
2025-07-17 11:45:29,907 - INFO - [MISSING] THD: 2025-07-15 - 2025-07-17 (2 gün)
2025-07-17 11:45:29,907 - INFO - [MISSING] THF: 2025-07-15 - 2025-07-17 (2 gün)
2025-07-17 11:45:29,907 - INFO - [MISSING] THT: 2025-07-15 - 2025-07-17 (2 gün)
2025-07-17 11:45:29,907 - INFO - [MISSING] THV: 2025-07-15 - 2025-07-17 (2 gün)
2025-07-17 11:45:29,907 - INFO - [MISSING] TI2: 2025-07-15 - 2025-07-17 (2 gün)
2025-07-17 11:45:29,907 - INFO - [MISSING] TI3: 2025-07-15 - 2025-07-17 (2 gün)
2025-07-17 11:45:29,907 - INFO - [MISSING] TI4: 2025-07-15 - 2025-07-17 (2 gün)
2025-07-17 11:45:29,907 - INFO - [MISSING] TI6: 2025-07-15 - 2025-07-17 (2 gün)
2025-07-17 11:45:29,907 - INFO - [MISSING] TI7: 2025-07-15 - 2025-07-17 (2 gün)
2025-07-17 11:45:29,908 - INFO - [MISSING] TIE: 2025-07-15 - 2025-07-17 (2 gün)
2025-07-17 11:45:29,908 - INFO - [MISSING] TJF: 2025-07-15 - 2025-07-17 (2 gün)
2025-07-17 11:45:29,908 - INFO - [MISSING] TJI: 2025-07-15 - 2025-07-17 (2 gün)
2025-07-17 11:45:29,908 - INFO - [MISSING] TJT: 2025-07-15 - 2025-07-17 (2 gün)
2025-07-17 11:45:29,908 - INFO - [MISSING] TKF: 2025-07-15 - 2025-07-17 (2 gün)
2025-07-17 11:45:29,908 - INFO - [MISSING] TLE: 2025-07-15 - 2025-07-17 (2 gün)
2025-07-17 11:45:29,909 - INFO - [MISSING] TLH: 2025-07-15 - 2025-07-17 (2 gün)
2025-07-17 11:45:29,909 - INFO - [MISSING] TLK: 2025-07-15 - 2025-07-17 (2 gün)
2025-07-17 11:45:29,909 - INFO - [MISSING] TLY: 2025-07-15 - 2025-07-17 (2 gün)
2025-07-17 11:45:29,909 - INFO - [MISSING] TLZ: 2025-07-15 - 2025-07-17 (2 gün)
2025-07-17 11:45:29,909 - INFO - [MISSING] TMC: 2025-07-15 - 2025-07-17 (2 gün)
2025-07-17 11:45:29,909 - INFO - [MISSING] TMG: 2025-07-15 - 2025-07-17 (2 gün)
2025-07-17 11:45:29,909 - INFO - [MISSING] TMM: 2025-07-15 - 2025-07-17 (2 gün)
2025-07-17 11:45:29,910 - INFO - [MISSING] TMZ: 2025-07-15 - 2025-07-17 (2 gün)
2025-07-17 11:45:29,910 - INFO - [MISSING] TOT: 2025-07-15 - 2025-07-17 (2 gün)
2025-07-17 11:45:29,910 - INFO - [MISSING] TP2: 2025-07-15 - 2025-07-17 (2 gün)
2025-07-17 11:45:29,910 - INFO - [MISSING] TPC: 2025-07-15 - 2025-07-17 (2 gün)
2025-07-17 11:45:29,910 - INFO - [MISSING] TPF: 2025-07-15 - 2025-07-17 (2 gün)
2025-07-17 11:45:29,910 - INFO - [MISSING] TPJ: 2025-07-15 - 2025-07-17 (2 gün)
2025-07-17 11:45:29,910 - INFO - [MISSING] TPL: 2025-07-15 - 2025-07-17 (2 gün)
2025-07-17 11:45:29,910 - INFO - [MISSING] TPP: 2025-07-15 - 2025-07-17 (2 gün)
2025-07-17 11:45:29,911 - INFO - [MISSING] TPV: 2025-07-15 - 2025-07-17 (2 gün)
2025-07-17 11:45:29,911 - INFO - [MISSING] TPZ: 2025-07-15 - 2025-07-17 (2 gün)
2025-07-17 11:45:29,911 - INFO - [MISSING] TRJ: 2025-07-15 - 2025-07-17 (2 gün)
2025-07-17 11:45:29,911 - INFO - [MISSING] TRO: 2025-07-15 - 2025-07-17 (2 gün)
2025-07-17 11:45:29,911 - INFO - [MISSING] TRU: 2025-07-15 - 2025-07-17 (2 gün)
2025-07-17 11:45:29,911 - INFO - [MISSING] TTA: 2025-07-15 - 2025-07-17 (2 gün)
2025-07-17 11:45:29,911 - INFO - [MISSING] TTE: 2025-07-15 - 2025-07-17 (2 gün)
2025-07-17 11:45:29,911 - INFO - [MISSING] TTL: 2025-07-15 - 2025-07-17 (2 gün)
2025-07-17 11:45:29,911 - INFO - [MISSING] TUA: 2025-07-15 - 2025-07-17 (2 gün)
2025-07-17 11:45:29,912 - INFO - [MISSING] TVN: 2025-07-15 - 2025-07-17 (2 gün)
2025-07-17 11:45:29,912 - INFO - [MISSING] TYH: 2025-07-15 - 2025-07-17 (2 gün)
2025-07-17 11:45:29,912 - INFO - [MISSING] TZD: 2025-07-15 - 2025-07-17 (2 gün)
2025-07-17 11:45:29,912 - INFO - [MISSING] TZT: 2025-07-15 - 2025-07-17 (2 gün)
2025-07-17 11:45:29,912 - INFO - [MISSING] UNT: 2025-07-15 - 2025-07-17 (2 gün)
2025-07-17 11:45:29,912 - INFO - [MISSING] UP1: 2025-07-15 - 2025-07-17 (2 gün)
2025-07-17 11:45:29,912 - INFO - [MISSING] UP2: 2025-07-15 - 2025-07-17 (2 gün)
2025-07-17 11:45:29,913 - INFO - [MISSING] UPD: 2025-07-15 - 2025-07-17 (2 gün)
2025-07-17 11:45:29,913 - INFO - [MISSING] UPH: 2025-07-15 - 2025-07-17 (2 gün)
2025-07-17 11:45:29,913 - INFO - [MISSING] UPP: 2025-07-15 - 2025-07-17 (2 gün)
2025-07-17 11:45:29,913 - INFO - [MISSING] URA: 2025-07-15 - 2025-07-17 (2 gün)
2025-07-17 11:45:29,913 - INFO - [MISSING] USY: 2025-07-15 - 2025-07-17 (2 gün)
2025-07-17 11:45:29,913 - INFO - [MISSING] VAY: 2025-07-15 - 2025-07-17 (2 gün)
2025-07-17 11:45:29,914 - INFO - [MISSING] VCY: 2025-07-15 - 2025-07-17 (2 gün)
2025-07-17 11:45:29,914 - INFO - [MISSING] VFK: 2025-07-15 - 2025-07-17 (2 gün)
2025-07-17 11:45:29,914 - INFO - [MISSING] VMV: 2025-07-15 - 2025-07-17 (2 gün)
2025-07-17 11:45:29,914 - INFO - [MISSING] VNK: 2025-07-15 - 2025-07-17 (2 gün)
2025-07-17 11:45:29,914 - INFO - [MISSING] YAC: 2025-07-15 - 2025-07-17 (2 gün)
2025-07-17 11:45:29,914 - INFO - [MISSING] YAK: 2025-07-15 - 2025-07-17 (2 gün)
2025-07-17 11:45:29,914 - INFO - [MISSING] YAN: 2025-07-15 - 2025-07-17 (2 gün)
2025-07-17 11:45:29,914 - INFO - [MISSING] YAS: 2025-07-15 - 2025-07-17 (2 gün)
2025-07-17 11:45:29,915 - INFO - [MISSING] YAY: 2025-07-15 - 2025-07-17 (2 gün)
2025-07-17 11:45:29,915 - INFO - [MISSING] YBE: 2025-07-15 - 2025-07-17 (2 gün)
2025-07-17 11:45:29,915 - INFO - [MISSING] YBH: 2025-07-15 - 2025-07-17 (2 gün)
2025-07-17 11:45:29,915 - INFO - [MISSING] YBR: 2025-07-15 - 2025-07-17 (2 gün)
2025-07-17 11:45:29,915 - INFO - [MISSING] YBS: 2025-07-15 - 2025-07-17 (2 gün)
2025-07-17 11:45:29,915 - INFO - [MISSING] YCK: 2025-07-15 - 2025-07-17 (2 gün)
2025-07-17 11:45:29,915 - INFO - [MISSING] YCP: 2025-07-15 - 2025-07-17 (2 gün)
2025-07-17 11:45:29,915 - INFO - [MISSING] YCY: 2025-07-15 - 2025-07-17 (2 gün)
2025-07-17 11:45:29,915 - INFO - [MISSING] YDI: 2025-07-15 - 2025-07-17 (2 gün)
2025-07-17 11:45:29,915 - INFO - [MISSING] YDP: 2025-07-15 - 2025-07-17 (2 gün)
2025-07-17 11:45:29,916 - INFO - [MISSING] YEF: 2025-07-15 - 2025-07-17 (2 gün)
2025-07-17 11:45:29,916 - INFO - [MISSING] YFV: 2025-07-15 - 2025-07-17 (2 gün)
2025-07-17 11:45:29,916 - INFO - [MISSING] YGM: 2025-07-15 - 2025-07-17 (2 gün)
2025-07-17 11:45:29,916 - INFO - [MISSING] YHB: 2025-07-15 - 2025-07-17 (2 gün)
2025-07-17 11:45:29,916 - INFO - [MISSING] YHI: 2025-07-15 - 2025-07-17 (2 gün)
2025-07-17 11:45:29,916 - INFO - [MISSING] YHK: 2025-07-15 - 2025-07-17 (2 gün)
2025-07-17 11:45:29,916 - INFO - [MISSING] YHS: 2025-07-15 - 2025-07-17 (2 gün)
2025-07-17 11:45:29,916 - INFO - [MISSING] YHZ: 2025-07-15 - 2025-07-17 (2 gün)
2025-07-17 11:45:29,917 - INFO - [MISSING] YIT: 2025-07-15 - 2025-07-17 (2 gün)
2025-07-17 11:45:29,917 - INFO - [MISSING] YJH: 2025-07-15 - 2025-07-17 (2 gün)
2025-07-17 11:45:29,917 - INFO - [MISSING] YJK: 2025-07-15 - 2025-07-17 (2 gün)
2025-07-17 11:45:29,917 - INFO - [MISSING] YJY: 2025-07-15 - 2025-07-17 (2 gün)
2025-07-17 11:45:29,917 - INFO - [MISSING] YKS: 2025-07-15 - 2025-07-17 (2 gün)
2025-07-17 11:45:29,918 - INFO - [MISSING] YKT: 2025-07-15 - 2025-07-17 (2 gün)
2025-07-17 11:45:29,918 - INFO - [MISSING] YLC: 2025-07-15 - 2025-07-17 (2 gün)
2025-07-17 11:45:29,918 - INFO - [MISSING] YLE: 2025-07-15 - 2025-07-17 (2 gün)
2025-07-17 11:45:29,918 - INFO - [MISSING] YLO: 2025-07-15 - 2025-07-17 (2 gün)
2025-07-17 11:45:29,918 - INFO - [MISSING] YLY: 2025-07-15 - 2025-07-17 (2 gün)
2025-07-17 11:45:29,918 - INFO - [MISSING] YMD: 2025-07-15 - 2025-07-17 (2 gün)
2025-07-17 11:45:29,918 - INFO - [MISSING] YMH: 2025-07-15 - 2025-07-17 (2 gün)
2025-07-17 11:45:29,919 - INFO - [MISSING] YNK: 2025-07-15 - 2025-07-17 (2 gün)
2025-07-17 11:45:29,919 - INFO - [MISSING] YOT: 2025-07-15 - 2025-07-17 (2 gün)
2025-07-17 11:45:29,919 - INFO - [MISSING] YP4: 2025-07-15 - 2025-07-17 (2 gün)
2025-07-17 11:45:29,919 - INFO - [MISSING] YPC: 2025-07-15 - 2025-07-17 (2 gün)
2025-07-17 11:45:29,919 - INFO - [MISSING] YPK: 2025-07-15 - 2025-07-17 (2 gün)
2025-07-17 11:45:29,919 - INFO - [MISSING] YPL: 2025-07-15 - 2025-07-17 (2 gün)
2025-07-17 11:45:29,919 - INFO - [MISSING] YPR: 2025-07-15 - 2025-07-17 (2 gün)
2025-07-17 11:45:29,919 - INFO - [MISSING] YPV: 2025-07-15 - 2025-07-17 (2 gün)
2025-07-17 11:45:29,920 - INFO - [MISSING] YSL: 2025-07-15 - 2025-07-17 (2 gün)
2025-07-17 11:45:29,920 - INFO - [MISSING] YSO: 2025-07-15 - 2025-07-17 (2 gün)
2025-07-17 11:45:29,920 - INFO - [MISSING] YSU: 2025-07-15 - 2025-07-17 (2 gün)
2025-07-17 11:45:29,920 - INFO - [MISSING] YTD: 2025-07-15 - 2025-07-17 (2 gün)
2025-07-17 11:45:29,920 - INFO - [MISSING] YTV: 2025-07-15 - 2025-07-17 (2 gün)
2025-07-17 11:45:29,920 - INFO - [MISSING] YTY: 2025-07-15 - 2025-07-17 (2 gün)
2025-07-17 11:45:29,920 - INFO - [MISSING] YUB: 2025-07-15 - 2025-07-17 (2 gün)
2025-07-17 11:45:29,920 - INFO - [MISSING] YUN: 2025-07-15 - 2025-07-17 (2 gün)
2025-07-17 11:45:29,920 - INFO - [MISSING] YVB: 2025-07-15 - 2025-07-17 (2 gün)
2025-07-17 11:45:29,921 - INFO - [MISSING] YVG: 2025-07-15 - 2025-07-17 (2 gün)
2025-07-17 11:45:29,921 - INFO - [MISSING] YZC: 2025-07-15 - 2025-07-17 (2 gün)
2025-07-17 11:45:29,921 - INFO - [MISSING] YZG: 2025-07-15 - 2025-07-17 (2 gün)
2025-07-17 11:45:29,921 - INFO - [MISSING] YZH: 2025-07-15 - 2025-07-17 (2 gün)
2025-07-17 11:45:29,921 - INFO - [MISSING] YZK: 2025-07-15 - 2025-07-17 (2 gün)
2025-07-17 11:45:29,921 - INFO - [MISSING] ZBD: 2025-07-15 - 2025-07-17 (2 gün)
2025-07-17 11:45:29,921 - INFO - [MISSING] ZBI: 2025-07-15 - 2025-07-17 (2 gün)
2025-07-17 11:45:29,922 - INFO - [MISSING] ZBJ: 2025-07-15 - 2025-07-17 (2 gün)
2025-07-17 11:45:29,922 - INFO - [MISSING] ZBO: 2025-07-15 - 2025-07-17 (2 gün)
2025-07-17 11:45:29,922 - INFO - [MISSING] ZCD: 2025-07-15 - 2025-07-17 (2 gün)
2025-07-17 11:45:29,922 - INFO - [MISSING] ZCK: 2025-07-15 - 2025-07-17 (2 gün)
2025-07-17 11:45:29,922 - INFO - [MISSING] ZCN: 2025-07-15 - 2025-07-17 (2 gün)
2025-07-17 11:45:29,922 - INFO - [MISSING] ZDD: 2025-07-15 - 2025-07-17 (2 gün)
2025-07-17 11:45:29,922 - INFO - [MISSING] ZDZ: 2025-07-15 - 2025-07-17 (2 gün)
2025-07-17 11:45:29,923 - INFO - [MISSING] ZFB: 2025-07-15 - 2025-07-17 (2 gün)
2025-07-17 11:45:29,923 - INFO - [MISSING] ZHH: 2025-07-15 - 2025-07-17 (2 gün)
2025-07-17 11:45:29,923 - INFO - [MISSING] ZJB: 2025-07-15 - 2025-07-17 (2 gün)
2025-07-17 11:45:29,923 - INFO - [MISSING] ZJI: 2025-07-15 - 2025-07-17 (2 gün)
2025-07-17 11:45:29,923 - INFO - [MISSING] ZJL: 2025-07-15 - 2025-07-17 (2 gün)
2025-07-17 11:45:29,923 - INFO - [MISSING] ZJV: 2025-07-15 - 2025-07-17 (2 gün)
2025-07-17 11:45:29,923 - INFO - [MISSING] ZLH: 2025-07-15 - 2025-07-17 (2 gün)
2025-07-17 11:45:29,923 - INFO - [MISSING] ZMT: 2025-07-15 - 2025-07-17 (2 gün)
2025-07-17 11:45:29,923 - INFO - [MISSING] ZMY: 2025-07-15 - 2025-07-17 (2 gün)
2025-07-17 11:45:29,924 - INFO - [MISSING] ZP6: 2025-07-15 - 2025-07-17 (2 gün)
2025-07-17 11:45:29,924 - INFO - [MISSING] ZP8: 2025-07-15 - 2025-07-17 (2 gün)
2025-07-17 11:45:29,924 - INFO - [MISSING] ZP9: 2025-07-15 - 2025-07-17 (2 gün)
2025-07-17 11:45:29,924 - INFO - [MISSING] ZPA: 2025-07-15 - 2025-07-17 (2 gün)
2025-07-17 11:45:29,924 - INFO - [MISSING] ZPC: 2025-07-15 - 2025-07-17 (2 gün)
2025-07-17 11:45:29,924 - INFO - [MISSING] ZPE: 2025-07-15 - 2025-07-17 (2 gün)
2025-07-17 11:45:29,924 - INFO - [MISSING] ZPF: 2025-07-15 - 2025-07-17 (2 gün)
2025-07-17 11:45:29,924 - INFO - [MISSING] ZPG: 2025-07-15 - 2025-07-17 (2 gün)
2025-07-17 11:45:29,924 - INFO - [MISSING] ZSF: 2025-07-15 - 2025-07-17 (2 gün)
2025-07-17 11:45:29,925 - INFO - [MISSING] ZSG: 2025-07-15 - 2025-07-17 (2 gün)
2025-07-17 11:45:29,925 - INFO - [MISSING] ZVO: 2025-07-15 - 2025-07-17 (2 gün)
2025-07-17 11:45:29,925 - INFO - [ANALYSIS] 708 fonun 850 fondan eksik verisi var
2025-07-17 11:45:29,925 - INFO - [STATS] Toplam fon sayısı: 850
2025-07-17 11:45:29,925 - INFO - [STATS] Güncel fon sayısı: 142
2025-07-17 11:45:29,927 - INFO - [REPAIR] 708 fon için eksik veri indiriliyor...
2025-07-17 11:45:29,927 - INFO - [REPAIR] Seri mod
2025-07-17 11:45:29,927 - INFO - [REPAIR] EBD: 2025-07-15 00:00:00 - 2025-07-17 00:00:00
2025-07-17 11:45:31,784 - ERROR - Error getting fund detail (alternative) for EBD: Expecting value: line 1 column 1 (char 0)
2025-07-17 11:45:31,785 - INFO - EBD: Fon adından tahmin edilen kategori: Diğer Şemsiye Fonu
2025-07-17 11:45:31,785 - INFO - [REPAIR OK] EBD: 2 yeni kayıt
2025-07-17 11:45:31,785 - INFO - [REPAIR] EC2: 2025-07-15 00:00:00 - 2025-07-17 00:00:00
2025-07-17 11:45:34,304 - ERROR - Error getting fund detail (alternative) for EC2: Expecting value: line 1 column 1 (char 0)
2025-07-17 11:45:34,304 - INFO - EC2: Fon adından tahmin edilen kategori: Diğer Şemsiye Fonu
2025-07-17 11:45:34,305 - INFO - [REPAIR OK] EC2: 2 yeni kayıt
2025-07-17 11:45:34,305 - INFO - [REPAIR] ECA: 2025-07-15 00:00:00 - 2025-07-17 00:00:00
2025-07-17 11:45:36,688 - ERROR - Error getting fund detail (alternative) for ECA: Expecting value: line 1 column 1 (char 0)
2025-07-17 11:45:36,688 - INFO - ECA: Fon adından tahmin edilen kategori: Diğer Şemsiye Fonu
2025-07-17 11:45:36,688 - INFO - [REPAIR OK] ECA: 2 yeni kayıt
2025-07-17 11:45:36,689 - INFO - [REPAIR] EDT: 2025-07-15 00:00:00 - 2025-07-17 00:00:00
2025-07-17 11:45:39,099 - ERROR - Error getting fund detail (alternative) for EDT: Expecting value: line 1 column 1 (char 0)
2025-07-17 11:45:39,100 - INFO - EDT: Fon adından tahmin edilen kategori: Diğer Şemsiye Fonu
2025-07-17 11:45:39,100 - INFO - [REPAIR OK] EDT: 2 yeni kayıt
2025-07-17 11:45:39,100 - INFO - [REPAIR] EDU: 2025-07-15 00:00:00 - 2025-07-17 00:00:00
2025-07-17 11:45:41,316 - ERROR - Error getting fund detail (alternative) for EDU: Expecting value: line 1 column 1 (char 0)
2025-07-17 11:45:41,316 - INFO - EDU: Fon adından tahmin edilen kategori: Diğer Şemsiye Fonu
2025-07-17 11:45:41,316 - INFO - [REPAIR OK] EDU: 2 yeni kayıt
2025-07-17 11:45:41,317 - INFO - [REPAIR] EIB: 2025-07-15 00:00:00 - 2025-07-17 00:00:00
2025-07-17 11:45:42,763 - ERROR - Error getting fund detail (alternative) for EIB: Expecting value: line 1 column 1 (char 0)
2025-07-17 11:45:42,764 - INFO - EIB: Fon adından tahmin edilen kategori: Diğer Şemsiye Fonu
2025-07-17 11:45:42,764 - INFO - [REPAIR OK] EIB: 2 yeni kayıt
2025-07-17 11:45:42,764 - INFO - [REPAIR] EIC: 2025-07-15 00:00:00 - 2025-07-17 00:00:00
2025-07-17 11:45:44,953 - ERROR - Error getting fund detail (alternative) for EIC: Expecting value: line 1 column 1 (char 0)
2025-07-17 11:45:44,954 - INFO - EIC: Fon adından tahmin edilen kategori: Diğer Şemsiye Fonu
2025-07-17 11:45:44,954 - INFO - [REPAIR OK] EIC: 2 yeni kayıt
2025-07-17 11:45:44,954 - INFO - [REPAIR] EID: 2025-07-15 00:00:00 - 2025-07-17 00:00:00
2025-07-17 11:45:47,193 - ERROR - Error getting fund detail (alternative) for EID: Expecting value: line 1 column 1 (char 0)
2025-07-17 11:45:47,193 - INFO - EID: Fon adından tahmin edilen kategori: Diğer Şemsiye Fonu
2025-07-17 11:45:47,193 - INFO - [REPAIR OK] EID: 2 yeni kayıt
2025-07-17 11:45:47,194 - INFO - [REPAIR] EIL: 2025-07-15 00:00:00 - 2025-07-17 00:00:00
2025-07-17 11:45:49,404 - ERROR - Error getting fund detail (alternative) for EIL: Expecting value: line 1 column 1 (char 0)
2025-07-17 11:45:49,404 - INFO - EIL: Fon adından tahmin edilen kategori: Diğer Şemsiye Fonu
2025-07-17 11:45:49,404 - INFO - [REPAIR OK] EIL: 2 yeni kayıt
2025-07-17 11:45:49,404 - INFO - [REPAIR] EKF: 2025-07-15 00:00:00 - 2025-07-17 00:00:00
2025-07-17 11:45:51,439 - ERROR - Error getting fund detail (alternative) for EKF: Expecting value: line 1 column 1 (char 0)
2025-07-17 11:45:51,439 - INFO - EKF: Fon adından tahmin edilen kategori: Diğer Şemsiye Fonu
2025-07-17 11:45:51,439 - INFO - [REPAIR OK] EKF: 2 yeni kayıt
2025-07-17 11:45:51,440 - INFO - [REPAIR] ELZ: 2025-07-15 00:00:00 - 2025-07-17 00:00:00
2025-07-17 11:45:53,771 - ERROR - Error getting fund detail (alternative) for ELZ: Expecting value: line 1 column 1 (char 0)
2025-07-17 11:45:53,771 - INFO - ELZ: Fon adından tahmin edilen kategori: Diğer Şemsiye Fonu
2025-07-17 11:45:53,771 - INFO - [REPAIR OK] ELZ: 2 yeni kayıt
2025-07-17 11:45:53,772 - INFO - [REPAIR] ENJ: 2025-07-15 00:00:00 - 2025-07-17 00:00:00
2025-07-17 11:45:53,819 - WARNING - Session başlatma deneme 1/3: ('Connection aborted.', ConnectionResetError(10054, 'An existing connection was forcibly closed by the remote host', None, 10054, None))
2025-07-17 11:45:54,871 - WARNING - Session başlatma deneme 2/3: ('Connection aborted.', ConnectionResetError(10054, 'An existing connection was forcibly closed by the remote host', None, 10054, None))
2025-07-17 11:45:58,659 - ERROR - Error getting fund detail (alternative) for ENJ: Expecting value: line 1 column 1 (char 0)
2025-07-17 11:45:58,660 - INFO - ENJ: Fon adından tahmin edilen kategori: Diğer Şemsiye Fonu
2025-07-17 11:45:58,660 - INFO - [REPAIR OK] ENJ: 2 yeni kayıt
2025-07-17 11:45:58,660 - INFO - [REPAIR] ESG: 2025-07-15 00:00:00 - 2025-07-17 00:00:00
2025-07-17 11:46:00,871 - ERROR - Error getting fund detail (alternative) for ESG: Expecting value: line 1 column 1 (char 0)
2025-07-17 11:46:00,872 - INFO - ESG: Fon adından tahmin edilen kategori: Diğer Şemsiye Fonu
2025-07-17 11:46:00,872 - INFO - [REPAIR OK] ESG: 2 yeni kayıt
2025-07-17 11:46:00,872 - INFO - [REPAIR] ESP: 2025-07-15 00:00:00 - 2025-07-17 00:00:00
2025-07-17 11:46:02,550 - ERROR - Error getting fund detail (alternative) for ESP: Expecting value: line 1 column 1 (char 0)
2025-07-17 11:46:02,551 - INFO - ESP: Fon adından tahmin edilen kategori: Diğer Şemsiye Fonu
2025-07-17 11:46:02,551 - INFO - [REPAIR OK] ESP: 2 yeni kayıt
2025-07-17 11:46:02,551 - INFO - [REPAIR] EUN: 2025-07-15 00:00:00 - 2025-07-17 00:00:00
2025-07-17 11:46:04,502 - ERROR - Error getting fund detail (alternative) for EUN: Expecting value: line 1 column 1 (char 0)
2025-07-17 11:46:04,503 - INFO - EUN: Fon adından tahmin edilen kategori: Diğer Şemsiye Fonu
2025-07-17 11:46:04,503 - INFO - [REPAIR OK] EUN: 2 yeni kayıt
2025-07-17 11:46:04,503 - INFO - [REPAIR] EUZ: 2025-07-15 00:00:00 - 2025-07-17 00:00:00
2025-07-17 11:46:06,455 - ERROR - Error getting fund detail (alternative) for EUZ: Expecting value: line 1 column 1 (char 0)
2025-07-17 11:46:06,456 - INFO - EUZ: Fon adından tahmin edilen kategori: Diğer Şemsiye Fonu
2025-07-17 11:46:06,456 - INFO - [REPAIR OK] EUZ: 2 yeni kayıt
2025-07-17 11:46:06,456 - INFO - [REPAIR] EYT: 2025-07-15 00:00:00 - 2025-07-17 00:00:00
2025-07-17 11:46:06,505 - WARNING - Session başlatma deneme 1/3: ('Connection aborted.', ConnectionResetError(10054, 'An existing connection was forcibly closed by the remote host', None, 10054, None))
2025-07-17 11:46:09,759 - ERROR - Error getting fund detail (alternative) for EYT: Expecting value: line 1 column 1 (char 0)
2025-07-17 11:46:09,759 - INFO - EYT: Fon adından tahmin edilen kategori: Diğer Şemsiye Fonu
2025-07-17 11:46:09,759 - INFO - [REPAIR OK] EYT: 2 yeni kayıt
2025-07-17 11:46:09,759 - INFO - [REPAIR] FBC: 2025-07-15 00:00:00 - 2025-07-17 00:00:00
2025-07-17 11:46:12,122 - ERROR - Error getting fund detail (alternative) for FBC: Expecting value: line 1 column 1 (char 0)
2025-07-17 11:46:12,123 - INFO - FBC: Fon adından tahmin edilen kategori: Diğer Şemsiye Fonu
2025-07-17 11:46:12,123 - INFO - [REPAIR OK] FBC: 2 yeni kayıt
2025-07-17 11:46:12,123 - INFO - [REPAIR] FBI: 2025-07-15 00:00:00 - 2025-07-17 00:00:00
2025-07-17 11:46:14,411 - ERROR - Error getting fund detail (alternative) for FBI: Expecting value: line 1 column 1 (char 0)
2025-07-17 11:46:14,411 - INFO - FBI: Fon adından tahmin edilen kategori: Diğer Şemsiye Fonu
2025-07-17 11:46:14,411 - INFO - [REPAIR OK] FBI: 2 yeni kayıt
2025-07-17 11:46:14,411 - INFO - [REPAIR] FBV: 2025-07-15 00:00:00 - 2025-07-17 00:00:00
2025-07-17 11:46:16,791 - ERROR - Error getting fund detail (alternative) for FBV: Expecting value: line 1 column 1 (char 0)
2025-07-17 11:46:16,792 - INFO - FBV: Fon adından tahmin edilen kategori: Diğer Şemsiye Fonu
2025-07-17 11:46:16,792 - INFO - [REPAIR OK] FBV: 2 yeni kayıt
2025-07-17 11:46:16,792 - INFO - [REPAIR] FBZ: 2025-07-15 00:00:00 - 2025-07-17 00:00:00
2025-07-17 11:46:19,237 - ERROR - Error getting fund detail (alternative) for FBZ: Expecting value: line 1 column 1 (char 0)
2025-07-17 11:46:19,237 - INFO - FBZ: Fon adından tahmin edilen kategori: Diğer Şemsiye Fonu
2025-07-17 11:46:19,237 - INFO - [REPAIR OK] FBZ: 2 yeni kayıt
2025-07-17 11:46:19,237 - INFO - [REPAIR] FCK: 2025-07-15 00:00:00 - 2025-07-17 00:00:00
2025-07-17 11:46:20,982 - ERROR - Error getting fund detail (alternative) for FCK: Expecting value: line 1 column 1 (char 0)
2025-07-17 11:46:20,982 - INFO - FCK: Fon adından tahmin edilen kategori: Diğer Şemsiye Fonu
2025-07-17 11:46:20,983 - INFO - [REPAIR OK] FCK: 2 yeni kayıt
2025-07-17 11:46:20,983 - INFO - [REPAIR] FD1: 2025-07-15 00:00:00 - 2025-07-17 00:00:00
2025-07-17 11:46:23,152 - ERROR - Error getting fund detail (alternative) for FD1: Expecting value: line 1 column 1 (char 0)
2025-07-17 11:46:23,152 - INFO - FD1: Fon adından tahmin edilen kategori: Diğer Şemsiye Fonu
2025-07-17 11:46:23,152 - INFO - [REPAIR OK] FD1: 2 yeni kayıt
2025-07-17 11:46:23,153 - INFO - [REPAIR] FDG: 2025-07-15 00:00:00 - 2025-07-17 00:00:00
2025-07-17 11:46:24,936 - ERROR - Error getting fund detail (alternative) for FDG: Expecting value: line 1 column 1 (char 0)
2025-07-17 11:46:24,936 - INFO - FDG: Fon adından tahmin edilen kategori: Diğer Şemsiye Fonu
2025-07-17 11:46:24,937 - INFO - [REPAIR OK] FDG: 2 yeni kayıt
2025-07-17 11:46:24,937 - INFO - [REPAIR] FFH: 2025-07-15 00:00:00 - 2025-07-17 00:00:00
2025-07-17 11:46:27,170 - ERROR - Error getting fund detail (alternative) for FFH: Expecting value: line 1 column 1 (char 0)
2025-07-17 11:46:27,170 - INFO - FFH: Fon adından tahmin edilen kategori: Diğer Şemsiye Fonu
2025-07-17 11:46:27,170 - INFO - [REPAIR OK] FFH: 2 yeni kayıt
2025-07-17 11:46:27,170 - INFO - [REPAIR] FFP: 2025-07-15 00:00:00 - 2025-07-17 00:00:00
2025-07-17 11:46:28,843 - ERROR - Error getting fund detail (alternative) for FFP: Expecting value: line 1 column 1 (char 0)
2025-07-17 11:46:28,843 - INFO - FFP: Fon adından tahmin edilen kategori: Diğer Şemsiye Fonu
2025-07-17 11:46:28,843 - INFO - [REPAIR OK] FFP: 2 yeni kayıt
2025-07-17 11:46:28,844 - INFO - [REPAIR] FI3: 2025-07-15 00:00:00 - 2025-07-17 00:00:00
2025-07-17 11:46:31,100 - ERROR - Error getting fund detail (alternative) for FI3: Expecting value: line 1 column 1 (char 0)
2025-07-17 11:46:31,100 - INFO - FI3: Fon adından tahmin edilen kategori: Diğer Şemsiye Fonu
2025-07-17 11:46:31,101 - INFO - [REPAIR OK] FI3: 2 yeni kayıt
2025-07-17 11:46:31,101 - INFO - [REPAIR] FIB: 2025-07-15 00:00:00 - 2025-07-17 00:00:00
2025-07-17 11:46:33,160 - ERROR - Error getting fund detail (alternative) for FIB: Expecting value: line 1 column 1 (char 0)
2025-07-17 11:46:33,161 - INFO - FIB: Fon adından tahmin edilen kategori: Diğer Şemsiye Fonu
2025-07-17 11:46:33,161 - INFO - [REPAIR OK] FIB: 2 yeni kayıt
2025-07-17 11:46:33,161 - INFO - [REPAIR] FID: 2025-07-15 00:00:00 - 2025-07-17 00:00:00
2025-07-17 11:46:33,212 - WARNING - Session başlatma deneme 1/3: ('Connection aborted.', ConnectionResetError(10054, 'An existing connection was forcibly closed by the remote host', None, 10054, None))
2025-07-17 11:46:36,496 - ERROR - Error getting fund detail (alternative) for FID: Expecting value: line 1 column 1 (char 0)
2025-07-17 11:46:36,496 - INFO - FID: Fon adından tahmin edilen kategori: Diğer Şemsiye Fonu
2025-07-17 11:46:36,497 - INFO - [REPAIR OK] FID: 2 yeni kayıt
2025-07-17 11:46:36,497 - INFO - [REPAIR] FIL: 2025-07-15 00:00:00 - 2025-07-17 00:00:00
2025-07-17 11:46:38,081 - ERROR - Error getting fund detail (alternative) for FIL: Expecting value: line 1 column 1 (char 0)
2025-07-17 11:46:38,081 - INFO - FIL: Fon adından tahmin edilen kategori: Diğer Şemsiye Fonu
2025-07-17 11:46:38,081 - INFO - [REPAIR OK] FIL: 2 yeni kayıt
2025-07-17 11:46:38,082 - INFO - [REPAIR] FIT: 2025-07-15 00:00:00 - 2025-07-17 00:00:00
2025-07-17 11:46:40,079 - ERROR - Error getting fund detail (alternative) for FIT: Expecting value: line 1 column 1 (char 0)
2025-07-17 11:46:40,079 - INFO - FIT: Fon adından tahmin edilen kategori: Diğer Şemsiye Fonu
2025-07-17 11:46:40,079 - INFO - [REPAIR OK] FIT: 2 yeni kayıt
2025-07-17 11:46:40,080 - INFO - [REPAIR] FJB: 2025-07-15 00:00:00 - 2025-07-17 00:00:00
2025-07-17 11:46:42,101 - ERROR - Error getting fund detail (alternative) for FJB: Expecting value: line 1 column 1 (char 0)
2025-07-17 11:46:42,102 - INFO - FJB: Fon adından tahmin edilen kategori: Diğer Şemsiye Fonu
2025-07-17 11:46:42,102 - INFO - [REPAIR OK] FJB: 2 yeni kayıt
2025-07-17 11:46:42,102 - INFO - [REPAIR] FJZ: 2025-07-15 00:00:00 - 2025-07-17 00:00:00
2025-07-17 11:46:43,744 - ERROR - Error getting fund detail (alternative) for FJZ: Expecting value: line 1 column 1 (char 0)
2025-07-17 11:46:43,745 - INFO - FJZ: Fon adından tahmin edilen kategori: Diğer Şemsiye Fonu
2025-07-17 11:46:43,745 - INFO - [REPAIR OK] FJZ: 2 yeni kayıt
2025-07-17 11:46:43,745 - INFO - [REPAIR] FKE: 2025-07-15 00:00:00 - 2025-07-17 00:00:00
2025-07-17 11:46:45,718 - ERROR - Error getting fund detail (alternative) for FKE: Expecting value: line 1 column 1 (char 0)
2025-07-17 11:46:45,718 - INFO - FKE: Fon adından tahmin edilen kategori: Diğer Şemsiye Fonu
2025-07-17 11:46:45,719 - INFO - [REPAIR OK] FKE: 2 yeni kayıt
2025-07-17 11:46:45,719 - INFO - [REPAIR] FLS: 2025-07-15 00:00:00 - 2025-07-17 00:00:00
2025-07-17 11:46:47,624 - ERROR - Error getting fund detail (alternative) for FLS: Expecting value: line 1 column 1 (char 0)
2025-07-17 11:46:47,625 - INFO - FLS: Fon adından tahmin edilen kategori: Diğer Şemsiye Fonu
2025-07-17 11:46:47,625 - INFO - [REPAIR OK] FLS: 2 yeni kayıt
2025-07-17 11:46:47,625 - INFO - [REPAIR] FLY: 2025-07-15 00:00:00 - 2025-07-17 00:00:00
2025-07-17 11:46:49,442 - ERROR - Error getting fund detail (alternative) for FLY: Expecting value: line 1 column 1 (char 0)
2025-07-17 11:46:49,442 - INFO - FLY: Fon adından tahmin edilen kategori: Diğer Şemsiye Fonu
2025-07-17 11:46:49,442 - INFO - [REPAIR OK] FLY: 2 yeni kayıt
2025-07-17 11:46:49,442 - INFO - [REPAIR] FMG: 2025-07-15 00:00:00 - 2025-07-17 00:00:00
2025-07-17 11:46:51,943 - ERROR - Error getting fund detail (alternative) for FMG: Expecting value: line 1 column 1 (char 0)
2025-07-17 11:46:51,944 - INFO - FMG: Fon adından tahmin edilen kategori: Diğer Şemsiye Fonu
2025-07-17 11:46:51,944 - INFO - [REPAIR OK] FMG: 2 yeni kayıt
2025-07-17 11:46:51,944 - INFO - [REPAIR] FNO: 2025-07-15 00:00:00 - 2025-07-17 00:00:00
2025-07-17 11:46:54,310 - ERROR - Error getting fund detail (alternative) for FNO: Expecting value: line 1 column 1 (char 0)
2025-07-17 11:46:54,311 - INFO - FNO: Fon adından tahmin edilen kategori: Diğer Şemsiye Fonu
2025-07-17 11:46:54,311 - INFO - [REPAIR OK] FNO: 2 yeni kayıt
2025-07-17 11:46:54,311 - INFO - [REPAIR] FNT: 2025-07-15 00:00:00 - 2025-07-17 00:00:00
2025-07-17 11:46:56,013 - ERROR - Error getting fund detail (alternative) for FNT: Expecting value: line 1 column 1 (char 0)
2025-07-17 11:46:56,014 - INFO - FNT: Fon adından tahmin edilen kategori: Diğer Şemsiye Fonu
2025-07-17 11:46:56,014 - INFO - [REPAIR OK] FNT: 2 yeni kayıt
2025-07-17 11:46:56,014 - INFO - [REPAIR] FPE: 2025-07-15 00:00:00 - 2025-07-17 00:00:00
2025-07-17 11:46:57,452 - ERROR - Error getting fund detail (alternative) for FPE: Expecting value: line 1 column 1 (char 0)
2025-07-17 11:46:57,453 - INFO - FPE: Fon adından tahmin edilen kategori: Diğer Şemsiye Fonu
2025-07-17 11:46:57,453 - INFO - [REPAIR OK] FPE: 2 yeni kayıt
2025-07-17 11:46:57,453 - INFO - [REPAIR] FPG: 2025-07-15 00:00:00 - 2025-07-17 00:00:00
2025-07-17 11:46:59,197 - ERROR - Error getting fund detail (alternative) for FPG: Expecting value: line 1 column 1 (char 0)
2025-07-17 11:46:59,198 - INFO - FPG: Fon adından tahmin edilen kategori: Diğer Şemsiye Fonu
2025-07-17 11:46:59,198 - INFO - [REPAIR OK] FPG: 2 yeni kayıt
2025-07-17 11:46:59,198 - INFO - [REPAIR] FPH: 2025-07-15 00:00:00 - 2025-07-17 00:00:00
2025-07-17 11:47:01,596 - ERROR - Error getting fund detail (alternative) for FPH: Expecting value: line 1 column 1 (char 0)
2025-07-17 11:47:01,597 - INFO - FPH: Fon adından tahmin edilen kategori: Diğer Şemsiye Fonu
2025-07-17 11:47:01,597 - INFO - [REPAIR OK] FPH: 2 yeni kayıt
2025-07-17 11:47:01,597 - INFO - [REPAIR] FPI: 2025-07-15 00:00:00 - 2025-07-17 00:00:00
2025-07-17 11:47:04,068 - ERROR - Error getting fund detail (alternative) for FPI: Expecting value: line 1 column 1 (char 0)
2025-07-17 11:47:04,068 - INFO - FPI: Fon adından tahmin edilen kategori: Diğer Şemsiye Fonu
2025-07-17 11:47:04,068 - INFO - [REPAIR OK] FPI: 2 yeni kayıt
2025-07-17 11:47:04,068 - INFO - [REPAIR] FPK: 2025-07-15 00:00:00 - 2025-07-17 00:00:00
2025-07-17 11:47:06,503 - ERROR - Error getting fund detail (alternative) for FPK: Expecting value: line 1 column 1 (char 0)
2025-07-17 11:47:06,504 - INFO - FPK: Fon adından tahmin edilen kategori: Diğer Şemsiye Fonu
2025-07-17 11:47:06,504 - INFO - [REPAIR OK] FPK: 2 yeni kayıt
2025-07-17 11:47:06,504 - INFO - [REPAIR] FPZ: 2025-07-15 00:00:00 - 2025-07-17 00:00:00
2025-07-17 11:47:08,442 - ERROR - Error getting fund detail (alternative) for FPZ: Expecting value: line 1 column 1 (char 0)
2025-07-17 11:47:08,442 - INFO - FPZ: Fon adından tahmin edilen kategori: Diğer Şemsiye Fonu
2025-07-17 11:47:08,443 - INFO - [REPAIR OK] FPZ: 2 yeni kayıt
2025-07-17 11:47:08,443 - INFO - [REPAIR] FRC: 2025-07-15 00:00:00 - 2025-07-17 00:00:00
2025-07-17 11:47:08,492 - WARNING - Session başlatma deneme 1/3: ('Connection aborted.', ConnectionResetError(10054, 'An existing connection was forcibly closed by the remote host', None, 10054, None))
2025-07-17 11:47:11,865 - ERROR - Error getting fund detail (alternative) for FRC: Expecting value: line 1 column 1 (char 0)
2025-07-17 11:47:11,866 - INFO - FRC: Fon adından tahmin edilen kategori: Diğer Şemsiye Fonu
2025-07-17 11:47:11,866 - INFO - [REPAIR OK] FRC: 2 yeni kayıt
2025-07-17 11:47:11,866 - INFO - [REPAIR] FS5: 2025-07-15 00:00:00 - 2025-07-17 00:00:00
2025-07-17 11:47:11,916 - WARNING - Session başlatma deneme 1/3: ('Connection aborted.', ConnectionResetError(10054, 'An existing connection was forcibly closed by the remote host', None, 10054, None))
2025-07-17 11:47:14,855 - ERROR - Error getting fund detail (alternative) for FS5: Expecting value: line 1 column 1 (char 0)
2025-07-17 11:47:14,856 - INFO - FS5: Fon adından tahmin edilen kategori: Diğer Şemsiye Fonu
2025-07-17 11:47:14,856 - INFO - [REPAIR OK] FS5: 2 yeni kayıt
2025-07-17 11:47:14,856 - INFO - [REPAIR] FS6: 2025-07-15 00:00:00 - 2025-07-17 00:00:00
2025-07-17 11:47:17,100 - ERROR - Error getting fund detail (alternative) for FS6: Expecting value: line 1 column 1 (char 0)
2025-07-17 11:47:17,100 - INFO - FS6: Fon adından tahmin edilen kategori: Diğer Şemsiye Fonu
2025-07-17 11:47:17,101 - INFO - [REPAIR OK] FS6: 2 yeni kayıt
2025-07-17 11:47:17,101 - INFO - [REPAIR] FSF: 2025-07-15 00:00:00 - 2025-07-17 00:00:00
2025-07-17 11:47:18,660 - ERROR - Error getting fund detail (alternative) for FSF: Expecting value: line 1 column 1 (char 0)
2025-07-17 11:47:18,661 - INFO - FSF: Fon adından tahmin edilen kategori: Diğer Şemsiye Fonu
2025-07-17 11:47:18,661 - INFO - [REPAIR OK] FSF: 2 yeni kayıt
2025-07-17 11:47:18,661 - INFO - [REPAIR] FSG: 2025-07-15 00:00:00 - 2025-07-17 00:00:00
2025-07-17 11:47:18,715 - WARNING - Session başlatma deneme 1/3: ('Connection aborted.', ConnectionResetError(10054, 'An existing connection was forcibly closed by the remote host', None, 10054, None))
2025-07-17 11:47:21,407 - ERROR - Error getting fund detail (alternative) for FSG: Expecting value: line 1 column 1 (char 0)
2025-07-17 11:47:21,407 - INFO - FSG: Fon adından tahmin edilen kategori: Diğer Şemsiye Fonu
2025-07-17 11:47:21,407 - INFO - [REPAIR OK] FSG: 2 yeni kayıt
2025-07-17 11:47:21,408 - INFO - [REPAIR] FSH: 2025-07-15 00:00:00 - 2025-07-17 00:00:00
2025-07-17 11:47:22,993 - ERROR - Error getting fund detail (alternative) for FSH: Expecting value: line 1 column 1 (char 0)
2025-07-17 11:47:22,994 - INFO - FSH: Fon adından tahmin edilen kategori: Diğer Şemsiye Fonu
2025-07-17 11:47:22,994 - INFO - [REPAIR OK] FSH: 2 yeni kayıt
2025-07-17 11:47:22,994 - INFO - [REPAIR] FSK: 2025-07-15 00:00:00 - 2025-07-17 00:00:00
2025-07-17 11:47:25,005 - ERROR - Error getting fund detail (alternative) for FSK: Expecting value: line 1 column 1 (char 0)
2025-07-17 11:47:25,005 - INFO - FSK: Fon adından tahmin edilen kategori: Diğer Şemsiye Fonu
2025-07-17 11:47:25,005 - INFO - [REPAIR OK] FSK: 2 yeni kayıt
2025-07-17 11:47:25,006 - INFO - [REPAIR] FSR: 2025-07-15 00:00:00 - 2025-07-17 00:00:00
2025-07-17 11:47:27,142 - ERROR - Error getting fund detail (alternative) for FSR: Expecting value: line 1 column 1 (char 0)
2025-07-17 11:47:27,142 - INFO - FSR: Fon adından tahmin edilen kategori: Diğer Şemsiye Fonu
2025-07-17 11:47:27,143 - INFO - [REPAIR OK] FSR: 2 yeni kayıt
2025-07-17 11:47:27,143 - INFO - [REPAIR] FTL: 2025-07-15 00:00:00 - 2025-07-17 00:00:00
2025-07-17 11:47:29,464 - ERROR - Error getting fund detail (alternative) for FTL: Expecting value: line 1 column 1 (char 0)
2025-07-17 11:47:29,465 - INFO - FTL: Fon adından tahmin edilen kategori: Diğer Şemsiye Fonu
2025-07-17 11:47:29,465 - INFO - [REPAIR OK] FTL: 2 yeni kayıt
2025-07-17 11:47:29,465 - INFO - [REPAIR] FUA: 2025-07-15 00:00:00 - 2025-07-17 00:00:00
2025-07-17 11:47:31,255 - ERROR - Error getting fund detail (alternative) for FUA: Expecting value: line 1 column 1 (char 0)
2025-07-17 11:47:31,255 - INFO - FUA: Fon adından tahmin edilen kategori: Diğer Şemsiye Fonu
2025-07-17 11:47:31,256 - INFO - [REPAIR OK] FUA: 2 yeni kayıt
2025-07-17 11:47:31,256 - INFO - [REPAIR] FUB: 2025-07-15 00:00:00 - 2025-07-17 00:00:00
2025-07-17 11:47:31,304 - WARNING - Session başlatma deneme 1/3: ('Connection aborted.', ConnectionResetError(10054, 'An existing connection was forcibly closed by the remote host', None, 10054, None))
2025-07-17 11:47:32,355 - WARNING - Session başlatma deneme 2/3: ('Connection aborted.', ConnectionResetError(10054, 'An existing connection was forcibly closed by the remote host', None, 10054, None))
2025-07-17 11:47:36,689 - ERROR - Error getting fund detail (alternative) for FUB: Expecting value: line 1 column 1 (char 0)
2025-07-17 11:47:36,690 - INFO - FUB: Fon adından tahmin edilen kategori: Diğer Şemsiye Fonu
2025-07-17 11:47:36,690 - INFO - [REPAIR OK] FUB: 2 yeni kayıt
2025-07-17 11:47:36,690 - INFO - [REPAIR] FYD: 2025-07-15 00:00:00 - 2025-07-17 00:00:00
2025-07-17 11:47:38,818 - ERROR - Error getting fund detail (alternative) for FYD: Expecting value: line 1 column 1 (char 0)
2025-07-17 11:47:38,819 - INFO - FYD: Fon adından tahmin edilen kategori: Diğer Şemsiye Fonu
2025-07-17 11:47:38,819 - INFO - [REPAIR OK] FYD: 2 yeni kayıt
2025-07-17 11:47:38,819 - INFO - [REPAIR] FYI: 2025-07-15 00:00:00 - 2025-07-17 00:00:00
2025-07-17 11:47:40,949 - ERROR - Error getting fund detail (alternative) for FYI: Expecting value: line 1 column 1 (char 0)
2025-07-17 11:47:40,949 - INFO - FYI: Fon adından tahmin edilen kategori: Diğer Şemsiye Fonu
2025-07-17 11:47:40,949 - INFO - [REPAIR OK] FYI: 2 yeni kayıt
2025-07-17 11:47:40,950 - INFO - [REPAIR] FYO: 2025-07-15 00:00:00 - 2025-07-17 00:00:00
2025-07-17 11:47:42,493 - ERROR - Error getting fund detail (alternative) for FYO: Expecting value: line 1 column 1 (char 0)
2025-07-17 11:47:42,493 - INFO - FYO: Fon adından tahmin edilen kategori: Diğer Şemsiye Fonu
2025-07-17 11:47:42,494 - INFO - [REPAIR OK] FYO: 2 yeni kayıt
2025-07-17 11:47:42,494 - INFO - [REPAIR] FZJ: 2025-07-15 00:00:00 - 2025-07-17 00:00:00
2025-07-17 11:47:44,448 - ERROR - Error getting fund detail (alternative) for FZJ: Expecting value: line 1 column 1 (char 0)
2025-07-17 11:47:44,448 - INFO - FZJ: Fon adından tahmin edilen kategori: Diğer Şemsiye Fonu
2025-07-17 11:47:44,448 - INFO - [REPAIR OK] FZJ: 2 yeni kayıt
2025-07-17 11:47:44,449 - INFO - [REPAIR] FZP: 2025-07-15 00:00:00 - 2025-07-17 00:00:00
2025-07-17 11:47:46,365 - ERROR - Error getting fund detail (alternative) for FZP: Expecting value: line 1 column 1 (char 0)
2025-07-17 11:47:46,366 - INFO - FZP: Fon adından tahmin edilen kategori: Diğer Şemsiye Fonu
2025-07-17 11:47:46,366 - INFO - [REPAIR OK] FZP: 2 yeni kayıt
2025-07-17 11:47:46,366 - INFO - [REPAIR] GA1: 2025-07-15 00:00:00 - 2025-07-17 00:00:00
2025-07-17 11:47:48,844 - ERROR - Error getting fund detail (alternative) for GA1: Expecting value: line 1 column 1 (char 0)
2025-07-17 11:47:48,844 - INFO - GA1: Fon adından tahmin edilen kategori: Diğer Şemsiye Fonu
2025-07-17 11:47:48,844 - INFO - [REPAIR OK] GA1: 2 yeni kayıt
2025-07-17 11:47:48,844 - INFO - [REPAIR] GAE: 2025-07-15 00:00:00 - 2025-07-17 00:00:00
2025-07-17 11:47:48,895 - WARNING - Session başlatma deneme 1/3: ('Connection aborted.', ConnectionResetError(10054, 'An existing connection was forcibly closed by the remote host', None, 10054, None))
2025-07-17 11:47:51,957 - ERROR - Error getting fund detail (alternative) for GAE: Expecting value: line 1 column 1 (char 0)
2025-07-17 11:47:51,957 - INFO - GAE: Fon adından tahmin edilen kategori: Diğer Şemsiye Fonu
2025-07-17 11:47:51,957 - INFO - [REPAIR OK] GAE: 2 yeni kayıt
2025-07-17 11:47:51,957 - INFO - [REPAIR] GAF: 2025-07-15 00:00:00 - 2025-07-17 00:00:00
2025-07-17 11:47:53,429 - ERROR - Error getting fund detail (alternative) for GAF: Expecting value: line 1 column 1 (char 0)
2025-07-17 11:47:53,429 - INFO - GAF: Fon adından tahmin edilen kategori: Diğer Şemsiye Fonu
2025-07-17 11:47:53,429 - INFO - [REPAIR OK] GAF: 2 yeni kayıt
2025-07-17 11:47:53,430 - INFO - [REPAIR] GAG: 2025-07-15 00:00:00 - 2025-07-17 00:00:00
2025-07-17 11:47:54,890 - ERROR - Error getting fund detail (alternative) for GAG: Expecting value: line 1 column 1 (char 0)
2025-07-17 11:47:54,891 - INFO - GAG: Fon adından tahmin edilen kategori: Diğer Şemsiye Fonu
2025-07-17 11:47:54,891 - INFO - [REPAIR OK] GAG: 2 yeni kayıt
2025-07-17 11:47:54,891 - INFO - [REPAIR] GAH: 2025-07-15 00:00:00 - 2025-07-17 00:00:00
2025-07-17 11:47:57,079 - ERROR - Error getting fund detail (alternative) for GAH: Expecting value: line 1 column 1 (char 0)
2025-07-17 11:47:57,079 - INFO - GAH: Fon adından tahmin edilen kategori: Diğer Şemsiye Fonu
2025-07-17 11:47:57,080 - INFO - [REPAIR OK] GAH: 2 yeni kayıt
2025-07-17 11:47:57,080 - INFO - [REPAIR] GAS: 2025-07-15 00:00:00 - 2025-07-17 00:00:00
2025-07-17 11:47:57,128 - WARNING - Session başlatma deneme 1/3: ('Connection aborted.', ConnectionResetError(10054, 'An existing connection was forcibly closed by the remote host', None, 10054, None))
2025-07-17 11:48:00,341 - ERROR - Error getting fund detail (alternative) for GAS: Expecting value: line 1 column 1 (char 0)
2025-07-17 11:48:00,341 - INFO - GAS: Fon adından tahmin edilen kategori: Diğer Şemsiye Fonu
2025-07-17 11:48:00,341 - INFO - [REPAIR OK] GAS: 2 yeni kayıt
2025-07-17 11:48:00,341 - INFO - [REPAIR] GBC: 2025-07-15 00:00:00 - 2025-07-17 00:00:00
2025-07-17 11:48:02,741 - ERROR - Error getting fund detail (alternative) for GBC: Expecting value: line 1 column 1 (char 0)
2025-07-17 11:48:02,741 - INFO - GBC: Fon adından tahmin edilen kategori: Diğer Şemsiye Fonu
2025-07-17 11:48:02,741 - INFO - [REPAIR OK] GBC: 2 yeni kayıt
2025-07-17 11:48:02,741 - INFO - [REPAIR] GBG: 2025-07-15 00:00:00 - 2025-07-17 00:00:00
2025-07-17 11:48:02,791 - WARNING - Session başlatma deneme 1/3: ('Connection aborted.', ConnectionResetError(10054, 'An existing connection was forcibly closed by the remote host', None, 10054, None))
2025-07-17 11:48:06,259 - ERROR - Error getting fund detail (alternative) for GBG: Expecting value: line 1 column 1 (char 0)
2025-07-17 11:48:06,260 - INFO - GBG: Fon adından tahmin edilen kategori: Diğer Şemsiye Fonu
2025-07-17 11:48:06,260 - INFO - [REPAIR OK] GBG: 2 yeni kayıt
2025-07-17 11:48:06,260 - INFO - [REPAIR] GBH: 2025-07-15 00:00:00 - 2025-07-17 00:00:00
2025-07-17 11:48:06,309 - WARNING - Session başlatma deneme 1/3: ('Connection aborted.', ConnectionResetError(10054, 'An existing connection was forcibly closed by the remote host', None, 10054, None))
2025-07-17 11:48:09,576 - ERROR - Error getting fund detail (alternative) for GBH: Expecting value: line 1 column 1 (char 0)
2025-07-17 11:48:09,577 - INFO - GBH: Fon adından tahmin edilen kategori: Diğer Şemsiye Fonu
2025-07-17 11:48:09,577 - INFO - [REPAIR OK] GBH: 2 yeni kayıt
2025-07-17 11:48:09,577 - INFO - [REPAIR] GBJ: 2025-07-15 00:00:00 - 2025-07-17 00:00:00
2025-07-17 11:48:11,193 - ERROR - Error getting fund detail (alternative) for GBJ: Expecting value: line 1 column 1 (char 0)
2025-07-17 11:48:11,193 - INFO - GBJ: Fon adından tahmin edilen kategori: Diğer Şemsiye Fonu
2025-07-17 11:48:11,194 - INFO - [REPAIR OK] GBJ: 2 yeni kayıt
2025-07-17 11:48:11,194 - INFO - [REPAIR] GBL: 2025-07-15 00:00:00 - 2025-07-17 00:00:00
2025-07-17 11:48:12,543 - INFO - [STOP] Kullanıcı tarafından durduruldu
2025-07-17 11:48:12,543 - INFO - [MERGE] 142 yeni kayıt mevcut veriye ekleniyor...
2025-07-17 11:48:12,590 - INFO - [MERGE] Mevcut kayıt sayısı: 336321
2025-07-17 11:48:12,873 - INFO - [MERGE SUCCESS] Veri birleştirme tamamlandı!
2025-07-17 11:48:12,873 - INFO - [FILE] Dosya: data\tefas_full_2yrs.parquet
2025-07-17 11:48:12,874 - INFO - [STATS] Toplam kayıt: 336,463 (+142 yeni)
2025-07-17 11:48:12,874 - INFO - [FUNDS] Fon sayısı: 850
2025-07-17 11:48:12,874 - INFO - [DATE] Tarih aralığı: 2023-07-14 - 2025-07-17
2025-07-17 11:48:12,877 - INFO - [REPAIR COMPLETE] 71 fon başarıyla güncellendi
2025-07-17 11:48:12,877 - INFO - [REPAIR STATS] 142 yeni kayıt eklendi
