2025-07-16 17:17:32,410 - INFO - CMD: yahoo_finance_downloader.py --test --months 1 --workers 2 --outfile borsa_test.parquet
2025-07-16 17:17:32,411 - INFO - Yahoo Finance Downloader başlatıldı
2025-07-16 17:17:32,411 - INFO - Mod: Paralel
2025-07-16 17:17:32,411 - INFO - Worker sayısı: 2
2025-07-16 17:17:32,411 - INFO - Ticker sayısı: 4
2025-07-16 17:17:32,411 - INFO - Çıktı dosyası: borsa_test.parquet
2025-07-16 17:17:32,411 - INFO - === PARALEL MOD BAŞLADI ===
2025-07-16 17:17:32,412 - INFO - Tarih aralığı: 2025-06-16 - 2025-07-16
2025-07-16 17:17:32,412 - INFO - Paralel işlem: 2 batch, 2 worker
2025-07-16 17:17:33,138 - INFO - [OK] XU100.IS: 21 kayıt
2025-07-16 17:17:33,149 - INFO - [OK] XU100.IS başarılı
2025-07-16 17:17:33,180 - INFO - [OK] SPY: 20 kayıt
2025-07-16 17:17:33,180 - INFO - [OK] SPY başarılı
2025-07-16 17:17:33,285 - INFO - [OK] BTC-USD: 30 kayıt
2025-07-16 17:17:33,285 - INFO - [OK] BTC-USD başarılı
2025-07-16 17:17:33,314 - INFO - [OK] GLD: 20 kayıt
2025-07-16 17:17:33,315 - INFO - [OK] GLD başarılı
2025-07-16 17:17:33,315 - INFO - === VERİ KAYDETME ===
2025-07-16 17:17:33,510 - INFO - ✅ Parquet kaydedildi: data\borsa_test.parquet
2025-07-16 17:17:33,510 - INFO - ✅ Excel kaydedildi: data\borsa_test.xlsx
2025-07-16 17:17:33,510 - INFO - 📊 İstatistikler:
2025-07-16 17:17:33,510 - INFO -    • Başarılı ticker: 4/4
2025-07-16 17:17:33,510 - INFO -    • Toplam ticker: 4
2025-07-16 17:17:33,510 - INFO -    • Toplam kayıt: 91
2025-07-16 17:17:33,511 - INFO -    • Tarih aralığı: 2025-06-16 - 2025-07-15
2025-07-16 17:17:33,511 - INFO - 📈 Ticker başına kayıt sayısı:
2025-07-16 17:17:33,511 - INFO -    • BTC-USD: 30 kayıt
2025-07-16 17:17:33,512 - INFO -    • XU100.IS: 21 kayıt
2025-07-16 17:17:33,512 - INFO -    • GLD: 20 kayıt
2025-07-16 17:17:33,512 - INFO -    • SPY: 20 kayıt
2025-07-16 17:17:33,512 - INFO - 🎉 İşlem tamamlandı! Süre: 1.1 saniye
